2022-12-10 07:58:56,127 INFO INFO: The option seclected is 4
2022-12-10 07:58:57,440 INFO INFO: The search type is a
2022-12-10 07:59:13,101 DEBUG Starting new HTTPS connection (1): duckduckgo.com:443
2022-12-10 07:59:13,500 DEBUG https://duckduckgo.com:443 "GET /html/?q=sanjaykumar%20IPS HTTP/1.1" 302 138
2022-12-10 07:59:13,507 DEBUG Starting new HTTPS connection (1): html.duckduckgo.com:443
2022-12-10 07:59:14,848 DEBUG https://html.duckduckgo.com:443 "GET /html/?q=sanjaykumar%20IPS HTTP/1.1" 200 None
2022-12-10 07:59:15,944 DEBUG Starting new HTTPS connection (1): facebook.com:443
2022-12-10 07:59:16,307 DEBUG https://facebook.com:443 "GET /sanjaykumar_IPS HTTP/1.1" 301 0
2022-12-10 07:59:16,323 DEBUG Starting new HTTPS connection (1): www.facebook.com:443
2022-12-10 07:59:16,718 DEBUG https://www.facebook.com:443 "GET /sanjaykumar_IPS HTTP/1.1" 200 None
2022-12-10 07:59:16,777 DEBUG Starting new HTTPS connection (1): linkedin.com:443
2022-12-10 07:59:17,038 DEBUG https://linkedin.com:443 "GET /in/sanjaykumar_IPS HTTP/1.1" 999 1530
2022-12-10 07:59:17,091 DEBUG Starting new HTTPS connection (1): whitepages.com:443
2022-12-10 07:59:17,808 DEBUG https://whitepages.com:443 "GET /name/sanjaykumar_IPS HTTP/1.1" 301 0
2022-12-10 07:59:17,874 DEBUG Starting new HTTPS connection (1): www.whitepages.com:443
2022-12-10 07:59:18,074 DEBUG https://www.whitepages.com:443 "GET /name/sanjaykumar_IPS HTTP/1.1" 403 None
2022-12-10 07:59:18,099 DEBUG Starting new HTTPS connection (1): peoplefinders.com:443
2022-12-10 07:59:18,330 DEBUG https://peoplefinders.com:443 "GET /name/sanjaykumar_IPS HTTP/1.1" 403 None
2022-12-10 07:59:18,345 DEBUG Starting new HTTPS connection (1): instagram.com:443
2022-12-10 07:59:18,764 DEBUG https://instagram.com:443 "GET /sanjaykumar_IPS HTTP/1.1" 301 0
2022-12-10 07:59:19,175 DEBUG https://instagram.com:443 "GET /sanjaykumar_IPS/ HTTP/1.1" 301 0
2022-12-10 07:59:19,189 DEBUG Starting new HTTPS connection (1): www.instagram.com:443
2022-12-10 07:59:19,509 DEBUG https://www.instagram.com:443 "GET /sanjaykumar_IPS/ HTTP/1.1" 200 None
2022-12-10 07:59:19,962 DEBUG Starting new HTTPS connection (1): pinterest.com:443
2022-12-10 07:59:20,115 DEBUG https://pinterest.com:443 "GET /sanjaykumar_IPS HTTP/1.1" 308 277
2022-12-10 07:59:20,166 DEBUG Starting new HTTPS connection (1): www.pinterest.com:443
2022-12-10 07:59:20,609 DEBUG https://www.pinterest.com:443 "GET /sanjaykumar_IPS HTTP/1.1" 301 None
2022-12-10 07:59:20,619 DEBUG Resetting dropped connection: www.pinterest.com
2022-12-10 07:59:21,223 DEBUG https://www.pinterest.com:443 "GET /sanjaykumar_IPS/ HTTP/1.1" 200 None
2022-12-10 07:59:21,725 DEBUG Starting new HTTPS connection (1): twitter.com:443
2022-12-10 07:59:22,185 DEBUG https://twitter.com:443 "GET /sanjaykumar_IPS HTTP/1.1" 200 None
2022-12-10 07:59:22,586 DEBUG Starting new HTTPS connection (1): youtube.com:443
2022-12-10 07:59:22,717 DEBUG https://youtube.com:443 "GET /user/sanjaykumar_IPS HTTP/1.1" 301 0
2022-12-10 07:59:22,730 DEBUG Starting new HTTPS connection (1): www.youtube.com:443
2022-12-10 07:59:22,893 DEBUG https://www.youtube.com:443 "GET /user/sanjaykumar_IPS HTTP/1.1" 404 None
2022-12-10 07:59:22,915 DEBUG Starting new HTTPS connection (1): github.com:443
2022-12-10 07:59:23,269 DEBUG https://github.com:443 "GET /sanjaykumar_IPS HTTP/1.1" 404 40
2022-12-10 07:59:23,302 DEBUG Starting new HTTPS connection (1): stackoverflow.com:443
2022-12-10 07:59:23,783 DEBUG https://stackoverflow.com:443 "GET /users/sanjaykumar_IPS HTTP/1.1" 404 None
2022-12-10 07:59:24,033 DEBUG Starting new HTTPS connection (1): steamcommunity.com:443
2022-12-10 07:59:24,704 DEBUG https://steamcommunity.com:443 "GET /id/sanjaykumar_IPS HTTP/1.1" 200 5804
2022-12-10 07:59:24,720 DEBUG Starting new HTTPS connection (1): reddit.com:443
2022-12-10 07:59:24,820 DEBUG https://reddit.com:443 "GET /user/sanjaykumar_IPS HTTP/1.1" 301 0
2022-12-10 07:59:24,833 DEBUG Starting new HTTPS connection (1): www.reddit.com:443
2022-12-10 07:59:26,445 DEBUG https://www.reddit.com:443 "GET /user/sanjaykumar_IPS HTTP/1.1" 200 None
2022-12-10 07:59:27,515 DEBUG Starting new HTTPS connection (1): upibankvalidator.com:443
2022-12-10 07:59:27,736 DEBUG https://upibankvalidator.com:443 "POST /api/upiValidation?upi=sanjaykumar%20IPS@apl HTTP/1.1" 400 62
