2022-12-10 04:11:26,907 INFO INFO: The option seclected is 4
2022-12-10 04:11:28,800 INFO INFO: The search type is b
2022-12-10 04:11:45,372 DEBUG Starting new HTTPS connection (1): ipqualityscore.com:443
2022-12-10 04:11:46,410 DEBUG https://ipqualityscore.com:443 "POST /api/json/phone/3xCII0XTawnHlluREioX4XIhIgaH4NQ2/+919786888837 HTTP/1.1" 200 None
2022-12-10 04:11:46,417 INFO Validity :Phone is valid.
2022-12-10 04:11:46,417 INFO Fraud Score : 0
2022-12-10 04:11:46,417 INFO Recent Abuse: False
2022-12-10 04:11:46,417 INFO Name : RAMAGURU R
2022-12-10 04:11:46,417 INFO Time Zone: Asia/Kolkata
2022-12-10 04:11:46,417 INFO Carrier: Vodafone India
2022-12-10 04:11:46,417 INFO City :Tamil Nadu
2022-12-10 04:11:46,417 INFO Leaked : True
2022-12-10 04:11:46,417 INFO Spammer : False
2022-12-10 04:11:46,700 DEBUG Starting new HTTPS connection (1): upibankvalidator.com:443
2022-12-10 04:11:49,225 DEBUG https://upibankvalidator.com:443 "POST /api/upiValidation?upi=9786888837@apl HTTP/1.1" 200 None
2022-12-10 04:11:49,234 DEBUG Starting new HTTPS connection (1): upibankvalidator.com:443
2022-12-10 04:11:52,910 DEBUG https://upibankvalidator.com:443 "POST /api/upiValidation?upi=9786888837@oksbi HTTP/1.1" 200 None
2022-12-10 04:11:52,920 DEBUG Starting new HTTPS connection (1): upibankvalidator.com:443
2022-12-10 04:11:57,226 DEBUG https://upibankvalidator.com:443 "POST /api/upiValidation?upi=9786888837@okhdfcbank HTTP/1.1" 200 None
2022-12-10 04:11:57,237 DEBUG Starting new HTTPS connection (1): upibankvalidator.com:443
2022-12-10 04:12:01,925 DEBUG https://upibankvalidator.com:443 "POST /api/upiValidation?upi=9786888837@sbi HTTP/1.1" 200 None
2022-12-10 04:12:01,935 DEBUG Starting new HTTPS connection (1): upibankvalidator.com:443
2022-12-10 04:12:04,608 DEBUG https://upibankvalidator.com:443 "POST /api/upiValidation?upi=9786888837@okicici HTTP/1.1" 200 None
2022-12-10 04:12:04,619 DEBUG Starting new HTTPS connection (1): upibankvalidator.com:443
2022-12-10 04:12:05,236 DEBUG https://upibankvalidator.com:443 "POST /api/upiValidation?upi=9786888837@axisbank HTTP/1.1" 200 None
2022-12-10 04:12:05,246 DEBUG Starting new HTTPS connection (1): upibankvalidator.com:443
2022-12-10 04:12:08,015 DEBUG https://upibankvalidator.com:443 "POST /api/upiValidation?upi=9786888837@ikwik HTTP/1.1" 200 None
2022-12-10 04:12:08,024 DEBUG Starting new HTTPS connection (1): upibankvalidator.com:443
2022-12-10 04:12:10,934 DEBUG https://upibankvalidator.com:443 "POST /api/upiValidation?upi=9786888837@pnb HTTP/1.1" 200 None
2022-12-10 04:12:10,944 DEBUG Starting new HTTPS connection (1): upibankvalidator.com:443
2022-12-10 04:12:12,982 DEBUG https://upibankvalidator.com:443 "POST /api/upiValidation?upi=9786888837@hdfc HTTP/1.1" 200 None
2022-12-10 04:12:12,990 DEBUG Starting new HTTPS connection (1): upibankvalidator.com:443
2022-12-10 04:12:16,387 DEBUG https://upibankvalidator.com:443 "POST /api/upiValidation?upi=9786888837@idfcbank HTTP/1.1" 200 None
2022-12-10 04:12:16,396 DEBUG Starting new HTTPS connection (1): upibankvalidator.com:443
2022-12-10 04:12:21,173 DEBUG https://upibankvalidator.com:443 "POST /api/upiValidation?upi=9786888837@okaxis HTTP/1.1" 200 None
2022-12-10 04:12:21,181 DEBUG Starting new HTTPS connection (1): upibankvalidator.com:443
2022-12-10 04:12:23,835 DEBUG https://upibankvalidator.com:443 "POST /api/upiValidation?upi=9786888837@abfspay HTTP/1.1" 200 None
2022-12-10 04:12:23,843 DEBUG Starting new HTTPS connection (1): upibankvalidator.com:443
2022-12-10 04:12:27,572 DEBUG https://upibankvalidator.com:443 "POST /api/upiValidation?upi=9786888837@ybl HTTP/1.1" 200 None
2022-12-10 04:12:27,581 DEBUG Starting new HTTPS connection (1): upibankvalidator.com:443
2022-12-10 04:12:31,414 DEBUG https://upibankvalidator.com:443 "POST /api/upiValidation?upi=9786888837@barodampay HTTP/1.1" 200 None
2022-12-10 04:12:31,422 DEBUG Starting new HTTPS connection (1): upibankvalidator.com:443
2022-12-10 04:12:31,925 DEBUG https://upibankvalidator.com:443 "POST /api/upiValidation?upi=9786888837@upi HTTP/1.1" 200 None
2022-12-10 04:12:31,934 DEBUG Starting new HTTPS connection (1): upibankvalidator.com:443
2022-12-10 04:12:32,544 DEBUG https://upibankvalidator.com:443 "POST /api/upiValidation?upi=9786888837@paytm HTTP/1.1" 200 None
2022-12-10 04:12:32,552 DEBUG Starting new HTTPS connection (1): upibankvalidator.com:443
2022-12-10 04:12:37,046 DEBUG https://upibankvalidator.com:443 "POST /api/upiValidation?upi=9786888837@yapl HTTP/1.1" 200 None
2022-12-10 04:12:37,055 DEBUG Starting new HTTPS connection (1): upibankvalidator.com:443
2022-12-10 04:12:40,736 DEBUG https://upibankvalidator.com:443 "POST /api/upiValidation?upi=9786888837@dbs HTTP/1.1" 200 None
2022-12-10 04:12:40,745 DEBUG Starting new HTTPS connection (1): upibankvalidator.com:443
2022-12-10 04:12:43,394 DEBUG https://upibankvalidator.com:443 "POST /api/upiValidation?upi=9786888837@yesbankltd HTTP/1.1" 200 None
2022-12-10 04:12:43,404 DEBUG Starting new HTTPS connection (1): upibankvalidator.com:443
2022-12-10 04:12:47,186 DEBUG https://upibankvalidator.com:443 "POST /api/upiValidation?upi=9786888837@utbi HTTP/1.1" 200 None
2022-12-10 04:12:47,194 DEBUG Starting new HTTPS connection (1): upibankvalidator.com:443
2022-12-10 04:12:58,857 DEBUG https://upibankvalidator.com:443 "POST /api/upiValidation?upi=9786888837@united HTTP/1.1" 200 None
2022-12-10 04:12:58,868 DEBUG Starting new HTTPS connection (1): upibankvalidator.com:443
2022-12-10 04:13:02,028 DEBUG https://upibankvalidator.com:443 "POST /api/upiValidation?upi=9786888837@ubi HTTP/1.1" 200 None
2022-12-10 04:13:02,038 DEBUG Starting new HTTPS connection (1): upibankvalidator.com:443
2022-12-10 04:13:05,821 DEBUG https://upibankvalidator.com:443 "POST /api/upiValidation?upi=9786888837@rajgovhdfcbank HTTP/1.1" 200 None
2022-12-10 04:13:05,831 DEBUG Starting new HTTPS connection (1): upibankvalidator.com:443
2022-12-10 04:13:10,786 DEBUG https://upibankvalidator.com:443 "POST /api/upiValidation?upi=9786888837@pockets HTTP/1.1" 200 None
2022-12-10 04:13:10,796 DEBUG Starting new HTTPS connection (1): upibankvalidator.com:443
2022-12-10 04:13:13,303 DEBUG https://upibankvalidator.com:443 "POST /api/upiValidation?upi=9786888837@payzapp HTTP/1.1" 200 None
2022-12-10 04:13:13,312 DEBUG Starting new HTTPS connection (1): upibankvalidator.com:443
2022-12-10 04:13:16,370 DEBUG https://upibankvalidator.com:443 "POST /api/upiValidation?upi=9786888837@mahb HTTP/1.1" 200 None
2022-12-10 04:13:16,380 DEBUG Starting new HTTPS connection (1): upibankvalidator.com:443
2022-12-10 04:13:20,843 DEBUG https://upibankvalidator.com:443 "POST /api/upiValidation?upi=9786888837@kaypay HTTP/1.1" 200 None
2022-12-10 04:13:20,853 DEBUG Starting new HTTPS connection (1): upibankvalidator.com:443
2022-12-10 04:13:23,243 DEBUG https://upibankvalidator.com:443 "POST /api/upiValidation?upi=9786888837@imobile HTTP/1.1" 200 None
2022-12-10 04:13:23,261 DEBUG Starting new HTTPS connection (1): upibankvalidator.com:443
2022-12-10 04:13:26,912 DEBUG https://upibankvalidator.com:443 "POST /api/upiValidation?upi=9786888837@idbibank HTTP/1.1" 200 None
2022-12-10 04:13:26,921 DEBUG Starting new HTTPS connection (1): upibankvalidator.com:443
2022-12-10 04:13:29,374 DEBUG https://upibankvalidator.com:443 "POST /api/upiValidation?upi=9786888837@hdfcbank HTTP/1.1" 200 None
2022-12-10 04:13:29,384 DEBUG Starting new HTTPS connection (1): upibankvalidator.com:443
2022-12-10 04:13:32,649 DEBUG https://upibankvalidator.com:443 "POST /api/upiValidation?upi=9786888837@ezeepay HTTP/1.1" 200 None
2022-12-10 04:13:32,658 DEBUG Starting new HTTPS connection (1): upibankvalidator.com:443
2022-12-10 04:13:35,111 DEBUG https://upibankvalidator.com:443 "POST /api/upiValidation?upi=9786888837@eazypay HTTP/1.1" 200 None
2022-12-10 04:13:35,121 DEBUG Starting new HTTPS connection (1): upibankvalidator.com:443
2022-12-10 04:13:38,384 DEBUG https://upibankvalidator.com:443 "POST /api/upiValidation?upi=9786888837@cnrb HTTP/1.1" 200 None
2022-12-10 04:13:38,392 DEBUG Starting new HTTPS connection (1): upibankvalidator.com:443
2022-12-10 04:13:41,622 DEBUG https://upibankvalidator.com:443 "POST /api/upiValidation?upi=9786888837@centralbank HTTP/1.1" 200 None
2022-12-10 04:13:41,633 DEBUG Starting new HTTPS connection (1): upibankvalidator.com:443
2022-12-10 04:13:43,505 DEBUG https://upibankvalidator.com:443 "POST /api/upiValidation?upi=9786888837@cboi HTTP/1.1" 200 None
2022-12-10 04:13:43,514 DEBUG Starting new HTTPS connection (1): upibankvalidator.com:443
2022-12-10 04:13:48,726 DEBUG https://upibankvalidator.com:443 "POST /api/upiValidation?upi=9786888837@cbin HTTP/1.1" 200 None
2022-12-10 04:13:48,737 DEBUG Starting new HTTPS connection (1): upibankvalidator.com:443
2022-12-10 04:13:51,232 DEBUG https://upibankvalidator.com:443 "POST /api/upiValidation?upi=9786888837@boi HTTP/1.1" 200 None
2022-12-10 04:13:51,242 DEBUG Starting new HTTPS connection (1): upibankvalidator.com:443
2022-12-10 04:13:53,485 DEBUG https://upibankvalidator.com:443 "POST /api/upiValidation?upi=9786888837@yesbank HTTP/1.1" 200 None
2022-12-10 04:13:53,493 DEBUG Starting new HTTPS connection (1): upibankvalidator.com:443
2022-12-10 04:13:56,403 DEBUG https://upibankvalidator.com:443 "POST /api/upiValidation?upi=9786888837@wasbi HTTP/1.1" 200 None
2022-12-10 04:13:56,416 DEBUG Starting new HTTPS connection (1): upibankvalidator.com:443
2022-12-10 04:13:58,864 DEBUG https://upibankvalidator.com:443 "POST /api/upiValidation?upi=9786888837@waicici HTTP/1.1" 200 None
2022-12-10 04:13:58,871 DEBUG Starting new HTTPS connection (1): upibankvalidator.com:443
2022-12-10 04:14:01,934 DEBUG https://upibankvalidator.com:443 "POST /api/upiValidation?upi=9786888837@wahdfcbank HTTP/1.1" 200 None
2022-12-10 04:14:01,942 DEBUG Starting new HTTPS connection (1): upibankvalidator.com:443
2022-12-10 04:14:04,100 DEBUG https://upibankvalidator.com:443 "POST /api/upiValidation?upi=9786888837@waaxis HTTP/1.1" 200 None
2022-12-10 04:14:04,105 DEBUG Starting new HTTPS connection (1): upibankvalidator.com:443
2022-12-10 04:14:06,184 DEBUG https://upibankvalidator.com:443 "POST /api/upiValidation?upi=9786888837@unionbankofindia HTTP/1.1" 200 None
2022-12-10 04:14:06,192 DEBUG Starting new HTTPS connection (1): upibankvalidator.com:443
2022-12-10 04:14:08,241 DEBUG https://upibankvalidator.com:443 "POST /api/upiValidation?upi=9786888837@unionbank HTTP/1.1" 200 None
2022-12-10 04:14:08,250 DEBUG Starting new HTTPS connection (1): upibankvalidator.com:443
2022-12-10 04:14:11,112 DEBUG https://upibankvalidator.com:443 "POST /api/upiValidation?upi=9786888837@uco HTTP/1.1" 200 None
2022-12-10 04:14:11,121 DEBUG Starting new HTTPS connection (1): upibankvalidator.com:443
2022-12-10 04:14:22,155 DEBUG https://upibankvalidator.com:443 "POST /api/upiValidation?upi=9786888837@ubio HTTP/1.1" 200 None
2022-12-10 04:14:22,167 DEBUG Starting new HTTPS connection (1): upibankvalidator.com:443
2022-12-10 04:14:25,465 DEBUG https://upibankvalidator.com:443 "POST /api/upiValidation?upi=9786888837@timecosmos HTTP/1.1" 200 None
2022-12-10 04:14:25,475 DEBUG Starting new HTTPS connection (1): upibankvalidator.com:443
2022-12-10 04:14:29,598 DEBUG https://upibankvalidator.com:443 "POST /api/upiValidation?upi=9786888837@tapicici HTTP/1.1" 200 None
2022-12-10 04:14:29,608 DEBUG Starting new HTTPS connection (1): upibankvalidator.com:443
2022-12-10 04:14:34,001 DEBUG https://upibankvalidator.com:443 "POST /api/upiValidation?upi=9786888837@sib HTTP/1.1" 200 None
2022-12-10 04:14:34,010 DEBUG Starting new HTTPS connection (1): upibankvalidator.com:443
2022-12-10 04:14:37,995 DEBUG https://upibankvalidator.com:443 "POST /api/upiValidation?upi=9786888837@rbl HTTP/1.1" 200 None
2022-12-10 04:14:38,004 DEBUG Starting new HTTPS connection (1): upibankvalidator.com:443
2022-12-10 04:14:41,172 DEBUG https://upibankvalidator.com:443 "POST /api/upiValidation?upi=9786888837@pingpay HTTP/1.1" 200 None
2022-12-10 04:14:41,181 DEBUG Starting new HTTPS connection (1): upibankvalidator.com:443
2022-12-10 04:14:45,677 DEBUG https://upibankvalidator.com:443 "POST /api/upiValidation?upi=9786888837@kotak HTTP/1.1" 200 None
2022-12-10 04:14:45,686 DEBUG Starting new HTTPS connection (1): upibankvalidator.com:443
2022-12-10 04:14:48,160 DEBUG https://upibankvalidator.com:443 "POST /api/upiValidation?upi=9786888837@kmbl HTTP/1.1" 200 None
2022-12-10 04:14:48,169 DEBUG Starting new HTTPS connection (1): upibankvalidator.com:443
2022-12-10 04:14:52,333 DEBUG https://upibankvalidator.com:443 "POST /api/upiValidation?upi=9786888837@kbl HTTP/1.1" 200 None
2022-12-10 04:14:52,342 DEBUG Starting new HTTPS connection (1): upibankvalidator.com:443
2022-12-10 04:14:55,610 DEBUG https://upibankvalidator.com:443 "POST /api/upiValidation?upi=9786888837@jupiteraxis HTTP/1.1" 200 None
2022-12-10 04:14:55,620 DEBUG Starting new HTTPS connection (1): upibankvalidator.com:443
2022-12-10 04:14:58,168 DEBUG https://upibankvalidator.com:443 "POST /api/upiValidation?upi=9786888837@indus HTTP/1.1" 200 None
2022-12-10 04:14:58,178 DEBUG Starting new HTTPS connection (1): upibankvalidator.com:443
2022-12-10 04:15:01,872 DEBUG https://upibankvalidator.com:443 "POST /api/upiValidation?upi=9786888837@indianbank HTTP/1.1" 200 None
2022-12-10 04:15:01,882 DEBUG Starting new HTTPS connection (1): upibankvalidator.com:443
2022-12-10 04:15:04,620 DEBUG https://upibankvalidator.com:443 "POST /api/upiValidation?upi=9786888837@idbi HTTP/1.1" 200 None
2022-12-10 04:15:04,630 DEBUG Starting new HTTPS connection (1): upibankvalidator.com:443
2022-12-10 04:15:05,257 DEBUG https://upibankvalidator.com:443 "POST /api/upiValidation?upi=9786888837@icici HTTP/1.1" 200 None
2022-12-10 04:15:05,267 DEBUG Starting new HTTPS connection (1): upibankvalidator.com:443
2022-12-10 04:15:08,001 DEBUG https://upibankvalidator.com:443 "POST /api/upiValidation?upi=9786888837@ibl HTTP/1.1" 200 None
2022-12-10 04:15:08,009 DEBUG Starting new HTTPS connection (1): upibankvalidator.com:443
2022-12-10 04:15:10,569 DEBUG https://upibankvalidator.com:443 "POST /api/upiValidation?upi=9786888837@hsbc HTTP/1.1" 200 None
2022-12-10 04:15:10,578 DEBUG Starting new HTTPS connection (1): upibankvalidator.com:443
2022-12-10 04:15:13,424 DEBUG https://upibankvalidator.com:443 "POST /api/upiValidation?upi=9786888837@freecharge HTTP/1.1" 200 None
2022-12-10 04:15:13,432 DEBUG Starting new HTTPS connection (1): upibankvalidator.com:443
2022-12-10 04:15:17,018 DEBUG https://upibankvalidator.com:443 "POST /api/upiValidation?upi=9786888837@federal HTTP/1.1" 200 None
2022-12-10 04:15:17,028 DEBUG Starting new HTTPS connection (1): upibankvalidator.com:443
2022-12-10 04:15:20,798 DEBUG https://upibankvalidator.com:443 "POST /api/upiValidation?upi=9786888837@fbl HTTP/1.1" 200 None
2022-12-10 04:15:20,807 DEBUG Starting new HTTPS connection (1): upibankvalidator.com:443
2022-12-10 04:15:24,077 DEBUG https://upibankvalidator.com:443 "POST /api/upiValidation?upi=9786888837@dlb HTTP/1.1" 200 None
2022-12-10 04:15:24,086 DEBUG Starting new HTTPS connection (1): upibankvalidator.com:443
2022-12-10 04:15:27,044 DEBUG https://upibankvalidator.com:443 "POST /api/upiValidation?upi=9786888837@citigold HTTP/1.1" 200 None
2022-12-10 04:15:27,054 DEBUG Starting new HTTPS connection (1): upibankvalidator.com:443
2022-12-10 04:15:29,823 DEBUG https://upibankvalidator.com:443 "POST /api/upiValidation?upi=9786888837@citi HTTP/1.1" 200 None
2022-12-10 04:15:29,831 DEBUG Starting new HTTPS connection (1): upibankvalidator.com:443
2022-12-10 04:15:33,193 DEBUG https://upibankvalidator.com:443 "POST /api/upiValidation?upi=9786888837@bandhan HTTP/1.1" 200 None
2022-12-10 04:15:33,202 DEBUG Starting new HTTPS connection (1): upibankvalidator.com:443
2022-12-10 04:15:37,139 DEBUG https://upibankvalidator.com:443 "POST /api/upiValidation?upi=9786888837@axl HTTP/1.1" 200 None
2022-12-10 04:15:37,148 DEBUG Starting new HTTPS connection (1): upibankvalidator.com:443
2022-12-10 04:15:41,281 DEBUG https://upibankvalidator.com:443 "POST /api/upiValidation?upi=9786888837@axisb HTTP/1.1" 200 None
2022-12-10 04:15:41,289 DEBUG Starting new HTTPS connection (1): upibankvalidator.com:443
2022-12-10 04:15:47,830 DEBUG https://upibankvalidator.com:443 "POST /api/upiValidation?upi=9786888837@aubank HTTP/1.1" 200 None
2022-12-10 04:15:47,839 DEBUG Starting new HTTPS connection (1): upibankvalidator.com:443
2022-12-10 04:15:51,521 DEBUG https://upibankvalidator.com:443 "POST /api/upiValidation?upi=9786888837@allbank HTTP/1.1" 200 None
2022-12-10 04:15:51,768 DEBUG Starting new HTTPS connection (1): duckduckgo.com:443
2022-12-10 04:15:52,336 DEBUG https://duckduckgo.com:443 "GET /html/?q=RAMAGURU%20R HTTP/1.1" 302 138
2022-12-10 04:15:52,544 DEBUG Starting new HTTPS connection (1): html.duckduckgo.com:443
2022-12-10 04:15:53,564 DEBUG https://html.duckduckgo.com:443 "GET /html/?q=RAMAGURU%20R HTTP/1.1" 200 None
2022-12-10 04:15:55,003 DEBUG Starting new HTTPS connection (1): facebook.com:443
2022-12-10 04:15:56,128 DEBUG https://facebook.com:443 "GET /RAMAGURU_R HTTP/1.1" 301 0
2022-12-10 04:15:56,442 DEBUG Starting new HTTPS connection (1): www.facebook.com:443
2022-12-10 04:15:57,050 DEBUG https://www.facebook.com:443 "GET /RAMAGURU_R HTTP/1.1" 200 None
2022-12-10 04:15:57,427 DEBUG Starting new HTTPS connection (1): linkedin.com:443
2022-12-10 04:15:58,432 DEBUG https://linkedin.com:443 "GET /in/RAMAGURU_R HTTP/1.1" 999 1530
2022-12-10 04:15:58,598 DEBUG Starting new HTTPS connection (1): whitepages.com:443
2022-12-10 04:15:59,657 DEBUG https://whitepages.com:443 "GET /name/RAMAGURU_R HTTP/1.1" 301 0
2022-12-10 04:16:00,024 DEBUG Starting new HTTPS connection (1): www.whitepages.com:443
2022-12-10 04:16:00,368 DEBUG https://www.whitepages.com:443 "GET /name/RAMAGURU_R HTTP/1.1" 403 None
2022-12-10 04:16:00,790 DEBUG Starting new HTTPS connection (1): peoplefinders.com:443
2022-12-10 04:16:01,963 DEBUG https://peoplefinders.com:443 "GET /name/RAMAGURU_R HTTP/1.1" 403 None
2022-12-10 04:16:02,280 DEBUG Starting new HTTPS connection (1): instagram.com:443
2022-12-10 04:16:02,948 DEBUG https://instagram.com:443 "GET /RAMAGURU_R HTTP/1.1" 301 0
2022-12-10 04:16:03,229 DEBUG https://instagram.com:443 "GET /RAMAGURU_R/ HTTP/1.1" 301 0
2022-12-10 04:16:03,615 DEBUG Starting new HTTPS connection (1): www.instagram.com:443
2022-12-10 04:16:04,423 DEBUG https://www.instagram.com:443 "GET /RAMAGURU_R/ HTTP/1.1" 200 None
2022-12-10 04:16:05,042 DEBUG Starting new HTTPS connection (1): pinterest.com:443
2022-12-10 04:16:05,752 DEBUG https://pinterest.com:443 "GET /RAMAGURU_R HTTP/1.1" 308 267
2022-12-10 04:16:06,066 DEBUG Starting new HTTPS connection (1): www.pinterest.com:443
2022-12-10 04:16:06,675 DEBUG https://www.pinterest.com:443 "GET /RAMAGURU_R HTTP/1.1" 301 None
2022-12-10 04:16:07,290 DEBUG https://www.pinterest.com:443 "GET /RAMAGURU_R/ HTTP/1.1" 200 None
2022-12-10 04:16:07,826 DEBUG Starting new HTTPS connection (1): twitter.com:443
2022-12-10 04:16:08,788 DEBUG https://twitter.com:443 "GET /RAMAGURU_R HTTP/1.1" 200 None
2022-12-10 04:16:09,442 DEBUG Starting new HTTPS connection (1): youtube.com:443
2022-12-10 04:16:09,687 DEBUG https://youtube.com:443 "GET /user/RAMAGURU_R HTTP/1.1" 301 0
2022-12-10 04:16:10,061 DEBUG Starting new HTTPS connection (1): www.youtube.com:443
2022-12-10 04:16:10,319 DEBUG https://www.youtube.com:443 "GET /user/RAMAGURU_R HTTP/1.1" 404 None
2022-12-10 04:16:10,626 DEBUG Starting new HTTPS connection (1): github.com:443
2022-12-10 04:16:12,316 DEBUG https://github.com:443 "GET /RAMAGURU_R HTTP/1.1" 404 40
2022-12-10 04:16:12,578 DEBUG Starting new HTTPS connection (1): stackoverflow.com:443
2022-12-10 04:16:13,947 DEBUG https://stackoverflow.com:443 "GET /users/RAMAGURU_R HTTP/1.1" 404 None
2022-12-10 04:16:14,490 DEBUG Starting new HTTPS connection (1): steamcommunity.com:443
2022-12-10 04:16:15,588 DEBUG https://steamcommunity.com:443 "GET /id/RAMAGURU_R HTTP/1.1" 200 5804
2022-12-10 04:16:15,894 DEBUG Starting new HTTPS connection (1): reddit.com:443
2022-12-10 04:16:16,097 DEBUG https://reddit.com:443 "GET /user/RAMAGURU_R HTTP/1.1" 301 0
2022-12-10 04:16:16,408 DEBUG Starting new HTTPS connection (1): www.reddit.com:443
2022-12-10 04:16:18,088 DEBUG https://www.reddit.com:443 "GET /user/RAMAGURU_R HTTP/1.1" 200 None
2022-12-10 04:16:19,283 DEBUG Starting new HTTPS connection (1): duckduckgo.com:443
2022-12-10 04:16:19,779 DEBUG https://duckduckgo.com:443 "GET /html/?q=SAVITHRI%20R HTTP/1.1" 302 138
2022-12-10 04:16:19,786 DEBUG Starting new HTTPS connection (1): html.duckduckgo.com:443
2022-12-10 04:16:22,240 DEBUG https://html.duckduckgo.com:443 "GET /html/?q=SAVITHRI%20R HTTP/1.1" 200 None
2022-12-10 04:16:23,292 DEBUG Starting new HTTPS connection (1): facebook.com:443
2022-12-10 04:16:24,296 DEBUG https://facebook.com:443 "GET /SAVITHRI_R HTTP/1.1" 301 0
2022-12-10 04:16:24,303 DEBUG Starting new HTTPS connection (1): www.facebook.com:443
2022-12-10 04:16:25,221 DEBUG https://www.facebook.com:443 "GET /SAVITHRI_R HTTP/1.1" 200 None
2022-12-10 04:16:25,318 DEBUG Starting new HTTPS connection (1): linkedin.com:443
2022-12-10 04:16:26,128 DEBUG https://linkedin.com:443 "GET /in/SAVITHRI_R HTTP/1.1" 999 1530
2022-12-10 04:16:26,137 DEBUG Starting new HTTPS connection (1): whitepages.com:443
2022-12-10 04:16:26,991 DEBUG https://whitepages.com:443 "GET /name/SAVITHRI_R HTTP/1.1" 301 0
2022-12-10 04:16:26,998 DEBUG Starting new HTTPS connection (1): www.whitepages.com:443
2022-12-10 04:16:27,561 DEBUG https://www.whitepages.com:443 "GET /name/SAVITHRI_R HTTP/1.1" 403 None
2022-12-10 04:16:27,572 DEBUG Starting new HTTPS connection (1): peoplefinders.com:443
2022-12-10 04:16:28,201 DEBUG https://peoplefinders.com:443 "GET /name/SAVITHRI_R HTTP/1.1" 403 None
2022-12-10 04:16:28,210 DEBUG Starting new HTTPS connection (1): instagram.com:443
2022-12-10 04:16:28,995 DEBUG https://instagram.com:443 "GET /SAVITHRI_R HTTP/1.1" 301 0
2022-12-10 04:16:29,416 DEBUG https://instagram.com:443 "GET /SAVITHRI_R/ HTTP/1.1" 301 0
2022-12-10 04:16:29,725 DEBUG Starting new HTTPS connection (1): www.instagram.com:443
2022-12-10 04:16:30,535 DEBUG https://www.instagram.com:443 "GET /SAVITHRI_R/ HTTP/1.1" 200 None
2022-12-10 04:16:30,751 DEBUG Starting new HTTPS connection (1): pinterest.com:443
2022-12-10 04:16:31,171 DEBUG https://pinterest.com:443 "GET /SAVITHRI_R HTTP/1.1" 308 267
2022-12-10 04:16:31,179 DEBUG Starting new HTTPS connection (1): www.pinterest.com:443
2022-12-10 04:16:32,890 DEBUG https://www.pinterest.com:443 "GET /SAVITHRI_R HTTP/1.1" 301 None
2022-12-10 04:16:33,911 DEBUG https://www.pinterest.com:443 "GET /SAVITHRI_R/ HTTP/1.1" 200 None
2022-12-10 04:16:34,025 DEBUG Starting new HTTPS connection (1): twitter.com:443
2022-12-10 04:16:34,839 DEBUG https://twitter.com:443 "GET /SAVITHRI_R HTTP/1.1" 200 None
2022-12-10 04:16:35,183 DEBUG Starting new HTTPS connection (1): youtube.com:443
2022-12-10 04:16:35,704 DEBUG https://youtube.com:443 "GET /user/SAVITHRI_R HTTP/1.1" 301 0
2022-12-10 04:16:35,711 DEBUG Starting new HTTPS connection (1): www.youtube.com:443
2022-12-10 04:16:36,265 DEBUG https://www.youtube.com:443 "GET /user/SAVITHRI_R HTTP/1.1" 404 None
2022-12-10 04:16:36,481 DEBUG Starting new HTTPS connection (1): github.com:443
2022-12-10 04:16:37,293 DEBUG https://github.com:443 "GET /SAVITHRI_R HTTP/1.1" 404 40
2022-12-10 04:16:37,305 DEBUG Starting new HTTPS connection (1): stackoverflow.com:443
2022-12-10 04:16:37,909 DEBUG https://stackoverflow.com:443 "GET /users/SAVITHRI_R HTTP/1.1" 404 None
2022-12-10 04:16:38,419 DEBUG Starting new HTTPS connection (1): steamcommunity.com:443
2022-12-10 04:16:39,338 DEBUG https://steamcommunity.com:443 "GET /id/SAVITHRI_R HTTP/1.1" 200 5804
2022-12-10 04:16:39,349 DEBUG Starting new HTTPS connection (1): reddit.com:443
2022-12-10 04:16:39,748 DEBUG https://reddit.com:443 "GET /user/SAVITHRI_R HTTP/1.1" 301 0
2022-12-10 04:16:39,756 DEBUG Starting new HTTPS connection (1): www.reddit.com:443
2022-12-10 04:16:42,056 DEBUG https://www.reddit.com:443 "GET /user/SAVITHRI_R HTTP/1.1" 200 None
2022-12-10 04:16:43,038 DEBUG Starting new HTTPS connection (1): duckduckgo.com:443
2022-12-10 04:16:43,539 DEBUG https://duckduckgo.com:443 "GET /html/?q=Ramaguru%20R HTTP/1.1" 302 138
2022-12-10 04:16:43,546 DEBUG Starting new HTTPS connection (1): html.duckduckgo.com:443
2022-12-10 04:16:45,281 DEBUG https://html.duckduckgo.com:443 "GET /html/?q=Ramaguru%20R HTTP/1.1" 200 None
2022-12-10 04:16:46,334 DEBUG Starting new HTTPS connection (1): facebook.com:443
2022-12-10 04:16:46,738 DEBUG https://facebook.com:443 "GET /Ramaguru_R HTTP/1.1" 301 0
2022-12-10 04:16:47,022 DEBUG Starting new HTTPS connection (1): www.facebook.com:443
2022-12-10 04:16:47,740 DEBUG https://www.facebook.com:443 "GET /Ramaguru_R HTTP/1.1" 200 None
2022-12-10 04:16:47,794 DEBUG Starting new HTTPS connection (1): linkedin.com:443
2022-12-10 04:16:48,476 DEBUG https://linkedin.com:443 "GET /in/Ramaguru_R HTTP/1.1" 999 1530
2022-12-10 04:16:48,486 DEBUG Starting new HTTPS connection (1): whitepages.com:443
2022-12-10 04:16:49,510 DEBUG https://whitepages.com:443 "GET /name/Ramaguru_R HTTP/1.1" 301 0
2022-12-10 04:16:49,516 DEBUG Starting new HTTPS connection (1): www.whitepages.com:443
2022-12-10 04:16:50,105 DEBUG https://www.whitepages.com:443 "GET /name/Ramaguru_R HTTP/1.1" 403 None
2022-12-10 04:16:50,115 DEBUG Starting new HTTPS connection (1): peoplefinders.com:443
2022-12-10 04:16:50,666 DEBUG https://peoplefinders.com:443 "GET /name/Ramaguru_R HTTP/1.1" 403 None
2022-12-10 04:16:50,677 DEBUG Starting new HTTPS connection (1): instagram.com:443
2022-12-10 04:16:51,464 DEBUG https://instagram.com:443 "GET /Ramaguru_R HTTP/1.1" 301 0
2022-12-10 04:16:51,736 DEBUG https://instagram.com:443 "GET /Ramaguru_R/ HTTP/1.1" 301 0
2022-12-10 04:16:51,746 DEBUG Starting new HTTPS connection (1): www.instagram.com:443
2022-12-10 04:16:53,596 DEBUG https://www.instagram.com:443 "GET /Ramaguru_R/ HTTP/1.1" 200 None
2022-12-10 04:16:53,948 DEBUG Starting new HTTPS connection (1): pinterest.com:443
2022-12-10 04:16:54,540 DEBUG https://pinterest.com:443 "GET /Ramaguru_R HTTP/1.1" 308 267
2022-12-10 04:16:54,547 DEBUG Starting new HTTPS connection (1): www.pinterest.com:443
2022-12-10 04:16:55,345 DEBUG https://www.pinterest.com:443 "GET /Ramaguru_R HTTP/1.1" 301 None
2022-12-10 04:16:56,158 DEBUG https://www.pinterest.com:443 "GET /Ramaguru_R/ HTTP/1.1" 200 None
2022-12-10 04:16:56,272 DEBUG Starting new HTTPS connection (1): twitter.com:443
2022-12-10 04:16:57,159 DEBUG https://twitter.com:443 "GET /Ramaguru_R HTTP/1.1" 200 None
2022-12-10 04:16:57,379 DEBUG Starting new HTTPS connection (1): youtube.com:443
2022-12-10 04:16:57,826 DEBUG https://youtube.com:443 "GET /user/Ramaguru_R HTTP/1.1" 301 0
2022-12-10 04:16:57,834 DEBUG Starting new HTTPS connection (1): www.youtube.com:443
2022-12-10 04:16:58,242 DEBUG https://www.youtube.com:443 "GET /user/Ramaguru_R HTTP/1.1" 404 None
2022-12-10 04:16:58,256 DEBUG Starting new HTTPS connection (1): github.com:443
2022-12-10 04:16:59,318 DEBUG https://github.com:443 "GET /Ramaguru_R HTTP/1.1" 404 40
2022-12-10 04:16:59,328 DEBUG Starting new HTTPS connection (1): stackoverflow.com:443
2022-12-10 04:17:00,436 DEBUG https://stackoverflow.com:443 "GET /users/Ramaguru_R HTTP/1.1" 404 None
2022-12-10 04:17:00,745 DEBUG Starting new HTTPS connection (1): steamcommunity.com:443
2022-12-10 04:17:01,972 DEBUG https://steamcommunity.com:443 "GET /id/Ramaguru_R HTTP/1.1" 200 5803
2022-12-10 04:17:01,990 DEBUG Starting new HTTPS connection (1): reddit.com:443
2022-12-10 04:17:02,535 DEBUG https://reddit.com:443 "GET /user/Ramaguru_R HTTP/1.1" 301 0
2022-12-10 04:17:03,217 DEBUG Starting new HTTPS connection (1): www.reddit.com:443
2022-12-10 04:17:05,200 DEBUG https://www.reddit.com:443 "GET /user/Ramaguru_R HTTP/1.1" 200 None
