2022-12-10 07:21:34,519 INFO INFO: The option seclected is 4
2022-12-10 07:21:36,282 INFO INFO: The search type is b
2022-12-10 07:21:51,337 DEBUG Starting new HTTPS connection (1): upibankvalidator.com:443
2022-12-10 07:21:53,540 DEBUG https://upibankvalidator.com:443 "POST /api/upiValidation?upi=9786888837@apl HTTP/1.1" 200 None
2022-12-10 07:21:53,550 DEBUG Starting new HTTPS connection (1): upibankvalidator.com:443
2022-12-10 07:21:56,788 DEBUG https://upibankvalidator.com:443 "POST /api/upiValidation?upi=9786888837@oksbi HTTP/1.1" 200 None
2022-12-10 07:21:56,799 DEBUG Starting new HTTPS connection (1): upibankvalidator.com:443
2022-12-10 07:21:59,040 DEBUG https://upibankvalidator.com:443 "POST /api/upiValidation?upi=9786888837@okhdfcbank HTTP/1.1" 200 None
2022-12-10 07:21:59,052 DEBUG Starting new HTTPS connection (1): upibankvalidator.com:443
2022-12-10 07:22:01,600 DEBUG https://upibankvalidator.com:443 "POST /api/upiValidation?upi=9786888837@sbi HTTP/1.1" 200 None
2022-12-10 07:22:01,611 DEBUG Starting new HTTPS connection (1): upibankvalidator.com:443
2022-12-10 07:22:04,774 DEBUG https://upibankvalidator.com:443 "POST /api/upiValidation?upi=9786888837@okicici HTTP/1.1" 200 None
2022-12-10 07:22:04,786 DEBUG Starting new HTTPS connection (1): upibankvalidator.com:443
2022-12-10 07:22:05,096 DEBUG https://upibankvalidator.com:443 "POST /api/upiValidation?upi=9786888837@axisbank HTTP/1.1" 200 None
2022-12-10 07:22:05,108 DEBUG Starting new HTTPS connection (1): upibankvalidator.com:443
2022-12-10 07:22:07,437 DEBUG https://upibankvalidator.com:443 "POST /api/upiValidation?upi=9786888837@ikwik HTTP/1.1" 200 None
2022-12-10 07:22:07,448 DEBUG Starting new HTTPS connection (1): upibankvalidator.com:443
2022-12-10 07:22:09,382 DEBUG https://upibankvalidator.com:443 "POST /api/upiValidation?upi=9786888837@pnb HTTP/1.1" 200 None
2022-12-10 07:22:09,393 DEBUG Starting new HTTPS connection (1): upibankvalidator.com:443
2022-12-10 07:22:12,966 DEBUG https://upibankvalidator.com:443 "POST /api/upiValidation?upi=9786888837@hdfc HTTP/1.1" 200 None
2022-12-10 07:22:12,977 DEBUG Starting new HTTPS connection (1): upibankvalidator.com:443
2022-12-10 07:22:14,911 DEBUG https://upibankvalidator.com:443 "POST /api/upiValidation?upi=9786888837@idfcbank HTTP/1.1" 200 None
2022-12-10 07:22:14,918 DEBUG Starting new HTTPS connection (1): upibankvalidator.com:443
2022-12-10 07:22:16,960 DEBUG https://upibankvalidator.com:443 "POST /api/upiValidation?upi=9786888837@okaxis HTTP/1.1" 200 None
2022-12-10 07:22:16,974 DEBUG Starting new HTTPS connection (1): upibankvalidator.com:443
2022-12-10 07:22:19,906 DEBUG https://upibankvalidator.com:443 "POST /api/upiValidation?upi=9786888837@abfspay HTTP/1.1" 200 None
2022-12-10 07:22:19,915 DEBUG Starting new HTTPS connection (1): upibankvalidator.com:443
2022-12-10 07:22:23,411 DEBUG https://upibankvalidator.com:443 "POST /api/upiValidation?upi=9786888837@ybl HTTP/1.1" 200 None
2022-12-10 07:22:23,422 DEBUG Starting new HTTPS connection (1): upibankvalidator.com:443
2022-12-10 07:22:26,893 DEBUG https://upibankvalidator.com:443 "POST /api/upiValidation?upi=9786888837@barodampay HTTP/1.1" 200 None
2022-12-10 07:22:26,899 DEBUG Starting new HTTPS connection (1): upibankvalidator.com:443
2022-12-10 07:22:27,227 DEBUG https://upibankvalidator.com:443 "POST /api/upiValidation?upi=9786888837@upi HTTP/1.1" 200 None
2022-12-10 07:22:27,234 DEBUG Starting new HTTPS connection (1): upibankvalidator.com:443
2022-12-10 07:22:27,583 DEBUG https://upibankvalidator.com:443 "POST /api/upiValidation?upi=9786888837@paytm HTTP/1.1" 200 None
2022-12-10 07:22:27,591 DEBUG Starting new HTTPS connection (1): upibankvalidator.com:443
2022-12-10 07:22:30,067 DEBUG https://upibankvalidator.com:443 "POST /api/upiValidation?upi=9786888837@yapl HTTP/1.1" 200 None
2022-12-10 07:22:30,073 DEBUG Starting new HTTPS connection (1): upibankvalidator.com:443
2022-12-10 07:22:31,808 DEBUG https://upibankvalidator.com:443 "POST /api/upiValidation?upi=9786888837@dbs HTTP/1.1" 200 None
2022-12-10 07:22:31,819 DEBUG Starting new HTTPS connection (1): upibankvalidator.com:443
2022-12-10 07:22:34,007 DEBUG https://upibankvalidator.com:443 "POST /api/upiValidation?upi=9786888837@yesbankltd HTTP/1.1" 200 None
2022-12-10 07:22:34,017 DEBUG Starting new HTTPS connection (1): upibankvalidator.com:443
2022-12-10 07:22:36,723 DEBUG https://upibankvalidator.com:443 "POST /api/upiValidation?upi=9786888837@utbi HTTP/1.1" 200 None
2022-12-10 07:22:36,733 DEBUG Starting new HTTPS connection (1): upibankvalidator.com:443
2022-12-10 07:22:49,115 DEBUG https://upibankvalidator.com:443 "POST /api/upiValidation?upi=9786888837@united HTTP/1.1" 200 None
2022-12-10 07:22:49,125 DEBUG Starting new HTTPS connection (1): upibankvalidator.com:443
2022-12-10 07:22:50,701 DEBUG https://upibankvalidator.com:443 "POST /api/upiValidation?upi=9786888837@ubi HTTP/1.1" 200 None
2022-12-10 07:22:50,711 DEBUG Starting new HTTPS connection (1): upibankvalidator.com:443
2022-12-10 07:22:54,439 DEBUG https://upibankvalidator.com:443 "POST /api/upiValidation?upi=9786888837@rajgovhdfcbank HTTP/1.1" 200 None
2022-12-10 07:22:54,449 DEBUG Starting new HTTPS connection (1): upibankvalidator.com:443
2022-12-10 07:22:57,307 DEBUG https://upibankvalidator.com:443 "POST /api/upiValidation?upi=9786888837@pockets HTTP/1.1" 200 None
2022-12-10 07:22:57,316 DEBUG Starting new HTTPS connection (1): upibankvalidator.com:443
2022-12-10 07:22:59,766 DEBUG https://upibankvalidator.com:443 "POST /api/upiValidation?upi=9786888837@payzapp HTTP/1.1" 200 None
2022-12-10 07:22:59,775 DEBUG Starting new HTTPS connection (1): upibankvalidator.com:443
2022-12-10 07:23:02,324 DEBUG https://upibankvalidator.com:443 "POST /api/upiValidation?upi=9786888837@mahb HTTP/1.1" 200 None
2022-12-10 07:23:02,333 DEBUG Starting new HTTPS connection (1): upibankvalidator.com:443
2022-12-10 07:23:05,191 DEBUG https://upibankvalidator.com:443 "POST /api/upiValidation?upi=9786888837@kaypay HTTP/1.1" 200 None
2022-12-10 07:23:05,194 DEBUG Starting new HTTPS connection (1): upibankvalidator.com:443
2022-12-10 07:23:07,181 DEBUG https://upibankvalidator.com:443 "POST /api/upiValidation?upi=9786888837@imobile HTTP/1.1" 200 None
2022-12-10 07:23:07,189 DEBUG Starting new HTTPS connection (1): upibankvalidator.com:443
2022-12-10 07:23:10,516 DEBUG https://upibankvalidator.com:443 "POST /api/upiValidation?upi=9786888837@idbibank HTTP/1.1" 200 None
2022-12-10 07:23:10,522 DEBUG Starting new HTTPS connection (1): upibankvalidator.com:443
2022-12-10 07:23:13,895 DEBUG https://upibankvalidator.com:443 "POST /api/upiValidation?upi=9786888837@hdfcbank HTTP/1.1" 200 None
2022-12-10 07:23:13,906 DEBUG Starting new HTTPS connection (1): upibankvalidator.com:443
2022-12-10 07:23:16,660 DEBUG https://upibankvalidator.com:443 "POST /api/upiValidation?upi=9786888837@ezeepay HTTP/1.1" 200 None
2022-12-10 07:23:16,668 DEBUG Starting new HTTPS connection (1): upibankvalidator.com:443
2022-12-10 07:23:18,709 DEBUG https://upibankvalidator.com:443 "POST /api/upiValidation?upi=9786888837@eazypay HTTP/1.1" 200 None
2022-12-10 07:23:18,718 DEBUG Starting new HTTPS connection (1): upibankvalidator.com:443
2022-12-10 07:23:21,286 DEBUG https://upibankvalidator.com:443 "POST /api/upiValidation?upi=9786888837@cnrb HTTP/1.1" 200 None
2022-12-10 07:23:21,293 DEBUG Starting new HTTPS connection (1): upibankvalidator.com:443
2022-12-10 07:23:23,726 DEBUG https://upibankvalidator.com:443 "POST /api/upiValidation?upi=9786888837@centralbank HTTP/1.1" 200 None
2022-12-10 07:23:23,735 DEBUG Starting new HTTPS connection (1): upibankvalidator.com:443
2022-12-10 07:23:26,390 DEBUG https://upibankvalidator.com:443 "POST /api/upiValidation?upi=9786888837@cboi HTTP/1.1" 200 None
2022-12-10 07:23:26,398 DEBUG Starting new HTTPS connection (1): upibankvalidator.com:443
2022-12-10 07:23:28,907 DEBUG https://upibankvalidator.com:443 "POST /api/upiValidation?upi=9786888837@cbin HTTP/1.1" 200 None
2022-12-10 07:23:28,915 DEBUG Starting new HTTPS connection (1): upibankvalidator.com:443
2022-12-10 07:23:30,587 DEBUG https://upibankvalidator.com:443 "POST /api/upiValidation?upi=9786888837@boi HTTP/1.1" 200 None
2022-12-10 07:23:30,596 DEBUG Starting new HTTPS connection (1): upibankvalidator.com:443
2022-12-10 07:23:32,737 DEBUG https://upibankvalidator.com:443 "POST /api/upiValidation?upi=9786888837@yesbank HTTP/1.1" 200 None
2022-12-10 07:23:32,747 DEBUG Starting new HTTPS connection (1): upibankvalidator.com:443
2022-12-10 07:23:34,683 DEBUG https://upibankvalidator.com:443 "POST /api/upiValidation?upi=9786888837@wasbi HTTP/1.1" 200 None
2022-12-10 07:23:34,692 DEBUG Starting new HTTPS connection (1): upibankvalidator.com:443
2022-12-10 07:23:37,344 DEBUG https://upibankvalidator.com:443 "POST /api/upiValidation?upi=9786888837@waicici HTTP/1.1" 200 None
2022-12-10 07:23:37,349 DEBUG Starting new HTTPS connection (1): upibankvalidator.com:443
2022-12-10 07:23:39,393 DEBUG https://upibankvalidator.com:443 "POST /api/upiValidation?upi=9786888837@wahdfcbank HTTP/1.1" 200 None
2022-12-10 07:23:39,402 DEBUG Starting new HTTPS connection (1): upibankvalidator.com:443
2022-12-10 07:23:41,953 DEBUG https://upibankvalidator.com:443 "POST /api/upiValidation?upi=9786888837@waaxis HTTP/1.1" 200 None
2022-12-10 07:23:41,962 DEBUG Starting new HTTPS connection (1): upibankvalidator.com:443
2022-12-10 07:23:44,493 DEBUG https://upibankvalidator.com:443 "POST /api/upiValidation?upi=9786888837@unionbankofindia HTTP/1.1" 200 None
2022-12-10 07:23:44,502 DEBUG Starting new HTTPS connection (1): upibankvalidator.com:443
2022-12-10 07:23:48,082 DEBUG https://upibankvalidator.com:443 "POST /api/upiValidation?upi=9786888837@unionbank HTTP/1.1" 200 None
2022-12-10 07:23:48,090 DEBUG Starting new HTTPS connection (1): upibankvalidator.com:443
2022-12-10 07:23:50,248 DEBUG https://upibankvalidator.com:443 "POST /api/upiValidation?upi=9786888837@uco HTTP/1.1" 200 None
2022-12-10 07:23:50,257 DEBUG Starting new HTTPS connection (1): upibankvalidator.com:443
2022-12-10 07:24:02,025 DEBUG https://upibankvalidator.com:443 "POST /api/upiValidation?upi=9786888837@ubio HTTP/1.1" 200 None
2022-12-10 07:24:02,035 DEBUG Starting new HTTPS connection (1): upibankvalidator.com:443
2022-12-10 07:24:04,205 DEBUG https://upibankvalidator.com:443 "POST /api/upiValidation?upi=9786888837@timecosmos HTTP/1.1" 200 None
2022-12-10 07:24:04,209 DEBUG Starting new HTTPS connection (1): upibankvalidator.com:443
2022-12-10 07:24:06,939 DEBUG https://upibankvalidator.com:443 "POST /api/upiValidation?upi=9786888837@tapicici HTTP/1.1" 200 None
2022-12-10 07:24:06,949 DEBUG Starting new HTTPS connection (1): upibankvalidator.com:443
2022-12-10 07:24:10,293 DEBUG https://upibankvalidator.com:443 "POST /api/upiValidation?upi=9786888837@sib HTTP/1.1" 200 None
2022-12-10 07:24:10,302 DEBUG Starting new HTTPS connection (1): upibankvalidator.com:443
2022-12-10 07:24:12,571 DEBUG https://upibankvalidator.com:443 "POST /api/upiValidation?upi=9786888837@rbl HTTP/1.1" 200 None
2022-12-10 07:24:12,581 DEBUG Starting new HTTPS connection (1): upibankvalidator.com:443
2022-12-10 07:24:16,258 DEBUG https://upibankvalidator.com:443 "POST /api/upiValidation?upi=9786888837@pingpay HTTP/1.1" 200 None
2022-12-10 07:24:16,267 DEBUG Starting new HTTPS connection (1): upibankvalidator.com:443
2022-12-10 07:24:19,226 DEBUG https://upibankvalidator.com:443 "POST /api/upiValidation?upi=9786888837@kotak HTTP/1.1" 200 None
2022-12-10 07:24:19,236 DEBUG Starting new HTTPS connection (1): upibankvalidator.com:443
2022-12-10 07:24:20,834 DEBUG https://upibankvalidator.com:443 "POST /api/upiValidation?upi=9786888837@kmbl HTTP/1.1" 200 None
2022-12-10 07:24:20,844 DEBUG Starting new HTTPS connection (1): upibankvalidator.com:443
2022-12-10 07:24:23,528 DEBUG https://upibankvalidator.com:443 "POST /api/upiValidation?upi=9786888837@kbl HTTP/1.1" 200 None
2022-12-10 07:24:23,537 DEBUG Starting new HTTPS connection (1): upibankvalidator.com:443
2022-12-10 07:24:26,703 DEBUG https://upibankvalidator.com:443 "POST /api/upiValidation?upi=9786888837@jupiteraxis HTTP/1.1" 200 None
2022-12-10 07:24:26,712 DEBUG Starting new HTTPS connection (1): upibankvalidator.com:443
2022-12-10 07:24:29,964 DEBUG https://upibankvalidator.com:443 "POST /api/upiValidation?upi=9786888837@indus HTTP/1.1" 200 None
2022-12-10 07:24:29,972 DEBUG Starting new HTTPS connection (1): upibankvalidator.com:443
2022-12-10 07:24:32,954 DEBUG https://upibankvalidator.com:443 "POST /api/upiValidation?upi=9786888837@indianbank HTTP/1.1" 200 None
2022-12-10 07:24:32,963 DEBUG Starting new HTTPS connection (1): upibankvalidator.com:443
2022-12-10 07:24:35,099 DEBUG https://upibankvalidator.com:443 "POST /api/upiValidation?upi=9786888837@idbi HTTP/1.1" 200 None
2022-12-10 07:24:35,109 DEBUG Starting new HTTPS connection (1): upibankvalidator.com:443
2022-12-10 07:24:35,411 DEBUG https://upibankvalidator.com:443 "POST /api/upiValidation?upi=9786888837@icici HTTP/1.1" 200 None
2022-12-10 07:24:35,420 DEBUG Starting new HTTPS connection (1): upibankvalidator.com:443
2022-12-10 07:24:37,659 DEBUG https://upibankvalidator.com:443 "POST /api/upiValidation?upi=9786888837@ibl HTTP/1.1" 200 None
2022-12-10 07:24:37,669 DEBUG Starting new HTTPS connection (1): upibankvalidator.com:443
2022-12-10 07:24:39,511 DEBUG https://upibankvalidator.com:443 "POST /api/upiValidation?upi=9786888837@hsbc HTTP/1.1" 200 None
2022-12-10 07:24:39,520 DEBUG Starting new HTTPS connection (1): upibankvalidator.com:443
2022-12-10 07:24:43,087 DEBUG https://upibankvalidator.com:443 "POST /api/upiValidation?upi=9786888837@freecharge HTTP/1.1" 200 None
2022-12-10 07:24:43,096 DEBUG Starting new HTTPS connection (1): upibankvalidator.com:443
2022-12-10 07:24:45,553 DEBUG https://upibankvalidator.com:443 "POST /api/upiValidation?upi=9786888837@federal HTTP/1.1" 200 None
2022-12-10 07:24:45,563 DEBUG Starting new HTTPS connection (1): upibankvalidator.com:443
2022-12-10 07:24:49,129 DEBUG https://upibankvalidator.com:443 "POST /api/upiValidation?upi=9786888837@fbl HTTP/1.1" 200 None
2022-12-10 07:24:49,138 DEBUG Starting new HTTPS connection (1): upibankvalidator.com:443
2022-12-10 07:24:51,296 DEBUG https://upibankvalidator.com:443 "POST /api/upiValidation?upi=9786888837@dlb HTTP/1.1" 200 None
2022-12-10 07:24:51,305 DEBUG Starting new HTTPS connection (1): upibankvalidator.com:443
2022-12-10 07:24:56,194 DEBUG https://upibankvalidator.com:443 "POST /api/upiValidation?upi=9786888837@citigold HTTP/1.1" 200 None
2022-12-10 07:24:56,204 DEBUG Starting new HTTPS connection (1): upibankvalidator.com:443
2022-12-10 07:24:58,551 DEBUG https://upibankvalidator.com:443 "POST /api/upiValidation?upi=9786888837@citi HTTP/1.1" 200 None
2022-12-10 07:24:58,560 DEBUG Starting new HTTPS connection (1): upibankvalidator.com:443
2022-12-10 07:25:02,031 DEBUG https://upibankvalidator.com:443 "POST /api/upiValidation?upi=9786888837@bandhan HTTP/1.1" 200 None
2022-12-10 07:25:02,040 DEBUG Starting new HTTPS connection (1): upibankvalidator.com:443
2022-12-10 07:25:04,591 DEBUG https://upibankvalidator.com:443 "POST /api/upiValidation?upi=9786888837@axl HTTP/1.1" 200 None
2022-12-10 07:25:04,601 DEBUG Starting new HTTPS connection (1): upibankvalidator.com:443
2022-12-10 07:25:07,663 DEBUG https://upibankvalidator.com:443 "POST /api/upiValidation?upi=9786888837@axisb HTTP/1.1" 200 None
2022-12-10 07:25:07,673 DEBUG Starting new HTTPS connection (1): upibankvalidator.com:443
2022-12-10 07:25:10,121 DEBUG https://upibankvalidator.com:443 "POST /api/upiValidation?upi=9786888837@aubank HTTP/1.1" 200 None
2022-12-10 07:25:10,130 DEBUG Starting new HTTPS connection (1): upibankvalidator.com:443
2022-12-10 07:25:12,681 DEBUG https://upibankvalidator.com:443 "POST /api/upiValidation?upi=9786888837@allbank HTTP/1.1" 200 None
2022-12-10 07:25:12,696 DEBUG Starting new HTTPS connection (1): duckduckgo.com:443
2022-12-10 07:25:13,248 DEBUG https://duckduckgo.com:443 "GET /html/?q=RAMAGURU%20R HTTP/1.1" 302 138
2022-12-10 07:25:13,256 DEBUG Starting new HTTPS connection (1): html.duckduckgo.com:443
2022-12-10 07:25:14,492 DEBUG https://html.duckduckgo.com:443 "GET /html/?q=RAMAGURU%20R HTTP/1.1" 200 None
2022-12-10 07:25:15,554 DEBUG Starting new HTTPS connection (1): facebook.com:443
2022-12-10 07:25:15,958 DEBUG https://facebook.com:443 "GET /RAMAGURU_R HTTP/1.1" 301 0
2022-12-10 07:25:15,972 DEBUG Starting new HTTPS connection (1): www.facebook.com:443
2022-12-10 07:25:16,331 DEBUG https://www.facebook.com:443 "GET /RAMAGURU_R HTTP/1.1" 200 None
2022-12-10 07:25:16,416 DEBUG Starting new HTTPS connection (1): linkedin.com:443
2022-12-10 07:25:17,391 DEBUG https://linkedin.com:443 "GET /in/RAMAGURU_R HTTP/1.1" 999 1530
2022-12-10 07:25:17,401 DEBUG Starting new HTTPS connection (1): whitepages.com:443
2022-12-10 07:25:18,187 DEBUG https://whitepages.com:443 "GET /name/RAMAGURU_R HTTP/1.1" 301 0
2022-12-10 07:25:18,206 DEBUG Starting new HTTPS connection (1): www.whitepages.com:443
2022-12-10 07:25:18,391 DEBUG https://www.whitepages.com:443 "GET /name/RAMAGURU_R HTTP/1.1" 403 None
2022-12-10 07:25:18,413 DEBUG Starting new HTTPS connection (1): peoplefinders.com:443
2022-12-10 07:25:18,645 DEBUG https://peoplefinders.com:443 "GET /name/RAMAGURU_R HTTP/1.1" 403 None
2022-12-10 07:25:18,659 DEBUG Starting new HTTPS connection (1): instagram.com:443
2022-12-10 07:25:18,918 DEBUG https://instagram.com:443 "GET /RAMAGURU_R HTTP/1.1" 301 0
2022-12-10 07:25:19,115 DEBUG https://instagram.com:443 "GET /RAMAGURU_R/ HTTP/1.1" 301 0
2022-12-10 07:25:19,128 DEBUG Starting new HTTPS connection (1): www.instagram.com:443
2022-12-10 07:25:19,639 DEBUG https://www.instagram.com:443 "GET /RAMAGURU_R/ HTTP/1.1" 200 None
2022-12-10 07:25:20,391 DEBUG Starting new HTTPS connection (1): pinterest.com:443
2022-12-10 07:25:20,538 DEBUG https://pinterest.com:443 "GET /RAMAGURU_R HTTP/1.1" 308 267
2022-12-10 07:25:20,570 DEBUG Starting new HTTPS connection (1): www.pinterest.com:443
2022-12-10 07:25:21,079 DEBUG https://www.pinterest.com:443 "GET /RAMAGURU_R HTTP/1.1" 301 None
2022-12-10 07:25:21,589 DEBUG https://www.pinterest.com:443 "GET /RAMAGURU_R/ HTTP/1.1" 200 None
2022-12-10 07:25:21,757 DEBUG Starting new HTTPS connection (1): twitter.com:443
2022-12-10 07:25:22,201 DEBUG https://twitter.com:443 "GET /RAMAGURU_R HTTP/1.1" 200 None
2022-12-10 07:25:22,547 DEBUG Starting new HTTPS connection (1): youtube.com:443
2022-12-10 07:25:22,707 DEBUG https://youtube.com:443 "GET /user/RAMAGURU_R HTTP/1.1" 301 0
2022-12-10 07:25:22,720 DEBUG Starting new HTTPS connection (1): www.youtube.com:443
2022-12-10 07:25:22,888 DEBUG https://www.youtube.com:443 "GET /user/RAMAGURU_R HTTP/1.1" 404 None
2022-12-10 07:25:22,920 DEBUG Starting new HTTPS connection (1): github.com:443
2022-12-10 07:25:23,311 DEBUG https://github.com:443 "GET /RAMAGURU_R HTTP/1.1" 404 40
2022-12-10 07:25:23,341 DEBUG Starting new HTTPS connection (1): stackoverflow.com:443
2022-12-10 07:25:23,842 DEBUG https://stackoverflow.com:443 "GET /users/RAMAGURU_R HTTP/1.1" 404 None
2022-12-10 07:25:24,235 DEBUG Starting new HTTPS connection (1): steamcommunity.com:443
2022-12-10 07:25:24,763 DEBUG https://steamcommunity.com:443 "GET /id/RAMAGURU_R HTTP/1.1" 200 5802
2022-12-10 07:25:24,775 DEBUG Starting new HTTPS connection (1): reddit.com:443
2022-12-10 07:25:24,815 DEBUG https://reddit.com:443 "GET /user/RAMAGURU_R HTTP/1.1" 301 0
2022-12-10 07:25:24,823 DEBUG Starting new HTTPS connection (1): www.reddit.com:443
2022-12-10 07:25:25,891 DEBUG https://www.reddit.com:443 "GET /user/RAMAGURU_R HTTP/1.1" 200 None
2022-12-10 07:25:26,951 DEBUG Starting new HTTPS connection (1): duckduckgo.com:443
2022-12-10 07:25:27,118 DEBUG https://duckduckgo.com:443 "GET /html/?q=SAVITHRI%20R HTTP/1.1" 302 138
2022-12-10 07:25:27,125 DEBUG Starting new HTTPS connection (1): html.duckduckgo.com:443
2022-12-10 07:25:28,279 DEBUG https://html.duckduckgo.com:443 "GET /html/?q=SAVITHRI%20R HTTP/1.1" 200 None
2022-12-10 07:25:29,329 DEBUG Starting new HTTPS connection (1): facebook.com:443
2022-12-10 07:25:29,619 DEBUG https://facebook.com:443 "GET /SAVITHRI_R HTTP/1.1" 301 0
2022-12-10 07:25:29,623 DEBUG Starting new HTTPS connection (1): www.facebook.com:443
2022-12-10 07:25:29,905 DEBUG https://www.facebook.com:443 "GET /SAVITHRI_R HTTP/1.1" 200 None
2022-12-10 07:25:29,981 DEBUG Starting new HTTPS connection (1): linkedin.com:443
2022-12-10 07:25:30,397 DEBUG https://linkedin.com:443 "GET /in/SAVITHRI_R HTTP/1.1" 999 1530
2022-12-10 07:25:30,405 DEBUG Starting new HTTPS connection (1): whitepages.com:443
2022-12-10 07:25:31,082 DEBUG https://whitepages.com:443 "GET /name/SAVITHRI_R HTTP/1.1" 301 0
2022-12-10 07:25:31,088 DEBUG Starting new HTTPS connection (1): www.whitepages.com:443
2022-12-10 07:25:31,288 DEBUG https://www.whitepages.com:443 "GET /name/SAVITHRI_R HTTP/1.1" 403 None
2022-12-10 07:25:31,298 DEBUG Starting new HTTPS connection (1): peoplefinders.com:443
2022-12-10 07:25:31,523 DEBUG https://peoplefinders.com:443 "GET /name/SAVITHRI_R HTTP/1.1" 403 None
2022-12-10 07:25:31,533 DEBUG Starting new HTTPS connection (1): instagram.com:443
2022-12-10 07:25:31,783 DEBUG https://instagram.com:443 "GET /SAVITHRI_R HTTP/1.1" 301 0
2022-12-10 07:25:32,007 DEBUG https://instagram.com:443 "GET /SAVITHRI_R/ HTTP/1.1" 301 0
2022-12-10 07:25:32,017 DEBUG Starting new HTTPS connection (1): www.instagram.com:443
2022-12-10 07:25:32,443 DEBUG https://www.instagram.com:443 "GET /SAVITHRI_R/ HTTP/1.1" 200 None
2022-12-10 07:25:32,731 DEBUG Starting new HTTPS connection (1): pinterest.com:443
2022-12-10 07:25:32,905 DEBUG https://pinterest.com:443 "GET /SAVITHRI_R HTTP/1.1" 308 267
2022-12-10 07:25:32,912 DEBUG Starting new HTTPS connection (1): www.pinterest.com:443
2022-12-10 07:25:33,333 DEBUG https://www.pinterest.com:443 "GET /SAVITHRI_R HTTP/1.1" 301 None
2022-12-10 07:25:34,083 DEBUG https://www.pinterest.com:443 "GET /SAVITHRI_R/ HTTP/1.1" 200 None
2022-12-10 07:25:35,381 DEBUG Starting new HTTPS connection (1): twitter.com:443
2022-12-10 07:25:35,801 DEBUG https://twitter.com:443 "GET /SAVITHRI_R HTTP/1.1" 200 None
2022-12-10 07:25:36,130 DEBUG Starting new HTTPS connection (1): youtube.com:443
2022-12-10 07:25:36,279 DEBUG https://youtube.com:443 "GET /user/SAVITHRI_R HTTP/1.1" 301 0
2022-12-10 07:25:36,283 DEBUG Starting new HTTPS connection (1): www.youtube.com:443
2022-12-10 07:25:36,449 DEBUG https://www.youtube.com:443 "GET /user/SAVITHRI_R HTTP/1.1" 404 None
2022-12-10 07:25:36,452 DEBUG Starting new HTTPS connection (1): github.com:443
2022-12-10 07:25:36,875 DEBUG https://github.com:443 "GET /SAVITHRI_R HTTP/1.1" 404 40
2022-12-10 07:25:36,878 DEBUG Starting new HTTPS connection (1): stackoverflow.com:443
2022-12-10 07:25:37,335 DEBUG https://stackoverflow.com:443 "GET /users/SAVITHRI_R HTTP/1.1" 404 None
2022-12-10 07:25:37,604 DEBUG Starting new HTTPS connection (1): steamcommunity.com:443
2022-12-10 07:25:38,077 DEBUG https://steamcommunity.com:443 "GET /id/SAVITHRI_R HTTP/1.1" 200 5804
2022-12-10 07:25:38,085 DEBUG Starting new HTTPS connection (1): reddit.com:443
2022-12-10 07:25:38,130 DEBUG https://reddit.com:443 "GET /user/SAVITHRI_R HTTP/1.1" 301 0
2022-12-10 07:25:38,133 DEBUG Starting new HTTPS connection (1): www.reddit.com:443
2022-12-10 07:25:39,510 DEBUG https://www.reddit.com:443 "GET /user/SAVITHRI_R HTTP/1.1" 200 None
2022-12-10 07:25:40,656 DEBUG Starting new HTTPS connection (1): duckduckgo.com:443
2022-12-10 07:25:40,782 DEBUG https://duckduckgo.com:443 "GET /html/?q=Ramaguru%20R HTTP/1.1" 302 138
2022-12-10 07:25:40,788 DEBUG Starting new HTTPS connection (1): html.duckduckgo.com:443
2022-12-10 07:25:41,865 DEBUG https://html.duckduckgo.com:443 "GET /html/?q=Ramaguru%20R HTTP/1.1" 200 None
2022-12-10 07:25:42,930 DEBUG Starting new HTTPS connection (1): facebook.com:443
2022-12-10 07:25:43,221 DEBUG https://facebook.com:443 "GET /Ramaguru_R HTTP/1.1" 301 0
2022-12-10 07:25:43,230 DEBUG Starting new HTTPS connection (1): www.facebook.com:443
2022-12-10 07:25:43,559 DEBUG https://www.facebook.com:443 "GET /Ramaguru_R HTTP/1.1" 200 None
2022-12-10 07:25:43,642 DEBUG Starting new HTTPS connection (1): linkedin.com:443
2022-12-10 07:25:43,917 DEBUG https://linkedin.com:443 "GET /in/Ramaguru_R HTTP/1.1" 999 1530
2022-12-10 07:25:43,930 DEBUG Starting new HTTPS connection (1): whitepages.com:443
2022-12-10 07:25:44,563 DEBUG https://whitepages.com:443 "GET /name/Ramaguru_R HTTP/1.1" 301 0
2022-12-10 07:25:44,571 DEBUG Starting new HTTPS connection (1): www.whitepages.com:443
2022-12-10 07:25:44,768 DEBUG https://www.whitepages.com:443 "GET /name/Ramaguru_R HTTP/1.1" 403 None
2022-12-10 07:25:44,783 DEBUG Starting new HTTPS connection (1): peoplefinders.com:443
2022-12-10 07:25:45,029 DEBUG https://peoplefinders.com:443 "GET /name/Ramaguru_R HTTP/1.1" 403 None
2022-12-10 07:25:45,042 DEBUG Starting new HTTPS connection (1): instagram.com:443
2022-12-10 07:25:45,319 DEBUG https://instagram.com:443 "GET /Ramaguru_R HTTP/1.1" 301 0
2022-12-10 07:25:45,549 DEBUG https://instagram.com:443 "GET /Ramaguru_R/ HTTP/1.1" 301 0
2022-12-10 07:25:45,555 DEBUG Starting new HTTPS connection (1): www.instagram.com:443
2022-12-10 07:25:45,980 DEBUG https://www.instagram.com:443 "GET /Ramaguru_R/ HTTP/1.1" 200 None
2022-12-10 07:25:46,763 DEBUG Starting new HTTPS connection (1): pinterest.com:443
2022-12-10 07:25:46,940 DEBUG https://pinterest.com:443 "GET /Ramaguru_R HTTP/1.1" 308 267
2022-12-10 07:25:46,944 DEBUG Starting new HTTPS connection (1): www.pinterest.com:443
2022-12-10 07:25:47,393 DEBUG https://www.pinterest.com:443 "GET /Ramaguru_R HTTP/1.1" 301 None
2022-12-10 07:25:47,989 DEBUG https://www.pinterest.com:443 "GET /Ramaguru_R/ HTTP/1.1" 200 None
2022-12-10 07:25:48,356 DEBUG Starting new HTTPS connection (1): twitter.com:443
2022-12-10 07:25:48,957 DEBUG https://twitter.com:443 "GET /Ramaguru_R HTTP/1.1" 200 None
2022-12-10 07:25:49,321 DEBUG Starting new HTTPS connection (1): youtube.com:443
2022-12-10 07:25:49,479 DEBUG https://youtube.com:443 "GET /user/Ramaguru_R HTTP/1.1" 301 0
2022-12-10 07:25:49,486 DEBUG Starting new HTTPS connection (1): www.youtube.com:443
2022-12-10 07:25:49,664 DEBUG https://www.youtube.com:443 "GET /user/Ramaguru_R HTTP/1.1" 404 None
2022-12-10 07:25:49,675 DEBUG Starting new HTTPS connection (1): github.com:443
2022-12-10 07:25:50,024 DEBUG https://github.com:443 "GET /Ramaguru_R HTTP/1.1" 404 40
2022-12-10 07:25:50,033 DEBUG Starting new HTTPS connection (1): stackoverflow.com:443
2022-12-10 07:25:50,517 DEBUG https://stackoverflow.com:443 "GET /users/Ramaguru_R HTTP/1.1" 404 None
2022-12-10 07:25:50,781 DEBUG Starting new HTTPS connection (1): steamcommunity.com:443
2022-12-10 07:25:51,286 DEBUG https://steamcommunity.com:443 "GET /id/Ramaguru_R HTTP/1.1" 200 5802
2022-12-10 07:25:51,297 DEBUG Starting new HTTPS connection (1): reddit.com:443
2022-12-10 07:25:51,351 DEBUG https://reddit.com:443 "GET /user/Ramaguru_R HTTP/1.1" 301 0
2022-12-10 07:25:51,361 DEBUG Starting new HTTPS connection (1): www.reddit.com:443
2022-12-10 07:25:52,209 DEBUG https://www.reddit.com:443 "GET /user/Ramaguru_R HTTP/1.1" 200 None
