2022-12-10 02:20:50,147 INFO INFO: The option seclected is 4
2022-12-10 02:20:51,274 INFO INFO: The search type is a
2022-12-10 02:20:57,928 DEBUG Starting new HTTPS connection (1): duckduckgo.com:443
2022-12-10 02:20:58,792 DEBUG https://duckduckgo.com:443 "GET /html/?q=vinothdayalan HTTP/1.1" 302 138
2022-12-10 02:20:58,800 DEBUG Starting new HTTPS connection (1): html.duckduckgo.com:443
2022-12-10 02:21:00,466 DEBUG https://html.duckduckgo.com:443 "GET /html/?q=vinothdayalan HTTP/1.1" 200 None
2022-12-10 02:21:01,869 DEBUG Starting new HTTPS connection (1): facebook.com:443
2022-12-10 02:21:02,344 DEBUG https://facebook.com:443 "GET /vinothdayalan HTTP/1.1" 301 0
2022-12-10 02:21:02,689 DEBUG Starting new HTTPS connection (1): www.facebook.com:443
2022-12-10 02:21:03,331 DEBUG https://www.facebook.com:443 "GET /vinothdayalan HTTP/1.1" 200 None
2022-12-10 02:21:03,774 DEBUG Starting new HTTPS connection (1): linkedin.com:443
2022-12-10 02:21:04,525 DEBUG https://linkedin.com:443 "GET /in/vinothdayalan HTTP/1.1" 999 1530
2022-12-10 02:21:04,885 DEBUG Starting new HTTPS connection (1): whitepages.com:443
2022-12-10 02:21:06,014 DEBUG https://whitepages.com:443 "GET /name/vinothdayalan HTTP/1.1" 301 0
2022-12-10 02:21:06,381 DEBUG Starting new HTTPS connection (1): www.whitepages.com:443
2022-12-10 02:21:06,699 DEBUG https://www.whitepages.com:443 "GET /name/vinothdayalan HTTP/1.1" 403 None
2022-12-10 02:21:07,086 DEBUG Starting new HTTPS connection (1): peoplefinders.com:443
2022-12-10 02:21:07,808 DEBUG https://peoplefinders.com:443 "GET /name/vinothdayalan HTTP/1.1" 403 None
2022-12-10 02:21:08,113 DEBUG Starting new HTTPS connection (1): instagram.com:443
2022-12-10 02:21:08,827 DEBUG https://instagram.com:443 "GET /vinothdayalan HTTP/1.1" 301 0
2022-12-10 02:21:09,082 DEBUG https://instagram.com:443 "GET /vinothdayalan/ HTTP/1.1" 301 0
2022-12-10 02:21:09,490 DEBUG Starting new HTTPS connection (1): www.instagram.com:443
2022-12-10 02:21:10,211 DEBUG https://www.instagram.com:443 "GET /vinothdayalan/ HTTP/1.1" 200 None
2022-12-10 02:21:11,083 DEBUG Starting new HTTPS connection (1): pinterest.com:443
2022-12-10 02:21:11,654 DEBUG https://pinterest.com:443 "GET /vinothdayalan HTTP/1.1" 308 273
2022-12-10 02:21:12,010 DEBUG Starting new HTTPS connection (1): www.pinterest.com:443
2022-12-10 02:21:12,723 DEBUG https://www.pinterest.com:443 "GET /vinothdayalan HTTP/1.1" 301 None
2022-12-10 02:21:12,734 DEBUG Resetting dropped connection: www.pinterest.com
2022-12-10 02:21:14,669 DEBUG https://www.pinterest.com:443 "GET /vinothdayalan/ HTTP/1.1" 200 None
2022-12-10 02:21:15,283 DEBUG Starting new HTTPS connection (1): twitter.com:443
2022-12-10 02:21:16,000 DEBUG https://twitter.com:443 "GET /vinothdayalan HTTP/1.1" 200 None
2022-12-10 02:21:16,512 DEBUG Starting new HTTPS connection (1): youtube.com:443
2022-12-10 02:21:16,839 DEBUG https://youtube.com:443 "GET /user/vinothdayalan HTTP/1.1" 301 0
2022-12-10 02:21:17,230 DEBUG Starting new HTTPS connection (1): www.youtube.com:443
2022-12-10 02:21:17,575 DEBUG https://www.youtube.com:443 "GET /user/vinothdayalan HTTP/1.1" 404 None
2022-12-10 02:21:17,942 DEBUG Starting new HTTPS connection (1): github.com:443
2022-12-10 02:21:19,336 DEBUG https://github.com:443 "GET /vinothdayalan HTTP/1.1" 200 None
2022-12-10 02:21:19,789 DEBUG Starting new HTTPS connection (1): stackoverflow.com:443
2022-12-10 02:21:21,023 DEBUG https://stackoverflow.com:443 "GET /users/vinothdayalan HTTP/1.1" 404 None
2022-12-10 02:21:21,285 DEBUG Starting new HTTPS connection (1): steamcommunity.com:443
2022-12-10 02:21:21,967 DEBUG https://steamcommunity.com:443 "GET /id/vinothdayalan HTTP/1.1" 200 5805
2022-12-10 02:21:22,247 DEBUG Starting new HTTPS connection (1): reddit.com:443
2022-12-10 02:21:22,584 DEBUG https://reddit.com:443 "GET /user/vinothdayalan HTTP/1.1" 301 0
2022-12-10 02:21:22,966 DEBUG Starting new HTTPS connection (1): www.reddit.com:443
2022-12-10 02:21:24,907 DEBUG https://www.reddit.com:443 "GET /user/vinothdayalan HTTP/1.1" 200 None
2022-12-10 02:21:26,137 DEBUG Starting new HTTPS connection (1): upibankvalidator.com:443
2022-12-10 02:21:39,154 DEBUG https://upibankvalidator.com:443 "POST /api/upiValidation?upi=vinothdayalan@apl HTTP/1.1" 200 None
2022-12-10 02:21:39,165 DEBUG Starting new HTTPS connection (1): upibankvalidator.com:443
2022-12-10 02:21:40,932 DEBUG https://upibankvalidator.com:443 "POST /api/upiValidation?upi=vinothdayalan@oksbi HTTP/1.1" 200 None
2022-12-10 02:21:40,940 DEBUG Starting new HTTPS connection (1): upibankvalidator.com:443
2022-12-10 02:21:43,442 DEBUG https://upibankvalidator.com:443 "POST /api/upiValidation?upi=vinothdayalan@okhdfcbank HTTP/1.1" 200 None
2022-12-10 02:21:43,448 DEBUG Starting new HTTPS connection (1): upibankvalidator.com:443
2022-12-10 02:21:54,664 DEBUG https://upibankvalidator.com:443 "POST /api/upiValidation?upi=vinothdayalan@sbi HTTP/1.1" 200 None
2022-12-10 02:21:54,679 DEBUG Starting new HTTPS connection (1): upibankvalidator.com:443
2022-12-10 02:21:57,163 DEBUG https://upibankvalidator.com:443 "POST /api/upiValidation?upi=vinothdayalan@okicici HTTP/1.1" 200 None
2022-12-10 02:21:57,173 DEBUG Starting new HTTPS connection (1): upibankvalidator.com:443
2022-12-10 02:21:59,026 DEBUG https://upibankvalidator.com:443 "POST /api/upiValidation?upi=vinothdayalan@axisbank HTTP/1.1" 200 None
2022-12-10 02:21:59,038 DEBUG Starting new HTTPS connection (1): upibankvalidator.com:443
2022-12-10 02:22:02,389 DEBUG https://upibankvalidator.com:443 "POST /api/upiValidation?upi=vinothdayalan@ikwik HTTP/1.1" 200 None
2022-12-10 02:22:02,401 DEBUG Starting new HTTPS connection (1): upibankvalidator.com:443
2022-12-10 02:22:15,185 DEBUG https://upibankvalidator.com:443 "POST /api/upiValidation?upi=vinothdayalan@pnb HTTP/1.1" 200 None
2022-12-10 02:22:15,195 DEBUG Starting new HTTPS connection (1): upibankvalidator.com:443
2022-12-10 02:22:29,522 DEBUG https://upibankvalidator.com:443 "POST /api/upiValidation?upi=vinothdayalan@hdfc HTTP/1.1" 200 None
2022-12-10 02:22:29,535 DEBUG Starting new HTTPS connection (1): upibankvalidator.com:443
2022-12-10 02:22:32,696 DEBUG https://upibankvalidator.com:443 "POST /api/upiValidation?upi=vinothdayalan@idfcbank HTTP/1.1" 200 None
2022-12-10 02:22:32,705 DEBUG Starting new HTTPS connection (1): upibankvalidator.com:443
