2022-12-10 07:11:53,862 INFO INFO: The option seclected is 4
2022-12-10 07:12:38,258 INFO INFO: The search type is c
2022-12-10 07:12:46,415 DEBUG Starting new HTTPS connection (1): upibankvalidator.com:443
2022-12-10 07:12:50,168 DEBUG https://upibankvalidator.com:443 "POST /api/upiValidation?upi=manu7204@apl HTTP/1.1" 200 None
2022-12-10 07:12:50,177 DEBUG Starting new HTTPS connection (1): upibankvalidator.com:443
2022-12-10 07:12:52,830 DEBUG https://upibankvalidator.com:443 "POST /api/upiValidation?upi=manu7204@oksbi HTTP/1.1" 200 None
2022-12-10 07:12:52,839 DEBUG Starting new HTTPS connection (1): upibankvalidator.com:443
2022-12-10 07:12:56,107 DEBUG https://upibankvalidator.com:443 "POST /api/upiValidation?upi=manu7204@okhdfcbank HTTP/1.1" 200 None
2022-12-10 07:12:56,116 DEBUG Starting new HTTPS connection (1): upibankvalidator.com:443
2022-12-10 07:12:57,747 DEBUG https://upibankvalidator.com:443 "POST /api/upiValidation?upi=manu7204@sbi HTTP/1.1" 200 None
2022-12-10 07:12:57,757 DEBUG Starting new HTTPS connection (1): upibankvalidator.com:443
2022-12-10 07:12:59,691 DEBUG https://upibankvalidator.com:443 "POST /api/upiValidation?upi=manu7204@okicici HTTP/1.1" 200 None
2022-12-10 07:12:59,699 DEBUG Starting new HTTPS connection (1): upibankvalidator.com:443
2022-12-10 07:13:02,187 DEBUG https://upibankvalidator.com:443 "POST /api/upiValidation?upi=manu7204@axisbank HTTP/1.1" 200 None
2022-12-10 07:13:02,196 DEBUG Starting new HTTPS connection (1): upibankvalidator.com:443
2022-12-10 07:13:04,913 DEBUG https://upibankvalidator.com:443 "POST /api/upiValidation?upi=manu7204@ikwik HTTP/1.1" 200 None
2022-12-10 07:13:04,922 DEBUG Starting new HTTPS connection (1): upibankvalidator.com:443
2022-12-10 07:13:08,088 DEBUG https://upibankvalidator.com:443 "POST /api/upiValidation?upi=manu7204@pnb HTTP/1.1" 200 None
2022-12-10 07:13:08,097 DEBUG Starting new HTTPS connection (1): upibankvalidator.com:443
2022-12-10 07:13:19,147 DEBUG https://upibankvalidator.com:443 "POST /api/upiValidation?upi=manu7204@hdfc HTTP/1.1" 200 None
2022-12-10 07:13:19,157 DEBUG Starting new HTTPS connection (1): upibankvalidator.com:443
2022-12-10 07:13:21,809 DEBUG https://upibankvalidator.com:443 "POST /api/upiValidation?upi=manu7204@idfcbank HTTP/1.1" 200 None
2022-12-10 07:13:21,819 DEBUG Starting new HTTPS connection (1): upibankvalidator.com:443
2022-12-10 07:13:24,780 DEBUG https://upibankvalidator.com:443 "POST /api/upiValidation?upi=manu7204@okaxis HTTP/1.1" 200 None
2022-12-10 07:13:24,790 DEBUG Starting new HTTPS connection (1): upibankvalidator.com:443
2022-12-10 07:13:26,417 DEBUG https://upibankvalidator.com:443 "POST /api/upiValidation?upi=manu7204@abfspay HTTP/1.1" 200 None
2022-12-10 07:13:26,426 DEBUG Starting new HTTPS connection (1): upibankvalidator.com:443
2022-12-10 07:13:28,670 DEBUG https://upibankvalidator.com:443 "POST /api/upiValidation?upi=manu7204@ybl HTTP/1.1" 200 None
2022-12-10 07:13:28,680 DEBUG Starting new HTTPS connection (1): upibankvalidator.com:443
2022-12-10 07:13:30,616 DEBUG https://upibankvalidator.com:443 "POST /api/upiValidation?upi=manu7204@barodampay HTTP/1.1" 200 None
2022-12-10 07:13:30,625 DEBUG Starting new HTTPS connection (1): upibankvalidator.com:443
2022-12-10 07:13:34,507 DEBUG https://upibankvalidator.com:443 "POST /api/upiValidation?upi=manu7204@upi HTTP/1.1" 200 None
2022-12-10 07:13:34,516 DEBUG Starting new HTTPS connection (1): upibankvalidator.com:443
2022-12-10 07:13:35,941 DEBUG https://upibankvalidator.com:443 "POST /api/upiValidation?upi=manu7204@paytm HTTP/1.1" 200 None
2022-12-10 07:13:35,950 DEBUG Starting new HTTPS connection (1): upibankvalidator.com:443
2022-12-10 07:13:38,705 DEBUG https://upibankvalidator.com:443 "POST /api/upiValidation?upi=manu7204@yapl HTTP/1.1" 200 None
2022-12-10 07:13:38,715 DEBUG Starting new HTTPS connection (1): upibankvalidator.com:443
2022-12-10 07:13:42,392 DEBUG https://upibankvalidator.com:443 "POST /api/upiValidation?upi=manu7204@dbs HTTP/1.1" 200 None
2022-12-10 07:13:42,402 DEBUG Starting new HTTPS connection (1): upibankvalidator.com:443
2022-12-10 07:13:46,079 DEBUG https://upibankvalidator.com:443 "POST /api/upiValidation?upi=manu7204@yesbankltd HTTP/1.1" 200 None
2022-12-10 07:13:46,089 DEBUG Starting new HTTPS connection (1): upibankvalidator.com:443
2022-12-10 07:13:47,717 DEBUG https://upibankvalidator.com:443 "POST /api/upiValidation?upi=manu7204@utbi HTTP/1.1" 200 None
2022-12-10 07:13:47,726 DEBUG Starting new HTTPS connection (1): upibankvalidator.com:443
2022-12-10 07:13:50,892 DEBUG https://upibankvalidator.com:443 "POST /api/upiValidation?upi=manu7204@united HTTP/1.1" 200 None
2022-12-10 07:13:50,902 DEBUG Starting new HTTPS connection (1): upibankvalidator.com:443
2022-12-10 07:13:52,530 DEBUG https://upibankvalidator.com:443 "POST /api/upiValidation?upi=manu7204@ubi HTTP/1.1" 200 None
2022-12-10 07:13:52,540 DEBUG Starting new HTTPS connection (1): upibankvalidator.com:443
2022-12-10 07:13:55,732 DEBUG https://upibankvalidator.com:443 "POST /api/upiValidation?upi=manu7204@rajgovhdfcbank HTTP/1.1" 200 None
2022-12-10 07:13:55,741 DEBUG Starting new HTTPS connection (1): upibankvalidator.com:443
2022-12-10 07:13:57,855 DEBUG https://upibankvalidator.com:443 "POST /api/upiValidation?upi=manu7204@pockets HTTP/1.1" 200 None
2022-12-10 07:13:57,865 DEBUG Starting new HTTPS connection (1): upibankvalidator.com:443
2022-12-10 07:14:00,108 DEBUG https://upibankvalidator.com:443 "POST /api/upiValidation?upi=manu7204@payzapp HTTP/1.1" 200 None
2022-12-10 07:14:00,118 DEBUG Starting new HTTPS connection (1): upibankvalidator.com:443
2022-12-10 07:14:02,464 DEBUG https://upibankvalidator.com:443 "POST /api/upiValidation?upi=manu7204@mahb HTTP/1.1" 200 None
2022-12-10 07:14:02,473 DEBUG Starting new HTTPS connection (1): upibankvalidator.com:443
2022-12-10 07:14:04,343 DEBUG https://upibankvalidator.com:443 "POST /api/upiValidation?upi=manu7204@kaypay HTTP/1.1" 200 None
2022-12-10 07:14:04,353 DEBUG Starting new HTTPS connection (1): upibankvalidator.com:443
2022-12-10 07:14:07,379 DEBUG https://upibankvalidator.com:443 "POST /api/upiValidation?upi=manu7204@imobile HTTP/1.1" 200 None
2022-12-10 07:14:07,388 DEBUG Starting new HTTPS connection (1): upibankvalidator.com:443
2022-12-10 07:14:10,143 DEBUG https://upibankvalidator.com:443 "POST /api/upiValidation?upi=manu7204@idbibank HTTP/1.1" 200 None
2022-12-10 07:14:10,153 DEBUG Starting new HTTPS connection (1): upibankvalidator.com:443
2022-12-10 07:14:12,294 DEBUG https://upibankvalidator.com:443 "POST /api/upiValidation?upi=manu7204@hdfcbank HTTP/1.1" 200 None
2022-12-10 07:14:12,304 DEBUG Starting new HTTPS connection (1): upibankvalidator.com:443
2022-12-10 07:14:14,854 DEBUG https://upibankvalidator.com:443 "POST /api/upiValidation?upi=manu7204@ezeepay HTTP/1.1" 200 None
2022-12-10 07:14:14,862 DEBUG Starting new HTTPS connection (1): upibankvalidator.com:443
2022-12-10 07:14:16,799 DEBUG https://upibankvalidator.com:443 "POST /api/upiValidation?upi=manu7204@eazypay HTTP/1.1" 200 None
2022-12-10 07:14:16,808 DEBUG Starting new HTTPS connection (1): upibankvalidator.com:443
2022-12-10 07:14:19,667 DEBUG https://upibankvalidator.com:443 "POST /api/upiValidation?upi=manu7204@cnrb HTTP/1.1" 200 None
2022-12-10 07:14:19,676 DEBUG Starting new HTTPS connection (1): upibankvalidator.com:443
2022-12-10 07:14:23,148 DEBUG https://upibankvalidator.com:443 "POST /api/upiValidation?upi=manu7204@centralbank HTTP/1.1" 200 None
2022-12-10 07:14:23,158 DEBUG Starting new HTTPS connection (1): upibankvalidator.com:443
2022-12-10 07:14:25,401 DEBUG https://upibankvalidator.com:443 "POST /api/upiValidation?upi=manu7204@cboi HTTP/1.1" 200 None
2022-12-10 07:14:25,411 DEBUG Starting new HTTPS connection (1): upibankvalidator.com:443
2022-12-10 07:14:27,654 DEBUG https://upibankvalidator.com:443 "POST /api/upiValidation?upi=manu7204@cbin HTTP/1.1" 200 None
2022-12-10 07:14:27,663 DEBUG Starting new HTTPS connection (1): upibankvalidator.com:443
2022-12-10 07:14:30,317 DEBUG https://upibankvalidator.com:443 "POST /api/upiValidation?upi=manu7204@boi HTTP/1.1" 200 None
2022-12-10 07:14:30,325 DEBUG Starting new HTTPS connection (1): upibankvalidator.com:443
2022-12-10 07:14:31,443 DEBUG https://upibankvalidator.com:443 "POST /api/upiValidation?upi=manu7204@yesbank HTTP/1.1" 200 None
2022-12-10 07:14:31,452 DEBUG Starting new HTTPS connection (1): upibankvalidator.com:443
2022-12-10 07:14:33,901 DEBUG https://upibankvalidator.com:443 "POST /api/upiValidation?upi=manu7204@wasbi HTTP/1.1" 200 None
2022-12-10 07:14:33,910 DEBUG Starting new HTTPS connection (1): upibankvalidator.com:443
2022-12-10 07:14:36,665 DEBUG https://upibankvalidator.com:443 "POST /api/upiValidation?upi=manu7204@waicici HTTP/1.1" 200 None
2022-12-10 07:14:36,674 DEBUG Starting new HTTPS connection (1): upibankvalidator.com:443
2022-12-10 07:14:39,327 DEBUG https://upibankvalidator.com:443 "POST /api/upiValidation?upi=manu7204@wahdfcbank HTTP/1.1" 200 None
2022-12-10 07:14:39,337 DEBUG Starting new HTTPS connection (1): upibankvalidator.com:443
2022-12-10 07:14:41,992 DEBUG https://upibankvalidator.com:443 "POST /api/upiValidation?upi=manu7204@waaxis HTTP/1.1" 200 None
2022-12-10 07:14:42,001 DEBUG Starting new HTTPS connection (1): upibankvalidator.com:443
2022-12-10 07:14:43,628 DEBUG https://upibankvalidator.com:443 "POST /api/upiValidation?upi=manu7204@unionbankofindia HTTP/1.1" 200 None
2022-12-10 07:14:43,637 DEBUG Starting new HTTPS connection (1): upibankvalidator.com:443
2022-12-10 07:14:47,315 DEBUG https://upibankvalidator.com:443 "POST /api/upiValidation?upi=manu7204@unionbank HTTP/1.1" 200 None
2022-12-10 07:14:47,324 DEBUG Starting new HTTPS connection (1): upibankvalidator.com:443
2022-12-10 07:14:49,261 DEBUG https://upibankvalidator.com:443 "POST /api/upiValidation?upi=manu7204@uco HTTP/1.1" 200 None
2022-12-10 07:14:49,270 DEBUG Starting new HTTPS connection (1): upibankvalidator.com:443
2022-12-10 07:14:52,333 DEBUG https://upibankvalidator.com:443 "POST /api/upiValidation?upi=manu7204@ubio HTTP/1.1" 200 None
2022-12-10 07:14:52,342 DEBUG Starting new HTTPS connection (1): upibankvalidator.com:443
2022-12-10 07:14:54,790 DEBUG https://upibankvalidator.com:443 "POST /api/upiValidation?upi=manu7204@timecosmos HTTP/1.1" 200 None
2022-12-10 07:14:54,800 DEBUG Starting new HTTPS connection (1): upibankvalidator.com:443
2022-12-10 07:14:58,139 DEBUG https://upibankvalidator.com:443 "POST /api/upiValidation?upi=manu7204@tapicici HTTP/1.1" 200 None
2022-12-10 07:14:58,147 DEBUG Starting new HTTPS connection (1): upibankvalidator.com:443
2022-12-10 07:15:01,344 DEBUG https://upibankvalidator.com:443 "POST /api/upiValidation?upi=manu7204@sib HTTP/1.1" 200 None
2022-12-10 07:15:01,353 DEBUG Starting new HTTPS connection (1): upibankvalidator.com:443
2022-12-10 07:15:04,334 DEBUG https://upibankvalidator.com:443 "POST /api/upiValidation?upi=manu7204@rbl HTTP/1.1" 200 None
2022-12-10 07:15:04,344 DEBUG Starting new HTTPS connection (1): upibankvalidator.com:443
2022-12-10 07:15:06,831 DEBUG https://upibankvalidator.com:443 "POST /api/upiValidation?upi=manu7204@pingpay HTTP/1.1" 200 None
2022-12-10 07:15:06,840 DEBUG Starting new HTTPS connection (1): upibankvalidator.com:443
2022-12-10 07:15:08,307 DEBUG https://upibankvalidator.com:443 "POST /api/upiValidation?upi=manu7204@kotak HTTP/1.1" 200 None
2022-12-10 07:15:08,316 DEBUG Starting new HTTPS connection (1): upibankvalidator.com:443
2022-12-10 07:15:11,174 DEBUG https://upibankvalidator.com:443 "POST /api/upiValidation?upi=manu7204@kmbl HTTP/1.1" 200 None
2022-12-10 07:15:11,183 DEBUG Starting new HTTPS connection (1): upibankvalidator.com:443
2022-12-10 07:15:12,811 DEBUG https://upibankvalidator.com:443 "POST /api/upiValidation?upi=manu7204@kbl HTTP/1.1" 200 None
2022-12-10 07:15:12,820 DEBUG Starting new HTTPS connection (1): upibankvalidator.com:443
2022-12-10 07:15:14,760 DEBUG https://upibankvalidator.com:443 "POST /api/upiValidation?upi=manu7204@jupiteraxis HTTP/1.1" 200 None
2022-12-10 07:15:14,770 DEBUG Starting new HTTPS connection (1): upibankvalidator.com:443
2022-12-10 07:15:17,704 DEBUG https://upibankvalidator.com:443 "POST /api/upiValidation?upi=manu7204@indus HTTP/1.1" 200 None
2022-12-10 07:15:17,713 DEBUG Starting new HTTPS connection (1): upibankvalidator.com:443
2022-12-10 07:15:20,785 DEBUG https://upibankvalidator.com:443 "POST /api/upiValidation?upi=manu7204@indianbank HTTP/1.1" 200 None
2022-12-10 07:15:20,794 DEBUG Starting new HTTPS connection (1): upibankvalidator.com:443
2022-12-10 07:15:22,439 DEBUG https://upibankvalidator.com:443 "POST /api/upiValidation?upi=manu7204@idbi HTTP/1.1" 200 None
2022-12-10 07:15:22,449 DEBUG Starting new HTTPS connection (1): upibankvalidator.com:443
2022-12-10 07:15:25,920 DEBUG https://upibankvalidator.com:443 "POST /api/upiValidation?upi=manu7204@icici HTTP/1.1" 200 None
2022-12-10 07:15:25,929 DEBUG Starting new HTTPS connection (1): upibankvalidator.com:443
2022-12-10 07:15:27,557 DEBUG https://upibankvalidator.com:443 "POST /api/upiValidation?upi=manu7204@ibl HTTP/1.1" 200 None
2022-12-10 07:15:27,565 DEBUG Starting new HTTPS connection (1): upibankvalidator.com:443
2022-12-10 07:15:30,016 DEBUG https://upibankvalidator.com:443 "POST /api/upiValidation?upi=manu7204@hsbc HTTP/1.1" 200 None
2022-12-10 07:15:30,026 DEBUG Starting new HTTPS connection (1): upibankvalidator.com:443
2022-12-10 07:15:32,053 DEBUG https://upibankvalidator.com:443 "POST /api/upiValidation?upi=manu7204@freecharge HTTP/1.1" 200 None
2022-12-10 07:15:32,062 DEBUG Starting new HTTPS connection (1): upibankvalidator.com:443
2022-12-10 07:15:33,701 DEBUG https://upibankvalidator.com:443 "POST /api/upiValidation?upi=manu7204@federal HTTP/1.1" 200 None
2022-12-10 07:15:33,710 DEBUG Starting new HTTPS connection (1): upibankvalidator.com:443
2022-12-10 07:15:37,391 DEBUG https://upibankvalidator.com:443 "POST /api/upiValidation?upi=manu7204@fbl HTTP/1.1" 200 None
2022-12-10 07:15:37,399 DEBUG Starting new HTTPS connection (1): upibankvalidator.com:443
2022-12-10 07:15:39,477 DEBUG https://upibankvalidator.com:443 "POST /api/upiValidation?upi=manu7204@dlb HTTP/1.1" 200 None
2022-12-10 07:15:39,486 DEBUG Starting new HTTPS connection (1): upibankvalidator.com:443
2022-12-10 07:15:42,610 DEBUG https://upibankvalidator.com:443 "POST /api/upiValidation?upi=manu7204@citigold HTTP/1.1" 200 None
2022-12-10 07:15:42,619 DEBUG Starting new HTTPS connection (1): upibankvalidator.com:443
2022-12-10 07:15:45,274 DEBUG https://upibankvalidator.com:443 "POST /api/upiValidation?upi=manu7204@citi HTTP/1.1" 200 None
2022-12-10 07:15:45,283 DEBUG Starting new HTTPS connection (1): upibankvalidator.com:443
2022-12-10 07:15:48,039 DEBUG https://upibankvalidator.com:443 "POST /api/upiValidation?upi=manu7204@bandhan HTTP/1.1" 200 None
2022-12-10 07:15:48,049 DEBUG Starting new HTTPS connection (1): upibankvalidator.com:443
2022-12-10 07:15:49,679 DEBUG https://upibankvalidator.com:443 "POST /api/upiValidation?upi=manu7204@axl HTTP/1.1" 200 None
2022-12-10 07:15:49,687 DEBUG Starting new HTTPS connection (1): upibankvalidator.com:443
2022-12-10 07:15:51,418 DEBUG https://upibankvalidator.com:443 "POST /api/upiValidation?upi=manu7204@axisb HTTP/1.1" 200 None
2022-12-10 07:15:51,427 DEBUG Starting new HTTPS connection (1): upibankvalidator.com:443
2022-12-10 07:15:57,050 DEBUG https://upibankvalidator.com:443 "POST /api/upiValidation?upi=manu7204@aubank HTTP/1.1" 200 None
2022-12-10 07:15:57,061 DEBUG Starting new HTTPS connection (1): upibankvalidator.com:443
2022-12-10 07:16:00,352 DEBUG https://upibankvalidator.com:443 "POST /api/upiValidation?upi=manu7204@allbank HTTP/1.1" 200 None
2022-12-10 07:16:00,372 DEBUG Starting new HTTPS connection (1): duckduckgo.com:443
2022-12-10 07:16:00,511 DEBUG https://duckduckgo.com:443 "GET /html/?q=Manoj%20A%20R HTTP/1.1" 302 138
2022-12-10 07:16:00,564 DEBUG Starting new HTTPS connection (1): html.duckduckgo.com:443
2022-12-10 07:16:01,453 DEBUG https://html.duckduckgo.com:443 "GET /html/?q=Manoj%20A%20R HTTP/1.1" 200 None
2022-12-10 07:16:02,500 DEBUG Starting new HTTPS connection (1): facebook.com:443
2022-12-10 07:16:02,886 DEBUG https://facebook.com:443 "GET /Manoj_A_R HTTP/1.1" 301 0
2022-12-10 07:16:02,903 DEBUG Starting new HTTPS connection (1): www.facebook.com:443
2022-12-10 07:16:03,296 DEBUG https://www.facebook.com:443 "GET /Manoj_A_R HTTP/1.1" 200 None
2022-12-10 07:16:03,335 DEBUG Starting new HTTPS connection (1): linkedin.com:443
2022-12-10 07:16:03,600 DEBUG https://linkedin.com:443 "GET /in/Manoj_A_R HTTP/1.1" 999 1530
2022-12-10 07:16:03,650 DEBUG Starting new HTTPS connection (1): whitepages.com:443
2022-12-10 07:16:04,525 DEBUG https://whitepages.com:443 "GET /name/Manoj_A_R HTTP/1.1" 301 0
2022-12-10 07:16:04,545 DEBUG Starting new HTTPS connection (1): www.whitepages.com:443
2022-12-10 07:16:04,739 DEBUG https://www.whitepages.com:443 "GET /name/Manoj_A_R HTTP/1.1" 403 None
2022-12-10 07:16:04,764 DEBUG Starting new HTTPS connection (1): peoplefinders.com:443
2022-12-10 07:16:04,992 DEBUG https://peoplefinders.com:443 "GET /name/Manoj_A_R HTTP/1.1" 403 None
2022-12-10 07:16:05,009 DEBUG Starting new HTTPS connection (1): instagram.com:443
2022-12-10 07:16:05,265 DEBUG https://instagram.com:443 "GET /Manoj_A_R HTTP/1.1" 301 0
2022-12-10 07:16:05,490 DEBUG https://instagram.com:443 "GET /Manoj_A_R/ HTTP/1.1" 301 0
2022-12-10 07:16:05,508 DEBUG Starting new HTTPS connection (1): www.instagram.com:443
2022-12-10 07:16:06,064 DEBUG https://www.instagram.com:443 "GET /Manoj_A_R/ HTTP/1.1" 200 None
2022-12-10 07:16:06,352 DEBUG Starting new HTTPS connection (1): pinterest.com:443
2022-12-10 07:16:06,513 DEBUG https://pinterest.com:443 "GET /Manoj_A_R HTTP/1.1" 308 265
2022-12-10 07:16:06,534 DEBUG Starting new HTTPS connection (1): www.pinterest.com:443
2022-12-10 07:16:06,967 DEBUG https://www.pinterest.com:443 "GET /Manoj_A_R HTTP/1.1" 301 None
2022-12-10 07:16:07,598 DEBUG https://www.pinterest.com:443 "GET /Manoj_A_R/ HTTP/1.1" 200 None
2022-12-10 07:16:07,886 DEBUG Starting new HTTPS connection (1): twitter.com:443
2022-12-10 07:16:08,357 DEBUG https://twitter.com:443 "GET /Manoj_A_R HTTP/1.1" 200 None
2022-12-10 07:16:08,726 DEBUG Starting new HTTPS connection (1): youtube.com:443
2022-12-10 07:16:08,875 DEBUG https://youtube.com:443 "GET /user/Manoj_A_R HTTP/1.1" 301 0
2022-12-10 07:16:08,888 DEBUG Starting new HTTPS connection (1): www.youtube.com:443
2022-12-10 07:16:09,068 DEBUG https://www.youtube.com:443 "GET /user/Manoj_A_R HTTP/1.1" 404 None
2022-12-10 07:16:09,089 DEBUG Starting new HTTPS connection (1): github.com:443
2022-12-10 07:16:09,467 DEBUG https://github.com:443 "GET /Manoj_A_R HTTP/1.1" 404 40
2022-12-10 07:16:09,508 DEBUG Starting new HTTPS connection (1): stackoverflow.com:443
2022-12-10 07:16:09,852 DEBUG https://stackoverflow.com:443 "GET /users/Manoj_A_R HTTP/1.1" 404 None
2022-12-10 07:16:10,210 DEBUG Starting new HTTPS connection (1): steamcommunity.com:443
2022-12-10 07:16:10,669 DEBUG https://steamcommunity.com:443 "GET /id/Manoj_A_R HTTP/1.1" 200 5800
2022-12-10 07:16:10,685 DEBUG Starting new HTTPS connection (1): reddit.com:443
2022-12-10 07:16:10,840 DEBUG https://reddit.com:443 "GET /user/Manoj_A_R HTTP/1.1" 301 0
2022-12-10 07:16:10,853 DEBUG Starting new HTTPS connection (1): www.reddit.com:443
2022-12-10 07:16:12,410 DEBUG https://www.reddit.com:443 "GET /user/Manoj_A_R HTTP/1.1" 200 None
2022-12-10 07:16:13,660 DEBUG Starting new HTTPS connection (1): duckduckgo.com:443
2022-12-10 07:16:13,825 DEBUG https://duckduckgo.com:443 "GET /html/?q=Manoj%20Kumar%20P HTTP/1.1" 302 138
2022-12-10 07:16:13,830 DEBUG Starting new HTTPS connection (1): html.duckduckgo.com:443
2022-12-10 07:16:15,482 DEBUG https://html.duckduckgo.com:443 "GET /html/?q=Manoj%20Kumar%20P HTTP/1.1" 200 None
2022-12-10 07:16:16,534 DEBUG Starting new HTTPS connection (1): facebook.com:443
2022-12-10 07:16:16,916 DEBUG https://facebook.com:443 "GET /Manoj_Kumar_P HTTP/1.1" 301 0
2022-12-10 07:16:16,924 DEBUG Starting new HTTPS connection (1): www.facebook.com:443
2022-12-10 07:16:17,328 DEBUG https://www.facebook.com:443 "GET /Manoj_Kumar_P HTTP/1.1" 200 None
2022-12-10 07:16:17,346 DEBUG Starting new HTTPS connection (1): linkedin.com:443
2022-12-10 07:16:17,646 DEBUG https://linkedin.com:443 "GET /in/Manoj_Kumar_P HTTP/1.1" 999 1530
2022-12-10 07:16:17,656 DEBUG Starting new HTTPS connection (1): whitepages.com:443
2022-12-10 07:16:18,315 DEBUG https://whitepages.com:443 "GET /name/Manoj_Kumar_P HTTP/1.1" 301 0
2022-12-10 07:16:18,322 DEBUG Starting new HTTPS connection (1): www.whitepages.com:443
2022-12-10 07:16:18,530 DEBUG https://www.whitepages.com:443 "GET /name/Manoj_Kumar_P HTTP/1.1" 403 None
2022-12-10 07:16:18,541 DEBUG Starting new HTTPS connection (1): peoplefinders.com:443
2022-12-10 07:16:18,803 DEBUG https://peoplefinders.com:443 "GET /name/Manoj_Kumar_P HTTP/1.1" 403 None
2022-12-10 07:16:18,814 DEBUG Starting new HTTPS connection (1): instagram.com:443
2022-12-10 07:16:19,069 DEBUG https://instagram.com:443 "GET /Manoj_Kumar_P HTTP/1.1" 301 0
2022-12-10 07:16:19,298 DEBUG https://instagram.com:443 "GET /Manoj_Kumar_P/ HTTP/1.1" 301 0
2022-12-10 07:16:19,310 DEBUG Starting new HTTPS connection (1): www.instagram.com:443
2022-12-10 07:16:19,722 DEBUG https://www.instagram.com:443 "GET /Manoj_Kumar_P/ HTTP/1.1" 200 None
2022-12-10 07:16:21,878 DEBUG Starting new HTTPS connection (1): pinterest.com:443
2022-12-10 07:16:22,036 DEBUG https://pinterest.com:443 "GET /Manoj_Kumar_P HTTP/1.1" 308 273
2022-12-10 07:16:22,043 DEBUG Starting new HTTPS connection (1): www.pinterest.com:443
2022-12-10 07:16:22,547 DEBUG https://www.pinterest.com:443 "GET /Manoj_Kumar_P HTTP/1.1" 301 None
2022-12-10 07:16:23,163 DEBUG https://www.pinterest.com:443 "GET /Manoj_Kumar_P/ HTTP/1.1" 200 None
2022-12-10 07:16:23,317 DEBUG Starting new HTTPS connection (1): twitter.com:443
2022-12-10 07:16:23,795 DEBUG https://twitter.com:443 "GET /Manoj_Kumar_P HTTP/1.1" 200 None
2022-12-10 07:16:24,157 DEBUG Starting new HTTPS connection (1): youtube.com:443
2022-12-10 07:16:24,307 DEBUG https://youtube.com:443 "GET /user/Manoj_Kumar_P HTTP/1.1" 301 0
2022-12-10 07:16:24,315 DEBUG Starting new HTTPS connection (1): www.youtube.com:443
2022-12-10 07:16:24,488 DEBUG https://www.youtube.com:443 "GET /user/Manoj_Kumar_P HTTP/1.1" 404 None
2022-12-10 07:16:24,500 DEBUG Starting new HTTPS connection (1): github.com:443
2022-12-10 07:16:25,005 DEBUG https://github.com:443 "GET /Manoj_Kumar_P HTTP/1.1" 404 40
2022-12-10 07:16:25,015 DEBUG Starting new HTTPS connection (1): stackoverflow.com:443
2022-12-10 07:16:25,415 DEBUG https://stackoverflow.com:443 "GET /users/Manoj_Kumar_P HTTP/1.1" 404 None
2022-12-10 07:16:25,623 DEBUG Starting new HTTPS connection (1): steamcommunity.com:443
2022-12-10 07:16:26,132 DEBUG https://steamcommunity.com:443 "GET /id/Manoj_Kumar_P HTTP/1.1" 200 5804
2022-12-10 07:16:26,142 DEBUG Starting new HTTPS connection (1): reddit.com:443
2022-12-10 07:16:26,299 DEBUG https://reddit.com:443 "GET /user/Manoj_Kumar_P HTTP/1.1" 301 0
2022-12-10 07:16:26,305 DEBUG Starting new HTTPS connection (1): www.reddit.com:443
2022-12-10 07:16:26,952 DEBUG https://www.reddit.com:443 "GET /user/Manoj_Kumar_P HTTP/1.1" 200 None
2022-12-10 07:16:27,470 INFO Performing Live search
