2022-12-10 04:41:09,516 INFO INFO: The option seclected is 4
2022-12-10 04:41:11,370 INFO INFO: The search type is b
2022-12-10 04:41:17,790 DEBUG Starting new HTTPS connection (1): upibankvalidator.com:443
2022-12-10 04:41:21,783 DEBUG https://upibankvalidator.com:443 "POST /api/upiValidation?upi=9786888837@apl HTTP/1.1" 200 None
2022-12-10 04:41:21,793 DEBUG Starting new HTTPS connection (1): upibankvalidator.com:443
2022-12-10 04:41:25,378 DEBUG https://upibankvalidator.com:443 "POST /api/upiValidation?upi=9786888837@oksbi HTTP/1.1" 200 None
2022-12-10 04:41:25,385 DEBUG Starting new HTTPS connection (1): upibankvalidator.com:443
2022-12-10 04:41:28,367 DEBUG https://upibankvalidator.com:443 "POST /api/upiValidation?upi=9786888837@okhdfcbank HTTP/1.1" 200 None
2022-12-10 04:41:28,375 DEBUG Starting new HTTPS connection (1): upibankvalidator.com:443
2022-12-10 04:41:30,869 DEBUG https://upibankvalidator.com:443 "POST /api/upiValidation?upi=9786888837@sbi HTTP/1.1" 200 None
2022-12-10 04:41:30,878 DEBUG Starting new HTTPS connection (1): upibankvalidator.com:443
2022-12-10 04:41:33,353 DEBUG https://upibankvalidator.com:443 "POST /api/upiValidation?upi=9786888837@okicici HTTP/1.1" 200 None
2022-12-10 04:41:33,363 DEBUG Starting new HTTPS connection (1): upibankvalidator.com:443
2022-12-10 04:41:33,735 DEBUG https://upibankvalidator.com:443 "POST /api/upiValidation?upi=9786888837@axisbank HTTP/1.1" 200 None
2022-12-10 04:41:33,745 DEBUG Starting new HTTPS connection (1): upibankvalidator.com:443
2022-12-10 04:41:37,559 DEBUG https://upibankvalidator.com:443 "POST /api/upiValidation?upi=9786888837@ikwik HTTP/1.1" 200 None
2022-12-10 04:41:37,568 DEBUG Starting new HTTPS connection (1): upibankvalidator.com:443
2022-12-10 04:41:40,116 DEBUG https://upibankvalidator.com:443 "POST /api/upiValidation?upi=9786888837@pnb HTTP/1.1" 200 None
2022-12-10 04:41:40,125 DEBUG Starting new HTTPS connection (1): upibankvalidator.com:443
2022-12-10 04:41:52,226 DEBUG https://upibankvalidator.com:443 "POST /api/upiValidation?upi=9786888837@hdfc HTTP/1.1" 200 None
2022-12-10 04:41:52,236 DEBUG Starting new HTTPS connection (1): upibankvalidator.com:443
2022-12-10 04:41:55,578 DEBUG https://upibankvalidator.com:443 "POST /api/upiValidation?upi=9786888837@idfcbank HTTP/1.1" 200 None
2022-12-10 04:41:55,587 DEBUG Starting new HTTPS connection (1): upibankvalidator.com:443
2022-12-10 04:41:58,867 DEBUG https://upibankvalidator.com:443 "POST /api/upiValidation?upi=9786888837@okaxis HTTP/1.1" 200 None
2022-12-10 04:41:58,877 DEBUG Starting new HTTPS connection (1): upibankvalidator.com:443
2022-12-10 04:42:02,132 DEBUG https://upibankvalidator.com:443 "POST /api/upiValidation?upi=9786888837@abfspay HTTP/1.1" 200 None
2022-12-10 04:42:02,142 DEBUG Starting new HTTPS connection (1): upibankvalidator.com:443
2022-12-10 04:42:05,404 DEBUG https://upibankvalidator.com:443 "POST /api/upiValidation?upi=9786888837@ybl HTTP/1.1" 200 None
2022-12-10 04:42:05,413 DEBUG Starting new HTTPS connection (1): upibankvalidator.com:443
2022-12-10 04:42:08,130 DEBUG https://upibankvalidator.com:443 "POST /api/upiValidation?upi=9786888837@barodampay HTTP/1.1" 200 None
2022-12-10 04:42:08,141 DEBUG Starting new HTTPS connection (1): upibankvalidator.com:443
2022-12-10 04:42:08,681 DEBUG https://upibankvalidator.com:443 "POST /api/upiValidation?upi=9786888837@upi HTTP/1.1" 200 None
2022-12-10 04:42:08,690 DEBUG Starting new HTTPS connection (1): upibankvalidator.com:443
2022-12-10 04:42:09,250 DEBUG https://upibankvalidator.com:443 "POST /api/upiValidation?upi=9786888837@paytm HTTP/1.1" 200 None
2022-12-10 04:42:09,259 DEBUG Starting new HTTPS connection (1): upibankvalidator.com:443
2022-12-10 04:42:12,334 DEBUG https://upibankvalidator.com:443 "POST /api/upiValidation?upi=9786888837@yapl HTTP/1.1" 200 None
2022-12-10 04:42:12,343 DEBUG Starting new HTTPS connection (1): upibankvalidator.com:443
2022-12-10 04:42:15,238 DEBUG https://upibankvalidator.com:443 "POST /api/upiValidation?upi=9786888837@dbs HTTP/1.1" 200 None
2022-12-10 04:42:15,248 DEBUG Starting new HTTPS connection (1): upibankvalidator.com:443
2022-12-10 04:42:18,317 DEBUG https://upibankvalidator.com:443 "POST /api/upiValidation?upi=9786888837@yesbankltd HTTP/1.1" 200 None
2022-12-10 04:42:18,326 DEBUG Starting new HTTPS connection (1): upibankvalidator.com:443
2022-12-10 04:42:20,614 DEBUG https://upibankvalidator.com:443 "POST /api/upiValidation?upi=9786888837@utbi HTTP/1.1" 200 None
2022-12-10 04:42:20,623 DEBUG Starting new HTTPS connection (1): upibankvalidator.com:443
2022-12-10 04:42:23,032 DEBUG https://upibankvalidator.com:443 "POST /api/upiValidation?upi=9786888837@united HTTP/1.1" 200 None
2022-12-10 04:42:23,042 DEBUG Starting new HTTPS connection (1): upibankvalidator.com:443
2022-12-10 04:42:25,480 DEBUG https://upibankvalidator.com:443 "POST /api/upiValidation?upi=9786888837@ubi HTTP/1.1" 200 None
2022-12-10 04:42:25,489 DEBUG Starting new HTTPS connection (1): upibankvalidator.com:443
2022-12-10 04:42:28,572 DEBUG https://upibankvalidator.com:443 "POST /api/upiValidation?upi=9786888837@rajgovhdfcbank HTTP/1.1" 200 None
2022-12-10 04:42:28,581 DEBUG Starting new HTTPS connection (1): upibankvalidator.com:443
2022-12-10 04:42:31,521 DEBUG https://upibankvalidator.com:443 "POST /api/upiValidation?upi=9786888837@pockets HTTP/1.1" 200 None
2022-12-10 04:42:31,530 DEBUG Starting new HTTPS connection (1): upibankvalidator.com:443
2022-12-10 04:42:34,695 DEBUG https://upibankvalidator.com:443 "POST /api/upiValidation?upi=9786888837@payzapp HTTP/1.1" 200 None
2022-12-10 04:42:34,703 DEBUG Starting new HTTPS connection (1): upibankvalidator.com:443
2022-12-10 04:42:36,946 DEBUG https://upibankvalidator.com:443 "POST /api/upiValidation?upi=9786888837@mahb HTTP/1.1" 200 None
2022-12-10 04:42:36,955 DEBUG Starting new HTTPS connection (1): upibankvalidator.com:443
2022-12-10 04:42:41,161 DEBUG https://upibankvalidator.com:443 "POST /api/upiValidation?upi=9786888837@kaypay HTTP/1.1" 200 None
2022-12-10 04:42:41,170 DEBUG Starting new HTTPS connection (1): upibankvalidator.com:443
2022-12-10 04:42:44,629 DEBUG https://upibankvalidator.com:443 "POST /api/upiValidation?upi=9786888837@imobile HTTP/1.1" 200 None
2022-12-10 04:42:44,638 DEBUG Starting new HTTPS connection (1): upibankvalidator.com:443
2022-12-10 04:42:48,934 DEBUG https://upibankvalidator.com:443 "POST /api/upiValidation?upi=9786888837@idbibank HTTP/1.1" 200 None
2022-12-10 04:42:48,944 DEBUG Starting new HTTPS connection (1): upibankvalidator.com:443
2022-12-10 04:42:52,718 DEBUG https://upibankvalidator.com:443 "POST /api/upiValidation?upi=9786888837@hdfcbank HTTP/1.1" 200 None
2022-12-10 04:42:52,729 DEBUG Starting new HTTPS connection (1): upibankvalidator.com:443
2022-12-10 04:42:54,937 DEBUG https://upibankvalidator.com:443 "POST /api/upiValidation?upi=9786888837@ezeepay HTTP/1.1" 200 None
2022-12-10 04:42:54,947 DEBUG Starting new HTTPS connection (1): upibankvalidator.com:443
2022-12-10 04:42:58,673 DEBUG https://upibankvalidator.com:443 "POST /api/upiValidation?upi=9786888837@eazypay HTTP/1.1" 200 None
2022-12-10 04:42:58,681 DEBUG Starting new HTTPS connection (1): upibankvalidator.com:443
2022-12-10 04:43:02,392 DEBUG https://upibankvalidator.com:443 "POST /api/upiValidation?upi=9786888837@cnrb HTTP/1.1" 200 None
2022-12-10 04:43:02,402 DEBUG Starting new HTTPS connection (1): upibankvalidator.com:443
2022-12-10 04:43:05,112 DEBUG https://upibankvalidator.com:443 "POST /api/upiValidation?upi=9786888837@centralbank HTTP/1.1" 200 None
2022-12-10 04:43:05,122 DEBUG Starting new HTTPS connection (1): upibankvalidator.com:443
2022-12-10 04:43:07,362 DEBUG https://upibankvalidator.com:443 "POST /api/upiValidation?upi=9786888837@cboi HTTP/1.1" 200 None
2022-12-10 04:43:07,371 DEBUG Starting new HTTPS connection (1): upibankvalidator.com:443
2022-12-10 04:43:11,560 DEBUG https://upibankvalidator.com:443 "POST /api/upiValidation?upi=9786888837@cbin HTTP/1.1" 200 None
2022-12-10 04:43:11,567 DEBUG Starting new HTTPS connection (1): upibankvalidator.com:443
2022-12-10 04:43:14,369 DEBUG https://upibankvalidator.com:443 "POST /api/upiValidation?upi=9786888837@boi HTTP/1.1" 200 None
2022-12-10 04:43:14,377 DEBUG Starting new HTTPS connection (1): upibankvalidator.com:443
2022-12-10 04:43:17,293 DEBUG https://upibankvalidator.com:443 "POST /api/upiValidation?upi=9786888837@yesbank HTTP/1.1" 200 None
2022-12-10 04:43:17,303 DEBUG Starting new HTTPS connection (1): upibankvalidator.com:443
2022-12-10 04:43:19,817 DEBUG https://upibankvalidator.com:443 "POST /api/upiValidation?upi=9786888837@wasbi HTTP/1.1" 200 None
2022-12-10 04:43:19,825 DEBUG Starting new HTTPS connection (1): upibankvalidator.com:443
2022-12-10 04:43:22,413 DEBUG https://upibankvalidator.com:443 "POST /api/upiValidation?upi=9786888837@waicici HTTP/1.1" 200 None
2022-12-10 04:43:22,422 DEBUG Starting new HTTPS connection (1): upibankvalidator.com:443
2022-12-10 04:43:25,793 DEBUG https://upibankvalidator.com:443 "POST /api/upiValidation?upi=9786888837@wahdfcbank HTTP/1.1" 200 None
2022-12-10 04:43:25,803 DEBUG Starting new HTTPS connection (1): upibankvalidator.com:443
2022-12-10 04:43:28,218 DEBUG https://upibankvalidator.com:443 "POST /api/upiValidation?upi=9786888837@waaxis HTTP/1.1" 200 None
2022-12-10 04:43:28,227 DEBUG Starting new HTTPS connection (1): upibankvalidator.com:443
2022-12-10 04:43:32,351 DEBUG https://upibankvalidator.com:443 "POST /api/upiValidation?upi=9786888837@unionbankofindia HTTP/1.1" 200 None
2022-12-10 04:43:32,360 DEBUG Starting new HTTPS connection (1): upibankvalidator.com:443
2022-12-10 04:43:35,829 DEBUG https://upibankvalidator.com:443 "POST /api/upiValidation?upi=9786888837@unionbank HTTP/1.1" 200 None
2022-12-10 04:43:35,838 DEBUG Starting new HTTPS connection (1): upibankvalidator.com:443
2022-12-10 04:43:38,647 DEBUG https://upibankvalidator.com:443 "POST /api/upiValidation?upi=9786888837@uco HTTP/1.1" 200 None
2022-12-10 04:43:38,657 DEBUG Starting new HTTPS connection (1): upibankvalidator.com:443
2022-12-10 04:43:51,190 DEBUG https://upibankvalidator.com:443 "POST /api/upiValidation?upi=9786888837@ubio HTTP/1.1" 200 None
2022-12-10 04:43:51,200 DEBUG Starting new HTTPS connection (1): upibankvalidator.com:443
2022-12-10 04:43:54,772 DEBUG https://upibankvalidator.com:443 "POST /api/upiValidation?upi=9786888837@timecosmos HTTP/1.1" 200 None
2022-12-10 04:43:54,780 DEBUG Starting new HTTPS connection (1): upibankvalidator.com:443
2022-12-10 04:43:57,332 DEBUG https://upibankvalidator.com:443 "POST /api/upiValidation?upi=9786888837@tapicici HTTP/1.1" 200 None
2022-12-10 04:43:57,341 DEBUG Starting new HTTPS connection (1): upibankvalidator.com:443
2022-12-10 04:44:01,322 DEBUG https://upibankvalidator.com:443 "POST /api/upiValidation?upi=9786888837@sib HTTP/1.1" 200 None
2022-12-10 04:44:01,330 DEBUG Starting new HTTPS connection (1): upibankvalidator.com:443
2022-12-10 04:44:08,801 DEBUG https://upibankvalidator.com:443 "POST /api/upiValidation?upi=9786888837@rbl HTTP/1.1" 200 None
2022-12-10 04:44:08,811 DEBUG Starting new HTTPS connection (1): upibankvalidator.com:443
2022-12-10 04:44:10,653 DEBUG https://upibankvalidator.com:443 "POST /api/upiValidation?upi=9786888837@pingpay HTTP/1.1" 200 None
2022-12-10 04:44:10,660 DEBUG Starting new HTTPS connection (1): upibankvalidator.com:443
2022-12-10 04:44:13,306 DEBUG https://upibankvalidator.com:443 "POST /api/upiValidation?upi=9786888837@kotak HTTP/1.1" 200 None
2022-12-10 04:44:13,314 DEBUG Starting new HTTPS connection (1): upibankvalidator.com:443
2022-12-10 04:44:16,587 DEBUG https://upibankvalidator.com:443 "POST /api/upiValidation?upi=9786888837@kmbl HTTP/1.1" 200 None
2022-12-10 04:44:16,596 DEBUG Starting new HTTPS connection (1): upibankvalidator.com:443
2022-12-10 04:44:19,368 DEBUG https://upibankvalidator.com:443 "POST /api/upiValidation?upi=9786888837@kbl HTTP/1.1" 200 None
2022-12-10 04:44:19,378 DEBUG Starting new HTTPS connection (1): upibankvalidator.com:443
2022-12-10 04:44:22,751 DEBUG https://upibankvalidator.com:443 "POST /api/upiValidation?upi=9786888837@jupiteraxis HTTP/1.1" 200 None
2022-12-10 04:44:22,761 DEBUG Starting new HTTPS connection (1): upibankvalidator.com:443
2022-12-10 04:44:25,190 DEBUG https://upibankvalidator.com:443 "POST /api/upiValidation?upi=9786888837@indus HTTP/1.1" 200 None
2022-12-10 04:44:25,199 DEBUG Starting new HTTPS connection (1): upibankvalidator.com:443
2022-12-10 04:44:28,975 DEBUG https://upibankvalidator.com:443 "POST /api/upiValidation?upi=9786888837@indianbank HTTP/1.1" 200 None
2022-12-10 04:44:28,983 DEBUG Starting new HTTPS connection (1): upibankvalidator.com:443
2022-12-10 04:44:31,534 DEBUG https://upibankvalidator.com:443 "POST /api/upiValidation?upi=9786888837@idbi HTTP/1.1" 200 None
2022-12-10 04:44:31,544 DEBUG Starting new HTTPS connection (1): upibankvalidator.com:443
2022-12-10 04:44:31,882 DEBUG https://upibankvalidator.com:443 "POST /api/upiValidation?upi=9786888837@icici HTTP/1.1" 200 None
2022-12-10 04:44:31,890 DEBUG Starting new HTTPS connection (1): upibankvalidator.com:443
2022-12-10 04:44:35,426 DEBUG https://upibankvalidator.com:443 "POST /api/upiValidation?upi=9786888837@ibl HTTP/1.1" 200 None
2022-12-10 04:44:35,436 DEBUG Starting new HTTPS connection (1): upibankvalidator.com:443
2022-12-10 04:44:37,489 DEBUG https://upibankvalidator.com:443 "POST /api/upiValidation?upi=9786888837@hsbc HTTP/1.1" 200 None
2022-12-10 04:44:37,500 DEBUG Starting new HTTPS connection (1): upibankvalidator.com:443
2022-12-10 04:44:40,384 DEBUG https://upibankvalidator.com:443 "POST /api/upiValidation?upi=9786888837@freecharge HTTP/1.1" 200 None
2022-12-10 04:44:40,394 DEBUG Starting new HTTPS connection (1): upibankvalidator.com:443
2022-12-10 04:44:43,751 DEBUG https://upibankvalidator.com:443 "POST /api/upiValidation?upi=9786888837@federal HTTP/1.1" 200 None
2022-12-10 04:44:43,760 DEBUG Starting new HTTPS connection (1): upibankvalidator.com:443
2022-12-10 04:44:46,298 DEBUG https://upibankvalidator.com:443 "POST /api/upiValidation?upi=9786888837@fbl HTTP/1.1" 200 None
2022-12-10 04:44:46,308 DEBUG Starting new HTTPS connection (1): upibankvalidator.com:443
2022-12-10 04:44:50,044 DEBUG https://upibankvalidator.com:443 "POST /api/upiValidation?upi=9786888837@dlb HTTP/1.1" 200 None
2022-12-10 04:44:50,054 DEBUG Starting new HTTPS connection (1): upibankvalidator.com:443
2022-12-10 04:44:52,038 DEBUG https://upibankvalidator.com:443 "POST /api/upiValidation?upi=9786888837@citigold HTTP/1.1" 200 None
2022-12-10 04:44:52,046 DEBUG Starting new HTTPS connection (1): upibankvalidator.com:443
2022-12-10 04:44:54,703 DEBUG https://upibankvalidator.com:443 "POST /api/upiValidation?upi=9786888837@citi HTTP/1.1" 200 None
2022-12-10 04:44:54,712 DEBUG Starting new HTTPS connection (1): upibankvalidator.com:443
2022-12-10 04:44:57,985 DEBUG https://upibankvalidator.com:443 "POST /api/upiValidation?upi=9786888837@bandhan HTTP/1.1" 200 None
2022-12-10 04:44:57,994 DEBUG Starting new HTTPS connection (1): upibankvalidator.com:443
2022-12-10 04:45:02,316 DEBUG https://upibankvalidator.com:443 "POST /api/upiValidation?upi=9786888837@axl HTTP/1.1" 200 None
2022-12-10 04:45:02,326 DEBUG Starting new HTTPS connection (1): upibankvalidator.com:443
2022-12-10 04:45:06,080 DEBUG https://upibankvalidator.com:443 "POST /api/upiValidation?upi=9786888837@axisb HTTP/1.1" 200 None
2022-12-10 04:45:06,088 DEBUG Starting new HTTPS connection (1): upibankvalidator.com:443
2022-12-10 04:45:08,536 DEBUG https://upibankvalidator.com:443 "POST /api/upiValidation?upi=9786888837@aubank HTTP/1.1" 200 None
2022-12-10 04:45:08,546 DEBUG Starting new HTTPS connection (1): upibankvalidator.com:443
2022-12-10 04:45:10,996 DEBUG https://upibankvalidator.com:443 "POST /api/upiValidation?upi=9786888837@allbank HTTP/1.1" 200 None
2022-12-10 04:45:11,241 DEBUG Starting new HTTPS connection (1): duckduckgo.com:443
2022-12-10 04:45:12,663 DEBUG https://duckduckgo.com:443 "GET /html/?q=RAMAGURU%20R HTTP/1.1" 302 138
2022-12-10 04:45:13,073 DEBUG Starting new HTTPS connection (1): html.duckduckgo.com:443
2022-12-10 04:45:13,991 DEBUG https://html.duckduckgo.com:443 "GET /html/?q=RAMAGURU%20R HTTP/1.1" 200 None
2022-12-10 04:45:15,294 DEBUG Starting new HTTPS connection (1): facebook.com:443
2022-12-10 04:45:16,368 DEBUG https://facebook.com:443 "GET /RAMAGURU_R HTTP/1.1" 301 0
2022-12-10 04:45:16,628 DEBUG Starting new HTTPS connection (1): www.facebook.com:443
2022-12-10 04:45:17,960 DEBUG https://www.facebook.com:443 "GET /RAMAGURU_R HTTP/1.1" 200 None
2022-12-10 04:45:18,371 DEBUG Starting new HTTPS connection (1): linkedin.com:443
2022-12-10 04:45:19,137 DEBUG https://linkedin.com:443 "GET /in/RAMAGURU_R HTTP/1.1" 999 1530
2022-12-10 04:45:20,431 DEBUG Starting new HTTPS connection (1): whitepages.com:443
2022-12-10 04:45:21,132 DEBUG https://whitepages.com:443 "GET /name/RAMAGURU_R HTTP/1.1" 301 0
2022-12-10 04:45:21,440 DEBUG Starting new HTTPS connection (1): www.whitepages.com:443
2022-12-10 04:45:21,864 DEBUG https://www.whitepages.com:443 "GET /name/RAMAGURU_R HTTP/1.1" 403 None
2022-12-10 04:45:22,068 DEBUG Starting new HTTPS connection (1): peoplefinders.com:443
2022-12-10 04:45:22,733 DEBUG https://peoplefinders.com:443 "GET /name/RAMAGURU_R HTTP/1.1" 403 None
2022-12-10 04:45:23,085 DEBUG Starting new HTTPS connection (1): instagram.com:443
2022-12-10 04:45:23,726 DEBUG https://instagram.com:443 "GET /RAMAGURU_R HTTP/1.1" 301 0
2022-12-10 04:45:23,998 DEBUG https://instagram.com:443 "GET /RAMAGURU_R/ HTTP/1.1" 301 0
2022-12-10 04:45:24,420 DEBUG Starting new HTTPS connection (1): www.instagram.com:443
2022-12-10 04:45:25,062 DEBUG https://www.instagram.com:443 "GET /RAMAGURU_R/ HTTP/1.1" 200 None
2022-12-10 04:45:25,909 DEBUG Starting new HTTPS connection (1): pinterest.com:443
2022-12-10 04:45:26,254 DEBUG https://pinterest.com:443 "GET /RAMAGURU_R HTTP/1.1" 308 267
2022-12-10 04:45:26,568 DEBUG Starting new HTTPS connection (1): www.pinterest.com:443
2022-12-10 04:45:26,969 DEBUG https://www.pinterest.com:443 "GET /RAMAGURU_R HTTP/1.1" 301 None
2022-12-10 04:45:26,983 DEBUG Resetting dropped connection: www.pinterest.com
2022-12-10 04:45:27,962 DEBUG https://www.pinterest.com:443 "GET /RAMAGURU_R/ HTTP/1.1" 200 None
2022-12-10 04:45:28,341 DEBUG Starting new HTTPS connection (1): twitter.com:443
2022-12-10 04:45:29,223 DEBUG https://twitter.com:443 "GET /RAMAGURU_R HTTP/1.1" 200 None
2022-12-10 04:45:29,840 DEBUG Starting new HTTPS connection (1): youtube.com:443
2022-12-10 04:45:30,083 DEBUG https://youtube.com:443 "GET /user/RAMAGURU_R HTTP/1.1" 301 0
2022-12-10 04:45:30,368 DEBUG Starting new HTTPS connection (1): www.youtube.com:443
2022-12-10 04:45:30,670 DEBUG https://www.youtube.com:443 "GET /user/RAMAGURU_R HTTP/1.1" 404 None
2022-12-10 04:45:30,963 DEBUG Starting new HTTPS connection (1): github.com:443
2022-12-10 04:45:31,679 DEBUG https://github.com:443 "GET /RAMAGURU_R HTTP/1.1" 404 40
2022-12-10 04:45:32,104 DEBUG Starting new HTTPS connection (1): stackoverflow.com:443
2022-12-10 04:45:33,027 DEBUG https://stackoverflow.com:443 "GET /users/RAMAGURU_R HTTP/1.1" 404 None
2022-12-10 04:45:33,630 DEBUG Starting new HTTPS connection (1): steamcommunity.com:443
2022-12-10 04:45:34,141 DEBUG https://steamcommunity.com:443 "GET /id/RAMAGURU_R HTTP/1.1" 200 5806
2022-12-10 04:45:34,406 DEBUG Starting new HTTPS connection (1): reddit.com:443
2022-12-10 04:45:34,592 DEBUG https://reddit.com:443 "GET /user/RAMAGURU_R HTTP/1.1" 301 0
2022-12-10 04:45:34,964 DEBUG Starting new HTTPS connection (1): www.reddit.com:443
2022-12-10 04:45:36,704 DEBUG https://www.reddit.com:443 "GET /user/RAMAGURU_R HTTP/1.1" 200 None
2022-12-10 04:45:37,677 DEBUG Starting new HTTPS connection (1): duckduckgo.com:443
2022-12-10 04:45:38,192 DEBUG https://duckduckgo.com:443 "GET /html/?q=SAVITHRI%20R HTTP/1.1" 302 138
2022-12-10 04:45:38,199 DEBUG Starting new HTTPS connection (1): html.duckduckgo.com:443
2022-12-10 04:45:39,773 DEBUG https://html.duckduckgo.com:443 "GET /html/?q=SAVITHRI%20R HTTP/1.1" 200 None
2022-12-10 04:45:40,826 DEBUG Starting new HTTPS connection (1): facebook.com:443
2022-12-10 04:45:41,544 DEBUG https://facebook.com:443 "GET /SAVITHRI_R HTTP/1.1" 301 0
2022-12-10 04:45:41,825 DEBUG Starting new HTTPS connection (1): www.facebook.com:443
2022-12-10 04:45:42,456 DEBUG https://www.facebook.com:443 "GET /SAVITHRI_R HTTP/1.1" 200 None
2022-12-10 04:45:42,757 DEBUG Starting new HTTPS connection (1): linkedin.com:443
2022-12-10 04:45:43,664 DEBUG https://linkedin.com:443 "GET /in/SAVITHRI_R HTTP/1.1" 999 1530
2022-12-10 04:45:43,674 DEBUG Starting new HTTPS connection (1): whitepages.com:443
2022-12-10 04:45:44,520 DEBUG https://whitepages.com:443 "GET /name/SAVITHRI_R HTTP/1.1" 301 0
2022-12-10 04:45:44,528 DEBUG Starting new HTTPS connection (1): www.whitepages.com:443
2022-12-10 04:45:45,199 DEBUG https://www.whitepages.com:443 "GET /name/SAVITHRI_R HTTP/1.1" 403 None
2022-12-10 04:45:45,210 DEBUG Starting new HTTPS connection (1): peoplefinders.com:443
2022-12-10 04:45:45,607 DEBUG https://peoplefinders.com:443 "GET /name/SAVITHRI_R HTTP/1.1" 403 None
2022-12-10 04:45:45,616 DEBUG Starting new HTTPS connection (1): instagram.com:443
2022-12-10 04:45:46,221 DEBUG https://instagram.com:443 "GET /SAVITHRI_R HTTP/1.1" 301 0
2022-12-10 04:45:46,474 DEBUG https://instagram.com:443 "GET /SAVITHRI_R/ HTTP/1.1" 301 0
2022-12-10 04:45:46,484 DEBUG Starting new HTTPS connection (1): www.instagram.com:443
2022-12-10 04:45:47,283 DEBUG https://www.instagram.com:443 "GET /SAVITHRI_R/ HTTP/1.1" 200 None
2022-12-10 04:45:47,634 DEBUG Starting new HTTPS connection (1): pinterest.com:443
2022-12-10 04:45:48,166 DEBUG https://pinterest.com:443 "GET /SAVITHRI_R HTTP/1.1" 308 267
2022-12-10 04:45:48,411 DEBUG Starting new HTTPS connection (1): www.pinterest.com:443
2022-12-10 04:45:49,303 DEBUG https://www.pinterest.com:443 "GET /SAVITHRI_R HTTP/1.1" 301 None
2022-12-10 04:45:49,316 DEBUG Resetting dropped connection: www.pinterest.com
2022-12-10 04:45:51,149 DEBUG https://www.pinterest.com:443 "GET /SAVITHRI_R/ HTTP/1.1" 200 None
2022-12-10 04:45:51,683 DEBUG Starting new HTTPS connection (1): twitter.com:443
2022-12-10 04:45:52,499 DEBUG https://twitter.com:443 "GET /SAVITHRI_R HTTP/1.1" 200 None
2022-12-10 04:45:52,817 DEBUG Starting new HTTPS connection (1): youtube.com:443
2022-12-10 04:45:53,492 DEBUG https://youtube.com:443 "GET /user/SAVITHRI_R HTTP/1.1" 301 0
2022-12-10 04:45:53,500 DEBUG Starting new HTTPS connection (1): www.youtube.com:443
2022-12-10 04:45:54,110 DEBUG https://www.youtube.com:443 "GET /user/SAVITHRI_R HTTP/1.1" 404 None
2022-12-10 04:45:54,313 DEBUG Starting new HTTPS connection (1): github.com:443
2022-12-10 04:45:55,134 DEBUG https://github.com:443 "GET /SAVITHRI_R HTTP/1.1" 404 40
2022-12-10 04:45:55,144 DEBUG Starting new HTTPS connection (1): stackoverflow.com:443
2022-12-10 04:45:56,161 DEBUG https://stackoverflow.com:443 "GET /users/SAVITHRI_R HTTP/1.1" 404 None
2022-12-10 04:45:56,672 DEBUG Starting new HTTPS connection (1): steamcommunity.com:443
2022-12-10 04:45:57,602 DEBUG https://steamcommunity.com:443 "GET /id/SAVITHRI_R HTTP/1.1" 200 5804
2022-12-10 04:45:57,612 DEBUG Starting new HTTPS connection (1): reddit.com:443
2022-12-10 04:45:57,930 DEBUG https://reddit.com:443 "GET /user/SAVITHRI_R HTTP/1.1" 301 0
2022-12-10 04:45:58,166 DEBUG Starting new HTTPS connection (1): www.reddit.com:443
2022-12-10 04:46:00,357 DEBUG https://www.reddit.com:443 "GET /user/SAVITHRI_R HTTP/1.1" 200 None
2022-12-10 04:46:01,082 DEBUG Starting new HTTPS connection (1): duckduckgo.com:443
2022-12-10 04:46:01,498 DEBUG https://duckduckgo.com:443 "GET /html/?q=Ramaguru%20R HTTP/1.1" 302 138
2022-12-10 04:46:01,506 DEBUG Starting new HTTPS connection (1): html.duckduckgo.com:443
2022-12-10 04:46:03,137 DEBUG https://html.duckduckgo.com:443 "GET /html/?q=Ramaguru%20R HTTP/1.1" 200 None
2022-12-10 04:46:04,558 DEBUG Starting new HTTPS connection (1): facebook.com:443
2022-12-10 04:46:05,067 DEBUG https://facebook.com:443 "GET /Ramaguru_R HTTP/1.1" 301 0
2022-12-10 04:46:05,378 DEBUG Starting new HTTPS connection (1): www.facebook.com:443
2022-12-10 04:46:06,111 DEBUG https://www.facebook.com:443 "GET /Ramaguru_R HTTP/1.1" 200 None
2022-12-10 04:46:06,334 DEBUG Starting new HTTPS connection (1): linkedin.com:443
2022-12-10 04:46:07,254 DEBUG https://linkedin.com:443 "GET /in/Ramaguru_R HTTP/1.1" 999 1530
2022-12-10 04:46:07,263 DEBUG Starting new HTTPS connection (1): whitepages.com:443
2022-12-10 04:46:08,136 DEBUG https://whitepages.com:443 "GET /name/Ramaguru_R HTTP/1.1" 301 0
2022-12-10 04:46:08,141 DEBUG Starting new HTTPS connection (1): www.whitepages.com:443
2022-12-10 04:46:08,648 DEBUG https://www.whitepages.com:443 "GET /name/Ramaguru_R HTTP/1.1" 403 None
2022-12-10 04:46:08,657 DEBUG Starting new HTTPS connection (1): peoplefinders.com:443
2022-12-10 04:46:08,954 DEBUG https://peoplefinders.com:443 "GET /name/Ramaguru_R HTTP/1.1" 403 None
2022-12-10 04:46:08,963 DEBUG Starting new HTTPS connection (1): instagram.com:443
2022-12-10 04:46:09,511 DEBUG https://instagram.com:443 "GET /Ramaguru_R HTTP/1.1" 301 0
2022-12-10 04:46:09,774 DEBUG https://instagram.com:443 "GET /Ramaguru_R/ HTTP/1.1" 301 0
2022-12-10 04:46:09,919 DEBUG Starting new HTTPS connection (1): www.instagram.com:443
2022-12-10 04:46:10,549 DEBUG https://www.instagram.com:443 "GET /Ramaguru_R/ HTTP/1.1" 200 None
2022-12-10 04:46:10,947 DEBUG Starting new HTTPS connection (1): pinterest.com:443
2022-12-10 04:46:11,266 DEBUG https://pinterest.com:443 "GET /Ramaguru_R HTTP/1.1" 308 267
2022-12-10 04:46:11,522 DEBUG Starting new HTTPS connection (1): www.pinterest.com:443
2022-12-10 04:46:11,980 DEBUG https://www.pinterest.com:443 "GET /Ramaguru_R HTTP/1.1" 301 None
2022-12-10 04:46:11,992 DEBUG Resetting dropped connection: www.pinterest.com
2022-12-10 04:46:12,793 DEBUG https://www.pinterest.com:443 "GET /Ramaguru_R/ HTTP/1.1" 200 None
2022-12-10 04:46:13,389 DEBUG Starting new HTTPS connection (1): twitter.com:443
2022-12-10 04:46:14,075 DEBUG https://twitter.com:443 "GET /Ramaguru_R HTTP/1.1" 200 None
2022-12-10 04:46:14,402 DEBUG Starting new HTTPS connection (1): youtube.com:443
2022-12-10 04:46:14,809 DEBUG https://youtube.com:443 "GET /user/Ramaguru_R HTTP/1.1" 301 0
2022-12-10 04:46:14,816 DEBUG Starting new HTTPS connection (1): www.youtube.com:443
2022-12-10 04:46:15,249 DEBUG https://www.youtube.com:443 "GET /user/Ramaguru_R HTTP/1.1" 404 None
2022-12-10 04:46:15,260 DEBUG Starting new HTTPS connection (1): github.com:443
2022-12-10 04:46:15,950 DEBUG https://github.com:443 "GET /Ramaguru_R HTTP/1.1" 404 40
2022-12-10 04:46:15,960 DEBUG Starting new HTTPS connection (1): stackoverflow.com:443
2022-12-10 04:46:16,635 DEBUG https://stackoverflow.com:443 "GET /users/Ramaguru_R HTTP/1.1" 404 None
2022-12-10 04:46:16,879 DEBUG Starting new HTTPS connection (1): steamcommunity.com:443
2022-12-10 04:46:17,556 DEBUG https://steamcommunity.com:443 "GET /id/Ramaguru_R HTTP/1.1" 200 5800
2022-12-10 04:46:17,565 DEBUG Starting new HTTPS connection (1): reddit.com:443
2022-12-10 04:46:17,904 DEBUG https://reddit.com:443 "GET /user/Ramaguru_R HTTP/1.1" 301 0
2022-12-10 04:46:18,175 DEBUG Starting new HTTPS connection (1): www.reddit.com:443
2022-12-10 04:46:19,968 DEBUG https://www.reddit.com:443 "GET /user/Ramaguru_R HTTP/1.1" 200 None
2022-12-10 04:46:21,046 INFO Performing Live search
