2022-12-10 07:57:21,483 INFO INFO: The option seclected is 4
2022-12-10 07:57:27,463 INFO INFO: The search type is b
2022-12-10 07:57:40,129 DEBUG Starting new HTTPS connection (1): upibankvalidator.com:443
2022-12-10 07:57:47,834 DEBUG https://upibankvalidator.com:443 "POST /api/upiValidation?upi=9786888837@apl HTTP/1.1" 200 None
2022-12-10 07:57:47,845 DEBUG Starting new HTTPS connection (1): upibankvalidator.com:443
2022-12-10 07:57:49,880 DEBUG https://upibankvalidator.com:443 "POST /api/upiValidation?upi=9786888837@oksbi HTTP/1.1" 200 None
2022-12-10 07:57:49,890 DEBUG Starting new HTTPS connection (1): upibankvalidator.com:443
2022-12-10 07:57:51,755 DEBUG https://upibankvalidator.com:443 "POST /api/upiValidation?upi=9786888837@okhdfcbank HTTP/1.1" 200 None
2022-12-10 07:57:51,764 DEBUG Starting new HTTPS connection (1): upibankvalidator.com:443
2022-12-10 07:57:53,976 DEBUG https://upibankvalidator.com:443 "POST /api/upiValidation?upi=9786888837@sbi HTTP/1.1" 200 None
2022-12-10 07:57:53,987 DEBUG Starting new HTTPS connection (1): upibankvalidator.com:443
2022-12-10 07:57:55,615 DEBUG https://upibankvalidator.com:443 "POST /api/upiValidation?upi=9786888837@okicici HTTP/1.1" 200 None
2022-12-10 07:57:55,625 DEBUG Starting new HTTPS connection (1): upibankvalidator.com:443
2022-12-10 07:57:55,936 DEBUG https://upibankvalidator.com:443 "POST /api/upiValidation?upi=9786888837@axisbank HTTP/1.1" 200 None
2022-12-10 07:57:55,945 DEBUG Starting new HTTPS connection (1): upibankvalidator.com:443
2022-12-10 07:57:58,072 DEBUG https://upibankvalidator.com:443 "POST /api/upiValidation?upi=9786888837@ikwik HTTP/1.1" 200 None
2022-12-10 07:57:58,081 DEBUG Starting new HTTPS connection (1): upibankvalidator.com:443
2022-12-10 07:58:00,633 DEBUG https://upibankvalidator.com:443 "POST /api/upiValidation?upi=9786888837@pnb HTTP/1.1" 200 None
2022-12-10 07:58:00,644 DEBUG Starting new HTTPS connection (1): upibankvalidator.com:443
2022-12-10 07:58:04,217 DEBUG https://upibankvalidator.com:443 "POST /api/upiValidation?upi=9786888837@hdfc HTTP/1.1" 200 None
2022-12-10 07:58:04,232 DEBUG Starting new HTTPS connection (1): upibankvalidator.com:443
2022-12-10 07:58:07,289 DEBUG https://upibankvalidator.com:443 "POST /api/upiValidation?upi=9786888837@idfcbank HTTP/1.1" 200 None
2022-12-10 07:58:07,298 DEBUG Starting new HTTPS connection (1): upibankvalidator.com:443
2022-12-10 07:58:09,649 DEBUG https://upibankvalidator.com:443 "POST /api/upiValidation?upi=9786888837@okaxis HTTP/1.1" 200 None
2022-12-10 07:58:09,658 DEBUG Starting new HTTPS connection (1): upibankvalidator.com:443
2022-12-10 07:58:11,578 DEBUG https://upibankvalidator.com:443 "POST /api/upiValidation?upi=9786888837@abfspay HTTP/1.1" 200 None
2022-12-10 07:58:11,588 DEBUG Starting new HTTPS connection (1): upibankvalidator.com:443
2022-12-10 07:58:14,355 DEBUG https://upibankvalidator.com:443 "POST /api/upiValidation?upi=9786888837@ybl HTTP/1.1" 200 None
2022-12-10 07:58:14,364 DEBUG Starting new HTTPS connection (1): upibankvalidator.com:443
2022-12-10 07:58:16,300 DEBUG https://upibankvalidator.com:443 "POST /api/upiValidation?upi=9786888837@barodampay HTTP/1.1" 200 None
2022-12-10 07:58:16,309 DEBUG Starting new HTTPS connection (1): upibankvalidator.com:443
2022-12-10 07:58:16,622 DEBUG https://upibankvalidator.com:443 "POST /api/upiValidation?upi=9786888837@upi HTTP/1.1" 200 None
2022-12-10 07:58:16,632 DEBUG Starting new HTTPS connection (1): upibankvalidator.com:443
2022-12-10 07:58:16,951 DEBUG https://upibankvalidator.com:443 "POST /api/upiValidation?upi=9786888837@paytm HTTP/1.1" 200 None
2022-12-10 07:58:16,959 DEBUG Starting new HTTPS connection (1): upibankvalidator.com:443
2022-12-10 07:58:19,167 DEBUG https://upibankvalidator.com:443 "POST /api/upiValidation?upi=9786888837@yapl HTTP/1.1" 200 None
2022-12-10 07:58:19,175 DEBUG Starting new HTTPS connection (1): upibankvalidator.com:443
2022-12-10 07:58:21,625 DEBUG https://upibankvalidator.com:443 "POST /api/upiValidation?upi=9786888837@dbs HTTP/1.1" 200 None
2022-12-10 07:58:21,635 DEBUG Starting new HTTPS connection (1): upibankvalidator.com:443
2022-12-10 07:58:24,338 DEBUG https://upibankvalidator.com:443 "POST /api/upiValidation?upi=9786888837@yesbankltd HTTP/1.1" 200 None
2022-12-10 07:58:24,347 DEBUG Starting new HTTPS connection (1): upibankvalidator.com:443
2022-12-10 07:58:26,644 DEBUG https://upibankvalidator.com:443 "POST /api/upiValidation?upi=9786888837@utbi HTTP/1.1" 200 None
2022-12-10 07:58:26,652 DEBUG Starting new HTTPS connection (1): upibankvalidator.com:443
2022-12-10 07:58:29,817 DEBUG https://upibankvalidator.com:443 "POST /api/upiValidation?upi=9786888837@united HTTP/1.1" 200 None
2022-12-10 07:58:29,825 DEBUG Starting new HTTPS connection (1): upibankvalidator.com:443
2022-12-10 07:58:40,672 DEBUG https://upibankvalidator.com:443 "POST /api/upiValidation?upi=9786888837@ubi HTTP/1.1" 200 None
2022-12-10 07:58:40,682 DEBUG Starting new HTTPS connection (1): upibankvalidator.com:443
2022-12-10 07:58:42,617 DEBUG https://upibankvalidator.com:443 "POST /api/upiValidation?upi=9786888837@rajgovhdfcbank HTTP/1.1" 200 None
2022-12-10 07:58:42,626 DEBUG Starting new HTTPS connection (1): upibankvalidator.com:443
2022-12-10 07:58:45,075 DEBUG https://upibankvalidator.com:443 "POST /api/upiValidation?upi=9786888837@pockets HTTP/1.1" 200 None
2022-12-10 07:58:45,085 DEBUG Starting new HTTPS connection (1): upibankvalidator.com:443
2022-12-10 07:58:47,042 DEBUG https://upibankvalidator.com:443 "POST /api/upiValidation?upi=9786888837@payzapp HTTP/1.1" 200 None
2022-12-10 07:58:47,051 DEBUG Starting new HTTPS connection (1): upibankvalidator.com:443
2022-12-10 07:58:48,621 DEBUG https://upibankvalidator.com:443 "POST /api/upiValidation?upi=9786888837@mahb HTTP/1.1" 200 None
2022-12-10 07:58:48,630 DEBUG Starting new HTTPS connection (1): upibankvalidator.com:443
