2022-12-10 08:24:12,889 INFO INFO: The option seclected is 4
2022-12-10 08:24:15,341 INFO INFO: The search type is d
2022-12-10 08:24:22,156 DEBUG Starting new HTTPS connection (1): upibankvalidator.com:443
2022-12-10 08:24:24,341 DEBUG https://upibankvalidator.com:443 "POST /api/upiValidation?upi=9786888837@apl HTTP/1.1" 200 None
2022-12-10 08:24:24,351 DEBUG Starting new HTTPS connection (1): upibankvalidator.com:443
2022-12-10 08:24:26,937 DEBUG https://upibankvalidator.com:443 "POST /api/upiValidation?upi=9786888837@oksbi HTTP/1.1" 200 None
2022-12-10 08:24:26,953 DEBUG Starting new HTTPS connection (1): upibankvalidator.com:443
2022-12-10 08:24:29,185 DEBUG https://upibankvalidator.com:443 "POST /api/upiValidation?upi=9786888837@okhdfcbank HTTP/1.1" 200 None
2022-12-10 08:24:29,192 DEBUG Starting new HTTPS connection (1): upibankvalidator.com:443
2022-12-10 08:24:31,234 DEBUG https://upibankvalidator.com:443 "POST /api/upiValidation?upi=9786888837@sbi HTTP/1.1" 200 None
2022-12-10 08:24:31,243 DEBUG Starting new HTTPS connection (1): upibankvalidator.com:443
2022-12-10 08:24:34,101 DEBUG https://upibankvalidator.com:443 "POST /api/upiValidation?upi=9786888837@okicici HTTP/1.1" 200 None
2022-12-10 08:24:34,113 DEBUG Starting new HTTPS connection (1): upibankvalidator.com:443
2022-12-10 08:24:34,480 DEBUG https://upibankvalidator.com:443 "POST /api/upiValidation?upi=9786888837@axisbank HTTP/1.1" 200 None
2022-12-10 08:24:34,491 DEBUG Starting new HTTPS connection (1): upibankvalidator.com:443
2022-12-10 08:24:37,480 DEBUG https://upibankvalidator.com:443 "POST /api/upiValidation?upi=9786888837@ikwik HTTP/1.1" 200 None
2022-12-10 08:24:37,489 DEBUG Starting new HTTPS connection (1): upibankvalidator.com:443
2022-12-10 08:24:40,551 DEBUG https://upibankvalidator.com:443 "POST /api/upiValidation?upi=9786888837@pnb HTTP/1.1" 200 None
2022-12-10 08:24:40,559 DEBUG Starting new HTTPS connection (1): upibankvalidator.com:443
2022-12-10 08:24:51,060 DEBUG https://upibankvalidator.com:443 "POST /api/upiValidation?upi=9786888837@hdfc HTTP/1.1" 200 None
2022-12-10 08:24:51,072 DEBUG Starting new HTTPS connection (1): upibankvalidator.com:443
2022-12-10 08:24:53,466 DEBUG https://upibankvalidator.com:443 "POST /api/upiValidation?upi=9786888837@idfcbank HTTP/1.1" 200 None
2022-12-10 08:24:53,478 DEBUG Starting new HTTPS connection (1): upibankvalidator.com:443
2022-12-10 08:24:56,341 DEBUG https://upibankvalidator.com:443 "POST /api/upiValidation?upi=9786888837@okaxis HTTP/1.1" 200 None
2022-12-10 08:24:56,353 DEBUG Starting new HTTPS connection (1): upibankvalidator.com:443
2022-12-10 08:24:58,873 DEBUG https://upibankvalidator.com:443 "POST /api/upiValidation?upi=9786888837@abfspay HTTP/1.1" 200 None
2022-12-10 08:24:58,883 DEBUG Starting new HTTPS connection (1): upibankvalidator.com:443
2022-12-10 08:25:03,747 DEBUG https://upibankvalidator.com:443 "POST /api/upiValidation?upi=9786888837@ybl HTTP/1.1" 200 None
2022-12-10 08:25:03,758 DEBUG Starting new HTTPS connection (1): upibankvalidator.com:443
2022-12-10 08:25:05,561 DEBUG https://upibankvalidator.com:443 "POST /api/upiValidation?upi=9786888837@barodampay HTTP/1.1" 200 None
2022-12-10 08:25:05,564 DEBUG Starting new HTTPS connection (1): upibankvalidator.com:443
2022-12-10 08:25:06,059 DEBUG https://upibankvalidator.com:443 "POST /api/upiValidation?upi=9786888837@upi HTTP/1.1" 200 None
2022-12-10 08:25:06,068 DEBUG Starting new HTTPS connection (1): upibankvalidator.com:443
2022-12-10 08:25:06,528 DEBUG https://upibankvalidator.com:443 "POST /api/upiValidation?upi=9786888837@paytm HTTP/1.1" 200 None
2022-12-10 08:25:06,538 DEBUG Starting new HTTPS connection (1): upibankvalidator.com:443
2022-12-10 08:25:08,972 DEBUG https://upibankvalidator.com:443 "POST /api/upiValidation?upi=9786888837@yapl HTTP/1.1" 200 None
2022-12-10 08:25:08,982 DEBUG Starting new HTTPS connection (1): upibankvalidator.com:443
2022-12-10 08:25:11,069 DEBUG https://upibankvalidator.com:443 "POST /api/upiValidation?upi=9786888837@dbs HTTP/1.1" 200 None
2022-12-10 08:25:11,078 DEBUG Starting new HTTPS connection (1): upibankvalidator.com:443
2022-12-10 08:25:14,341 DEBUG https://upibankvalidator.com:443 "POST /api/upiValidation?upi=9786888837@yesbankltd HTTP/1.1" 200 None
2022-12-10 08:25:14,348 DEBUG Starting new HTTPS connection (1): upibankvalidator.com:443
2022-12-10 08:25:26,767 DEBUG https://upibankvalidator.com:443 "POST /api/upiValidation?upi=9786888837@utbi HTTP/1.1" 200 None
2022-12-10 08:25:26,778 DEBUG Starting new HTTPS connection (1): upibankvalidator.com:443
2022-12-10 08:25:37,692 DEBUG https://upibankvalidator.com:443 "POST /api/upiValidation?upi=9786888837@united HTTP/1.1" 200 None
2022-12-10 08:25:37,702 DEBUG Starting new HTTPS connection (1): upibankvalidator.com:443
2022-12-10 08:25:48,883 DEBUG https://upibankvalidator.com:443 "POST /api/upiValidation?upi=9786888837@ubi HTTP/1.1" 200 None
2022-12-10 08:25:48,894 DEBUG Starting new HTTPS connection (1): upibankvalidator.com:443
2022-12-10 08:25:50,838 DEBUG https://upibankvalidator.com:443 "POST /api/upiValidation?upi=9786888837@rajgovhdfcbank HTTP/1.1" 200 None
2022-12-10 08:25:50,847 DEBUG Starting new HTTPS connection (1): upibankvalidator.com:443
2022-12-10 08:25:53,315 DEBUG https://upibankvalidator.com:443 "POST /api/upiValidation?upi=9786888837@pockets HTTP/1.1" 200 None
2022-12-10 08:25:53,324 DEBUG Starting new HTTPS connection (1): upibankvalidator.com:443
2022-12-10 08:25:57,514 DEBUG https://upibankvalidator.com:443 "POST /api/upiValidation?upi=9786888837@payzapp HTTP/1.1" 200 None
2022-12-10 08:25:57,523 DEBUG Starting new HTTPS connection (1): upibankvalidator.com:443
2022-12-10 08:26:00,577 DEBUG https://upibankvalidator.com:443 "POST /api/upiValidation?upi=9786888837@mahb HTTP/1.1" 200 None
2022-12-10 08:26:00,587 DEBUG Starting new HTTPS connection (1): upibankvalidator.com:443
2022-12-10 08:26:02,807 DEBUG https://upibankvalidator.com:443 "POST /api/upiValidation?upi=9786888837@kaypay HTTP/1.1" 200 None
2022-12-10 08:26:02,815 DEBUG Starting new HTTPS connection (1): upibankvalidator.com:443
2022-12-10 08:26:05,333 DEBUG https://upibankvalidator.com:443 "POST /api/upiValidation?upi=9786888837@imobile HTTP/1.1" 200 None
2022-12-10 08:26:05,342 DEBUG Starting new HTTPS connection (1): upibankvalidator.com:443
2022-12-10 08:26:07,708 DEBUG https://upibankvalidator.com:443 "POST /api/upiValidation?upi=9786888837@idbibank HTTP/1.1" 200 None
2022-12-10 08:26:07,717 DEBUG Starting new HTTPS connection (1): upibankvalidator.com:443
2022-12-10 08:26:09,260 DEBUG https://upibankvalidator.com:443 "POST /api/upiValidation?upi=9786888837@hdfcbank HTTP/1.1" 200 None
2022-12-10 08:26:09,270 DEBUG Starting new HTTPS connection (1): upibankvalidator.com:443
2022-12-10 08:26:11,279 DEBUG https://upibankvalidator.com:443 "POST /api/upiValidation?upi=9786888837@ezeepay HTTP/1.1" 200 None
2022-12-10 08:26:11,289 DEBUG Starting new HTTPS connection (1): upibankvalidator.com:443
2022-12-10 08:26:13,943 DEBUG https://upibankvalidator.com:443 "POST /api/upiValidation?upi=9786888837@eazypay HTTP/1.1" 200 None
2022-12-10 08:26:13,953 DEBUG Starting new HTTPS connection (1): upibankvalidator.com:443
2022-12-10 08:26:16,083 DEBUG https://upibankvalidator.com:443 "POST /api/upiValidation?upi=9786888837@cnrb HTTP/1.1" 200 None
2022-12-10 08:26:16,092 DEBUG Starting new HTTPS connection (1): upibankvalidator.com:443
2022-12-10 08:26:18,243 DEBUG https://upibankvalidator.com:443 "POST /api/upiValidation?upi=9786888837@centralbank HTTP/1.1" 200 None
2022-12-10 08:26:18,253 DEBUG Starting new HTTPS connection (1): upibankvalidator.com:443
2022-12-10 08:26:20,692 DEBUG https://upibankvalidator.com:443 "POST /api/upiValidation?upi=9786888837@cboi HTTP/1.1" 200 None
2022-12-10 08:26:20,701 DEBUG Starting new HTTPS connection (1): upibankvalidator.com:443
2022-12-10 08:26:23,018 DEBUG https://upibankvalidator.com:443 "POST /api/upiValidation?upi=9786888837@cbin HTTP/1.1" 200 None
2022-12-10 08:26:23,026 DEBUG Starting new HTTPS connection (1): upibankvalidator.com:443
2022-12-10 08:26:29,304 DEBUG https://upibankvalidator.com:443 "POST /api/upiValidation?upi=9786888837@boi HTTP/1.1" 200 None
2022-12-10 08:26:29,314 DEBUG Starting new HTTPS connection (1): upibankvalidator.com:443
2022-12-10 08:26:29,916 DEBUG https://upibankvalidator.com:443 "POST /api/upiValidation?upi=9786888837@yesbank HTTP/1.1" 200 None
2022-12-10 08:26:29,920 DEBUG Starting new HTTPS connection (1): upibankvalidator.com:443
2022-12-10 08:26:37,290 DEBUG https://upibankvalidator.com:443 "POST /api/upiValidation?upi=9786888837@wasbi HTTP/1.1" 200 None
2022-12-10 08:26:37,300 DEBUG Starting new HTTPS connection (1): upibankvalidator.com:443
2022-12-10 08:26:43,433 DEBUG https://upibankvalidator.com:443 "POST /api/upiValidation?upi=9786888837@waicici HTTP/1.1" 200 None
2022-12-10 08:26:43,442 DEBUG Starting new HTTPS connection (1): upibankvalidator.com:443
2022-12-10 08:26:49,118 DEBUG https://upibankvalidator.com:443 "POST /api/upiValidation?upi=9786888837@wahdfcbank HTTP/1.1" 200 None
2022-12-10 08:26:49,128 DEBUG Starting new HTTPS connection (1): upibankvalidator.com:443
2022-12-10 08:26:54,802 DEBUG https://upibankvalidator.com:443 "POST /api/upiValidation?upi=9786888837@waaxis HTTP/1.1" 200 None
2022-12-10 08:26:54,810 DEBUG Starting new HTTPS connection (1): upibankvalidator.com:443
2022-12-10 08:26:57,155 DEBUG https://upibankvalidator.com:443 "POST /api/upiValidation?upi=9786888837@unionbankofindia HTTP/1.1" 200 None
2022-12-10 08:26:57,164 DEBUG Starting new HTTPS connection (1): upibankvalidator.com:443
2022-12-10 08:27:00,535 DEBUG https://upibankvalidator.com:443 "POST /api/upiValidation?upi=9786888837@unionbank HTTP/1.1" 200 None
2022-12-10 08:27:00,544 DEBUG Starting new HTTPS connection (1): upibankvalidator.com:443
2022-12-10 08:27:02,173 DEBUG https://upibankvalidator.com:443 "POST /api/upiValidation?upi=9786888837@uco HTTP/1.1" 200 None
2022-12-10 08:27:02,182 DEBUG Starting new HTTPS connection (1): upibankvalidator.com:443
2022-12-10 08:27:13,443 DEBUG https://upibankvalidator.com:443 "POST /api/upiValidation?upi=9786888837@ubio HTTP/1.1" 200 None
2022-12-10 08:27:13,453 DEBUG Starting new HTTPS connection (1): upibankvalidator.com:443
2022-12-10 08:27:15,076 DEBUG https://upibankvalidator.com:443 "POST /api/upiValidation?upi=9786888837@timecosmos HTTP/1.1" 200 None
2022-12-10 08:27:15,085 DEBUG Starting new HTTPS connection (1): upibankvalidator.com:443
2022-12-10 08:27:17,636 DEBUG https://upibankvalidator.com:443 "POST /api/upiValidation?upi=9786888837@tapicici HTTP/1.1" 200 None
2022-12-10 08:27:17,645 DEBUG Starting new HTTPS connection (1): upibankvalidator.com:443
2022-12-10 08:27:21,732 DEBUG https://upibankvalidator.com:443 "POST /api/upiValidation?upi=9786888837@sib HTTP/1.1" 200 None
2022-12-10 08:27:21,740 DEBUG Starting new HTTPS connection (1): upibankvalidator.com:443
2022-12-10 08:27:25,542 DEBUG https://upibankvalidator.com:443 "POST /api/upiValidation?upi=9786888837@rbl HTTP/1.1" 200 None
2022-12-10 08:27:25,551 DEBUG Starting new HTTPS connection (1): upibankvalidator.com:443
2022-12-10 08:27:29,208 DEBUG https://upibankvalidator.com:443 "POST /api/upiValidation?upi=9786888837@pingpay HTTP/1.1" 200 None
2022-12-10 08:27:29,217 DEBUG Starting new HTTPS connection (1): upibankvalidator.com:443
2022-12-10 08:27:30,948 DEBUG https://upibankvalidator.com:443 "POST /api/upiValidation?upi=9786888837@kotak HTTP/1.1" 200 None
2022-12-10 08:27:30,957 DEBUG Starting new HTTPS connection (1): upibankvalidator.com:443
2022-12-10 08:27:35,852 DEBUG https://upibankvalidator.com:443 "POST /api/upiValidation?upi=9786888837@kmbl HTTP/1.1" 200 None
2022-12-10 08:27:35,862 DEBUG Starting new HTTPS connection (1): upibankvalidator.com:443
2022-12-10 08:27:37,522 DEBUG https://upibankvalidator.com:443 "POST /api/upiValidation?upi=9786888837@kbl HTTP/1.1" 200 None
2022-12-10 08:27:37,532 DEBUG Starting new HTTPS connection (1): upibankvalidator.com:443
2022-12-10 08:27:40,167 DEBUG https://upibankvalidator.com:443 "POST /api/upiValidation?upi=9786888837@jupiteraxis HTTP/1.1" 200 None
2022-12-10 08:27:40,176 DEBUG Starting new HTTPS connection (1): upibankvalidator.com:443
2022-12-10 08:27:44,567 DEBUG https://upibankvalidator.com:443 "POST /api/upiValidation?upi=9786888837@indus HTTP/1.1" 200 None
2022-12-10 08:27:44,577 DEBUG Starting new HTTPS connection (1): upibankvalidator.com:443
2022-12-10 08:27:46,820 DEBUG https://upibankvalidator.com:443 "POST /api/upiValidation?upi=9786888837@indianbank HTTP/1.1" 200 None
2022-12-10 08:27:46,829 DEBUG Starting new HTTPS connection (1): upibankvalidator.com:443
2022-12-10 08:27:51,428 DEBUG https://upibankvalidator.com:443 "POST /api/upiValidation?upi=9786888837@idbi HTTP/1.1" 200 None
2022-12-10 08:27:51,438 DEBUG Starting new HTTPS connection (1): upibankvalidator.com:443
2022-12-10 08:27:51,761 DEBUG https://upibankvalidator.com:443 "POST /api/upiValidation?upi=9786888837@icici HTTP/1.1" 200 None
2022-12-10 08:27:51,770 DEBUG Starting new HTTPS connection (1): upibankvalidator.com:443
2022-12-10 08:27:53,362 DEBUG https://upibankvalidator.com:443 "POST /api/upiValidation?upi=9786888837@ibl HTTP/1.1" 200 None
2022-12-10 08:27:53,372 DEBUG Starting new HTTPS connection (1): upibankvalidator.com:443
2022-12-10 08:27:56,790 DEBUG https://upibankvalidator.com:443 "POST /api/upiValidation?upi=9786888837@hsbc HTTP/1.1" 200 None
2022-12-10 08:27:56,800 DEBUG Starting new HTTPS connection (1): upibankvalidator.com:443
2022-12-10 08:28:00,131 DEBUG https://upibankvalidator.com:443 "POST /api/upiValidation?upi=9786888837@freecharge HTTP/1.1" 200 None
2022-12-10 08:28:00,140 DEBUG Starting new HTTPS connection (1): upibankvalidator.com:443
2022-12-10 08:28:02,664 DEBUG https://upibankvalidator.com:443 "POST /api/upiValidation?upi=9786888837@federal HTTP/1.1" 200 None
2022-12-10 08:28:02,673 DEBUG Starting new HTTPS connection (1): upibankvalidator.com:443
2022-12-10 08:28:05,867 DEBUG https://upibankvalidator.com:443 "POST /api/upiValidation?upi=9786888837@fbl HTTP/1.1" 200 None
2022-12-10 08:28:05,877 DEBUG Starting new HTTPS connection (1): upibankvalidator.com:443
2022-12-10 08:28:08,315 DEBUG https://upibankvalidator.com:443 "POST /api/upiValidation?upi=9786888837@dlb HTTP/1.1" 200 None
2022-12-10 08:28:08,324 DEBUG Starting new HTTPS connection (1): upibankvalidator.com:443
2022-12-10 08:28:12,027 DEBUG https://upibankvalidator.com:443 "POST /api/upiValidation?upi=9786888837@citigold HTTP/1.1" 200 None
2022-12-10 08:28:12,037 DEBUG Starting new HTTPS connection (1): upibankvalidator.com:443
2022-12-10 08:28:15,481 DEBUG https://upibankvalidator.com:443 "POST /api/upiValidation?upi=9786888837@citi HTTP/1.1" 200 None
2022-12-10 08:28:15,489 DEBUG Starting new HTTPS connection (1): upibankvalidator.com:443
2022-12-10 08:28:19,281 DEBUG https://upibankvalidator.com:443 "POST /api/upiValidation?upi=9786888837@bandhan HTTP/1.1" 200 None
2022-12-10 08:28:19,290 DEBUG Starting new HTTPS connection (1): upibankvalidator.com:443
2022-12-10 08:28:22,046 DEBUG https://upibankvalidator.com:443 "POST /api/upiValidation?upi=9786888837@axl HTTP/1.1" 200 None
2022-12-10 08:28:22,056 DEBUG Starting new HTTPS connection (1): upibankvalidator.com:443
2022-12-10 08:28:24,811 DEBUG https://upibankvalidator.com:443 "POST /api/upiValidation?upi=9786888837@axisb HTTP/1.1" 200 None
2022-12-10 08:28:24,820 DEBUG Starting new HTTPS connection (1): upibankvalidator.com:443
2022-12-10 08:28:30,547 DEBUG https://upibankvalidator.com:443 "POST /api/upiValidation?upi=9786888837@aubank HTTP/1.1" 200 None
2022-12-10 08:28:30,556 DEBUG Starting new HTTPS connection (1): upibankvalidator.com:443
2022-12-10 08:28:33,566 DEBUG https://upibankvalidator.com:443 "POST /api/upiValidation?upi=9786888837@allbank HTTP/1.1" 200 None
2022-12-10 08:28:33,621 DEBUG Starting new HTTPS connection (1): duckduckgo.com:443
2022-12-10 08:28:33,737 DEBUG https://duckduckgo.com:443 "GET /html/?q=RAMAGURU%20R HTTP/1.1" 302 138
2022-12-10 08:28:33,742 DEBUG Starting new HTTPS connection (1): html.duckduckgo.com:443
2022-12-10 08:28:34,562 DEBUG https://html.duckduckgo.com:443 "GET /html/?q=RAMAGURU%20R HTTP/1.1" 200 None
2022-12-10 08:28:35,632 DEBUG Starting new HTTPS connection (1): facebook.com:443
2022-12-10 08:28:35,973 DEBUG https://facebook.com:443 "GET /RAMAGURU_R HTTP/1.1" 301 0
2022-12-10 08:28:35,990 DEBUG Starting new HTTPS connection (1): www.facebook.com:443
2022-12-10 08:28:36,382 DEBUG https://www.facebook.com:443 "GET /RAMAGURU_R HTTP/1.1" 200 None
2022-12-10 08:28:36,422 DEBUG Starting new HTTPS connection (1): linkedin.com:443
2022-12-10 08:28:36,791 DEBUG https://linkedin.com:443 "GET /in/RAMAGURU_R HTTP/1.1" 999 1530
2022-12-10 08:28:36,839 DEBUG Starting new HTTPS connection (1): whitepages.com:443
2022-12-10 08:28:37,449 DEBUG https://whitepages.com:443 "GET /name/RAMAGURU_R HTTP/1.1" 301 0
2022-12-10 08:28:37,481 DEBUG Starting new HTTPS connection (1): www.whitepages.com:443
2022-12-10 08:28:37,670 DEBUG https://www.whitepages.com:443 "GET /name/RAMAGURU_R HTTP/1.1" 403 None
2022-12-10 08:28:37,734 DEBUG Starting new HTTPS connection (1): peoplefinders.com:443
2022-12-10 08:28:37,962 DEBUG https://peoplefinders.com:443 "GET /name/RAMAGURU_R HTTP/1.1" 403 None
2022-12-10 08:28:37,978 DEBUG Starting new HTTPS connection (1): instagram.com:443
2022-12-10 08:28:38,291 DEBUG https://instagram.com:443 "GET /RAMAGURU_R HTTP/1.1" 301 0
2022-12-10 08:28:38,586 DEBUG https://instagram.com:443 "GET /RAMAGURU_R/ HTTP/1.1" 301 0
2022-12-10 08:28:38,609 DEBUG Starting new HTTPS connection (1): www.instagram.com:443
2022-12-10 08:28:39,044 DEBUG https://www.instagram.com:443 "GET /RAMAGURU_R/ HTTP/1.1" 200 None
2022-12-10 08:28:39,835 DEBUG Starting new HTTPS connection (1): pinterest.com:443
2022-12-10 08:28:39,886 DEBUG https://pinterest.com:443 "GET /RAMAGURU_R HTTP/1.1" 308 267
2022-12-10 08:28:39,909 DEBUG Starting new HTTPS connection (1): www.pinterest.com:443
2022-12-10 08:28:40,286 DEBUG https://www.pinterest.com:443 "GET /RAMAGURU_R HTTP/1.1" 301 None
2022-12-10 08:28:40,297 DEBUG Resetting dropped connection: www.pinterest.com
2022-12-10 08:28:40,808 DEBUG https://www.pinterest.com:443 "GET /RAMAGURU_R/ HTTP/1.1" 200 None
2022-12-10 08:28:41,114 DEBUG Starting new HTTPS connection (1): twitter.com:443
2022-12-10 08:28:41,560 DEBUG https://twitter.com:443 "GET /RAMAGURU_R HTTP/1.1" 200 None
2022-12-10 08:28:41,957 DEBUG Starting new HTTPS connection (1): youtube.com:443
2022-12-10 08:28:42,105 DEBUG https://youtube.com:443 "GET /user/RAMAGURU_R HTTP/1.1" 301 0
2022-12-10 08:28:42,119 DEBUG Starting new HTTPS connection (1): www.youtube.com:443
2022-12-10 08:28:42,267 DEBUG https://www.youtube.com:443 "GET /user/RAMAGURU_R HTTP/1.1" 404 None
2022-12-10 08:28:42,286 DEBUG Starting new HTTPS connection (1): github.com:443
2022-12-10 08:28:43,038 DEBUG https://github.com:443 "GET /RAMAGURU_R HTTP/1.1" 404 40
2022-12-10 08:28:43,068 DEBUG Starting new HTTPS connection (1): stackoverflow.com:443
2022-12-10 08:28:43,449 DEBUG https://stackoverflow.com:443 "GET /users/RAMAGURU_R HTTP/1.1" 404 None
2022-12-10 08:28:43,716 DEBUG Starting new HTTPS connection (1): steamcommunity.com:443
2022-12-10 08:28:44,217 DEBUG https://steamcommunity.com:443 "GET /id/RAMAGURU_R HTTP/1.1" 200 5804
2022-12-10 08:28:44,240 DEBUG Starting new HTTPS connection (1): reddit.com:443
2022-12-10 08:28:44,290 DEBUG https://reddit.com:443 "GET /user/RAMAGURU_R HTTP/1.1" 301 0
2022-12-10 08:28:44,304 DEBUG Starting new HTTPS connection (1): www.reddit.com:443
2022-12-10 08:28:45,497 DEBUG https://www.reddit.com:443 "GET /user/RAMAGURU_R HTTP/1.1" 200 None
2022-12-10 08:28:46,511 DEBUG Starting new HTTPS connection (1): duckduckgo.com:443
2022-12-10 08:28:46,616 DEBUG https://duckduckgo.com:443 "GET /html/?q=SAVITHRI%20R HTTP/1.1" 302 138
2022-12-10 08:28:46,621 DEBUG Starting new HTTPS connection (1): html.duckduckgo.com:443
2022-12-10 08:28:47,443 DEBUG https://html.duckduckgo.com:443 "GET /html/?q=SAVITHRI%20R HTTP/1.1" 200 None
2022-12-10 08:28:48,486 DEBUG Starting new HTTPS connection (1): facebook.com:443
2022-12-10 08:28:48,879 DEBUG https://facebook.com:443 "GET /SAVITHRI_R HTTP/1.1" 301 0
2022-12-10 08:28:48,886 DEBUG Starting new HTTPS connection (1): www.facebook.com:443
2022-12-10 08:28:49,284 DEBUG https://www.facebook.com:443 "GET /SAVITHRI_R HTTP/1.1" 200 None
2022-12-10 08:28:49,323 DEBUG Starting new HTTPS connection (1): linkedin.com:443
2022-12-10 08:28:49,694 DEBUG https://linkedin.com:443 "GET /in/SAVITHRI_R HTTP/1.1" 999 1530
2022-12-10 08:28:49,704 DEBUG Starting new HTTPS connection (1): whitepages.com:443
2022-12-10 08:28:50,381 DEBUG https://whitepages.com:443 "GET /name/SAVITHRI_R HTTP/1.1" 301 0
2022-12-10 08:28:50,388 DEBUG Starting new HTTPS connection (1): www.whitepages.com:443
2022-12-10 08:28:50,603 DEBUG https://www.whitepages.com:443 "GET /name/SAVITHRI_R HTTP/1.1" 403 None
2022-12-10 08:28:50,613 DEBUG Starting new HTTPS connection (1): peoplefinders.com:443
2022-12-10 08:28:50,878 DEBUG https://peoplefinders.com:443 "GET /name/SAVITHRI_R HTTP/1.1" 403 None
2022-12-10 08:28:50,887 DEBUG Starting new HTTPS connection (1): instagram.com:443
2022-12-10 08:28:51,194 DEBUG https://instagram.com:443 "GET /SAVITHRI_R HTTP/1.1" 301 0
2022-12-10 08:28:51,494 DEBUG https://instagram.com:443 "GET /SAVITHRI_R/ HTTP/1.1" 301 0
2022-12-10 08:28:51,506 DEBUG Starting new HTTPS connection (1): www.instagram.com:443
2022-12-10 08:28:51,811 DEBUG https://www.instagram.com:443 "GET /SAVITHRI_R/ HTTP/1.1" 200 None
2022-12-10 08:28:52,167 DEBUG Starting new HTTPS connection (1): pinterest.com:443
2022-12-10 08:28:52,239 DEBUG https://pinterest.com:443 "GET /SAVITHRI_R HTTP/1.1" 308 267
2022-12-10 08:28:52,244 DEBUG Starting new HTTPS connection (1): www.pinterest.com:443
2022-12-10 08:28:52,614 DEBUG https://www.pinterest.com:443 "GET /SAVITHRI_R HTTP/1.1" 301 None
2022-12-10 08:28:52,625 DEBUG Resetting dropped connection: www.pinterest.com
2022-12-10 08:28:53,238 DEBUG https://www.pinterest.com:443 "GET /SAVITHRI_R/ HTTP/1.1" 200 None
2022-12-10 08:28:53,449 DEBUG Starting new HTTPS connection (1): twitter.com:443
2022-12-10 08:28:53,919 DEBUG https://twitter.com:443 "GET /SAVITHRI_R HTTP/1.1" 200 None
2022-12-10 08:28:55,363 DEBUG Starting new HTTPS connection (1): youtube.com:443
2022-12-10 08:28:55,509 DEBUG https://youtube.com:443 "GET /user/SAVITHRI_R HTTP/1.1" 301 0
2022-12-10 08:28:55,515 DEBUG Starting new HTTPS connection (1): www.youtube.com:443
2022-12-10 08:28:55,663 DEBUG https://www.youtube.com:443 "GET /user/SAVITHRI_R HTTP/1.1" 404 None
2022-12-10 08:28:55,673 DEBUG Starting new HTTPS connection (1): github.com:443
2022-12-10 08:28:56,061 DEBUG https://github.com:443 "GET /SAVITHRI_R HTTP/1.1" 404 40
2022-12-10 08:28:56,071 DEBUG Starting new HTTPS connection (1): stackoverflow.com:443
2022-12-10 08:28:56,454 DEBUG https://stackoverflow.com:443 "GET /users/SAVITHRI_R HTTP/1.1" 404 None
2022-12-10 08:28:56,768 DEBUG Starting new HTTPS connection (1): steamcommunity.com:443
2022-12-10 08:28:57,271 DEBUG https://steamcommunity.com:443 "GET /id/SAVITHRI_R HTTP/1.1" 200 5804
2022-12-10 08:28:57,281 DEBUG Starting new HTTPS connection (1): reddit.com:443
2022-12-10 08:28:57,385 DEBUG https://reddit.com:443 "GET /user/SAVITHRI_R HTTP/1.1" 301 0
2022-12-10 08:28:57,390 DEBUG Starting new HTTPS connection (1): www.reddit.com:443
2022-12-10 08:28:58,530 DEBUG https://www.reddit.com:443 "GET /user/SAVITHRI_R HTTP/1.1" 200 None
2022-12-10 08:28:59,605 DEBUG Starting new HTTPS connection (1): duckduckgo.com:443
2022-12-10 08:28:59,757 DEBUG https://duckduckgo.com:443 "GET /html/?q=Ramaguru%20R HTTP/1.1" 302 138
2022-12-10 08:28:59,762 DEBUG Starting new HTTPS connection (1): html.duckduckgo.com:443
2022-12-10 08:29:00,691 DEBUG https://html.duckduckgo.com:443 "GET /html/?q=Ramaguru%20R HTTP/1.1" 200 None
2022-12-10 08:29:01,741 DEBUG Starting new HTTPS connection (1): facebook.com:443
2022-12-10 08:29:02,021 DEBUG https://facebook.com:443 "GET /Ramaguru_R HTTP/1.1" 301 0
2022-12-10 08:29:02,029 DEBUG Starting new HTTPS connection (1): www.facebook.com:443
2022-12-10 08:29:02,375 DEBUG https://www.facebook.com:443 "GET /Ramaguru_R HTTP/1.1" 200 None
2022-12-10 08:29:02,582 DEBUG Starting new HTTPS connection (1): linkedin.com:443
2022-12-10 08:29:02,879 DEBUG https://linkedin.com:443 "GET /in/Ramaguru_R HTTP/1.1" 999 1530
2022-12-10 08:29:02,888 DEBUG Starting new HTTPS connection (1): whitepages.com:443
2022-12-10 08:29:03,539 DEBUG https://whitepages.com:443 "GET /name/Ramaguru_R HTTP/1.1" 301 0
2022-12-10 08:29:03,547 DEBUG Starting new HTTPS connection (1): www.whitepages.com:443
2022-12-10 08:29:03,742 DEBUG https://www.whitepages.com:443 "GET /name/Ramaguru_R HTTP/1.1" 403 None
2022-12-10 08:29:03,751 DEBUG Starting new HTTPS connection (1): peoplefinders.com:443
2022-12-10 08:29:03,992 DEBUG https://peoplefinders.com:443 "GET /name/Ramaguru_R HTTP/1.1" 403 None
2022-12-10 08:29:04,011 DEBUG Starting new HTTPS connection (1): instagram.com:443
2022-12-10 08:29:04,313 DEBUG https://instagram.com:443 "GET /Ramaguru_R HTTP/1.1" 301 0
2022-12-10 08:29:04,645 DEBUG https://instagram.com:443 "GET /Ramaguru_R/ HTTP/1.1" 301 0
2022-12-10 08:29:04,657 DEBUG Starting new HTTPS connection (1): www.instagram.com:443
2022-12-10 08:29:05,085 DEBUG https://www.instagram.com:443 "GET /Ramaguru_R/ HTTP/1.1" 200 None
2022-12-10 08:29:05,857 DEBUG Starting new HTTPS connection (1): pinterest.com:443
2022-12-10 08:29:05,910 DEBUG https://pinterest.com:443 "GET /Ramaguru_R HTTP/1.1" 308 267
2022-12-10 08:29:05,925 DEBUG Starting new HTTPS connection (1): www.pinterest.com:443
2022-12-10 08:29:06,491 DEBUG https://www.pinterest.com:443 "GET /Ramaguru_R HTTP/1.1" 301 None
2022-12-10 08:29:06,502 DEBUG Resetting dropped connection: www.pinterest.com
2022-12-10 08:29:07,205 DEBUG https://www.pinterest.com:443 "GET /Ramaguru_R/ HTTP/1.1" 200 None
2022-12-10 08:29:07,511 DEBUG Starting new HTTPS connection (1): twitter.com:443
2022-12-10 08:29:08,028 DEBUG https://twitter.com:443 "GET /Ramaguru_R HTTP/1.1" 200 None
2022-12-10 08:29:08,353 DEBUG Starting new HTTPS connection (1): youtube.com:443
2022-12-10 08:29:08,490 DEBUG https://youtube.com:443 "GET /user/Ramaguru_R HTTP/1.1" 301 0
2022-12-10 08:29:08,495 DEBUG Starting new HTTPS connection (1): www.youtube.com:443
2022-12-10 08:29:08,651 DEBUG https://www.youtube.com:443 "GET /user/Ramaguru_R HTTP/1.1" 404 None
2022-12-10 08:29:08,661 DEBUG Starting new HTTPS connection (1): github.com:443
2022-12-10 08:29:09,011 DEBUG https://github.com:443 "GET /Ramaguru_R HTTP/1.1" 404 40
2022-12-10 08:29:09,021 DEBUG Starting new HTTPS connection (1): stackoverflow.com:443
2022-12-10 08:29:09,456 DEBUG https://stackoverflow.com:443 "GET /users/Ramaguru_R HTTP/1.1" 404 None
2022-12-10 08:29:09,674 DEBUG Starting new HTTPS connection (1): steamcommunity.com:443
2022-12-10 08:29:10,173 DEBUG https://steamcommunity.com:443 "GET /id/Ramaguru_R HTTP/1.1" 200 5802
2022-12-10 08:29:10,183 DEBUG Starting new HTTPS connection (1): reddit.com:443
2022-12-10 08:29:10,289 DEBUG https://reddit.com:443 "GET /user/Ramaguru_R HTTP/1.1" 301 0
2022-12-10 08:29:10,295 DEBUG Starting new HTTPS connection (1): www.reddit.com:443
2022-12-10 08:29:11,402 DEBUG https://www.reddit.com:443 "GET /user/Ramaguru_R HTTP/1.1" 200 None
