2022-12-10 07:31:26,197 INFO INFO: The option seclected is 4
2022-12-10 07:31:28,668 INFO INFO: The search type is b
2022-12-10 07:31:36,741 DEBUG Starting new HTTPS connection (1): upibankvalidator.com:443
2022-12-10 07:31:38,755 DEBUG https://upibankvalidator.com:443 "POST /api/upiValidation?upi=9786888837@apl HTTP/1.1" 200 None
2022-12-10 07:31:38,765 DEBUG Starting new HTTPS connection (1): upibankvalidator.com:443
2022-12-10 07:31:40,681 DEBUG https://upibankvalidator.com:443 "POST /api/upiValidation?upi=9786888837@oksbi HTTP/1.1" 200 None
2022-12-10 07:31:40,691 DEBUG Starting new HTTPS connection (1): upibankvalidator.com:443
2022-12-10 07:31:43,076 DEBUG https://upibankvalidator.com:443 "POST /api/upiValidation?upi=9786888837@okhdfcbank HTTP/1.1" 200 None
2022-12-10 07:31:43,086 DEBUG Starting new HTTPS connection (1): upibankvalidator.com:443
2022-12-10 07:31:44,981 DEBUG https://upibankvalidator.com:443 "POST /api/upiValidation?upi=9786888837@sbi HTTP/1.1" 200 None
2022-12-10 07:31:44,992 DEBUG Starting new HTTPS connection (1): upibankvalidator.com:443
2022-12-10 07:31:47,581 DEBUG https://upibankvalidator.com:443 "POST /api/upiValidation?upi=9786888837@okicici HTTP/1.1" 200 None
2022-12-10 07:31:47,592 DEBUG Starting new HTTPS connection (1): upibankvalidator.com:443
2022-12-10 07:31:47,886 DEBUG https://upibankvalidator.com:443 "POST /api/upiValidation?upi=9786888837@axisbank HTTP/1.1" 200 None
2022-12-10 07:31:47,895 DEBUG Starting new HTTPS connection (1): upibankvalidator.com:443
2022-12-10 07:31:50,902 DEBUG https://upibankvalidator.com:443 "POST /api/upiValidation?upi=9786888837@ikwik HTTP/1.1" 200 None
2022-12-10 07:31:50,911 DEBUG Starting new HTTPS connection (1): upibankvalidator.com:443
2022-12-10 07:31:52,764 DEBUG https://upibankvalidator.com:443 "POST /api/upiValidation?upi=9786888837@pnb HTTP/1.1" 200 None
2022-12-10 07:31:52,773 DEBUG Starting new HTTPS connection (1): upibankvalidator.com:443
2022-12-10 07:31:55,222 DEBUG https://upibankvalidator.com:443 "POST /api/upiValidation?upi=9786888837@hdfc HTTP/1.1" 200 None
2022-12-10 07:31:55,230 DEBUG Starting new HTTPS connection (1): upibankvalidator.com:443
2022-12-10 07:31:58,704 DEBUG https://upibankvalidator.com:443 "POST /api/upiValidation?upi=9786888837@idfcbank HTTP/1.1" 200 None
2022-12-10 07:31:58,714 DEBUG Starting new HTTPS connection (1): upibankvalidator.com:443
2022-12-10 07:32:02,287 DEBUG https://upibankvalidator.com:443 "POST /api/upiValidation?upi=9786888837@okaxis HTTP/1.1" 200 None
2022-12-10 07:32:02,296 DEBUG Starting new HTTPS connection (1): upibankvalidator.com:443
2022-12-10 07:32:04,199 DEBUG https://upibankvalidator.com:443 "POST /api/upiValidation?upi=9786888837@abfspay HTTP/1.1" 200 None
2022-12-10 07:32:04,209 DEBUG Starting new HTTPS connection (1): upibankvalidator.com:443
2022-12-10 07:32:05,871 DEBUG https://upibankvalidator.com:443 "POST /api/upiValidation?upi=9786888837@ybl HTTP/1.1" 200 None
2022-12-10 07:32:05,879 DEBUG Starting new HTTPS connection (1): upibankvalidator.com:443
2022-12-10 07:32:08,775 DEBUG https://upibankvalidator.com:443 "POST /api/upiValidation?upi=9786888837@barodampay HTTP/1.1" 200 None
2022-12-10 07:32:08,787 DEBUG Starting new HTTPS connection (1): upibankvalidator.com:443
2022-12-10 07:32:09,126 DEBUG https://upibankvalidator.com:443 "POST /api/upiValidation?upi=9786888837@upi HTTP/1.1" 200 None
2022-12-10 07:32:09,134 DEBUG Starting new HTTPS connection (1): upibankvalidator.com:443
2022-12-10 07:32:09,472 DEBUG https://upibankvalidator.com:443 "POST /api/upiValidation?upi=9786888837@paytm HTTP/1.1" 200 None
2022-12-10 07:32:09,485 DEBUG Starting new HTTPS connection (1): upibankvalidator.com:443
2022-12-10 07:32:13,450 DEBUG https://upibankvalidator.com:443 "POST /api/upiValidation?upi=9786888837@yapl HTTP/1.1" 200 None
2022-12-10 07:32:13,462 DEBUG Starting new HTTPS connection (1): upibankvalidator.com:443
2022-12-10 07:32:16,450 DEBUG https://upibankvalidator.com:443 "POST /api/upiValidation?upi=9786888837@dbs HTTP/1.1" 200 None
2022-12-10 07:32:16,457 DEBUG Starting new HTTPS connection (1): upibankvalidator.com:443
2022-12-10 07:32:18,109 DEBUG https://upibankvalidator.com:443 "POST /api/upiValidation?upi=9786888837@yesbankltd HTTP/1.1" 200 None
2022-12-10 07:32:18,118 DEBUG Starting new HTTPS connection (1): upibankvalidator.com:443
2022-12-10 07:32:20,672 DEBUG https://upibankvalidator.com:443 "POST /api/upiValidation?upi=9786888837@utbi HTTP/1.1" 200 None
2022-12-10 07:32:20,683 DEBUG Starting new HTTPS connection (1): upibankvalidator.com:443
2022-12-10 07:32:24,100 DEBUG https://upibankvalidator.com:443 "POST /api/upiValidation?upi=9786888837@united HTTP/1.1" 200 None
2022-12-10 07:32:24,120 DEBUG Starting new HTTPS connection (1): upibankvalidator.com:443
2022-12-10 07:32:26,398 DEBUG https://upibankvalidator.com:443 "POST /api/upiValidation?upi=9786888837@ubi HTTP/1.1" 200 None
2022-12-10 07:32:26,404 DEBUG Starting new HTTPS connection (1): upibankvalidator.com:443
2022-12-10 07:32:29,118 DEBUG https://upibankvalidator.com:443 "POST /api/upiValidation?upi=9786888837@rajgovhdfcbank HTTP/1.1" 200 None
2022-12-10 07:32:29,131 DEBUG Starting new HTTPS connection (1): upibankvalidator.com:443
2022-12-10 07:32:31,636 DEBUG https://upibankvalidator.com:443 "POST /api/upiValidation?upi=9786888837@pockets HTTP/1.1" 200 None
2022-12-10 07:32:31,645 DEBUG Starting new HTTPS connection (1): upibankvalidator.com:443
2022-12-10 07:32:34,031 DEBUG https://upibankvalidator.com:443 "POST /api/upiValidation?upi=9786888837@payzapp HTTP/1.1" 200 None
2022-12-10 07:32:34,038 DEBUG Starting new HTTPS connection (1): upibankvalidator.com:443
2022-12-10 07:32:35,670 DEBUG https://upibankvalidator.com:443 "POST /api/upiValidation?upi=9786888837@mahb HTTP/1.1" 200 None
2022-12-10 07:32:35,682 DEBUG Starting new HTTPS connection (1): upibankvalidator.com:443
2022-12-10 07:32:39,007 DEBUG https://upibankvalidator.com:443 "POST /api/upiValidation?upi=9786888837@kaypay HTTP/1.1" 200 None
2022-12-10 07:32:39,019 DEBUG Starting new HTTPS connection (1): upibankvalidator.com:443
2022-12-10 07:32:40,636 DEBUG https://upibankvalidator.com:443 "POST /api/upiValidation?upi=9786888837@imobile HTTP/1.1" 200 None
2022-12-10 07:32:40,641 DEBUG Starting new HTTPS connection (1): upibankvalidator.com:443
2022-12-10 07:32:43,350 DEBUG https://upibankvalidator.com:443 "POST /api/upiValidation?upi=9786888837@idbibank HTTP/1.1" 200 None
2022-12-10 07:32:43,359 DEBUG Starting new HTTPS connection (1): upibankvalidator.com:443
2022-12-10 07:32:45,910 DEBUG https://upibankvalidator.com:443 "POST /api/upiValidation?upi=9786888837@hdfcbank HTTP/1.1" 200 None
2022-12-10 07:32:45,922 DEBUG Starting new HTTPS connection (1): upibankvalidator.com:443
2022-12-10 07:32:49,392 DEBUG https://upibankvalidator.com:443 "POST /api/upiValidation?upi=9786888837@ezeepay HTTP/1.1" 200 None
2022-12-10 07:32:49,402 DEBUG Starting new HTTPS connection (1): upibankvalidator.com:443
2022-12-10 07:32:52,152 DEBUG https://upibankvalidator.com:443 "POST /api/upiValidation?upi=9786888837@eazypay HTTP/1.1" 200 None
2022-12-10 07:32:52,162 DEBUG Starting new HTTPS connection (1): upibankvalidator.com:443
2022-12-10 07:32:54,614 DEBUG https://upibankvalidator.com:443 "POST /api/upiValidation?upi=9786888837@cnrb HTTP/1.1" 200 None
2022-12-10 07:32:54,626 DEBUG Starting new HTTPS connection (1): upibankvalidator.com:443
2022-12-10 07:32:58,096 DEBUG https://upibankvalidator.com:443 "POST /api/upiValidation?upi=9786888837@centralbank HTTP/1.1" 200 None
2022-12-10 07:32:58,104 DEBUG Starting new HTTPS connection (1): upibankvalidator.com:443
2022-12-10 07:33:00,759 DEBUG https://upibankvalidator.com:443 "POST /api/upiValidation?upi=9786888837@cboi HTTP/1.1" 200 None
2022-12-10 07:33:00,773 DEBUG Starting new HTTPS connection (1): upibankvalidator.com:443
2022-12-10 07:33:02,397 DEBUG https://upibankvalidator.com:443 "POST /api/upiValidation?upi=9786888837@cbin HTTP/1.1" 200 None
2022-12-10 07:33:02,408 DEBUG Starting new HTTPS connection (1): upibankvalidator.com:443
2022-12-10 07:33:05,889 DEBUG https://upibankvalidator.com:443 "POST /api/upiValidation?upi=9786888837@boi HTTP/1.1" 200 None
2022-12-10 07:33:05,901 DEBUG Starting new HTTPS connection (1): upibankvalidator.com:443
2022-12-10 07:33:07,312 DEBUG https://upibankvalidator.com:443 "POST /api/upiValidation?upi=9786888837@yesbank HTTP/1.1" 200 None
2022-12-10 07:33:07,324 DEBUG Starting new HTTPS connection (1): upibankvalidator.com:443
2022-12-10 07:33:10,794 DEBUG https://upibankvalidator.com:443 "POST /api/upiValidation?upi=9786888837@wasbi HTTP/1.1" 200 None
2022-12-10 07:33:10,806 DEBUG Starting new HTTPS connection (1): upibankvalidator.com:443
2022-12-10 07:33:12,946 DEBUG https://upibankvalidator.com:443 "POST /api/upiValidation?upi=9786888837@waicici HTTP/1.1" 200 None
2022-12-10 07:33:12,958 DEBUG Starting new HTTPS connection (1): upibankvalidator.com:443
2022-12-10 07:33:14,890 DEBUG https://upibankvalidator.com:443 "POST /api/upiValidation?upi=9786888837@wahdfcbank HTTP/1.1" 200 None
2022-12-10 07:33:14,901 DEBUG Starting new HTTPS connection (1): upibankvalidator.com:443
2022-12-10 07:33:18,678 DEBUG https://upibankvalidator.com:443 "POST /api/upiValidation?upi=9786888837@waaxis HTTP/1.1" 200 None
2022-12-10 07:33:18,691 DEBUG Starting new HTTPS connection (1): upibankvalidator.com:443
2022-12-10 07:33:20,829 DEBUG https://upibankvalidator.com:443 "POST /api/upiValidation?upi=9786888837@unionbankofindia HTTP/1.1" 200 None
2022-12-10 07:33:20,841 DEBUG Starting new HTTPS connection (1): upibankvalidator.com:443
2022-12-10 07:33:24,434 DEBUG https://upibankvalidator.com:443 "POST /api/upiValidation?upi=9786888837@unionbank HTTP/1.1" 200 None
2022-12-10 07:33:24,447 DEBUG Starting new HTTPS connection (1): upibankvalidator.com:443
2022-12-10 07:33:26,535 DEBUG https://upibankvalidator.com:443 "POST /api/upiValidation?upi=9786888837@uco HTTP/1.1" 200 None
2022-12-10 07:33:26,546 DEBUG Starting new HTTPS connection (1): upibankvalidator.com:443
2022-12-10 07:33:37,111 DEBUG https://upibankvalidator.com:443 "POST /api/upiValidation?upi=9786888837@ubio HTTP/1.1" 200 None
2022-12-10 07:33:37,123 DEBUG Starting new HTTPS connection (1): upibankvalidator.com:443
2022-12-10 07:33:38,852 DEBUG https://upibankvalidator.com:443 "POST /api/upiValidation?upi=9786888837@timecosmos HTTP/1.1" 200 None
2022-12-10 07:33:38,865 DEBUG Starting new HTTPS connection (1): upibankvalidator.com:443
2022-12-10 07:33:41,512 DEBUG https://upibankvalidator.com:443 "POST /api/upiValidation?upi=9786888837@tapicici HTTP/1.1" 200 None
2022-12-10 07:33:41,524 DEBUG Starting new HTTPS connection (1): upibankvalidator.com:443
2022-12-10 07:33:44,996 DEBUG https://upibankvalidator.com:443 "POST /api/upiValidation?upi=9786888837@sib HTTP/1.1" 200 None
2022-12-10 07:33:45,008 DEBUG Starting new HTTPS connection (1): upibankvalidator.com:443
2022-12-10 07:33:47,044 DEBUG https://upibankvalidator.com:443 "POST /api/upiValidation?upi=9786888837@rbl HTTP/1.1" 200 None
2022-12-10 07:33:47,056 DEBUG Starting new HTTPS connection (1): upibankvalidator.com:443
2022-12-10 07:33:48,989 DEBUG https://upibankvalidator.com:443 "POST /api/upiValidation?upi=9786888837@pingpay HTTP/1.1" 200 None
2022-12-10 07:33:49,001 DEBUG Starting new HTTPS connection (1): upibankvalidator.com:443
2022-12-10 07:33:51,140 DEBUG https://upibankvalidator.com:443 "POST /api/upiValidation?upi=9786888837@kotak HTTP/1.1" 200 None
2022-12-10 07:33:51,152 DEBUG Starting new HTTPS connection (1): upibankvalidator.com:443
2022-12-10 07:33:53,087 DEBUG https://upibankvalidator.com:443 "POST /api/upiValidation?upi=9786888837@kmbl HTTP/1.1" 200 None
2022-12-10 07:33:53,100 DEBUG Starting new HTTPS connection (1): upibankvalidator.com:443
2022-12-10 07:33:54,942 DEBUG https://upibankvalidator.com:443 "POST /api/upiValidation?upi=9786888837@kbl HTTP/1.1" 200 None
2022-12-10 07:33:54,950 DEBUG Starting new HTTPS connection (1): upibankvalidator.com:443
2022-12-10 07:33:58,738 DEBUG https://upibankvalidator.com:443 "POST /api/upiValidation?upi=9786888837@jupiteraxis HTTP/1.1" 200 None
2022-12-10 07:33:58,751 DEBUG Starting new HTTPS connection (1): upibankvalidator.com:443
2022-12-10 07:34:02,097 DEBUG https://upibankvalidator.com:443 "POST /api/upiValidation?upi=9786888837@indus HTTP/1.1" 200 None
2022-12-10 07:34:02,107 DEBUG Starting new HTTPS connection (1): upibankvalidator.com:443
2022-12-10 07:34:04,042 DEBUG https://upibankvalidator.com:443 "POST /api/upiValidation?upi=9786888837@indianbank HTTP/1.1" 200 None
2022-12-10 07:34:04,050 DEBUG Starting new HTTPS connection (1): upibankvalidator.com:443
2022-12-10 07:34:06,705 DEBUG https://upibankvalidator.com:443 "POST /api/upiValidation?upi=9786888837@idbi HTTP/1.1" 200 None
2022-12-10 07:34:06,715 DEBUG Starting new HTTPS connection (1): upibankvalidator.com:443
2022-12-10 07:34:07,035 DEBUG https://upibankvalidator.com:443 "POST /api/upiValidation?upi=9786888837@icici HTTP/1.1" 200 None
2022-12-10 07:34:07,045 DEBUG Starting new HTTPS connection (1): upibankvalidator.com:443
2022-12-10 07:34:09,162 DEBUG https://upibankvalidator.com:443 "POST /api/upiValidation?upi=9786888837@ibl HTTP/1.1" 200 None
2022-12-10 07:34:09,172 DEBUG Starting new HTTPS connection (1): upibankvalidator.com:443
2022-12-10 07:34:11,519 DEBUG https://upibankvalidator.com:443 "POST /api/upiValidation?upi=9786888837@hsbc HTTP/1.1" 200 None
2022-12-10 07:34:11,527 DEBUG Starting new HTTPS connection (1): upibankvalidator.com:443
2022-12-10 07:34:14,999 DEBUG https://upibankvalidator.com:443 "POST /api/upiValidation?upi=9786888837@freecharge HTTP/1.1" 200 None
2022-12-10 07:34:15,009 DEBUG Starting new HTTPS connection (1): upibankvalidator.com:443
2022-12-10 07:34:16,696 DEBUG https://upibankvalidator.com:443 "POST /api/upiValidation?upi=9786888837@federal HTTP/1.1" 200 None
2022-12-10 07:34:16,705 DEBUG Starting new HTTPS connection (1): upibankvalidator.com:443
2022-12-10 07:34:20,119 DEBUG https://upibankvalidator.com:443 "POST /api/upiValidation?upi=9786888837@fbl HTTP/1.1" 200 None
2022-12-10 07:34:20,129 DEBUG Starting new HTTPS connection (1): upibankvalidator.com:443
2022-12-10 07:34:23,396 DEBUG https://upibankvalidator.com:443 "POST /api/upiValidation?upi=9786888837@dlb HTTP/1.1" 200 None
2022-12-10 07:34:23,406 DEBUG Starting new HTTPS connection (1): upibankvalidator.com:443
2022-12-10 07:34:25,956 DEBUG https://upibankvalidator.com:443 "POST /api/upiValidation?upi=9786888837@citigold HTTP/1.1" 200 None
2022-12-10 07:34:25,965 DEBUG Starting new HTTPS connection (1): upibankvalidator.com:443
2022-12-10 07:34:28,414 DEBUG https://upibankvalidator.com:443 "POST /api/upiValidation?upi=9786888837@citi HTTP/1.1" 200 None
2022-12-10 07:34:28,423 DEBUG Starting new HTTPS connection (1): upibankvalidator.com:443
2022-12-10 07:34:30,871 DEBUG https://upibankvalidator.com:443 "POST /api/upiValidation?upi=9786888837@bandhan HTTP/1.1" 200 None
2022-12-10 07:34:30,881 DEBUG Starting new HTTPS connection (1): upibankvalidator.com:443
2022-12-10 07:34:33,226 DEBUG https://upibankvalidator.com:443 "POST /api/upiValidation?upi=9786888837@axl HTTP/1.1" 200 None
2022-12-10 07:34:33,236 DEBUG Starting new HTTPS connection (1): upibankvalidator.com:443
2022-12-10 07:34:35,160 DEBUG https://upibankvalidator.com:443 "POST /api/upiValidation?upi=9786888837@axisb HTTP/1.1" 200 None
2022-12-10 07:34:35,170 DEBUG Starting new HTTPS connection (1): upibankvalidator.com:443
2022-12-10 07:34:36,811 DEBUG https://upibankvalidator.com:443 "POST /api/upiValidation?upi=9786888837@aubank HTTP/1.1" 200 None
2022-12-10 07:34:36,823 DEBUG Starting new HTTPS connection (1): upibankvalidator.com:443
2022-12-10 07:34:39,268 DEBUG https://upibankvalidator.com:443 "POST /api/upiValidation?upi=9786888837@allbank HTTP/1.1" 200 None
2022-12-10 07:34:39,299 DEBUG Starting new HTTPS connection (1): duckduckgo.com:443
2022-12-10 07:34:39,780 DEBUG https://duckduckgo.com:443 "GET /html/?q=RAMAGURU%20R HTTP/1.1" 302 138
2022-12-10 07:34:39,789 DEBUG Starting new HTTPS connection (1): html.duckduckgo.com:443
2022-12-10 07:34:40,702 DEBUG https://html.duckduckgo.com:443 "GET /html/?q=RAMAGURU%20R HTTP/1.1" 200 None
2022-12-10 07:34:41,787 DEBUG Starting new HTTPS connection (1): facebook.com:443
2022-12-10 07:34:42,136 DEBUG https://facebook.com:443 "GET /RAMAGURU_R HTTP/1.1" 301 0
2022-12-10 07:34:42,151 DEBUG Starting new HTTPS connection (1): www.facebook.com:443
2022-12-10 07:34:42,546 DEBUG https://www.facebook.com:443 "GET /RAMAGURU_R HTTP/1.1" 200 None
2022-12-10 07:34:42,595 DEBUG Starting new HTTPS connection (1): linkedin.com:443
2022-12-10 07:34:42,955 DEBUG https://linkedin.com:443 "GET /in/RAMAGURU_R HTTP/1.1" 999 1530
2022-12-10 07:34:42,992 DEBUG Starting new HTTPS connection (1): whitepages.com:443
2022-12-10 07:34:43,876 DEBUG https://whitepages.com:443 "GET /name/RAMAGURU_R HTTP/1.1" 301 0
2022-12-10 07:34:43,945 DEBUG Starting new HTTPS connection (1): www.whitepages.com:443
2022-12-10 07:34:44,149 DEBUG https://www.whitepages.com:443 "GET /name/RAMAGURU_R HTTP/1.1" 403 None
2022-12-10 07:34:44,177 DEBUG Starting new HTTPS connection (1): peoplefinders.com:443
2022-12-10 07:34:44,404 DEBUG https://peoplefinders.com:443 "GET /name/RAMAGURU_R HTTP/1.1" 403 None
2022-12-10 07:34:44,425 DEBUG Starting new HTTPS connection (1): instagram.com:443
2022-12-10 07:34:44,704 DEBUG https://instagram.com:443 "GET /RAMAGURU_R HTTP/1.1" 301 0
2022-12-10 07:34:45,003 DEBUG https://instagram.com:443 "GET /RAMAGURU_R/ HTTP/1.1" 301 0
2022-12-10 07:34:45,024 DEBUG Starting new HTTPS connection (1): www.instagram.com:443
2022-12-10 07:34:45,474 DEBUG https://www.instagram.com:443 "GET /RAMAGURU_R/ HTTP/1.1" 200 None
2022-12-10 07:34:46,275 DEBUG Starting new HTTPS connection (1): pinterest.com:443
2022-12-10 07:34:46,444 DEBUG https://pinterest.com:443 "GET /RAMAGURU_R HTTP/1.1" 308 267
2022-12-10 07:34:46,465 DEBUG Starting new HTTPS connection (1): www.pinterest.com:443
2022-12-10 07:34:46,846 DEBUG https://www.pinterest.com:443 "GET /RAMAGURU_R HTTP/1.1" 301 None
2022-12-10 07:34:47,361 DEBUG https://www.pinterest.com:443 "GET /RAMAGURU_R/ HTTP/1.1" 200 None
2022-12-10 07:34:47,594 DEBUG Starting new HTTPS connection (1): twitter.com:443
2022-12-10 07:34:48,054 DEBUG https://twitter.com:443 "GET /RAMAGURU_R HTTP/1.1" 200 None
2022-12-10 07:34:48,434 DEBUG Starting new HTTPS connection (1): youtube.com:443
2022-12-10 07:34:48,617 DEBUG https://youtube.com:443 "GET /user/RAMAGURU_R HTTP/1.1" 301 0
2022-12-10 07:34:48,633 DEBUG Starting new HTTPS connection (1): www.youtube.com:443
2022-12-10 07:34:48,817 DEBUG https://www.youtube.com:443 "GET /user/RAMAGURU_R HTTP/1.1" 404 None
2022-12-10 07:34:48,851 DEBUG Starting new HTTPS connection (1): github.com:443
2022-12-10 07:34:49,207 DEBUG https://github.com:443 "GET /RAMAGURU_R HTTP/1.1" 404 40
2022-12-10 07:34:49,259 DEBUG Starting new HTTPS connection (1): stackoverflow.com:443
2022-12-10 07:34:49,816 DEBUG https://stackoverflow.com:443 "GET /users/RAMAGURU_R HTTP/1.1" 404 None
2022-12-10 07:34:50,021 DEBUG Starting new HTTPS connection (1): steamcommunity.com:443
2022-12-10 07:34:50,635 DEBUG https://steamcommunity.com:443 "GET /id/RAMAGURU_R HTTP/1.1" 200 5803
2022-12-10 07:34:50,668 DEBUG Starting new HTTPS connection (1): reddit.com:443
2022-12-10 07:34:50,727 DEBUG https://reddit.com:443 "GET /user/RAMAGURU_R HTTP/1.1" 301 0
2022-12-10 07:34:50,738 DEBUG Starting new HTTPS connection (1): www.reddit.com:443
2022-12-10 07:34:52,068 DEBUG https://www.reddit.com:443 "GET /user/RAMAGURU_R HTTP/1.1" 200 None
2022-12-10 07:34:53,028 DEBUG Starting new HTTPS connection (1): duckduckgo.com:443
2022-12-10 07:34:53,503 DEBUG https://duckduckgo.com:443 "GET /html/?q=SAVITHRI%20R HTTP/1.1" 302 138
2022-12-10 07:34:53,511 DEBUG Starting new HTTPS connection (1): html.duckduckgo.com:443
2022-12-10 07:34:54,494 DEBUG https://html.duckduckgo.com:443 "GET /html/?q=SAVITHRI%20R HTTP/1.1" 200 None
2022-12-10 07:34:55,560 DEBUG Starting new HTTPS connection (1): facebook.com:443
2022-12-10 07:34:55,855 DEBUG https://facebook.com:443 "GET /SAVITHRI_R HTTP/1.1" 301 0
2022-12-10 07:34:55,864 DEBUG Starting new HTTPS connection (1): www.facebook.com:443
2022-12-10 07:34:56,471 DEBUG https://www.facebook.com:443 "GET /SAVITHRI_R HTTP/1.1" 200 None
2022-12-10 07:34:56,551 DEBUG Starting new HTTPS connection (1): linkedin.com:443
2022-12-10 07:34:56,856 DEBUG https://linkedin.com:443 "GET /in/SAVITHRI_R HTTP/1.1" 999 1530
2022-12-10 07:34:56,868 DEBUG Starting new HTTPS connection (1): whitepages.com:443
2022-12-10 07:34:57,513 DEBUG https://whitepages.com:443 "GET /name/SAVITHRI_R HTTP/1.1" 301 0
2022-12-10 07:34:57,520 DEBUG Starting new HTTPS connection (1): www.whitepages.com:443
2022-12-10 07:34:57,711 DEBUG https://www.whitepages.com:443 "GET /name/SAVITHRI_R HTTP/1.1" 403 None
2022-12-10 07:34:57,723 DEBUG Starting new HTTPS connection (1): peoplefinders.com:443
2022-12-10 07:34:57,957 DEBUG https://peoplefinders.com:443 "GET /name/SAVITHRI_R HTTP/1.1" 403 None
2022-12-10 07:34:57,968 DEBUG Starting new HTTPS connection (1): instagram.com:443
2022-12-10 07:34:58,227 DEBUG https://instagram.com:443 "GET /SAVITHRI_R HTTP/1.1" 301 0
2022-12-10 07:34:58,448 DEBUG https://instagram.com:443 "GET /SAVITHRI_R/ HTTP/1.1" 301 0
2022-12-10 07:34:58,457 DEBUG Starting new HTTPS connection (1): www.instagram.com:443
2022-12-10 07:34:58,827 DEBUG https://www.instagram.com:443 "GET /SAVITHRI_R/ HTTP/1.1" 200 None
2022-12-10 07:34:59,148 DEBUG Starting new HTTPS connection (1): pinterest.com:443
2022-12-10 07:34:59,208 DEBUG https://pinterest.com:443 "GET /SAVITHRI_R HTTP/1.1" 308 267
2022-12-10 07:34:59,212 DEBUG Starting new HTTPS connection (1): www.pinterest.com:443
2022-12-10 07:34:59,496 DEBUG https://www.pinterest.com:443 "GET /SAVITHRI_R HTTP/1.1" 301 None
2022-12-10 07:34:59,927 DEBUG https://www.pinterest.com:443 "GET /SAVITHRI_R/ HTTP/1.1" 200 None
2022-12-10 07:35:00,241 DEBUG Starting new HTTPS connection (1): twitter.com:443
2022-12-10 07:35:00,695 DEBUG https://twitter.com:443 "GET /SAVITHRI_R HTTP/1.1" 200 None
2022-12-10 07:35:01,051 DEBUG Starting new HTTPS connection (1): youtube.com:443
2022-12-10 07:35:01,201 DEBUG https://youtube.com:443 "GET /user/SAVITHRI_R HTTP/1.1" 301 0
2022-12-10 07:35:01,209 DEBUG Starting new HTTPS connection (1): www.youtube.com:443
2022-12-10 07:35:01,385 DEBUG https://www.youtube.com:443 "GET /user/SAVITHRI_R HTTP/1.1" 404 None
2022-12-10 07:35:01,397 DEBUG Starting new HTTPS connection (1): github.com:443
2022-12-10 07:35:01,803 DEBUG https://github.com:443 "GET /SAVITHRI_R HTTP/1.1" 404 40
2022-12-10 07:35:01,813 DEBUG Starting new HTTPS connection (1): stackoverflow.com:443
2022-12-10 07:35:02,206 DEBUG https://stackoverflow.com:443 "GET /users/SAVITHRI_R HTTP/1.1" 404 None
2022-12-10 07:35:02,446 DEBUG Starting new HTTPS connection (1): steamcommunity.com:443
2022-12-10 07:35:03,025 DEBUG https://steamcommunity.com:443 "GET /id/SAVITHRI_R HTTP/1.1" 200 5805
2022-12-10 07:35:03,035 DEBUG Starting new HTTPS connection (1): reddit.com:443
2022-12-10 07:35:03,082 DEBUG https://reddit.com:443 "GET /user/SAVITHRI_R HTTP/1.1" 301 0
2022-12-10 07:35:03,086 DEBUG Starting new HTTPS connection (1): www.reddit.com:443
2022-12-10 07:35:04,664 DEBUG https://www.reddit.com:443 "GET /user/SAVITHRI_R HTTP/1.1" 200 None
2022-12-10 07:35:05,397 DEBUG Starting new HTTPS connection (1): duckduckgo.com:443
2022-12-10 07:35:05,592 DEBUG https://duckduckgo.com:443 "GET /html/?q=Ramaguru%20R HTTP/1.1" 302 138
2022-12-10 07:35:05,599 DEBUG Starting new HTTPS connection (1): html.duckduckgo.com:443
2022-12-10 07:35:06,826 DEBUG https://html.duckduckgo.com:443 "GET /html/?q=Ramaguru%20R HTTP/1.1" 200 None
2022-12-10 07:35:07,877 DEBUG Starting new HTTPS connection (1): facebook.com:443
2022-12-10 07:35:08,160 DEBUG https://facebook.com:443 "GET /Ramaguru_R HTTP/1.1" 301 0
2022-12-10 07:35:08,176 DEBUG Starting new HTTPS connection (1): www.facebook.com:443
2022-12-10 07:35:08,526 DEBUG https://www.facebook.com:443 "GET /Ramaguru_R HTTP/1.1" 200 None
2022-12-10 07:35:08,585 DEBUG Starting new HTTPS connection (1): linkedin.com:443
2022-12-10 07:35:08,898 DEBUG https://linkedin.com:443 "GET /in/Ramaguru_R HTTP/1.1" 999 1530
2022-12-10 07:35:08,908 DEBUG Starting new HTTPS connection (1): whitepages.com:443
2022-12-10 07:35:09,565 DEBUG https://whitepages.com:443 "GET /name/Ramaguru_R HTTP/1.1" 301 0
2022-12-10 07:35:09,572 DEBUG Starting new HTTPS connection (1): www.whitepages.com:443
2022-12-10 07:35:09,765 DEBUG https://www.whitepages.com:443 "GET /name/Ramaguru_R HTTP/1.1" 403 None
2022-12-10 07:35:09,773 DEBUG Starting new HTTPS connection (1): peoplefinders.com:443
2022-12-10 07:35:10,034 DEBUG https://peoplefinders.com:443 "GET /name/Ramaguru_R HTTP/1.1" 403 None
2022-12-10 07:35:10,043 DEBUG Starting new HTTPS connection (1): instagram.com:443
2022-12-10 07:35:10,298 DEBUG https://instagram.com:443 "GET /Ramaguru_R HTTP/1.1" 301 0
2022-12-10 07:35:10,541 DEBUG https://instagram.com:443 "GET /Ramaguru_R/ HTTP/1.1" 301 0
2022-12-10 07:35:10,559 DEBUG Starting new HTTPS connection (1): www.instagram.com:443
2022-12-10 07:35:11,218 DEBUG https://www.instagram.com:443 "GET /Ramaguru_R/ HTTP/1.1" 200 None
2022-12-10 07:35:11,927 DEBUG Starting new HTTPS connection (1): pinterest.com:443
2022-12-10 07:35:11,975 DEBUG https://pinterest.com:443 "GET /Ramaguru_R HTTP/1.1" 308 267
2022-12-10 07:35:11,980 DEBUG Starting new HTTPS connection (1): www.pinterest.com:443
2022-12-10 07:35:12,345 DEBUG https://www.pinterest.com:443 "GET /Ramaguru_R HTTP/1.1" 301 None
2022-12-10 07:35:12,754 DEBUG https://www.pinterest.com:443 "GET /Ramaguru_R/ HTTP/1.1" 200 None
2022-12-10 07:35:12,960 DEBUG Starting new HTTPS connection (1): twitter.com:443
2022-12-10 07:35:13,434 DEBUG https://twitter.com:443 "GET /Ramaguru_R HTTP/1.1" 200 None
2022-12-10 07:35:13,799 DEBUG Starting new HTTPS connection (1): youtube.com:443
2022-12-10 07:35:13,958 DEBUG https://youtube.com:443 "GET /user/Ramaguru_R HTTP/1.1" 301 0
2022-12-10 07:35:13,966 DEBUG Starting new HTTPS connection (1): www.youtube.com:443
2022-12-10 07:35:14,128 DEBUG https://www.youtube.com:443 "GET /user/Ramaguru_R HTTP/1.1" 404 None
2022-12-10 07:35:14,144 DEBUG Starting new HTTPS connection (1): github.com:443
2022-12-10 07:35:14,495 DEBUG https://github.com:443 "GET /Ramaguru_R HTTP/1.1" 404 40
2022-12-10 07:35:14,505 DEBUG Starting new HTTPS connection (1): stackoverflow.com:443
2022-12-10 07:35:14,904 DEBUG https://stackoverflow.com:443 "GET /users/Ramaguru_R HTTP/1.1" 404 None
2022-12-10 07:35:15,117 DEBUG Starting new HTTPS connection (1): steamcommunity.com:443
2022-12-10 07:35:15,723 DEBUG https://steamcommunity.com:443 "GET /id/Ramaguru_R HTTP/1.1" 200 5802
2022-12-10 07:35:15,732 DEBUG Starting new HTTPS connection (1): reddit.com:443
2022-12-10 07:35:15,784 DEBUG https://reddit.com:443 "GET /user/Ramaguru_R HTTP/1.1" 301 0
2022-12-10 07:35:15,794 DEBUG Starting new HTTPS connection (1): www.reddit.com:443
2022-12-10 07:35:17,157 DEBUG https://www.reddit.com:443 "GET /user/Ramaguru_R HTTP/1.1" 200 None
