2022-12-10 01:20:15,454 INFO INFO: The option seclected is 4
2022-12-10 01:20:23,329 INFO INFO: The search type is d
2022-12-10 01:20:33,212 DEBUG Starting new HTTPS connection (1): upibankvalidator.com:443
2022-12-10 01:20:35,564 DEBUG https://upibankvalidator.com:443 "POST /api/upiValidation?upi=vinothdayalan.official@apl HTTP/1.1" 200 None
2022-12-10 01:20:35,574 DEBUG Starting new HTTPS connection (1): upibankvalidator.com:443
2022-12-10 01:20:37,204 DEBUG https://upibankvalidator.com:443 "POST /api/upiValidation?upi=vinothdayalan.official@oksbi HTTP/1.1" 200 None
2022-12-10 01:20:37,213 DEBUG Starting new HTTPS connection (1): upibankvalidator.com:443
2022-12-10 01:20:39,352 DEBUG https://upibankvalidator.com:443 "POST /api/upiValidation?upi=vinothdayalan.official@okhdfcbank HTTP/1.1" 200 None
2022-12-10 01:20:39,361 DEBUG Starting new HTTPS connection (1): upibankvalidator.com:443
2022-12-10 01:20:42,422 DEBUG https://upibankvalidator.com:443 "POST /api/upiValidation?upi=vinothdayalan.official@sbi HTTP/1.1" 200 None
2022-12-10 01:20:42,432 DEBUG Starting new HTTPS connection (1): upibankvalidator.com:443
2022-12-10 01:20:43,138 DEBUG https://upibankvalidator.com:443 "POST /api/upiValidation?upi=vinothdayalan.official@okicici HTTP/1.1" 200 None
2022-12-10 01:20:43,146 DEBUG Starting new HTTPS connection (1): upibankvalidator.com:443
2022-12-10 01:20:45,704 DEBUG https://upibankvalidator.com:443 "POST /api/upiValidation?upi=vinothdayalan.official@axisbank HTTP/1.1" 200 None
2022-12-10 01:20:45,713 DEBUG Starting new HTTPS connection (1): upibankvalidator.com:443
2022-12-10 01:20:48,876 DEBUG https://upibankvalidator.com:443 "POST /api/upiValidation?upi=vinothdayalan.official@ikwik HTTP/1.1" 200 None
2022-12-10 01:20:48,885 DEBUG Starting new HTTPS connection (1): upibankvalidator.com:443
2022-12-10 01:20:51,849 DEBUG https://upibankvalidator.com:443 "POST /api/upiValidation?upi=vinothdayalan.official@pnb HTTP/1.1" 200 None
2022-12-10 01:20:51,858 DEBUG Starting new HTTPS connection (1): upibankvalidator.com:443
2022-12-10 01:20:53,793 DEBUG https://upibankvalidator.com:443 "POST /api/upiValidation?upi=vinothdayalan.official@hdfc HTTP/1.1" 200 None
2022-12-10 01:20:53,803 DEBUG Starting new HTTPS connection (1): upibankvalidator.com:443
2022-12-10 01:20:56,393 DEBUG https://upibankvalidator.com:443 "POST /api/upiValidation?upi=vinothdayalan.official@idfcbank HTTP/1.1" 200 None
2022-12-10 01:20:56,402 DEBUG Starting new HTTPS connection (1): upibankvalidator.com:443
2022-12-10 01:20:56,991 DEBUG https://upibankvalidator.com:443 "POST /api/upiValidation?upi=vinothdayalan.official@okaxis HTTP/1.1" 200 None
2022-12-10 01:20:57,000 DEBUG Starting new HTTPS connection (1): upibankvalidator.com:443
2022-12-10 01:20:59,687 DEBUG https://upibankvalidator.com:443 "POST /api/upiValidation?upi=vinothdayalan.official@abfspay HTTP/1.1" 200 None
2022-12-10 01:20:59,696 DEBUG Starting new HTTPS connection (1): upibankvalidator.com:443
2022-12-10 01:21:01,983 DEBUG https://upibankvalidator.com:443 "POST /api/upiValidation?upi=vinothdayalan.official@ybl HTTP/1.1" 200 None
2022-12-10 01:21:01,993 DEBUG Starting new HTTPS connection (1): upibankvalidator.com:443
2022-12-10 01:21:05,055 DEBUG https://upibankvalidator.com:443 "POST /api/upiValidation?upi=vinothdayalan.official@barodampay HTTP/1.1" 200 None
2022-12-10 01:21:05,065 DEBUG Starting new HTTPS connection (1): upibankvalidator.com:443
2022-12-10 01:21:07,719 DEBUG https://upibankvalidator.com:443 "POST /api/upiValidation?upi=vinothdayalan.official@upi HTTP/1.1" 200 None
2022-12-10 01:21:07,728 DEBUG Starting new HTTPS connection (1): upibankvalidator.com:443
2022-12-10 01:21:10,175 DEBUG https://upibankvalidator.com:443 "POST /api/upiValidation?upi=vinothdayalan.official@paytm HTTP/1.1" 200 None
2022-12-10 01:21:10,184 DEBUG Starting new HTTPS connection (1): upibankvalidator.com:443
2022-12-10 01:21:12,531 DEBUG https://upibankvalidator.com:443 "POST /api/upiValidation?upi=vinothdayalan.official@yapl HTTP/1.1" 200 None
2022-12-10 01:21:12,541 DEBUG Starting new HTTPS connection (1): upibankvalidator.com:443
2022-12-10 01:21:15,092 DEBUG https://upibankvalidator.com:443 "POST /api/upiValidation?upi=vinothdayalan.official@dbs HTTP/1.1" 200 None
2022-12-10 01:21:15,101 DEBUG Starting new HTTPS connection (1): upibankvalidator.com:443
2022-12-10 01:21:17,778 DEBUG https://upibankvalidator.com:443 "POST /api/upiValidation?upi=vinothdayalan.official@yesbankltd HTTP/1.1" 200 None
2022-12-10 01:21:17,787 DEBUG Starting new HTTPS connection (1): upibankvalidator.com:443
2022-12-10 01:21:20,416 DEBUG https://upibankvalidator.com:443 "POST /api/upiValidation?upi=vinothdayalan.official@utbi HTTP/1.1" 200 None
2022-12-10 01:21:20,425 DEBUG Starting new HTTPS connection (1): upibankvalidator.com:443
2022-12-10 01:21:22,872 DEBUG https://upibankvalidator.com:443 "POST /api/upiValidation?upi=vinothdayalan.official@united HTTP/1.1" 200 None
2022-12-10 01:21:22,881 DEBUG Starting new HTTPS connection (1): upibankvalidator.com:443
2022-12-10 01:21:26,181 DEBUG https://upibankvalidator.com:443 "POST /api/upiValidation?upi=vinothdayalan.official@ubi HTTP/1.1" 200 None
2022-12-10 01:21:26,190 DEBUG Starting new HTTPS connection (1): upibankvalidator.com:443
2022-12-10 01:21:28,666 DEBUG https://upibankvalidator.com:443 "POST /api/upiValidation?upi=vinothdayalan.official@rajgovhdfcbank HTTP/1.1" 200 None
2022-12-10 01:21:28,675 DEBUG Starting new HTTPS connection (1): upibankvalidator.com:443
2022-12-10 01:21:30,552 DEBUG https://upibankvalidator.com:443 "POST /api/upiValidation?upi=vinothdayalan.official@pockets HTTP/1.1" 200 None
2022-12-10 01:21:30,561 DEBUG Starting new HTTPS connection (1): upibankvalidator.com:443
2022-12-10 01:21:33,334 DEBUG https://upibankvalidator.com:443 "POST /api/upiValidation?upi=vinothdayalan.official@payzapp HTTP/1.1" 200 None
2022-12-10 01:21:33,344 DEBUG Starting new HTTPS connection (1): upibankvalidator.com:443
2022-12-10 01:21:35,264 DEBUG https://upibankvalidator.com:443 "POST /api/upiValidation?upi=vinothdayalan.official@mahb HTTP/1.1" 200 None
2022-12-10 01:21:35,273 DEBUG Starting new HTTPS connection (1): upibankvalidator.com:443
2022-12-10 01:21:37,720 DEBUG https://upibankvalidator.com:443 "POST /api/upiValidation?upi=vinothdayalan.official@kaypay HTTP/1.1" 200 None
2022-12-10 01:21:37,729 DEBUG Starting new HTTPS connection (1): upibankvalidator.com:443
2022-12-10 01:21:40,690 DEBUG https://upibankvalidator.com:443 "POST /api/upiValidation?upi=vinothdayalan.official@imobile HTTP/1.1" 200 None
2022-12-10 01:21:40,699 DEBUG Starting new HTTPS connection (1): upibankvalidator.com:443
2022-12-10 01:21:42,639 DEBUG https://upibankvalidator.com:443 "POST /api/upiValidation?upi=vinothdayalan.official@idbibank HTTP/1.1" 200 None
2022-12-10 01:21:42,648 DEBUG Starting new HTTPS connection (1): upibankvalidator.com:443
2022-12-10 01:21:45,093 DEBUG https://upibankvalidator.com:443 "POST /api/upiValidation?upi=vinothdayalan.official@hdfcbank HTTP/1.1" 200 None
2022-12-10 01:21:45,101 DEBUG Starting new HTTPS connection (1): upibankvalidator.com:443
2022-12-10 01:21:47,144 DEBUG https://upibankvalidator.com:443 "POST /api/upiValidation?upi=vinothdayalan.official@ezeepay HTTP/1.1" 200 None
2022-12-10 01:21:47,152 DEBUG Starting new HTTPS connection (1): upibankvalidator.com:443
2022-12-10 01:21:49,081 DEBUG https://upibankvalidator.com:443 "POST /api/upiValidation?upi=vinothdayalan.official@eazypay HTTP/1.1" 200 None
2022-12-10 01:21:49,090 DEBUG Starting new HTTPS connection (1): upibankvalidator.com:443
2022-12-10 01:21:51,442 DEBUG https://upibankvalidator.com:443 "POST /api/upiValidation?upi=vinothdayalan.official@cnrb HTTP/1.1" 200 None
2022-12-10 01:21:51,450 DEBUG Starting new HTTPS connection (1): upibankvalidator.com:443
2022-12-10 01:21:53,797 DEBUG https://upibankvalidator.com:443 "POST /api/upiValidation?upi=vinothdayalan.official@centralbank HTTP/1.1" 200 None
2022-12-10 01:21:53,807 DEBUG Starting new HTTPS connection (1): upibankvalidator.com:443
2022-12-10 01:21:56,084 DEBUG https://upibankvalidator.com:443 "POST /api/upiValidation?upi=vinothdayalan.official@cboi HTTP/1.1" 200 None
2022-12-10 01:21:56,093 DEBUG Starting new HTTPS connection (1): upibankvalidator.com:443
2022-12-10 01:21:58,424 DEBUG https://upibankvalidator.com:443 "POST /api/upiValidation?upi=vinothdayalan.official@cbin HTTP/1.1" 200 None
2022-12-10 01:21:58,433 DEBUG Starting new HTTPS connection (1): upibankvalidator.com:443
2022-12-10 01:22:00,654 DEBUG https://upibankvalidator.com:443 "POST /api/upiValidation?upi=vinothdayalan.official@boi HTTP/1.1" 200 None
2022-12-10 01:22:00,664 DEBUG Starting new HTTPS connection (1): upibankvalidator.com:443
2022-12-10 01:22:02,045 DEBUG https://upibankvalidator.com:443 "POST /api/upiValidation?upi=vinothdayalan.official@yesbank HTTP/1.1" 200 None
2022-12-10 01:22:02,054 DEBUG Starting new HTTPS connection (1): upibankvalidator.com:443
2022-12-10 01:22:04,867 DEBUG https://upibankvalidator.com:443 "POST /api/upiValidation?upi=vinothdayalan.official@wasbi HTTP/1.1" 200 None
2022-12-10 01:22:04,875 DEBUG Starting new HTTPS connection (1): upibankvalidator.com:443
2022-12-10 01:22:07,006 DEBUG https://upibankvalidator.com:443 "POST /api/upiValidation?upi=vinothdayalan.official@waicici HTTP/1.1" 200 None
2022-12-10 01:22:07,013 DEBUG Starting new HTTPS connection (1): upibankvalidator.com:443
2022-12-10 01:22:09,467 DEBUG https://upibankvalidator.com:443 "POST /api/upiValidation?upi=vinothdayalan.official@wahdfcbank HTTP/1.1" 200 None
2022-12-10 01:22:09,476 DEBUG Starting new HTTPS connection (1): upibankvalidator.com:443
2022-12-10 01:22:12,127 DEBUG https://upibankvalidator.com:443 "POST /api/upiValidation?upi=vinothdayalan.official@waaxis HTTP/1.1" 200 None
2022-12-10 01:22:12,137 DEBUG Starting new HTTPS connection (1): upibankvalidator.com:443
2022-12-10 01:22:14,479 DEBUG https://upibankvalidator.com:443 "POST /api/upiValidation?upi=vinothdayalan.official@unionbankofindia HTTP/1.1" 200 None
2022-12-10 01:22:14,487 DEBUG Starting new HTTPS connection (1): upibankvalidator.com:443
2022-12-10 01:22:17,454 DEBUG https://upibankvalidator.com:443 "POST /api/upiValidation?upi=vinothdayalan.official@unionbank HTTP/1.1" 200 None
2022-12-10 01:22:17,465 DEBUG Starting new HTTPS connection (1): upibankvalidator.com:443
2022-12-10 01:22:20,206 DEBUG https://upibankvalidator.com:443 "POST /api/upiValidation?upi=vinothdayalan.official@uco HTTP/1.1" 200 None
2022-12-10 01:22:20,218 DEBUG Starting new HTTPS connection (1): upibankvalidator.com:443
2022-12-10 01:22:23,905 DEBUG https://upibankvalidator.com:443 "POST /api/upiValidation?upi=vinothdayalan.official@ubio HTTP/1.1" 200 None
2022-12-10 01:22:23,916 DEBUG Starting new HTTPS connection (1): upibankvalidator.com:443
2022-12-10 01:22:26,465 DEBUG https://upibankvalidator.com:443 "POST /api/upiValidation?upi=vinothdayalan.official@timecosmos HTTP/1.1" 200 None
2022-12-10 01:22:26,473 DEBUG Starting new HTTPS connection (1): upibankvalidator.com:443
2022-12-10 01:22:29,021 DEBUG https://upibankvalidator.com:443 "POST /api/upiValidation?upi=vinothdayalan.official@tapicici HTTP/1.1" 200 None
2022-12-10 01:22:29,030 DEBUG Starting new HTTPS connection (1): upibankvalidator.com:443
2022-12-10 01:22:30,924 DEBUG https://upibankvalidator.com:443 "POST /api/upiValidation?upi=vinothdayalan.official@sib HTTP/1.1" 200 None
2022-12-10 01:22:30,933 DEBUG Starting new HTTPS connection (1): upibankvalidator.com:443
2022-12-10 01:22:33,836 DEBUG https://upibankvalidator.com:443 "POST /api/upiValidation?upi=vinothdayalan.official@rbl HTTP/1.1" 200 None
2022-12-10 01:22:33,846 DEBUG Starting new HTTPS connection (1): upibankvalidator.com:443
2022-12-10 01:22:36,190 DEBUG https://upibankvalidator.com:443 "POST /api/upiValidation?upi=vinothdayalan.official@pingpay HTTP/1.1" 200 None
2022-12-10 01:22:36,198 DEBUG Starting new HTTPS connection (1): upibankvalidator.com:443
2022-12-10 01:22:38,546 DEBUG https://upibankvalidator.com:443 "POST /api/upiValidation?upi=vinothdayalan.official@kotak HTTP/1.1" 200 None
2022-12-10 01:22:38,555 DEBUG Starting new HTTPS connection (1): upibankvalidator.com:443
2022-12-10 01:22:41,517 DEBUG https://upibankvalidator.com:443 "POST /api/upiValidation?upi=vinothdayalan.official@kmbl HTTP/1.1" 200 None
2022-12-10 01:22:41,525 DEBUG Starting new HTTPS connection (1): upibankvalidator.com:443
2022-12-10 01:22:43,768 DEBUG https://upibankvalidator.com:443 "POST /api/upiValidation?upi=vinothdayalan.official@kbl HTTP/1.1" 200 None
2022-12-10 01:22:43,777 DEBUG Starting new HTTPS connection (1): upibankvalidator.com:443
2022-12-10 01:22:46,635 DEBUG https://upibankvalidator.com:443 "POST /api/upiValidation?upi=vinothdayalan.official@jupiteraxis HTTP/1.1" 200 None
2022-12-10 01:22:46,643 DEBUG Starting new HTTPS connection (1): upibankvalidator.com:443
2022-12-10 01:22:48,894 DEBUG https://upibankvalidator.com:443 "POST /api/upiValidation?upi=vinothdayalan.official@indus HTTP/1.1" 200 None
2022-12-10 01:22:48,909 DEBUG Starting new HTTPS connection (1): upibankvalidator.com:443
2022-12-10 01:22:51,785 DEBUG https://upibankvalidator.com:443 "POST /api/upiValidation?upi=vinothdayalan.official@indianbank HTTP/1.1" 200 None
2022-12-10 01:22:51,796 DEBUG Starting new HTTPS connection (1): upibankvalidator.com:443
2022-12-10 01:22:54,936 DEBUG https://upibankvalidator.com:443 "POST /api/upiValidation?upi=vinothdayalan.official@idbi HTTP/1.1" 200 None
2022-12-10 01:22:54,948 DEBUG Starting new HTTPS connection (1): upibankvalidator.com:443
2022-12-10 01:22:57,608 DEBUG https://upibankvalidator.com:443 "POST /api/upiValidation?upi=vinothdayalan.official@icici HTTP/1.1" 200 None
2022-12-10 01:22:57,618 DEBUG Starting new HTTPS connection (1): upibankvalidator.com:443
2022-12-10 01:23:00,250 DEBUG https://upibankvalidator.com:443 "POST /api/upiValidation?upi=vinothdayalan.official@ibl HTTP/1.1" 200 None
2022-12-10 01:23:00,257 DEBUG Starting new HTTPS connection (1): upibankvalidator.com:443
2022-12-10 01:23:02,611 DEBUG https://upibankvalidator.com:443 "POST /api/upiValidation?upi=vinothdayalan.official@hsbc HTTP/1.1" 200 None
2022-12-10 01:23:02,620 DEBUG Starting new HTTPS connection (1): upibankvalidator.com:443
2022-12-10 01:23:04,656 DEBUG https://upibankvalidator.com:443 "POST /api/upiValidation?upi=vinothdayalan.official@freecharge HTTP/1.1" 200 None
2022-12-10 01:23:04,666 DEBUG Starting new HTTPS connection (1): upibankvalidator.com:443
2022-12-10 01:23:06,806 DEBUG https://upibankvalidator.com:443 "POST /api/upiValidation?upi=vinothdayalan.official@federal HTTP/1.1" 200 None
2022-12-10 01:23:06,818 DEBUG Starting new HTTPS connection (1): upibankvalidator.com:443
2022-12-10 01:23:09,369 DEBUG https://upibankvalidator.com:443 "POST /api/upiValidation?upi=vinothdayalan.official@fbl HTTP/1.1" 200 None
2022-12-10 01:23:09,377 DEBUG Starting new HTTPS connection (1): upibankvalidator.com:443
2022-12-10 01:23:12,851 DEBUG https://upibankvalidator.com:443 "POST /api/upiValidation?upi=vinothdayalan.official@dlb HTTP/1.1" 200 None
2022-12-10 01:23:12,861 DEBUG Starting new HTTPS connection (1): upibankvalidator.com:443
2022-12-10 01:23:15,410 DEBUG https://upibankvalidator.com:443 "POST /api/upiValidation?upi=vinothdayalan.official@citigold HTTP/1.1" 200 None
2022-12-10 01:23:15,422 DEBUG Starting new HTTPS connection (1): upibankvalidator.com:443
2022-12-10 01:23:17,193 DEBUG https://upibankvalidator.com:443 "POST /api/upiValidation?upi=vinothdayalan.official@citi HTTP/1.1" 200 None
2022-12-10 01:23:17,202 DEBUG Starting new HTTPS connection (1): upibankvalidator.com:443
2022-12-10 01:23:19,712 DEBUG https://upibankvalidator.com:443 "POST /api/upiValidation?upi=vinothdayalan.official@bandhan HTTP/1.1" 200 None
2022-12-10 01:23:19,722 DEBUG Starting new HTTPS connection (1): upibankvalidator.com:443
2022-12-10 01:23:22,374 DEBUG https://upibankvalidator.com:443 "POST /api/upiValidation?upi=vinothdayalan.official@axl HTTP/1.1" 200 None
2022-12-10 01:23:22,383 DEBUG Starting new HTTPS connection (1): upibankvalidator.com:443
2022-12-10 01:23:24,745 DEBUG https://upibankvalidator.com:443 "POST /api/upiValidation?upi=vinothdayalan.official@axisb HTTP/1.1" 200 None
2022-12-10 01:23:24,752 DEBUG Starting new HTTPS connection (1): upibankvalidator.com:443
2022-12-10 01:23:28,821 DEBUG https://upibankvalidator.com:443 "POST /api/upiValidation?upi=vinothdayalan.official@aubank HTTP/1.1" 200 None
2022-12-10 01:23:28,830 DEBUG Starting new HTTPS connection (1): upibankvalidator.com:443
2022-12-10 01:23:31,843 DEBUG https://upibankvalidator.com:443 "POST /api/upiValidation?upi=vinothdayalan.official@allbank HTTP/1.1" 200 None
2022-12-10 01:23:32,049 DEBUG Starting new HTTPS connection (1): duckduckgo.com:443
2022-12-10 01:23:32,928 DEBUG https://duckduckgo.com:443 "GET /html/?q=Vinoth%20Kumar%20D HTTP/1.1" 302 138
2022-12-10 01:23:33,231 DEBUG Starting new HTTPS connection (1): html.duckduckgo.com:443
2022-12-10 01:23:34,354 DEBUG https://html.duckduckgo.com:443 "GET /html/?q=Vinoth%20Kumar%20D HTTP/1.1" 200 None
2022-12-10 01:23:35,792 DEBUG Starting new HTTPS connection (1): facebook.com:443
2022-12-10 01:23:36,401 DEBUG https://facebook.com:443 "GET /Vinoth_Kumar_D HTTP/1.1" 301 0
2022-12-10 01:23:36,714 DEBUG Starting new HTTPS connection (1): www.facebook.com:443
2022-12-10 01:23:37,217 DEBUG https://www.facebook.com:443 "GET /Vinoth_Kumar_D HTTP/1.1" 200 None
2022-12-10 01:23:37,579 DEBUG Starting new HTTPS connection (1): linkedin.com:443
2022-12-10 01:23:38,455 DEBUG https://linkedin.com:443 "GET /in/Vinoth_Kumar_D HTTP/1.1" 999 1530
2022-12-10 01:23:38,760 DEBUG Starting new HTTPS connection (1): whitepages.com:443
2022-12-10 01:23:39,994 DEBUG https://whitepages.com:443 "GET /name/Vinoth_Kumar_D HTTP/1.1" 301 0
2022-12-10 01:23:41,141 DEBUG Starting new HTTPS connection (1): www.whitepages.com:443
2022-12-10 01:23:41,889 DEBUG https://www.whitepages.com:443 "GET /name/Vinoth_Kumar_D HTTP/1.1" 403 None
2022-12-10 01:23:42,488 DEBUG Starting new HTTPS connection (1): peoplefinders.com:443
2022-12-10 01:23:43,053 DEBUG https://peoplefinders.com:443 "GET /name/Vinoth_Kumar_D HTTP/1.1" 403 None
2022-12-10 01:23:43,365 DEBUG Starting new HTTPS connection (1): instagram.com:443
2022-12-10 01:23:44,798 DEBUG https://instagram.com:443 "GET /Vinoth_Kumar_D HTTP/1.1" 301 0
2022-12-10 01:23:45,072 DEBUG https://instagram.com:443 "GET /Vinoth_Kumar_D/ HTTP/1.1" 301 0
2022-12-10 01:23:45,421 DEBUG Starting new HTTPS connection (1): www.instagram.com:443
2022-12-10 01:23:46,130 DEBUG https://www.instagram.com:443 "GET /Vinoth_Kumar_D/ HTTP/1.1" 200 None
2022-12-10 01:23:47,360 DEBUG Starting new HTTPS connection (1): pinterest.com:443
2022-12-10 01:23:47,866 DEBUG https://pinterest.com:443 "GET /Vinoth_Kumar_D HTTP/1.1" 308 275
2022-12-10 01:23:48,182 DEBUG Starting new HTTPS connection (1): www.pinterest.com:443
2022-12-10 01:23:48,900 DEBUG https://www.pinterest.com:443 "GET /Vinoth_Kumar_D HTTP/1.1" 301 None
2022-12-10 01:23:49,513 DEBUG https://www.pinterest.com:443 "GET /Vinoth_Kumar_D/ HTTP/1.1" 200 None
2022-12-10 01:23:50,024 DEBUG Starting new HTTPS connection (1): twitter.com:443
2022-12-10 01:23:50,529 DEBUG https://twitter.com:443 "GET /Vinoth_Kumar_D HTTP/1.1" 200 None
2022-12-10 01:23:51,147 DEBUG Starting new HTTPS connection (1): youtube.com:443
2022-12-10 01:23:51,813 DEBUG https://youtube.com:443 "GET /user/Vinoth_Kumar_D HTTP/1.1" 301 0
2022-12-10 01:23:52,919 DEBUG Starting new HTTPS connection (1): www.youtube.com:443
2022-12-10 01:23:53,238 DEBUG https://www.youtube.com:443 "GET /user/Vinoth_Kumar_D HTTP/1.1" 404 None
2022-12-10 01:23:53,606 DEBUG Starting new HTTPS connection (1): github.com:443
2022-12-10 01:23:54,526 DEBUG https://github.com:443 "GET /Vinoth_Kumar_D HTTP/1.1" 404 40
2022-12-10 01:23:54,835 DEBUG Starting new HTTPS connection (1): stackoverflow.com:443
2022-12-10 01:23:55,761 DEBUG https://stackoverflow.com:443 "GET /users/Vinoth_Kumar_D HTTP/1.1" 404 None
2022-12-10 01:23:56,269 DEBUG Starting new HTTPS connection (1): steamcommunity.com:443
2022-12-10 01:23:56,881 DEBUG https://steamcommunity.com:443 "GET /id/Vinoth_Kumar_D HTTP/1.1" 200 5807
2022-12-10 01:23:57,291 DEBUG Starting new HTTPS connection (1): reddit.com:443
2022-12-10 01:23:57,538 DEBUG https://reddit.com:443 "GET /user/Vinoth_Kumar_D HTTP/1.1" 301 0
2022-12-10 01:23:57,756 DEBUG Starting new HTTPS connection (1): www.reddit.com:443
2022-12-10 01:23:59,874 DEBUG https://www.reddit.com:443 "GET /user/Vinoth_Kumar_D HTTP/1.1" 200 None
2022-12-10 01:24:00,790 INFO Performing Live search
2022-12-10 01:52:57,104 INFO INFO: The option seclected is 4
2022-12-10 01:52:59,105 INFO INFO: The search type is a
2022-12-10 01:53:12,429 DEBUG Starting new HTTPS connection (1): duckduckgo.com:443
2022-12-10 01:53:12,701 DEBUG https://duckduckgo.com:443 "GET /html/?q=ramaguru%20radhakrishnan HTTP/1.1" 302 138
2022-12-10 01:53:12,708 DEBUG Starting new HTTPS connection (1): html.duckduckgo.com:443
2022-12-10 01:53:14,532 DEBUG https://html.duckduckgo.com:443 "GET /html/?q=ramaguru%20radhakrishnan HTTP/1.1" 200 None
2022-12-10 01:53:15,654 DEBUG Starting new HTTPS connection (1): facebook.com:443
2022-12-10 01:53:16,178 DEBUG https://facebook.com:443 "GET /ramaguru_radhakrishnan HTTP/1.1" 301 0
2022-12-10 01:53:16,481 DEBUG Starting new HTTPS connection (1): www.facebook.com:443
2022-12-10 01:53:16,994 DEBUG https://www.facebook.com:443 "GET /ramaguru_radhakrishnan HTTP/1.1" 200 None
2022-12-10 01:53:17,346 DEBUG Starting new HTTPS connection (1): linkedin.com:443
2022-12-10 01:53:18,109 DEBUG https://linkedin.com:443 "GET /in/ramaguru_radhakrishnan HTTP/1.1" 999 1530
2022-12-10 01:53:18,423 DEBUG Starting new HTTPS connection (1): whitepages.com:443
2022-12-10 01:53:19,653 DEBUG https://whitepages.com:443 "GET /name/ramaguru_radhakrishnan HTTP/1.1" 301 0
2022-12-10 01:53:19,961 DEBUG Starting new HTTPS connection (1): www.whitepages.com:443
2022-12-10 01:53:20,261 DEBUG https://www.whitepages.com:443 "GET /name/ramaguru_radhakrishnan HTTP/1.1" 403 None
2022-12-10 01:53:20,516 DEBUG Starting new HTTPS connection (1): peoplefinders.com:443
2022-12-10 01:53:20,994 DEBUG https://peoplefinders.com:443 "GET /name/ramaguru_radhakrishnan HTTP/1.1" 403 None
2022-12-10 01:53:21,243 DEBUG Starting new HTTPS connection (1): instagram.com:443
2022-12-10 01:53:21,932 DEBUG https://instagram.com:443 "GET /ramaguru_radhakrishnan HTTP/1.1" 301 0
2022-12-10 01:53:22,573 DEBUG https://instagram.com:443 "GET /ramaguru_radhakrishnan/ HTTP/1.1" 301 0
2022-12-10 01:53:22,748 DEBUG Starting new HTTPS connection (1): www.instagram.com:443
2022-12-10 01:53:23,479 DEBUG https://www.instagram.com:443 "GET /ramaguru_radhakrishnan/ HTTP/1.1" 200 None
2022-12-10 01:53:24,462 DEBUG Starting new HTTPS connection (1): pinterest.com:443
2022-12-10 01:53:25,012 DEBUG https://pinterest.com:443 "GET /ramaguru_radhakrishnan HTTP/1.1" 308 291
2022-12-10 01:53:25,390 DEBUG Starting new HTTPS connection (1): www.pinterest.com:443
2022-12-10 01:53:26,103 DEBUG https://www.pinterest.com:443 "GET /ramaguru_radhakrishnan HTTP/1.1" 301 None
2022-12-10 01:53:26,110 DEBUG Resetting dropped connection: www.pinterest.com
2022-12-10 01:53:26,984 DEBUG https://www.pinterest.com:443 "GET /ramaguru_radhakrishnan/ HTTP/1.1" 200 None
2022-12-10 01:53:27,638 DEBUG Starting new HTTPS connection (1): twitter.com:443
2022-12-10 01:53:28,191 DEBUG https://twitter.com:443 "GET /ramaguru_radhakrishnan HTTP/1.1" 200 None
2022-12-10 01:53:28,866 DEBUG Starting new HTTPS connection (1): youtube.com:443
2022-12-10 01:53:29,170 DEBUG https://youtube.com:443 "GET /user/ramaguru_radhakrishnan HTTP/1.1" 301 0
2022-12-10 01:53:29,416 DEBUG Starting new HTTPS connection (1): www.youtube.com:443
2022-12-10 01:53:30,158 DEBUG https://www.youtube.com:443 "GET /user/ramaguru_radhakrishnan HTTP/1.1" 404 None
2022-12-10 01:53:30,426 DEBUG Starting new HTTPS connection (1): github.com:443
2022-12-10 01:53:31,437 DEBUG https://github.com:443 "GET /ramaguru_radhakrishnan HTTP/1.1" 404 40
2022-12-10 01:53:31,734 DEBUG Starting new HTTPS connection (1): stackoverflow.com:443
2022-12-10 01:53:32,756 DEBUG https://stackoverflow.com:443 "GET /users/ramaguru_radhakrishnan HTTP/1.1" 404 None
2022-12-10 01:53:33,168 DEBUG Starting new HTTPS connection (1): steamcommunity.com:443
2022-12-10 01:53:33,718 DEBUG https://steamcommunity.com:443 "GET /id/ramaguru_radhakrishnan HTTP/1.1" 200 5811
2022-12-10 01:53:34,229 DEBUG Starting new HTTPS connection (1): reddit.com:443
2022-12-10 01:53:34,567 DEBUG https://reddit.com:443 "GET /user/ramaguru_radhakrishnan HTTP/1.1" 301 0
2022-12-10 01:53:35,014 DEBUG Starting new HTTPS connection (1): www.reddit.com:443
2022-12-10 01:53:37,262 DEBUG https://www.reddit.com:443 "GET /user/ramaguru_radhakrishnan HTTP/1.1" 200 None
2022-12-10 01:53:38,591 DEBUG Starting new HTTPS connection (1): upibankvalidator.com:443
2022-12-10 01:53:39,102 DEBUG https://upibankvalidator.com:443 "POST /api/upiValidation?upi=ramaguru%20radhakrishnan@apl HTTP/1.1" 400 62
