2022-12-10 04:30:52,700 INFO INFO: The option seclected is 4
2022-12-10 04:30:57,042 INFO INFO: The search type is c
2022-12-10 04:31:07,285 DEBUG Starting new HTTPS connection (1): upibankvalidator.com:443
2022-12-10 04:31:09,760 DEBUG https://upibankvalidator.com:443 "POST /api/upiValidation?upi=vinothdayalan.official@apl HTTP/1.1" 200 None
2022-12-10 04:31:09,770 DEBUG Starting new HTTPS connection (1): upibankvalidator.com:443
2022-12-10 04:31:11,788 DEBUG https://upibankvalidator.com:443 "POST /api/upiValidation?upi=vinothdayalan.official@oksbi HTTP/1.1" 200 None
2022-12-10 04:31:11,797 DEBUG Starting new HTTPS connection (1): upibankvalidator.com:443
2022-12-10 04:31:13,325 DEBUG https://upibankvalidator.com:443 "POST /api/upiValidation?upi=vinothdayalan.official@okhdfcbank HTTP/1.1" 200 None
2022-12-10 04:31:13,334 DEBUG Starting new HTTPS connection (1): upibankvalidator.com:443
2022-12-10 04:31:17,022 DEBUG https://upibankvalidator.com:443 "POST /api/upiValidation?upi=vinothdayalan.official@sbi HTTP/1.1" 200 None
2022-12-10 04:31:17,033 DEBUG Starting new HTTPS connection (1): upibankvalidator.com:443
2022-12-10 04:31:17,933 DEBUG https://upibankvalidator.com:443 "POST /api/upiValidation?upi=vinothdayalan.official@okicici HTTP/1.1" 200 None
2022-12-10 04:31:17,941 DEBUG Starting new HTTPS connection (1): upibankvalidator.com:443
2022-12-10 04:31:21,518 DEBUG https://upibankvalidator.com:443 "POST /api/upiValidation?upi=vinothdayalan.official@axisbank HTTP/1.1" 200 None
2022-12-10 04:31:21,526 DEBUG Starting new HTTPS connection (1): upibankvalidator.com:443
2022-12-10 04:31:24,330 DEBUG https://upibankvalidator.com:443 "POST /api/upiValidation?upi=vinothdayalan.official@ikwik HTTP/1.1" 200 None
2022-12-10 04:31:24,339 DEBUG Starting new HTTPS connection (1): upibankvalidator.com:443
2022-12-10 04:31:27,151 DEBUG https://upibankvalidator.com:443 "POST /api/upiValidation?upi=vinothdayalan.official@pnb HTTP/1.1" 200 None
2022-12-10 04:31:27,161 DEBUG Starting new HTTPS connection (1): upibankvalidator.com:443
2022-12-10 04:31:30,351 DEBUG https://upibankvalidator.com:443 "POST /api/upiValidation?upi=vinothdayalan.official@hdfc HTTP/1.1" 200 None
2022-12-10 04:31:30,361 DEBUG Starting new HTTPS connection (1): upibankvalidator.com:443
2022-12-10 04:31:32,593 DEBUG https://upibankvalidator.com:443 "POST /api/upiValidation?upi=vinothdayalan.official@idfcbank HTTP/1.1" 200 None
2022-12-10 04:31:32,602 DEBUG Starting new HTTPS connection (1): upibankvalidator.com:443
2022-12-10 04:31:33,629 DEBUG https://upibankvalidator.com:443 "POST /api/upiValidation?upi=vinothdayalan.official@okaxis HTTP/1.1" 200 None
2022-12-10 04:31:33,638 DEBUG Starting new HTTPS connection (1): upibankvalidator.com:443
2022-12-10 04:31:36,206 DEBUG https://upibankvalidator.com:443 "POST /api/upiValidation?upi=vinothdayalan.official@abfspay HTTP/1.1" 200 None
2022-12-10 04:31:36,215 DEBUG Starting new HTTPS connection (1): upibankvalidator.com:443
2022-12-10 04:31:39,742 DEBUG https://upibankvalidator.com:443 "POST /api/upiValidation?upi=vinothdayalan.official@ybl HTTP/1.1" 200 None
2022-12-10 04:31:39,762 DEBUG Starting new HTTPS connection (1): upibankvalidator.com:443
2022-12-10 04:31:43,058 DEBUG https://upibankvalidator.com:443 "POST /api/upiValidation?upi=vinothdayalan.official@barodampay HTTP/1.1" 200 None
2022-12-10 04:31:43,066 DEBUG Starting new HTTPS connection (1): upibankvalidator.com:443
2022-12-10 04:31:46,499 DEBUG https://upibankvalidator.com:443 "POST /api/upiValidation?upi=vinothdayalan.official@upi HTTP/1.1" 200 None
2022-12-10 04:31:46,509 DEBUG Starting new HTTPS connection (1): upibankvalidator.com:443
2022-12-10 04:31:48,883 DEBUG https://upibankvalidator.com:443 "POST /api/upiValidation?upi=vinothdayalan.official@paytm HTTP/1.1" 200 None
2022-12-10 04:31:48,891 DEBUG Starting new HTTPS connection (1): upibankvalidator.com:443
2022-12-10 04:31:51,210 DEBUG https://upibankvalidator.com:443 "POST /api/upiValidation?upi=vinothdayalan.official@yapl HTTP/1.1" 200 None
2022-12-10 04:31:51,219 DEBUG Starting new HTTPS connection (1): upibankvalidator.com:443
2022-12-10 04:31:55,818 DEBUG https://upibankvalidator.com:443 "POST /api/upiValidation?upi=vinothdayalan.official@dbs HTTP/1.1" 200 None
2022-12-10 04:31:55,827 DEBUG Starting new HTTPS connection (1): upibankvalidator.com:443
2022-12-10 04:31:57,562 DEBUG https://upibankvalidator.com:443 "POST /api/upiValidation?upi=vinothdayalan.official@yesbankltd HTTP/1.1" 200 None
2022-12-10 04:31:57,572 DEBUG Starting new HTTPS connection (1): upibankvalidator.com:443
2022-12-10 04:32:00,700 DEBUG https://upibankvalidator.com:443 "POST /api/upiValidation?upi=vinothdayalan.official@utbi HTTP/1.1" 200 None
2022-12-10 04:32:00,709 DEBUG Starting new HTTPS connection (1): upibankvalidator.com:443
2022-12-10 04:32:03,550 DEBUG https://upibankvalidator.com:443 "POST /api/upiValidation?upi=vinothdayalan.official@united HTTP/1.1" 200 None
2022-12-10 04:32:03,559 DEBUG Starting new HTTPS connection (1): upibankvalidator.com:443
2022-12-10 04:32:06,181 DEBUG https://upibankvalidator.com:443 "POST /api/upiValidation?upi=vinothdayalan.official@ubi HTTP/1.1" 200 None
2022-12-10 04:32:06,189 DEBUG Starting new HTTPS connection (1): upibankvalidator.com:443
2022-12-10 04:32:08,823 DEBUG https://upibankvalidator.com:443 "POST /api/upiValidation?upi=vinothdayalan.official@rajgovhdfcbank HTTP/1.1" 200 None
2022-12-10 04:32:08,833 DEBUG Starting new HTTPS connection (1): upibankvalidator.com:443
2022-12-10 04:32:20,702 DEBUG https://upibankvalidator.com:443 "POST /api/upiValidation?upi=vinothdayalan.official@pockets HTTP/1.1" 200 None
2022-12-10 04:32:20,712 DEBUG Starting new HTTPS connection (1): upibankvalidator.com:443
2022-12-10 04:32:22,954 DEBUG https://upibankvalidator.com:443 "POST /api/upiValidation?upi=vinothdayalan.official@payzapp HTTP/1.1" 200 None
2022-12-10 04:32:22,962 DEBUG Starting new HTTPS connection (1): upibankvalidator.com:443
2022-12-10 04:32:25,410 DEBUG https://upibankvalidator.com:443 "POST /api/upiValidation?upi=vinothdayalan.official@mahb HTTP/1.1" 200 None
2022-12-10 04:32:25,420 DEBUG Starting new HTTPS connection (1): upibankvalidator.com:443
2022-12-10 04:32:28,381 DEBUG https://upibankvalidator.com:443 "POST /api/upiValidation?upi=vinothdayalan.official@kaypay HTTP/1.1" 200 None
2022-12-10 04:32:28,390 DEBUG Starting new HTTPS connection (1): upibankvalidator.com:443
2022-12-10 04:32:31,964 DEBUG https://upibankvalidator.com:443 "POST /api/upiValidation?upi=vinothdayalan.official@imobile HTTP/1.1" 200 None
2022-12-10 04:32:31,974 DEBUG Starting new HTTPS connection (1): upibankvalidator.com:443
2022-12-10 04:32:34,423 DEBUG https://upibankvalidator.com:443 "POST /api/upiValidation?upi=vinothdayalan.official@idbibank HTTP/1.1" 200 None
2022-12-10 04:32:34,432 DEBUG Starting new HTTPS connection (1): upibankvalidator.com:443
2022-12-10 04:32:36,621 DEBUG https://upibankvalidator.com:443 "POST /api/upiValidation?upi=vinothdayalan.official@hdfcbank HTTP/1.1" 200 None
2022-12-10 04:32:36,630 DEBUG Starting new HTTPS connection (1): upibankvalidator.com:443
2022-12-10 04:32:38,658 DEBUG https://upibankvalidator.com:443 "POST /api/upiValidation?upi=vinothdayalan.official@ezeepay HTTP/1.1" 200 None
2022-12-10 04:32:38,667 DEBUG Starting new HTTPS connection (1): upibankvalidator.com:443
2022-12-10 04:32:42,512 DEBUG https://upibankvalidator.com:443 "POST /api/upiValidation?upi=vinothdayalan.official@eazypay HTTP/1.1" 200 None
2022-12-10 04:32:42,521 DEBUG Starting new HTTPS connection (1): upibankvalidator.com:443
2022-12-10 04:32:45,178 DEBUG https://upibankvalidator.com:443 "POST /api/upiValidation?upi=vinothdayalan.official@cnrb HTTP/1.1" 200 None
2022-12-10 04:32:45,187 DEBUG Starting new HTTPS connection (1): upibankvalidator.com:443
2022-12-10 04:32:48,456 DEBUG https://upibankvalidator.com:443 "POST /api/upiValidation?upi=vinothdayalan.official@centralbank HTTP/1.1" 200 None
2022-12-10 04:32:48,466 DEBUG Starting new HTTPS connection (1): upibankvalidator.com:443
2022-12-10 04:32:52,649 DEBUG https://upibankvalidator.com:443 "POST /api/upiValidation?upi=vinothdayalan.official@cboi HTTP/1.1" 200 None
2022-12-10 04:32:52,658 DEBUG Starting new HTTPS connection (1): upibankvalidator.com:443
2022-12-10 04:32:55,518 DEBUG https://upibankvalidator.com:443 "POST /api/upiValidation?upi=vinothdayalan.official@cbin HTTP/1.1" 200 None
2022-12-10 04:32:55,527 DEBUG Starting new HTTPS connection (1): upibankvalidator.com:443
2022-12-10 04:32:57,700 DEBUG https://upibankvalidator.com:443 "POST /api/upiValidation?upi=vinothdayalan.official@boi HTTP/1.1" 200 None
2022-12-10 04:32:57,710 DEBUG Starting new HTTPS connection (1): upibankvalidator.com:443
2022-12-10 04:33:00,681 DEBUG https://upibankvalidator.com:443 "POST /api/upiValidation?upi=vinothdayalan.official@yesbank HTTP/1.1" 200 None
2022-12-10 04:33:00,689 DEBUG Starting new HTTPS connection (1): upibankvalidator.com:443
2022-12-10 04:33:03,416 DEBUG https://upibankvalidator.com:443 "POST /api/upiValidation?upi=vinothdayalan.official@wasbi HTTP/1.1" 200 None
2022-12-10 04:33:03,425 DEBUG Starting new HTTPS connection (1): upibankvalidator.com:443
2022-12-10 04:33:07,085 DEBUG https://upibankvalidator.com:443 "POST /api/upiValidation?upi=vinothdayalan.official@waicici HTTP/1.1" 200 None
2022-12-10 04:33:07,095 DEBUG Starting new HTTPS connection (1): upibankvalidator.com:443
2022-12-10 04:33:11,287 DEBUG https://upibankvalidator.com:443 "POST /api/upiValidation?upi=vinothdayalan.official@wahdfcbank HTTP/1.1" 200 None
2022-12-10 04:33:11,296 DEBUG Starting new HTTPS connection (1): upibankvalidator.com:443
2022-12-10 04:33:13,436 DEBUG https://upibankvalidator.com:443 "POST /api/upiValidation?upi=vinothdayalan.official@waaxis HTTP/1.1" 200 None
2022-12-10 04:33:13,446 DEBUG Starting new HTTPS connection (1): upibankvalidator.com:443
2022-12-10 04:33:16,205 DEBUG https://upibankvalidator.com:443 "POST /api/upiValidation?upi=vinothdayalan.official@unionbankofindia HTTP/1.1" 200 None
2022-12-10 04:33:16,215 DEBUG Starting new HTTPS connection (1): upibankvalidator.com:443
2022-12-10 04:33:19,383 DEBUG https://upibankvalidator.com:443 "POST /api/upiValidation?upi=vinothdayalan.official@unionbank HTTP/1.1" 200 None
2022-12-10 04:33:19,391 DEBUG Starting new HTTPS connection (1): upibankvalidator.com:443
2022-12-10 04:33:23,165 DEBUG https://upibankvalidator.com:443 "POST /api/upiValidation?upi=vinothdayalan.official@uco HTTP/1.1" 200 None
2022-12-10 04:33:23,175 DEBUG Starting new HTTPS connection (1): upibankvalidator.com:443
2022-12-10 04:33:33,962 DEBUG https://upibankvalidator.com:443 "POST /api/upiValidation?upi=vinothdayalan.official@ubio HTTP/1.1" 200 None
2022-12-10 04:33:33,972 DEBUG Starting new HTTPS connection (1): upibankvalidator.com:443
2022-12-10 04:33:36,887 DEBUG https://upibankvalidator.com:443 "POST /api/upiValidation?upi=vinothdayalan.official@timecosmos HTTP/1.1" 200 None
2022-12-10 04:33:36,897 DEBUG Starting new HTTPS connection (1): upibankvalidator.com:443
2022-12-10 04:33:39,909 DEBUG https://upibankvalidator.com:443 "POST /api/upiValidation?upi=vinothdayalan.official@tapicici HTTP/1.1" 200 None
2022-12-10 04:33:39,916 DEBUG Starting new HTTPS connection (1): upibankvalidator.com:443
2022-12-10 04:33:42,313 DEBUG https://upibankvalidator.com:443 "POST /api/upiValidation?upi=vinothdayalan.official@sib HTTP/1.1" 200 None
2022-12-10 04:33:42,319 DEBUG Starting new HTTPS connection (1): upibankvalidator.com:443
2022-12-10 04:33:46,411 DEBUG https://upibankvalidator.com:443 "POST /api/upiValidation?upi=vinothdayalan.official@rbl HTTP/1.1" 200 None
2022-12-10 04:33:46,421 DEBUG Starting new HTTPS connection (1): upibankvalidator.com:443
2022-12-10 04:33:48,973 DEBUG https://upibankvalidator.com:443 "POST /api/upiValidation?upi=vinothdayalan.official@pingpay HTTP/1.1" 200 None
2022-12-10 04:33:48,981 DEBUG Starting new HTTPS connection (1): upibankvalidator.com:443
2022-12-10 04:33:52,252 DEBUG https://upibankvalidator.com:443 "POST /api/upiValidation?upi=vinothdayalan.official@kotak HTTP/1.1" 200 None
2022-12-10 04:33:52,262 DEBUG Starting new HTTPS connection (1): upibankvalidator.com:443
2022-12-10 04:33:56,133 DEBUG https://upibankvalidator.com:443 "POST /api/upiValidation?upi=vinothdayalan.official@kmbl HTTP/1.1" 200 None
2022-12-10 04:33:56,142 DEBUG Starting new HTTPS connection (1): upibankvalidator.com:443
2022-12-10 04:34:02,384 DEBUG https://upibankvalidator.com:443 "POST /api/upiValidation?upi=vinothdayalan.official@kbl HTTP/1.1" 200 None
2022-12-10 04:34:02,392 DEBUG Starting new HTTPS connection (1): upibankvalidator.com:443
2022-12-10 04:34:05,355 DEBUG https://upibankvalidator.com:443 "POST /api/upiValidation?upi=vinothdayalan.official@jupiteraxis HTTP/1.1" 200 None
2022-12-10 04:34:05,363 DEBUG Starting new HTTPS connection (1): upibankvalidator.com:443
2022-12-10 04:34:08,223 DEBUG https://upibankvalidator.com:443 "POST /api/upiValidation?upi=vinothdayalan.official@indus HTTP/1.1" 200 None
2022-12-10 04:34:08,232 DEBUG Starting new HTTPS connection (1): upibankvalidator.com:443
2022-12-10 04:34:12,576 DEBUG https://upibankvalidator.com:443 "POST /api/upiValidation?upi=vinothdayalan.official@indianbank HTTP/1.1" 200 None
2022-12-10 04:34:12,586 DEBUG Starting new HTTPS connection (1): upibankvalidator.com:443
2022-12-10 04:34:16,165 DEBUG https://upibankvalidator.com:443 "POST /api/upiValidation?upi=vinothdayalan.official@idbi HTTP/1.1" 200 None
2022-12-10 04:34:16,175 DEBUG Starting new HTTPS connection (1): upibankvalidator.com:443
2022-12-10 04:34:18,767 DEBUG https://upibankvalidator.com:443 "POST /api/upiValidation?upi=vinothdayalan.official@icici HTTP/1.1" 200 None
2022-12-10 04:34:18,775 DEBUG Starting new HTTPS connection (1): upibankvalidator.com:443
2022-12-10 04:34:20,816 DEBUG https://upibankvalidator.com:443 "POST /api/upiValidation?upi=vinothdayalan.official@ibl HTTP/1.1" 200 None
2022-12-10 04:34:20,826 DEBUG Starting new HTTPS connection (1): upibankvalidator.com:443
2022-12-10 04:34:23,275 DEBUG https://upibankvalidator.com:443 "POST /api/upiValidation?upi=vinothdayalan.official@hsbc HTTP/1.1" 200 None
2022-12-10 04:34:23,284 DEBUG Starting new HTTPS connection (1): upibankvalidator.com:443
2022-12-10 04:34:25,733 DEBUG https://upibankvalidator.com:443 "POST /api/upiValidation?upi=vinothdayalan.official@freecharge HTTP/1.1" 200 None
2022-12-10 04:34:25,742 DEBUG Starting new HTTPS connection (1): upibankvalidator.com:443
2022-12-10 04:34:28,005 DEBUG https://upibankvalidator.com:443 "POST /api/upiValidation?upi=vinothdayalan.official@federal HTTP/1.1" 200 None
2022-12-10 04:34:28,013 DEBUG Starting new HTTPS connection (1): upibankvalidator.com:443
2022-12-10 04:34:29,930 DEBUG https://upibankvalidator.com:443 "POST /api/upiValidation?upi=vinothdayalan.official@fbl HTTP/1.1" 200 None
2022-12-10 04:34:29,940 DEBUG Starting new HTTPS connection (1): upibankvalidator.com:443
2022-12-10 04:34:33,923 DEBUG https://upibankvalidator.com:443 "POST /api/upiValidation?upi=vinothdayalan.official@dlb HTTP/1.1" 200 None
2022-12-10 04:34:33,932 DEBUG Starting new HTTPS connection (1): upibankvalidator.com:443
2022-12-10 04:34:35,967 DEBUG https://upibankvalidator.com:443 "POST /api/upiValidation?upi=vinothdayalan.official@citigold HTTP/1.1" 200 None
2022-12-10 04:34:35,978 DEBUG Starting new HTTPS connection (1): upibankvalidator.com:443
2022-12-10 04:34:38,225 DEBUG https://upibankvalidator.com:443 "POST /api/upiValidation?upi=vinothdayalan.official@citi HTTP/1.1" 200 None
2022-12-10 04:34:38,235 DEBUG Starting new HTTPS connection (1): upibankvalidator.com:443
2022-12-10 04:34:40,615 DEBUG https://upibankvalidator.com:443 "POST /api/upiValidation?upi=vinothdayalan.official@bandhan HTTP/1.1" 200 None
2022-12-10 04:34:40,624 DEBUG Starting new HTTPS connection (1): upibankvalidator.com:443
2022-12-10 04:34:44,470 DEBUG https://upibankvalidator.com:443 "POST /api/upiValidation?upi=vinothdayalan.official@axl HTTP/1.1" 200 None
2022-12-10 04:34:44,480 DEBUG Starting new HTTPS connection (1): upibankvalidator.com:443
2022-12-10 04:34:46,986 DEBUG https://upibankvalidator.com:443 "POST /api/upiValidation?upi=vinothdayalan.official@axisb HTTP/1.1" 200 None
2022-12-10 04:34:46,996 DEBUG Starting new HTTPS connection (1): upibankvalidator.com:443
2022-12-10 04:34:51,350 DEBUG https://upibankvalidator.com:443 "POST /api/upiValidation?upi=vinothdayalan.official@aubank HTTP/1.1" 200 None
2022-12-10 04:34:51,361 DEBUG Starting new HTTPS connection (1): upibankvalidator.com:443
2022-12-10 04:34:55,222 DEBUG https://upibankvalidator.com:443 "POST /api/upiValidation?upi=vinothdayalan.official@allbank HTTP/1.1" 200 None
2022-12-10 04:34:55,465 DEBUG Starting new HTTPS connection (1): duckduckgo.com:443
2022-12-10 04:34:55,949 DEBUG https://duckduckgo.com:443 "GET /html/?q=Vinoth%20Kumar%20D HTTP/1.1" 302 138
2022-12-10 04:34:55,956 DEBUG Starting new HTTPS connection (1): html.duckduckgo.com:443
2022-12-10 04:34:57,475 DEBUG https://html.duckduckgo.com:443 "GET /html/?q=Vinoth%20Kumar%20D HTTP/1.1" 200 None
2022-12-10 04:34:58,598 DEBUG Starting new HTTPS connection (1): facebook.com:443
2022-12-10 04:34:59,113 DEBUG https://facebook.com:443 "GET /Vinoth_Kumar_D HTTP/1.1" 301 0
2022-12-10 04:34:59,386 DEBUG Starting new HTTPS connection (1): www.facebook.com:443
2022-12-10 04:34:59,990 DEBUG https://www.facebook.com:443 "GET /Vinoth_Kumar_D HTTP/1.1" 200 None
2022-12-10 04:35:00,253 DEBUG Starting new HTTPS connection (1): linkedin.com:443
2022-12-10 04:35:01,369 DEBUG https://linkedin.com:443 "GET /in/Vinoth_Kumar_D HTTP/1.1" 999 1530
2022-12-10 04:35:01,688 DEBUG Starting new HTTPS connection (1): whitepages.com:443
2022-12-10 04:35:02,948 DEBUG https://whitepages.com:443 "GET /name/Vinoth_Kumar_D HTTP/1.1" 301 0
2022-12-10 04:35:03,209 DEBUG Starting new HTTPS connection (1): www.whitepages.com:443
2022-12-10 04:35:03,587 DEBUG https://www.whitepages.com:443 "GET /name/Vinoth_Kumar_D HTTP/1.1" 403 None
2022-12-10 04:35:03,929 DEBUG Starting new HTTPS connection (1): peoplefinders.com:443
2022-12-10 04:35:04,610 DEBUG https://peoplefinders.com:443 "GET /name/Vinoth_Kumar_D HTTP/1.1" 403 None
2022-12-10 04:35:04,869 DEBUG Starting new HTTPS connection (1): instagram.com:443
2022-12-10 04:35:05,817 DEBUG https://instagram.com:443 "GET /Vinoth_Kumar_D HTTP/1.1" 301 0
2022-12-10 04:35:06,179 DEBUG https://instagram.com:443 "GET /Vinoth_Kumar_D/ HTTP/1.1" 301 0
2022-12-10 04:35:06,440 DEBUG Starting new HTTPS connection (1): www.instagram.com:443
2022-12-10 04:35:07,613 DEBUG https://www.instagram.com:443 "GET /Vinoth_Kumar_D/ HTTP/1.1" 200 None
2022-12-10 04:35:08,021 DEBUG Starting new HTTPS connection (1): pinterest.com:443
2022-12-10 04:35:08,593 DEBUG https://pinterest.com:443 "GET /Vinoth_Kumar_D HTTP/1.1" 308 275
2022-12-10 04:35:08,949 DEBUG Starting new HTTPS connection (1): www.pinterest.com:443
2022-12-10 04:35:09,763 DEBUG https://www.pinterest.com:443 "GET /Vinoth_Kumar_D HTTP/1.1" 301 None
2022-12-10 04:35:10,681 DEBUG https://www.pinterest.com:443 "GET /Vinoth_Kumar_D/ HTTP/1.1" 200 None
2022-12-10 04:35:11,201 DEBUG Starting new HTTPS connection (1): twitter.com:443
2022-12-10 04:35:11,760 DEBUG https://twitter.com:443 "GET /Vinoth_Kumar_D HTTP/1.1" 200 None
2022-12-10 04:35:12,528 DEBUG Starting new HTTPS connection (1): youtube.com:443
2022-12-10 04:35:12,846 DEBUG https://youtube.com:443 "GET /user/Vinoth_Kumar_D HTTP/1.1" 301 0
2022-12-10 04:35:13,250 DEBUG Starting new HTTPS connection (1): www.youtube.com:443
2022-12-10 04:35:13,613 DEBUG https://www.youtube.com:443 "GET /user/Vinoth_Kumar_D HTTP/1.1" 404 None
2022-12-10 04:35:13,960 DEBUG Starting new HTTPS connection (1): github.com:443
2022-12-10 04:35:14,624 DEBUG https://github.com:443 "GET /Vinoth_Kumar_D HTTP/1.1" 404 40
2022-12-10 04:35:14,832 DEBUG Starting new HTTPS connection (1): stackoverflow.com:443
2022-12-10 04:35:15,613 DEBUG https://stackoverflow.com:443 "GET /users/Vinoth_Kumar_D HTTP/1.1" 404 None
2022-12-10 04:35:16,887 DEBUG Starting new HTTPS connection (1): steamcommunity.com:443
2022-12-10 04:35:17,443 DEBUG https://steamcommunity.com:443 "GET /id/Vinoth_Kumar_D HTTP/1.1" 200 5806
2022-12-10 04:35:17,694 DEBUG Starting new HTTPS connection (1): reddit.com:443
2022-12-10 04:35:17,901 DEBUG https://reddit.com:443 "GET /user/Vinoth_Kumar_D HTTP/1.1" 301 0
2022-12-10 04:35:18,176 DEBUG Starting new HTTPS connection (1): www.reddit.com:443
2022-12-10 04:35:19,903 DEBUG https://www.reddit.com:443 "GET /user/Vinoth_Kumar_D HTTP/1.1" 200 None
