2022-12-10 04:50:52,712 INFO INFO: The option seclected is 4
2022-12-10 04:50:54,447 INFO INFO: The search type is b
2022-12-10 04:51:01,011 DEBUG Starting new HTTPS connection (1): upibankvalidator.com:443
2022-12-10 04:51:03,367 DEBUG https://upibankvalidator.com:443 "POST /api/upiValidation?upi=9786888837@apl HTTP/1.1" 200 None
2022-12-10 04:51:03,375 DEBUG Starting new HTTPS connection (1): upibankvalidator.com:443
2022-12-10 04:51:05,276 DEBUG https://upibankvalidator.com:443 "POST /api/upiValidation?upi=9786888837@oksbi HTTP/1.1" 200 None
2022-12-10 04:51:05,284 DEBUG Starting new HTTPS connection (1): upibankvalidator.com:443
2022-12-10 04:51:07,358 DEBUG https://upibankvalidator.com:443 "POST /api/upiValidation?upi=9786888837@okhdfcbank HTTP/1.1" 200 None
2022-12-10 04:51:07,366 DEBUG Starting new HTTPS connection (1): upibankvalidator.com:443
2022-12-10 04:51:10,941 DEBUG https://upibankvalidator.com:443 "POST /api/upiValidation?upi=9786888837@sbi HTTP/1.1" 200 None
2022-12-10 04:51:10,950 DEBUG Starting new HTTPS connection (1): upibankvalidator.com:443
2022-12-10 04:51:14,527 DEBUG https://upibankvalidator.com:443 "POST /api/upiValidation?upi=9786888837@okicici HTTP/1.1" 200 None
2022-12-10 04:51:14,536 DEBUG Starting new HTTPS connection (1): upibankvalidator.com:443
2022-12-10 04:51:15,144 DEBUG https://upibankvalidator.com:443 "POST /api/upiValidation?upi=9786888837@axisbank HTTP/1.1" 200 None
2022-12-10 04:51:15,152 DEBUG Starting new HTTPS connection (1): upibankvalidator.com:443
2022-12-10 04:51:19,236 DEBUG https://upibankvalidator.com:443 "POST /api/upiValidation?upi=9786888837@ikwik HTTP/1.1" 200 None
2022-12-10 04:51:19,245 DEBUG Starting new HTTPS connection (1): upibankvalidator.com:443
2022-12-10 04:51:22,821 DEBUG https://upibankvalidator.com:443 "POST /api/upiValidation?upi=9786888837@pnb HTTP/1.1" 200 None
2022-12-10 04:51:22,829 DEBUG Starting new HTTPS connection (1): upibankvalidator.com:443
2022-12-10 04:51:34,289 DEBUG https://upibankvalidator.com:443 "POST /api/upiValidation?upi=9786888837@hdfc HTTP/1.1" 200 None
2022-12-10 04:51:34,299 DEBUG Starting new HTTPS connection (1): upibankvalidator.com:443
2022-12-10 04:51:38,028 DEBUG https://upibankvalidator.com:443 "POST /api/upiValidation?upi=9786888837@idfcbank HTTP/1.1" 200 None
2022-12-10 04:51:38,037 DEBUG Starting new HTTPS connection (1): upibankvalidator.com:443
2022-12-10 04:51:40,330 DEBUG https://upibankvalidator.com:443 "POST /api/upiValidation?upi=9786888837@okaxis HTTP/1.1" 200 None
2022-12-10 04:51:40,339 DEBUG Starting new HTTPS connection (1): upibankvalidator.com:443
2022-12-10 04:51:44,020 DEBUG https://upibankvalidator.com:443 "POST /api/upiValidation?upi=9786888837@abfspay HTTP/1.1" 200 None
2022-12-10 04:51:44,029 DEBUG Starting new HTTPS connection (1): upibankvalidator.com:443
2022-12-10 04:51:46,476 DEBUG https://upibankvalidator.com:443 "POST /api/upiValidation?upi=9786888837@ybl HTTP/1.1" 200 None
2022-12-10 04:51:46,485 DEBUG Starting new HTTPS connection (1): upibankvalidator.com:443
2022-12-10 04:51:49,342 DEBUG https://upibankvalidator.com:443 "POST /api/upiValidation?upi=9786888837@barodampay HTTP/1.1" 200 None
2022-12-10 04:51:49,348 DEBUG Starting new HTTPS connection (1): upibankvalidator.com:443
2022-12-10 04:51:49,660 DEBUG https://upibankvalidator.com:443 "POST /api/upiValidation?upi=9786888837@upi HTTP/1.1" 200 None
2022-12-10 04:51:49,669 DEBUG Starting new HTTPS connection (1): upibankvalidator.com:443
2022-12-10 04:51:50,310 DEBUG https://upibankvalidator.com:443 "POST /api/upiValidation?upi=9786888837@paytm HTTP/1.1" 200 None
2022-12-10 04:51:50,315 DEBUG Starting new HTTPS connection (1): upibankvalidator.com:443
2022-12-10 04:51:53,031 DEBUG https://upibankvalidator.com:443 "POST /api/upiValidation?upi=9786888837@yapl HTTP/1.1" 200 None
2022-12-10 04:51:53,041 DEBUG Starting new HTTPS connection (1): upibankvalidator.com:443
2022-12-10 04:52:01,169 DEBUG https://upibankvalidator.com:443 "POST /api/upiValidation?upi=9786888837@dbs HTTP/1.1" 200 None
2022-12-10 04:52:01,178 DEBUG Starting new HTTPS connection (1): upibankvalidator.com:443
2022-12-10 04:52:04,637 DEBUG https://upibankvalidator.com:443 "POST /api/upiValidation?upi=9786888837@yesbankltd HTTP/1.1" 200 None
2022-12-10 04:52:04,646 DEBUG Starting new HTTPS connection (1): upibankvalidator.com:443
2022-12-10 04:52:07,876 DEBUG https://upibankvalidator.com:443 "POST /api/upiValidation?upi=9786888837@utbi HTTP/1.1" 200 None
2022-12-10 04:52:07,885 DEBUG Starting new HTTPS connection (1): upibankvalidator.com:443
2022-12-10 04:52:10,437 DEBUG https://upibankvalidator.com:443 "POST /api/upiValidation?upi=9786888837@united HTTP/1.1" 200 None
2022-12-10 04:52:10,445 DEBUG Starting new HTTPS connection (1): upibankvalidator.com:443
2022-12-10 04:52:14,332 DEBUG https://upibankvalidator.com:443 "POST /api/upiValidation?upi=9786888837@ubi HTTP/1.1" 200 None
2022-12-10 04:52:14,342 DEBUG Starting new HTTPS connection (1): upibankvalidator.com:443
2022-12-10 04:52:17,055 DEBUG https://upibankvalidator.com:443 "POST /api/upiValidation?upi=9786888837@rajgovhdfcbank HTTP/1.1" 200 None
2022-12-10 04:52:17,064 DEBUG Starting new HTTPS connection (1): upibankvalidator.com:443
2022-12-10 04:52:19,858 DEBUG https://upibankvalidator.com:443 "POST /api/upiValidation?upi=9786888837@pockets HTTP/1.1" 200 None
2022-12-10 04:52:19,866 DEBUG Starting new HTTPS connection (1): upibankvalidator.com:443
2022-12-10 04:52:27,135 DEBUG https://upibankvalidator.com:443 "POST /api/upiValidation?upi=9786888837@payzapp HTTP/1.1" 200 None
2022-12-10 04:52:27,145 DEBUG Starting new HTTPS connection (1): upibankvalidator.com:443
2022-12-10 04:52:29,787 DEBUG https://upibankvalidator.com:443 "POST /api/upiValidation?upi=9786888837@mahb HTTP/1.1" 200 None
2022-12-10 04:52:29,796 DEBUG Starting new HTTPS connection (1): upibankvalidator.com:443
2022-12-10 04:52:31,884 DEBUG https://upibankvalidator.com:443 "POST /api/upiValidation?upi=9786888837@kaypay HTTP/1.1" 200 None
2022-12-10 04:52:31,894 DEBUG Starting new HTTPS connection (1): upibankvalidator.com:443
2022-12-10 04:52:34,194 DEBUG https://upibankvalidator.com:443 "POST /api/upiValidation?upi=9786888837@imobile HTTP/1.1" 200 None
2022-12-10 04:52:34,202 DEBUG Starting new HTTPS connection (1): upibankvalidator.com:443
2022-12-10 04:52:37,979 DEBUG https://upibankvalidator.com:443 "POST /api/upiValidation?upi=9786888837@idbibank HTTP/1.1" 200 None
2022-12-10 04:52:37,988 DEBUG Starting new HTTPS connection (1): upibankvalidator.com:443
2022-12-10 04:52:40,544 DEBUG https://upibankvalidator.com:443 "POST /api/upiValidation?upi=9786888837@hdfcbank HTTP/1.1" 200 None
2022-12-10 04:52:40,552 DEBUG Starting new HTTPS connection (1): upibankvalidator.com:443
2022-12-10 04:52:43,408 DEBUG https://upibankvalidator.com:443 "POST /api/upiValidation?upi=9786888837@ezeepay HTTP/1.1" 200 None
2022-12-10 04:52:43,418 DEBUG Starting new HTTPS connection (1): upibankvalidator.com:443
2022-12-10 04:52:46,273 DEBUG https://upibankvalidator.com:443 "POST /api/upiValidation?upi=9786888837@eazypay HTTP/1.1" 200 None
2022-12-10 04:52:46,281 DEBUG Starting new HTTPS connection (1): upibankvalidator.com:443
2022-12-10 04:52:50,073 DEBUG https://upibankvalidator.com:443 "POST /api/upiValidation?upi=9786888837@cnrb HTTP/1.1" 200 None
2022-12-10 04:52:50,081 DEBUG Starting new HTTPS connection (1): upibankvalidator.com:443
2022-12-10 04:52:52,564 DEBUG https://upibankvalidator.com:443 "POST /api/upiValidation?upi=9786888837@centralbank HTTP/1.1" 200 None
2022-12-10 04:52:52,573 DEBUG Starting new HTTPS connection (1): upibankvalidator.com:443
2022-12-10 04:52:56,621 DEBUG https://upibankvalidator.com:443 "POST /api/upiValidation?upi=9786888837@cboi HTTP/1.1" 200 None
2022-12-10 04:52:56,629 DEBUG Starting new HTTPS connection (1): upibankvalidator.com:443
2022-12-10 04:52:59,794 DEBUG https://upibankvalidator.com:443 "POST /api/upiValidation?upi=9786888837@cbin HTTP/1.1" 200 None
2022-12-10 04:52:59,803 DEBUG Starting new HTTPS connection (1): upibankvalidator.com:443
2022-12-10 04:53:02,355 DEBUG https://upibankvalidator.com:443 "POST /api/upiValidation?upi=9786888837@boi HTTP/1.1" 200 None
2022-12-10 04:53:02,365 DEBUG Starting new HTTPS connection (1): upibankvalidator.com:443
2022-12-10 04:53:03,443 DEBUG https://upibankvalidator.com:443 "POST /api/upiValidation?upi=9786888837@yesbank HTTP/1.1" 200 None
2022-12-10 04:53:03,451 DEBUG Starting new HTTPS connection (1): upibankvalidator.com:443
2022-12-10 04:53:06,758 DEBUG https://upibankvalidator.com:443 "POST /api/upiValidation?upi=9786888837@wasbi HTTP/1.1" 200 None
2022-12-10 04:53:06,766 DEBUG Starting new HTTPS connection (1): upibankvalidator.com:443
2022-12-10 04:53:08,908 DEBUG https://upibankvalidator.com:443 "POST /api/upiValidation?upi=9786888837@waicici HTTP/1.1" 200 None
2022-12-10 04:53:08,917 DEBUG Starting new HTTPS connection (1): upibankvalidator.com:443
2022-12-10 04:53:11,366 DEBUG https://upibankvalidator.com:443 "POST /api/upiValidation?upi=9786888837@wahdfcbank HTTP/1.1" 200 None
2022-12-10 04:53:11,375 DEBUG Starting new HTTPS connection (1): upibankvalidator.com:443
2022-12-10 04:53:14,129 DEBUG https://upibankvalidator.com:443 "POST /api/upiValidation?upi=9786888837@waaxis HTTP/1.1" 200 None
2022-12-10 04:53:14,137 DEBUG Starting new HTTPS connection (1): upibankvalidator.com:443
2022-12-10 04:53:17,642 DEBUG https://upibankvalidator.com:443 "POST /api/upiValidation?upi=9786888837@unionbankofindia HTTP/1.1" 200 None
2022-12-10 04:53:17,651 DEBUG Starting new HTTPS connection (1): upibankvalidator.com:443
2022-12-10 04:53:21,508 DEBUG https://upibankvalidator.com:443 "POST /api/upiValidation?upi=9786888837@unionbank HTTP/1.1" 200 None
2022-12-10 04:53:21,516 DEBUG Starting new HTTPS connection (1): upibankvalidator.com:443
2022-12-10 04:53:23,311 DEBUG https://upibankvalidator.com:443 "POST /api/upiValidation?upi=9786888837@uco HTTP/1.1" 200 None
2022-12-10 04:53:23,321 DEBUG Starting new HTTPS connection (1): upibankvalidator.com:443
2022-12-10 04:53:34,303 DEBUG https://upibankvalidator.com:443 "POST /api/upiValidation?upi=9786888837@ubio HTTP/1.1" 200 None
2022-12-10 04:53:34,313 DEBUG Starting new HTTPS connection (1): upibankvalidator.com:443
2022-12-10 04:53:37,172 DEBUG https://upibankvalidator.com:443 "POST /api/upiValidation?upi=9786888837@timecosmos HTTP/1.1" 200 None
2022-12-10 04:53:37,181 DEBUG Starting new HTTPS connection (1): upibankvalidator.com:443
2022-12-10 04:53:40,756 DEBUG https://upibankvalidator.com:443 "POST /api/upiValidation?upi=9786888837@tapicici HTTP/1.1" 200 None
2022-12-10 04:53:40,765 DEBUG Starting new HTTPS connection (1): upibankvalidator.com:443
2022-12-10 04:53:44,647 DEBUG https://upibankvalidator.com:443 "POST /api/upiValidation?upi=9786888837@sib HTTP/1.1" 200 None
2022-12-10 04:53:44,655 DEBUG Starting new HTTPS connection (1): upibankvalidator.com:443
2022-12-10 04:53:46,804 DEBUG https://upibankvalidator.com:443 "POST /api/upiValidation?upi=9786888837@rbl HTTP/1.1" 200 None
2022-12-10 04:53:46,813 DEBUG Starting new HTTPS connection (1): upibankvalidator.com:443
2022-12-10 04:53:50,234 DEBUG https://upibankvalidator.com:443 "POST /api/upiValidation?upi=9786888837@pingpay HTTP/1.1" 200 None
2022-12-10 04:53:50,244 DEBUG Starting new HTTPS connection (1): upibankvalidator.com:443
2022-12-10 04:53:53,964 DEBUG https://upibankvalidator.com:443 "POST /api/upiValidation?upi=9786888837@kotak HTTP/1.1" 200 None
2022-12-10 04:53:53,974 DEBUG Starting new HTTPS connection (1): upibankvalidator.com:443
2022-12-10 04:53:57,038 DEBUG https://upibankvalidator.com:443 "POST /api/upiValidation?upi=9786888837@kmbl HTTP/1.1" 200 None
2022-12-10 04:53:57,047 DEBUG Starting new HTTPS connection (1): upibankvalidator.com:443
2022-12-10 04:53:59,598 DEBUG https://upibankvalidator.com:443 "POST /api/upiValidation?upi=9786888837@kbl HTTP/1.1" 200 None
2022-12-10 04:53:59,606 DEBUG Starting new HTTPS connection (1): upibankvalidator.com:443
2022-12-10 04:54:02,735 DEBUG https://upibankvalidator.com:443 "POST /api/upiValidation?upi=9786888837@jupiteraxis HTTP/1.1" 200 None
2022-12-10 04:54:02,743 DEBUG Starting new HTTPS connection (1): upibankvalidator.com:443
2022-12-10 04:54:05,333 DEBUG https://upibankvalidator.com:443 "POST /api/upiValidation?upi=9786888837@indus HTTP/1.1" 200 None
2022-12-10 04:54:05,342 DEBUG Starting new HTTPS connection (1): upibankvalidator.com:443
2022-12-10 04:54:09,121 DEBUG https://upibankvalidator.com:443 "POST /api/upiValidation?upi=9786888837@indianbank HTTP/1.1" 200 None
2022-12-10 04:54:09,130 DEBUG Starting new HTTPS connection (1): upibankvalidator.com:443
2022-12-10 04:54:12,090 DEBUG https://upibankvalidator.com:443 "POST /api/upiValidation?upi=9786888837@idbi HTTP/1.1" 200 None
2022-12-10 04:54:12,099 DEBUG Starting new HTTPS connection (1): upibankvalidator.com:443
2022-12-10 04:54:12,737 DEBUG https://upibankvalidator.com:443 "POST /api/upiValidation?upi=9786888837@icici HTTP/1.1" 200 None
2022-12-10 04:54:12,745 DEBUG Starting new HTTPS connection (1): upibankvalidator.com:443
2022-12-10 04:54:16,387 DEBUG https://upibankvalidator.com:443 "POST /api/upiValidation?upi=9786888837@ibl HTTP/1.1" 200 None
2022-12-10 04:54:16,396 DEBUG Starting new HTTPS connection (1): upibankvalidator.com:443
2022-12-10 04:54:18,541 DEBUG https://upibankvalidator.com:443 "POST /api/upiValidation?upi=9786888837@hsbc HTTP/1.1" 200 None
2022-12-10 04:54:18,549 DEBUG Starting new HTTPS connection (1): upibankvalidator.com:443
2022-12-10 04:54:22,022 DEBUG https://upibankvalidator.com:443 "POST /api/upiValidation?upi=9786888837@freecharge HTTP/1.1" 200 None
2022-12-10 04:54:22,031 DEBUG Starting new HTTPS connection (1): upibankvalidator.com:443
2022-12-10 04:54:24,603 DEBUG https://upibankvalidator.com:443 "POST /api/upiValidation?upi=9786888837@federal HTTP/1.1" 200 None
2022-12-10 04:54:24,612 DEBUG Starting new HTTPS connection (1): upibankvalidator.com:443
2022-12-10 04:54:28,485 DEBUG https://upibankvalidator.com:443 "POST /api/upiValidation?upi=9786888837@fbl HTTP/1.1" 200 None
2022-12-10 04:54:28,493 DEBUG Starting new HTTPS connection (1): upibankvalidator.com:443
2022-12-10 04:54:31,240 DEBUG https://upibankvalidator.com:443 "POST /api/upiValidation?upi=9786888837@dlb HTTP/1.1" 200 None
2022-12-10 04:54:31,249 DEBUG Starting new HTTPS connection (1): upibankvalidator.com:443
2022-12-10 04:54:34,954 DEBUG https://upibankvalidator.com:443 "POST /api/upiValidation?upi=9786888837@citigold HTTP/1.1" 200 None
2022-12-10 04:54:34,963 DEBUG Starting new HTTPS connection (1): upibankvalidator.com:443
2022-12-10 04:54:37,385 DEBUG https://upibankvalidator.com:443 "POST /api/upiValidation?upi=9786888837@citi HTTP/1.1" 200 None
2022-12-10 04:54:37,394 DEBUG Starting new HTTPS connection (1): upibankvalidator.com:443
2022-12-10 04:54:39,944 DEBUG https://upibankvalidator.com:443 "POST /api/upiValidation?upi=9786888837@bandhan HTTP/1.1" 200 None
2022-12-10 04:54:39,953 DEBUG Starting new HTTPS connection (1): upibankvalidator.com:443
2022-12-10 04:54:42,813 DEBUG https://upibankvalidator.com:443 "POST /api/upiValidation?upi=9786888837@axl HTTP/1.1" 200 None
2022-12-10 04:54:42,822 DEBUG Starting new HTTPS connection (1): upibankvalidator.com:443
2022-12-10 04:54:45,011 DEBUG https://upibankvalidator.com:443 "POST /api/upiValidation?upi=9786888837@axisb HTTP/1.1" 200 None
2022-12-10 04:54:45,020 DEBUG Starting new HTTPS connection (1): upibankvalidator.com:443
2022-12-10 04:54:54,280 DEBUG https://upibankvalidator.com:443 "POST /api/upiValidation?upi=9786888837@aubank HTTP/1.1" 200 None
2022-12-10 04:54:54,290 DEBUG Starting new HTTPS connection (1): upibankvalidator.com:443
2022-12-10 04:54:58,477 DEBUG https://upibankvalidator.com:443 "POST /api/upiValidation?upi=9786888837@allbank HTTP/1.1" 200 None
2022-12-10 04:54:58,544 DEBUG Starting new HTTPS connection (1): duckduckgo.com:443
2022-12-10 04:54:59,000 DEBUG https://duckduckgo.com:443 "GET /html/?q=RAMAGURU%20R HTTP/1.1" 302 138
2022-12-10 04:54:59,007 DEBUG Starting new HTTPS connection (1): html.duckduckgo.com:443
2022-12-10 04:55:00,423 DEBUG https://html.duckduckgo.com:443 "GET /html/?q=RAMAGURU%20R HTTP/1.1" 200 None
2022-12-10 04:55:01,546 DEBUG Starting new HTTPS connection (1): facebook.com:443
2022-12-10 04:55:02,159 DEBUG https://facebook.com:443 "GET /RAMAGURU_R HTTP/1.1" 301 0
2022-12-10 04:55:02,477 DEBUG Starting new HTTPS connection (1): www.facebook.com:443
2022-12-10 04:55:02,983 DEBUG https://www.facebook.com:443 "GET /RAMAGURU_R HTTP/1.1" 200 None
2022-12-10 04:55:03,498 DEBUG Starting new HTTPS connection (1): linkedin.com:443
2022-12-10 04:55:05,968 DEBUG https://linkedin.com:443 "GET /in/RAMAGURU_R HTTP/1.1" 999 1530
2022-12-10 04:55:07,019 DEBUG Starting new HTTPS connection (1): whitepages.com:443
2022-12-10 04:55:08,367 DEBUG https://whitepages.com:443 "GET /name/RAMAGURU_R HTTP/1.1" 301 0
2022-12-10 04:55:08,824 DEBUG Starting new HTTPS connection (1): www.whitepages.com:443
2022-12-10 04:55:09,328 DEBUG https://www.whitepages.com:443 "GET /name/RAMAGURU_R HTTP/1.1" 403 None
2022-12-10 04:55:09,693 DEBUG Starting new HTTPS connection (1): peoplefinders.com:443
2022-12-10 04:55:10,352 DEBUG https://peoplefinders.com:443 "GET /name/RAMAGURU_R HTTP/1.1" 403 None
2022-12-10 04:55:10,587 DEBUG Starting new HTTPS connection (1): instagram.com:443
2022-12-10 04:55:11,380 DEBUG https://instagram.com:443 "GET /RAMAGURU_R HTTP/1.1" 301 0
2022-12-10 04:55:11,629 DEBUG https://instagram.com:443 "GET /RAMAGURU_R/ HTTP/1.1" 301 0
2022-12-10 04:55:12,003 DEBUG Starting new HTTPS connection (1): www.instagram.com:443
2022-12-10 04:55:12,917 DEBUG https://www.instagram.com:443 "GET /RAMAGURU_R/ HTTP/1.1" 200 None
2022-12-10 04:55:13,893 DEBUG Starting new HTTPS connection (1): pinterest.com:443
2022-12-10 04:55:14,281 DEBUG https://pinterest.com:443 "GET /RAMAGURU_R HTTP/1.1" 308 267
2022-12-10 04:55:14,559 DEBUG Starting new HTTPS connection (1): www.pinterest.com:443
2022-12-10 04:55:15,272 DEBUG https://www.pinterest.com:443 "GET /RAMAGURU_R HTTP/1.1" 301 None
2022-12-10 04:55:15,290 DEBUG Resetting dropped connection: www.pinterest.com
2022-12-10 04:55:16,115 DEBUG https://www.pinterest.com:443 "GET /RAMAGURU_R/ HTTP/1.1" 200 None
2022-12-10 04:55:16,646 DEBUG Starting new HTTPS connection (1): twitter.com:443
2022-12-10 04:55:17,324 DEBUG https://twitter.com:443 "GET /RAMAGURU_R HTTP/1.1" 200 None
2022-12-10 04:55:17,827 DEBUG Starting new HTTPS connection (1): youtube.com:443
2022-12-10 04:55:18,407 DEBUG https://youtube.com:443 "GET /user/RAMAGURU_R HTTP/1.1" 301 0
2022-12-10 04:55:18,758 DEBUG Starting new HTTPS connection (1): www.youtube.com:443
2022-12-10 04:55:19,087 DEBUG https://www.youtube.com:443 "GET /user/RAMAGURU_R HTTP/1.1" 404 None
2022-12-10 04:55:19,370 DEBUG Starting new HTTPS connection (1): github.com:443
2022-12-10 04:55:20,080 DEBUG https://github.com:443 "GET /RAMAGURU_R HTTP/1.1" 404 40
2022-12-10 04:55:20,358 DEBUG Starting new HTTPS connection (1): stackoverflow.com:443
2022-12-10 04:55:20,971 DEBUG https://stackoverflow.com:443 "GET /users/RAMAGURU_R HTTP/1.1" 404 None
2022-12-10 04:55:21,341 DEBUG Starting new HTTPS connection (1): steamcommunity.com:443
2022-12-10 04:55:22,510 DEBUG https://steamcommunity.com:443 "GET /id/RAMAGURU_R HTTP/1.1" 200 5804
2022-12-10 04:55:22,771 DEBUG Starting new HTTPS connection (1): reddit.com:443
2022-12-10 04:55:22,985 DEBUG https://reddit.com:443 "GET /user/RAMAGURU_R HTTP/1.1" 301 0
2022-12-10 04:55:23,264 DEBUG Starting new HTTPS connection (1): www.reddit.com:443
2022-12-10 04:55:25,448 DEBUG https://www.reddit.com:443 "GET /user/RAMAGURU_R HTTP/1.1" 200 None
2022-12-10 04:55:26,651 DEBUG Starting new HTTPS connection (1): duckduckgo.com:443
2022-12-10 04:55:27,211 DEBUG https://duckduckgo.com:443 "GET /html/?q=SAVITHRI%20R HTTP/1.1" 302 138
2022-12-10 04:55:27,218 DEBUG Starting new HTTPS connection (1): html.duckduckgo.com:443
2022-12-10 04:55:29,201 DEBUG https://html.duckduckgo.com:443 "GET /html/?q=SAVITHRI%20R HTTP/1.1" 200 None
2022-12-10 04:55:30,254 DEBUG Starting new HTTPS connection (1): facebook.com:443
2022-12-10 04:55:30,934 DEBUG https://facebook.com:443 "GET /SAVITHRI_R HTTP/1.1" 301 0
2022-12-10 04:55:30,942 DEBUG Starting new HTTPS connection (1): www.facebook.com:443
2022-12-10 04:55:31,623 DEBUG https://www.facebook.com:443 "GET /SAVITHRI_R HTTP/1.1" 200 None
2022-12-10 04:55:31,918 DEBUG Starting new HTTPS connection (1): linkedin.com:443
2022-12-10 04:55:32,573 DEBUG https://linkedin.com:443 "GET /in/SAVITHRI_R HTTP/1.1" 999 1530
2022-12-10 04:55:32,583 DEBUG Starting new HTTPS connection (1): whitepages.com:443
2022-12-10 04:55:33,533 DEBUG https://whitepages.com:443 "GET /name/SAVITHRI_R HTTP/1.1" 301 0
2022-12-10 04:55:33,536 DEBUG Starting new HTTPS connection (1): www.whitepages.com:443
2022-12-10 04:55:34,108 DEBUG https://www.whitepages.com:443 "GET /name/SAVITHRI_R HTTP/1.1" 403 None
2022-12-10 04:55:34,114 DEBUG Starting new HTTPS connection (1): peoplefinders.com:443
2022-12-10 04:55:34,640 DEBUG https://peoplefinders.com:443 "GET /name/SAVITHRI_R HTTP/1.1" 403 None
2022-12-10 04:55:34,679 DEBUG Starting new HTTPS connection (1): instagram.com:443
2022-12-10 04:55:35,385 DEBUG https://instagram.com:443 "GET /SAVITHRI_R HTTP/1.1" 301 0
2022-12-10 04:55:35,664 DEBUG https://instagram.com:443 "GET /SAVITHRI_R/ HTTP/1.1" 301 0
2022-12-10 04:55:35,928 DEBUG Starting new HTTPS connection (1): www.instagram.com:443
2022-12-10 04:55:36,775 DEBUG https://www.instagram.com:443 "GET /SAVITHRI_R/ HTTP/1.1" 200 None
2022-12-10 04:55:37,318 DEBUG Starting new HTTPS connection (1): pinterest.com:443
2022-12-10 04:55:37,960 DEBUG https://pinterest.com:443 "GET /SAVITHRI_R HTTP/1.1" 308 267
2022-12-10 04:55:38,423 DEBUG Starting new HTTPS connection (1): www.pinterest.com:443
2022-12-10 04:55:38,991 DEBUG https://www.pinterest.com:443 "GET /SAVITHRI_R HTTP/1.1" 301 None
2022-12-10 04:55:39,005 DEBUG Resetting dropped connection: www.pinterest.com
2022-12-10 04:55:41,793 DEBUG https://www.pinterest.com:443 "GET /SAVITHRI_R/ HTTP/1.1" 200 None
2022-12-10 04:55:41,906 DEBUG Starting new HTTPS connection (1): twitter.com:443
2022-12-10 04:55:42,717 DEBUG https://twitter.com:443 "GET /SAVITHRI_R HTTP/1.1" 200 None
2022-12-10 04:55:42,942 DEBUG Starting new HTTPS connection (1): youtube.com:443
2022-12-10 04:55:43,640 DEBUG https://youtube.com:443 "GET /user/SAVITHRI_R HTTP/1.1" 301 0
2022-12-10 04:55:43,648 DEBUG Starting new HTTPS connection (1): www.youtube.com:443
2022-12-10 04:55:44,191 DEBUG https://www.youtube.com:443 "GET /user/SAVITHRI_R HTTP/1.1" 404 None
2022-12-10 04:55:44,202 DEBUG Starting new HTTPS connection (1): github.com:443
2022-12-10 04:55:45,275 DEBUG https://github.com:443 "GET /SAVITHRI_R HTTP/1.1" 404 40
2022-12-10 04:55:45,284 DEBUG Starting new HTTPS connection (1): stackoverflow.com:443
2022-12-10 04:55:46,407 DEBUG https://stackoverflow.com:443 "GET /users/SAVITHRI_R HTTP/1.1" 404 None
2022-12-10 04:55:47,018 DEBUG Starting new HTTPS connection (1): steamcommunity.com:443
2022-12-10 04:55:47,630 DEBUG https://steamcommunity.com:443 "GET /id/SAVITHRI_R HTTP/1.1" 200 5805
2022-12-10 04:55:47,638 DEBUG Starting new HTTPS connection (1): reddit.com:443
2022-12-10 04:55:48,037 DEBUG https://reddit.com:443 "GET /user/SAVITHRI_R HTTP/1.1" 301 0
2022-12-10 04:55:48,347 DEBUG Starting new HTTPS connection (1): www.reddit.com:443
2022-12-10 04:55:50,327 DEBUG https://www.reddit.com:443 "GET /user/SAVITHRI_R HTTP/1.1" 200 None
2022-12-10 04:55:51,674 DEBUG Starting new HTTPS connection (1): duckduckgo.com:443
2022-12-10 04:55:52,152 DEBUG https://duckduckgo.com:443 "GET /html/?q=Ramaguru%20R HTTP/1.1" 302 138
2022-12-10 04:55:52,158 DEBUG Starting new HTTPS connection (1): html.duckduckgo.com:443
2022-12-10 04:55:53,307 DEBUG https://html.duckduckgo.com:443 "GET /html/?q=Ramaguru%20R HTTP/1.1" 200 None
2022-12-10 04:55:54,359 DEBUG Starting new HTTPS connection (1): facebook.com:443
2022-12-10 04:55:55,000 DEBUG https://facebook.com:443 "GET /Ramaguru_R HTTP/1.1" 301 0
2022-12-10 04:55:55,007 DEBUG Starting new HTTPS connection (1): www.facebook.com:443
2022-12-10 04:55:56,233 DEBUG https://www.facebook.com:443 "GET /Ramaguru_R HTTP/1.1" 200 None
2022-12-10 04:55:56,503 DEBUG Starting new HTTPS connection (1): linkedin.com:443
2022-12-10 04:55:57,466 DEBUG https://linkedin.com:443 "GET /in/Ramaguru_R HTTP/1.1" 999 1530
2022-12-10 04:55:57,475 DEBUG Starting new HTTPS connection (1): whitepages.com:443
2022-12-10 04:55:58,498 DEBUG https://whitepages.com:443 "GET /name/Ramaguru_R HTTP/1.1" 301 0
2022-12-10 04:55:58,506 DEBUG Starting new HTTPS connection (1): www.whitepages.com:443
2022-12-10 04:55:59,198 DEBUG https://www.whitepages.com:443 "GET /name/Ramaguru_R HTTP/1.1" 403 None
2022-12-10 04:55:59,208 DEBUG Starting new HTTPS connection (1): peoplefinders.com:443
2022-12-10 04:55:59,812 DEBUG https://peoplefinders.com:443 "GET /name/Ramaguru_R HTTP/1.1" 403 None
2022-12-10 04:55:59,821 DEBUG Starting new HTTPS connection (1): instagram.com:443
2022-12-10 04:56:00,398 DEBUG https://instagram.com:443 "GET /Ramaguru_R HTTP/1.1" 301 0
2022-12-10 04:56:00,668 DEBUG https://instagram.com:443 "GET /Ramaguru_R/ HTTP/1.1" 301 0
2022-12-10 04:56:00,951 DEBUG Starting new HTTPS connection (1): www.instagram.com:443
2022-12-10 04:56:01,761 DEBUG https://www.instagram.com:443 "GET /Ramaguru_R/ HTTP/1.1" 200 None
2022-12-10 04:56:02,419 DEBUG Starting new HTTPS connection (1): pinterest.com:443
2022-12-10 04:56:02,931 DEBUG https://pinterest.com:443 "GET /Ramaguru_R HTTP/1.1" 308 267
2022-12-10 04:56:03,304 DEBUG Starting new HTTPS connection (1): www.pinterest.com:443
2022-12-10 04:56:04,142 DEBUG https://www.pinterest.com:443 "GET /Ramaguru_R HTTP/1.1" 301 None
2022-12-10 04:56:04,155 DEBUG Resetting dropped connection: www.pinterest.com
2022-12-10 04:56:05,039 DEBUG https://www.pinterest.com:443 "GET /Ramaguru_R/ HTTP/1.1" 200 None
2022-12-10 04:56:05,507 DEBUG Starting new HTTPS connection (1): twitter.com:443
2022-12-10 04:56:06,267 DEBUG https://twitter.com:443 "GET /Ramaguru_R HTTP/1.1" 200 None
2022-12-10 04:56:06,590 DEBUG Starting new HTTPS connection (1): youtube.com:443
2022-12-10 04:56:07,083 DEBUG https://youtube.com:443 "GET /user/Ramaguru_R HTTP/1.1" 301 0
2022-12-10 04:56:07,092 DEBUG Starting new HTTPS connection (1): www.youtube.com:443
2022-12-10 04:56:07,533 DEBUG https://www.youtube.com:443 "GET /user/Ramaguru_R HTTP/1.1" 404 None
2022-12-10 04:56:07,843 DEBUG Starting new HTTPS connection (1): github.com:443
2022-12-10 04:56:08,516 DEBUG https://github.com:443 "GET /Ramaguru_R HTTP/1.1" 404 40
2022-12-10 04:56:08,829 DEBUG Starting new HTTPS connection (1): stackoverflow.com:443
2022-12-10 04:56:09,710 DEBUG https://stackoverflow.com:443 "GET /users/Ramaguru_R HTTP/1.1" 404 None
2022-12-10 04:56:10,064 DEBUG Starting new HTTPS connection (1): steamcommunity.com:443
2022-12-10 04:56:10,978 DEBUG https://steamcommunity.com:443 "GET /id/Ramaguru_R HTTP/1.1" 200 5802
2022-12-10 04:56:10,987 DEBUG Starting new HTTPS connection (1): reddit.com:443
2022-12-10 04:56:11,327 DEBUG https://reddit.com:443 "GET /user/Ramaguru_R HTTP/1.1" 301 0
2022-12-10 04:56:11,491 DEBUG Starting new HTTPS connection (1): www.reddit.com:443
2022-12-10 04:56:13,333 DEBUG https://www.reddit.com:443 "GET /user/Ramaguru_R HTTP/1.1" 200 None
2022-12-10 04:56:14,055 INFO Performing Live search
