2022-12-10 04:21:49,590 INFO INFO: The option seclected is 4
2022-12-10 04:21:53,327 INFO INFO: The search type is b
2022-12-10 04:22:08,661 DEBUG Starting new HTTPS connection (1): ipqualityscore.com:443
2022-12-10 04:22:09,343 DEBUG https://ipqualityscore.com:443 "POST /api/json/phone/3xCII0XTawnHlluREioX4XIhIgaH4NQ2/+919786888837 HTTP/1.1" 200 None
2022-12-10 04:22:09,349 INFO Validity :Phone is valid.
2022-12-10 04:22:09,349 INFO Fraud Score : 0
2022-12-10 04:22:09,349 INFO Recent Abuse: False
2022-12-10 04:22:09,349 INFO Name : RAMAGURU R
2022-12-10 04:22:09,349 INFO Time Zone: Asia/Kolkata
2022-12-10 04:22:09,349 INFO Carrier: Vodafone India
2022-12-10 04:22:09,349 INFO City :Tamil Nadu
2022-12-10 04:22:09,349 INFO Leaked : True
2022-12-10 04:22:09,349 INFO Spammer : False
2022-12-10 04:22:09,840 DEBUG Starting new HTTPS connection (1): upibankvalidator.com:443
2022-12-10 04:22:12,759 DEBUG https://upibankvalidator.com:443 "POST /api/upiValidation?upi=9786888837@apl HTTP/1.1" 200 None
2022-12-10 04:22:12,769 DEBUG Starting new HTTPS connection (1): upibankvalidator.com:443
2022-12-10 04:22:15,012 DEBUG https://upibankvalidator.com:443 "POST /api/upiValidation?upi=9786888837@oksbi HTTP/1.1" 200 None
2022-12-10 04:22:15,021 DEBUG Starting new HTTPS connection (1): upibankvalidator.com:443
2022-12-10 04:22:17,163 DEBUG https://upibankvalidator.com:443 "POST /api/upiValidation?upi=9786888837@okhdfcbank HTTP/1.1" 200 None
2022-12-10 04:22:17,172 DEBUG Starting new HTTPS connection (1): upibankvalidator.com:443
2022-12-10 04:22:21,055 DEBUG https://upibankvalidator.com:443 "POST /api/upiValidation?upi=9786888837@sbi HTTP/1.1" 200 None
2022-12-10 04:22:21,064 DEBUG Starting new HTTPS connection (1): upibankvalidator.com:443
2022-12-10 04:22:22,895 DEBUG https://upibankvalidator.com:443 "POST /api/upiValidation?upi=9786888837@okicici HTTP/1.1" 200 None
2022-12-10 04:22:22,905 DEBUG Starting new HTTPS connection (1): upibankvalidator.com:443
2022-12-10 04:22:23,524 DEBUG https://upibankvalidator.com:443 "POST /api/upiValidation?upi=9786888837@axisbank HTTP/1.1" 200 None
2022-12-10 04:22:23,533 DEBUG Starting new HTTPS connection (1): upibankvalidator.com:443
2022-12-10 04:22:26,892 DEBUG https://upibankvalidator.com:443 "POST /api/upiValidation?upi=9786888837@ikwik HTTP/1.1" 200 None
2022-12-10 04:22:26,900 DEBUG Starting new HTTPS connection (1): upibankvalidator.com:443
2022-12-10 04:22:29,349 DEBUG https://upibankvalidator.com:443 "POST /api/upiValidation?upi=9786888837@pnb HTTP/1.1" 200 None
2022-12-10 04:22:29,358 DEBUG Starting new HTTPS connection (1): upibankvalidator.com:443
2022-12-10 04:22:31,755 DEBUG https://upibankvalidator.com:443 "POST /api/upiValidation?upi=9786888837@hdfc HTTP/1.1" 200 None
2022-12-10 04:22:31,765 DEBUG Starting new HTTPS connection (1): upibankvalidator.com:443
2022-12-10 04:22:34,059 DEBUG https://upibankvalidator.com:443 "POST /api/upiValidation?upi=9786888837@idfcbank HTTP/1.1" 200 None
2022-12-10 04:22:34,069 DEBUG Starting new HTTPS connection (1): upibankvalidator.com:443
2022-12-10 04:22:36,624 DEBUG https://upibankvalidator.com:443 "POST /api/upiValidation?upi=9786888837@okaxis HTTP/1.1" 200 None
2022-12-10 04:22:36,633 DEBUG Starting new HTTPS connection (1): upibankvalidator.com:443
2022-12-10 04:22:38,662 DEBUG https://upibankvalidator.com:443 "POST /api/upiValidation?upi=9786888837@abfspay HTTP/1.1" 200 None
2022-12-10 04:22:38,672 DEBUG Starting new HTTPS connection (1): upibankvalidator.com:443
2022-12-10 04:22:41,632 DEBUG https://upibankvalidator.com:443 "POST /api/upiValidation?upi=9786888837@ybl HTTP/1.1" 200 None
2022-12-10 04:22:41,642 DEBUG Starting new HTTPS connection (1): upibankvalidator.com:443
2022-12-10 04:22:43,992 DEBUG https://upibankvalidator.com:443 "POST /api/upiValidation?upi=9786888837@barodampay HTTP/1.1" 200 None
2022-12-10 04:22:44,001 DEBUG Starting new HTTPS connection (1): upibankvalidator.com:443
2022-12-10 04:22:44,539 DEBUG https://upibankvalidator.com:443 "POST /api/upiValidation?upi=9786888837@upi HTTP/1.1" 200 None
2022-12-10 04:22:44,548 DEBUG Starting new HTTPS connection (1): upibankvalidator.com:443
2022-12-10 04:22:45,342 DEBUG https://upibankvalidator.com:443 "POST /api/upiValidation?upi=9786888837@paytm HTTP/1.1" 200 None
2022-12-10 04:22:45,350 DEBUG Starting new HTTPS connection (1): upibankvalidator.com:443
2022-12-10 04:22:47,473 DEBUG https://upibankvalidator.com:443 "POST /api/upiValidation?upi=9786888837@yapl HTTP/1.1" 200 None
2022-12-10 04:22:47,482 DEBUG Starting new HTTPS connection (1): upibankvalidator.com:443
2022-12-10 04:22:50,489 DEBUG https://upibankvalidator.com:443 "POST /api/upiValidation?upi=9786888837@dbs HTTP/1.1" 200 None
2022-12-10 04:22:50,498 DEBUG Starting new HTTPS connection (1): upibankvalidator.com:443
2022-12-10 04:22:53,365 DEBUG https://upibankvalidator.com:443 "POST /api/upiValidation?upi=9786888837@yesbankltd HTTP/1.1" 200 None
2022-12-10 04:22:53,375 DEBUG Starting new HTTPS connection (1): upibankvalidator.com:443
2022-12-10 04:22:55,870 DEBUG https://upibankvalidator.com:443 "POST /api/upiValidation?upi=9786888837@utbi HTTP/1.1" 200 None
2022-12-10 04:22:55,879 DEBUG Starting new HTTPS connection (1): upibankvalidator.com:443
2022-12-10 04:22:58,033 DEBUG https://upibankvalidator.com:443 "POST /api/upiValidation?upi=9786888837@united HTTP/1.1" 200 None
2022-12-10 04:22:58,043 DEBUG Starting new HTTPS connection (1): upibankvalidator.com:443
2022-12-10 04:23:00,477 DEBUG https://upibankvalidator.com:443 "POST /api/upiValidation?upi=9786888837@ubi HTTP/1.1" 200 None
2022-12-10 04:23:00,486 DEBUG Starting new HTTPS connection (1): upibankvalidator.com:443
2022-12-10 04:23:03,470 DEBUG https://upibankvalidator.com:443 "POST /api/upiValidation?upi=9786888837@rajgovhdfcbank HTTP/1.1" 200 None
2022-12-10 04:23:03,478 DEBUG Starting new HTTPS connection (1): upibankvalidator.com:443
2022-12-10 04:23:05,804 DEBUG https://upibankvalidator.com:443 "POST /api/upiValidation?upi=9786888837@pockets HTTP/1.1" 200 None
2022-12-10 04:23:05,813 DEBUG Starting new HTTPS connection (1): upibankvalidator.com:443
2022-12-10 04:23:08,985 DEBUG https://upibankvalidator.com:443 "POST /api/upiValidation?upi=9786888837@payzapp HTTP/1.1" 200 None
2022-12-10 04:23:08,995 DEBUG Starting new HTTPS connection (1): upibankvalidator.com:443
2022-12-10 04:23:11,230 DEBUG https://upibankvalidator.com:443 "POST /api/upiValidation?upi=9786888837@mahb HTTP/1.1" 200 None
2022-12-10 04:23:11,239 DEBUG Starting new HTTPS connection (1): upibankvalidator.com:443
2022-12-10 04:23:16,348 DEBUG https://upibankvalidator.com:443 "POST /api/upiValidation?upi=9786888837@kaypay HTTP/1.1" 200 None
2022-12-10 04:23:16,356 DEBUG Starting new HTTPS connection (1): upibankvalidator.com:443
2022-12-10 04:23:19,992 DEBUG https://upibankvalidator.com:443 "POST /api/upiValidation?upi=9786888837@imobile HTTP/1.1" 200 None
2022-12-10 04:23:20,002 DEBUG Starting new HTTPS connection (1): upibankvalidator.com:443
2022-12-10 04:23:22,605 DEBUG https://upibankvalidator.com:443 "POST /api/upiValidation?upi=9786888837@idbibank HTTP/1.1" 200 None
2022-12-10 04:23:22,614 DEBUG Starting new HTTPS connection (1): upibankvalidator.com:443
2022-12-10 04:23:26,847 DEBUG https://upibankvalidator.com:443 "POST /api/upiValidation?upi=9786888837@hdfcbank HTTP/1.1" 200 None
2022-12-10 04:23:26,857 DEBUG Starting new HTTPS connection (1): upibankvalidator.com:443
2022-12-10 04:23:29,459 DEBUG https://upibankvalidator.com:443 "POST /api/upiValidation?upi=9786888837@ezeepay HTTP/1.1" 200 None
2022-12-10 04:23:29,468 DEBUG Starting new HTTPS connection (1): upibankvalidator.com:443
2022-12-10 04:23:31,514 DEBUG https://upibankvalidator.com:443 "POST /api/upiValidation?upi=9786888837@eazypay HTTP/1.1" 200 None
2022-12-10 04:23:31,524 DEBUG Starting new HTTPS connection (1): upibankvalidator.com:443
2022-12-10 04:23:33,503 DEBUG https://upibankvalidator.com:443 "POST /api/upiValidation?upi=9786888837@cnrb HTTP/1.1" 200 None
2022-12-10 04:23:33,512 DEBUG Starting new HTTPS connection (1): upibankvalidator.com:443
2022-12-10 04:23:35,976 DEBUG https://upibankvalidator.com:443 "POST /api/upiValidation?upi=9786888837@centralbank HTTP/1.1" 200 None
2022-12-10 04:23:35,985 DEBUG Starting new HTTPS connection (1): upibankvalidator.com:443
2022-12-10 04:23:38,673 DEBUG https://upibankvalidator.com:443 "POST /api/upiValidation?upi=9786888837@cboi HTTP/1.1" 200 None
2022-12-10 04:23:38,683 DEBUG Starting new HTTPS connection (1): upibankvalidator.com:443
2022-12-10 04:23:42,214 DEBUG https://upibankvalidator.com:443 "POST /api/upiValidation?upi=9786888837@cbin HTTP/1.1" 200 None
2022-12-10 04:23:42,223 DEBUG Starting new HTTPS connection (1): upibankvalidator.com:443
2022-12-10 04:23:45,944 DEBUG https://upibankvalidator.com:443 "POST /api/upiValidation?upi=9786888837@boi HTTP/1.1" 200 None
2022-12-10 04:23:45,953 DEBUG Starting new HTTPS connection (1): upibankvalidator.com:443
2022-12-10 04:23:47,172 DEBUG https://upibankvalidator.com:443 "POST /api/upiValidation?upi=9786888837@yesbank HTTP/1.1" 200 None
2022-12-10 04:23:47,182 DEBUG Starting new HTTPS connection (1): upibankvalidator.com:443
2022-12-10 04:23:50,887 DEBUG https://upibankvalidator.com:443 "POST /api/upiValidation?upi=9786888837@wasbi HTTP/1.1" 200 None
2022-12-10 04:23:50,896 DEBUG Starting new HTTPS connection (1): upibankvalidator.com:443
2022-12-10 04:23:53,524 DEBUG https://upibankvalidator.com:443 "POST /api/upiValidation?upi=9786888837@waicici HTTP/1.1" 200 None
2022-12-10 04:23:53,534 DEBUG Starting new HTTPS connection (1): upibankvalidator.com:443
2022-12-10 04:23:55,792 DEBUG https://upibankvalidator.com:443 "POST /api/upiValidation?upi=9786888837@wahdfcbank HTTP/1.1" 200 None
2022-12-10 04:23:55,802 DEBUG Starting new HTTPS connection (1): upibankvalidator.com:443
2022-12-10 04:23:58,467 DEBUG https://upibankvalidator.com:443 "POST /api/upiValidation?upi=9786888837@waaxis HTTP/1.1" 200 None
2022-12-10 04:23:58,477 DEBUG Starting new HTTPS connection (1): upibankvalidator.com:443
2022-12-10 04:24:02,022 DEBUG https://upibankvalidator.com:443 "POST /api/upiValidation?upi=9786888837@unionbankofindia HTTP/1.1" 200 None
2022-12-10 04:24:02,031 DEBUG Starting new HTTPS connection (1): upibankvalidator.com:443
2022-12-10 04:24:03,962 DEBUG https://upibankvalidator.com:443 "POST /api/upiValidation?upi=9786888837@unionbank HTTP/1.1" 200 None
2022-12-10 04:24:03,972 DEBUG Starting new HTTPS connection (1): upibankvalidator.com:443
2022-12-10 04:24:06,125 DEBUG https://upibankvalidator.com:443 "POST /api/upiValidation?upi=9786888837@uco HTTP/1.1" 200 None
2022-12-10 04:24:06,134 DEBUG Starting new HTTPS connection (1): upibankvalidator.com:443
2022-12-10 04:24:17,718 DEBUG https://upibankvalidator.com:443 "POST /api/upiValidation?upi=9786888837@ubio HTTP/1.1" 200 None
2022-12-10 04:24:17,730 DEBUG Starting new HTTPS connection (1): upibankvalidator.com:443
2022-12-10 04:24:20,042 DEBUG https://upibankvalidator.com:443 "POST /api/upiValidation?upi=9786888837@timecosmos HTTP/1.1" 200 None
2022-12-10 04:24:20,050 DEBUG Starting new HTTPS connection (1): upibankvalidator.com:443
2022-12-10 04:24:23,831 DEBUG https://upibankvalidator.com:443 "POST /api/upiValidation?upi=9786888837@tapicici HTTP/1.1" 200 None
2022-12-10 04:24:23,839 DEBUG Starting new HTTPS connection (1): upibankvalidator.com:443
2022-12-10 04:24:26,804 DEBUG https://upibankvalidator.com:443 "POST /api/upiValidation?upi=9786888837@sib HTTP/1.1" 200 None
2022-12-10 04:24:26,813 DEBUG Starting new HTTPS connection (1): upibankvalidator.com:443
2022-12-10 04:24:30,897 DEBUG https://upibankvalidator.com:443 "POST /api/upiValidation?upi=9786888837@rbl HTTP/1.1" 200 None
2022-12-10 04:24:30,907 DEBUG Starting new HTTPS connection (1): upibankvalidator.com:443
2022-12-10 04:24:33,148 DEBUG https://upibankvalidator.com:443 "POST /api/upiValidation?upi=9786888837@pingpay HTTP/1.1" 200 None
2022-12-10 04:24:33,158 DEBUG Starting new HTTPS connection (1): upibankvalidator.com:443
2022-12-10 04:24:36,694 DEBUG https://upibankvalidator.com:443 "POST /api/upiValidation?upi=9786888837@kotak HTTP/1.1" 200 None
2022-12-10 04:24:36,703 DEBUG Starting new HTTPS connection (1): upibankvalidator.com:443
2022-12-10 04:24:40,117 DEBUG https://upibankvalidator.com:443 "POST /api/upiValidation?upi=9786888837@kmbl HTTP/1.1" 200 None
2022-12-10 04:24:40,126 DEBUG Starting new HTTPS connection (1): upibankvalidator.com:443
2022-12-10 04:24:43,390 DEBUG https://upibankvalidator.com:443 "POST /api/upiValidation?upi=9786888837@kbl HTTP/1.1" 200 None
2022-12-10 04:24:43,400 DEBUG Starting new HTTPS connection (1): upibankvalidator.com:443
2022-12-10 04:24:46,508 DEBUG https://upibankvalidator.com:443 "POST /api/upiValidation?upi=9786888837@jupiteraxis HTTP/1.1" 200 None
2022-12-10 04:24:46,518 DEBUG Starting new HTTPS connection (1): upibankvalidator.com:443
2022-12-10 04:24:49,428 DEBUG https://upibankvalidator.com:443 "POST /api/upiValidation?upi=9786888837@indus HTTP/1.1" 200 None
2022-12-10 04:24:49,437 DEBUG Starting new HTTPS connection (1): upibankvalidator.com:443
2022-12-10 04:24:52,858 DEBUG https://upibankvalidator.com:443 "POST /api/upiValidation?upi=9786888837@indianbank HTTP/1.1" 200 None
2022-12-10 04:24:52,867 DEBUG Starting new HTTPS connection (1): upibankvalidator.com:443
2022-12-10 04:24:56,088 DEBUG https://upibankvalidator.com:443 "POST /api/upiValidation?upi=9786888837@idbi HTTP/1.1" 200 None
2022-12-10 04:24:56,096 DEBUG Starting new HTTPS connection (1): upibankvalidator.com:443
2022-12-10 04:24:57,009 DEBUG https://upibankvalidator.com:443 "POST /api/upiValidation?upi=9786888837@icici HTTP/1.1" 200 None
2022-12-10 04:24:57,019 DEBUG Starting new HTTPS connection (1): upibankvalidator.com:443
2022-12-10 04:25:00,282 DEBUG https://upibankvalidator.com:443 "POST /api/upiValidation?upi=9786888837@ibl HTTP/1.1" 200 None
2022-12-10 04:25:00,291 DEBUG Starting new HTTPS connection (1): upibankvalidator.com:443
2022-12-10 04:25:03,871 DEBUG https://upibankvalidator.com:443 "POST /api/upiValidation?upi=9786888837@hsbc HTTP/1.1" 200 None
2022-12-10 04:25:03,880 DEBUG Starting new HTTPS connection (1): upibankvalidator.com:443
2022-12-10 04:25:06,288 DEBUG https://upibankvalidator.com:443 "POST /api/upiValidation?upi=9786888837@freecharge HTTP/1.1" 200 None
2022-12-10 04:25:06,297 DEBUG Starting new HTTPS connection (1): upibankvalidator.com:443
2022-12-10 04:25:09,607 DEBUG https://upibankvalidator.com:443 "POST /api/upiValidation?upi=9786888837@federal HTTP/1.1" 200 None
2022-12-10 04:25:09,616 DEBUG Starting new HTTPS connection (1): upibankvalidator.com:443
2022-12-10 04:25:12,165 DEBUG https://upibankvalidator.com:443 "POST /api/upiValidation?upi=9786888837@fbl HTTP/1.1" 200 None
2022-12-10 04:25:12,174 DEBUG Starting new HTTPS connection (1): upibankvalidator.com:443
2022-12-10 04:25:13,803 DEBUG https://upibankvalidator.com:443 "POST /api/upiValidation?upi=9786888837@dlb HTTP/1.1" 200 None
2022-12-10 04:25:13,811 DEBUG Starting new HTTPS connection (1): upibankvalidator.com:443
2022-12-10 04:25:16,568 DEBUG https://upibankvalidator.com:443 "POST /api/upiValidation?upi=9786888837@citigold HTTP/1.1" 200 None
2022-12-10 04:25:16,578 DEBUG Starting new HTTPS connection (1): upibankvalidator.com:443
2022-12-10 04:25:20,424 DEBUG https://upibankvalidator.com:443 "POST /api/upiValidation?upi=9786888837@citi HTTP/1.1" 200 None
2022-12-10 04:25:20,434 DEBUG Starting new HTTPS connection (1): upibankvalidator.com:443
2022-12-10 04:25:23,015 DEBUG https://upibankvalidator.com:443 "POST /api/upiValidation?upi=9786888837@bandhan HTTP/1.1" 200 None
2022-12-10 04:25:23,024 DEBUG Starting new HTTPS connection (1): upibankvalidator.com:443
2022-12-10 04:25:25,376 DEBUG https://upibankvalidator.com:443 "POST /api/upiValidation?upi=9786888837@axl HTTP/1.1" 200 None
2022-12-10 04:25:25,384 DEBUG Starting new HTTPS connection (1): upibankvalidator.com:443
2022-12-10 04:25:28,882 DEBUG https://upibankvalidator.com:443 "POST /api/upiValidation?upi=9786888837@axisb HTTP/1.1" 200 None
2022-12-10 04:25:28,891 DEBUG Starting new HTTPS connection (1): upibankvalidator.com:443
2022-12-10 04:25:31,621 DEBUG https://upibankvalidator.com:443 "POST /api/upiValidation?upi=9786888837@aubank HTTP/1.1" 200 None
2022-12-10 04:25:31,631 DEBUG Starting new HTTPS connection (1): upibankvalidator.com:443
2022-12-10 04:25:34,899 DEBUG https://upibankvalidator.com:443 "POST /api/upiValidation?upi=9786888837@allbank HTTP/1.1" 200 None
2022-12-10 04:25:35,143 DEBUG Starting new HTTPS connection (1): duckduckgo.com:443
2022-12-10 04:25:35,533 DEBUG https://duckduckgo.com:443 "GET /html/?q=RAMAGURU%20R HTTP/1.1" 302 138
2022-12-10 04:25:35,541 DEBUG Starting new HTTPS connection (1): html.duckduckgo.com:443
2022-12-10 04:25:37,355 DEBUG https://html.duckduckgo.com:443 "GET /html/?q=RAMAGURU%20R HTTP/1.1" 200 None
2022-12-10 04:25:38,441 DEBUG Starting new HTTPS connection (1): facebook.com:443
2022-12-10 04:25:38,903 DEBUG https://facebook.com:443 "GET /RAMAGURU_R HTTP/1.1" 301 0
2022-12-10 04:25:39,161 DEBUG Starting new HTTPS connection (1): www.facebook.com:443
2022-12-10 04:25:40,083 DEBUG https://www.facebook.com:443 "GET /RAMAGURU_R HTTP/1.1" 200 None
2022-12-10 04:25:40,629 DEBUG Starting new HTTPS connection (1): linkedin.com:443
2022-12-10 04:25:41,656 DEBUG https://linkedin.com:443 "GET /in/RAMAGURU_R HTTP/1.1" 999 1530
2022-12-10 04:25:41,966 DEBUG Starting new HTTPS connection (1): whitepages.com:443
2022-12-10 04:25:43,602 DEBUG https://whitepages.com:443 "GET /name/RAMAGURU_R HTTP/1.1" 301 0
2022-12-10 04:25:44,017 DEBUG Starting new HTTPS connection (1): www.whitepages.com:443
2022-12-10 04:25:44,339 DEBUG https://www.whitepages.com:443 "GET /name/RAMAGURU_R HTTP/1.1" 403 None
2022-12-10 04:25:44,773 DEBUG Starting new HTTPS connection (1): peoplefinders.com:443
2022-12-10 04:25:45,365 DEBUG https://peoplefinders.com:443 "GET /name/RAMAGURU_R HTTP/1.1" 403 None
2022-12-10 04:25:45,652 DEBUG Starting new HTTPS connection (1): instagram.com:443
2022-12-10 04:25:46,320 DEBUG https://instagram.com:443 "GET /RAMAGURU_R HTTP/1.1" 301 0
2022-12-10 04:25:47,291 DEBUG https://instagram.com:443 "GET /RAMAGURU_R/ HTTP/1.1" 301 0
2022-12-10 04:25:47,604 DEBUG Starting new HTTPS connection (1): www.instagram.com:443
2022-12-10 04:25:48,627 DEBUG https://www.instagram.com:443 "GET /RAMAGURU_R/ HTTP/1.1" 200 None
2022-12-10 04:25:49,232 DEBUG Starting new HTTPS connection (1): pinterest.com:443
2022-12-10 04:25:49,685 DEBUG https://pinterest.com:443 "GET /RAMAGURU_R HTTP/1.1" 308 267
2022-12-10 04:25:50,058 DEBUG Starting new HTTPS connection (1): www.pinterest.com:443
2022-12-10 04:25:50,668 DEBUG https://www.pinterest.com:443 "GET /RAMAGURU_R HTTP/1.1" 301 None
2022-12-10 04:25:50,678 DEBUG Resetting dropped connection: www.pinterest.com
2022-12-10 04:25:52,430 DEBUG https://www.pinterest.com:443 "GET /RAMAGURU_R/ HTTP/1.1" 200 None
2022-12-10 04:25:52,985 DEBUG Starting new HTTPS connection (1): twitter.com:443
2022-12-10 04:25:53,847 DEBUG https://twitter.com:443 "GET /RAMAGURU_R HTTP/1.1" 200 None
2022-12-10 04:25:54,460 DEBUG Starting new HTTPS connection (1): youtube.com:443
2022-12-10 04:25:55,006 DEBUG https://youtube.com:443 "GET /user/RAMAGURU_R HTTP/1.1" 301 0
2022-12-10 04:25:55,383 DEBUG Starting new HTTPS connection (1): www.youtube.com:443
2022-12-10 04:25:55,786 DEBUG https://www.youtube.com:443 "GET /user/RAMAGURU_R HTTP/1.1" 404 None
2022-12-10 04:25:56,096 DEBUG Starting new HTTPS connection (1): github.com:443
2022-12-10 04:25:56,863 DEBUG https://github.com:443 "GET /RAMAGURU_R HTTP/1.1" 404 40
2022-12-10 04:25:57,377 DEBUG Starting new HTTPS connection (1): stackoverflow.com:443
2022-12-10 04:25:58,352 DEBUG https://stackoverflow.com:443 "GET /users/RAMAGURU_R HTTP/1.1" 404 None
2022-12-10 04:25:58,653 DEBUG Starting new HTTPS connection (1): steamcommunity.com:443
2022-12-10 04:25:59,166 DEBUG https://steamcommunity.com:443 "GET /id/RAMAGURU_R HTTP/1.1" 200 5806
2022-12-10 04:25:59,442 DEBUG Starting new HTTPS connection (1): reddit.com:443
2022-12-10 04:26:00,102 DEBUG https://reddit.com:443 "GET /user/RAMAGURU_R HTTP/1.1" 301 0
2022-12-10 04:26:00,396 DEBUG Starting new HTTPS connection (1): www.reddit.com:443
2022-12-10 04:26:02,239 DEBUG https://www.reddit.com:443 "GET /user/RAMAGURU_R HTTP/1.1" 200 None
2022-12-10 04:26:03,172 DEBUG Starting new HTTPS connection (1): duckduckgo.com:443
2022-12-10 04:26:03,481 DEBUG https://duckduckgo.com:443 "GET /html/?q=SAVITHRI%20R HTTP/1.1" 302 138
2022-12-10 04:26:03,487 DEBUG Starting new HTTPS connection (1): html.duckduckgo.com:443
2022-12-10 04:26:04,962 DEBUG https://html.duckduckgo.com:443 "GET /html/?q=SAVITHRI%20R HTTP/1.1" 200 None
2022-12-10 04:26:06,013 DEBUG Starting new HTTPS connection (1): facebook.com:443
2022-12-10 04:26:06,555 DEBUG https://facebook.com:443 "GET /SAVITHRI_R HTTP/1.1" 301 0
2022-12-10 04:26:06,559 DEBUG Starting new HTTPS connection (1): www.facebook.com:443
2022-12-10 04:26:07,769 DEBUG https://www.facebook.com:443 "GET /SAVITHRI_R HTTP/1.1" 200 None
2022-12-10 04:26:08,073 DEBUG Starting new HTTPS connection (1): linkedin.com:443
2022-12-10 04:26:08,742 DEBUG https://linkedin.com:443 "GET /in/SAVITHRI_R HTTP/1.1" 999 1530
2022-12-10 04:26:08,751 DEBUG Starting new HTTPS connection (1): whitepages.com:443
2022-12-10 04:26:09,642 DEBUG https://whitepages.com:443 "GET /name/SAVITHRI_R HTTP/1.1" 301 0
2022-12-10 04:26:09,650 DEBUG Starting new HTTPS connection (1): www.whitepages.com:443
2022-12-10 04:26:10,120 DEBUG https://www.whitepages.com:443 "GET /name/SAVITHRI_R HTTP/1.1" 403 None
2022-12-10 04:26:10,130 DEBUG Starting new HTTPS connection (1): peoplefinders.com:443
2022-12-10 04:26:10,531 DEBUG https://peoplefinders.com:443 "GET /name/SAVITHRI_R HTTP/1.1" 403 None
2022-12-10 04:26:10,540 DEBUG Starting new HTTPS connection (1): instagram.com:443
2022-12-10 04:26:11,152 DEBUG https://instagram.com:443 "GET /SAVITHRI_R HTTP/1.1" 301 0
2022-12-10 04:26:11,557 DEBUG https://instagram.com:443 "GET /SAVITHRI_R/ HTTP/1.1" 301 0
2022-12-10 04:26:11,567 DEBUG Starting new HTTPS connection (1): www.instagram.com:443
2022-12-10 04:26:12,376 DEBUG https://www.instagram.com:443 "GET /SAVITHRI_R/ HTTP/1.1" 200 None
2022-12-10 04:26:12,647 DEBUG Starting new HTTPS connection (1): pinterest.com:443
2022-12-10 04:26:13,191 DEBUG https://pinterest.com:443 "GET /SAVITHRI_R HTTP/1.1" 308 267
2022-12-10 04:26:13,446 DEBUG Starting new HTTPS connection (1): www.pinterest.com:443
2022-12-10 04:26:14,017 DEBUG https://www.pinterest.com:443 "GET /SAVITHRI_R HTTP/1.1" 301 None
2022-12-10 04:26:14,030 DEBUG Resetting dropped connection: www.pinterest.com
2022-12-10 04:26:15,752 DEBUG https://www.pinterest.com:443 "GET /SAVITHRI_R/ HTTP/1.1" 200 None
2022-12-10 04:26:16,276 DEBUG Starting new HTTPS connection (1): twitter.com:443
2022-12-10 04:26:17,046 DEBUG https://twitter.com:443 "GET /SAVITHRI_R HTTP/1.1" 200 None
2022-12-10 04:26:17,450 DEBUG Starting new HTTPS connection (1): youtube.com:443
2022-12-10 04:26:18,135 DEBUG https://youtube.com:443 "GET /user/SAVITHRI_R HTTP/1.1" 301 0
2022-12-10 04:26:18,143 DEBUG Starting new HTTPS connection (1): www.youtube.com:443
2022-12-10 04:26:18,723 DEBUG https://www.youtube.com:443 "GET /user/SAVITHRI_R HTTP/1.1" 404 None
2022-12-10 04:26:19,035 DEBUG Starting new HTTPS connection (1): github.com:443
2022-12-10 04:26:19,745 DEBUG https://github.com:443 "GET /SAVITHRI_R HTTP/1.1" 404 40
2022-12-10 04:26:19,754 DEBUG Starting new HTTPS connection (1): stackoverflow.com:443
2022-12-10 04:26:20,777 DEBUG https://stackoverflow.com:443 "GET /users/SAVITHRI_R HTTP/1.1" 404 None
2022-12-10 04:26:21,390 DEBUG Starting new HTTPS connection (1): steamcommunity.com:443
2022-12-10 04:26:22,002 DEBUG https://steamcommunity.com:443 "GET /id/SAVITHRI_R HTTP/1.1" 200 5804
2022-12-10 04:26:22,012 DEBUG Starting new HTTPS connection (1): reddit.com:443
2022-12-10 04:26:22,407 DEBUG https://reddit.com:443 "GET /user/SAVITHRI_R HTTP/1.1" 301 0
2022-12-10 04:26:22,414 DEBUG Starting new HTTPS connection (1): www.reddit.com:443
2022-12-10 04:26:24,304 DEBUG https://www.reddit.com:443 "GET /user/SAVITHRI_R HTTP/1.1" 200 None
2022-12-10 04:26:25,602 DEBUG Starting new HTTPS connection (1): duckduckgo.com:443
2022-12-10 04:26:26,271 DEBUG https://duckduckgo.com:443 "GET /html/?q=Ramaguru%20R HTTP/1.1" 302 138
2022-12-10 04:26:26,278 DEBUG Starting new HTTPS connection (1): html.duckduckgo.com:443
2022-12-10 04:26:28,145 DEBUG https://html.duckduckgo.com:443 "GET /html/?q=Ramaguru%20R HTTP/1.1" 200 None
2022-12-10 04:26:29,199 DEBUG Starting new HTTPS connection (1): facebook.com:443
2022-12-10 04:26:29,821 DEBUG https://facebook.com:443 "GET /Ramaguru_R HTTP/1.1" 301 0
2022-12-10 04:26:29,827 DEBUG Starting new HTTPS connection (1): www.facebook.com:443
2022-12-10 04:26:30,601 DEBUG https://www.facebook.com:443 "GET /Ramaguru_R HTTP/1.1" 200 None
2022-12-10 04:26:30,662 DEBUG Starting new HTTPS connection (1): linkedin.com:443
2022-12-10 04:26:31,320 DEBUG https://linkedin.com:443 "GET /in/Ramaguru_R HTTP/1.1" 999 1530
2022-12-10 04:26:31,329 DEBUG Starting new HTTPS connection (1): whitepages.com:443
2022-12-10 04:26:32,244 DEBUG https://whitepages.com:443 "GET /name/Ramaguru_R HTTP/1.1" 301 0
2022-12-10 04:26:32,251 DEBUG Starting new HTTPS connection (1): www.whitepages.com:443
2022-12-10 04:26:32,750 DEBUG https://www.whitepages.com:443 "GET /name/Ramaguru_R HTTP/1.1" 403 None
2022-12-10 04:26:32,762 DEBUG Starting new HTTPS connection (1): peoplefinders.com:443
2022-12-10 04:26:33,228 DEBUG https://peoplefinders.com:443 "GET /name/Ramaguru_R HTTP/1.1" 403 None
2022-12-10 04:26:33,237 DEBUG Starting new HTTPS connection (1): instagram.com:443
2022-12-10 04:26:33,979 DEBUG https://instagram.com:443 "GET /Ramaguru_R HTTP/1.1" 301 0
2022-12-10 04:26:34,290 DEBUG https://instagram.com:443 "GET /Ramaguru_R/ HTTP/1.1" 301 0
2022-12-10 04:26:34,299 DEBUG Starting new HTTPS connection (1): www.instagram.com:443
2022-12-10 04:26:35,310 DEBUG https://www.instagram.com:443 "GET /Ramaguru_R/ HTTP/1.1" 200 None
2022-12-10 04:26:36,105 DEBUG Starting new HTTPS connection (1): pinterest.com:443
2022-12-10 04:26:36,689 DEBUG https://pinterest.com:443 "GET /Ramaguru_R HTTP/1.1" 308 267
2022-12-10 04:26:37,059 DEBUG Starting new HTTPS connection (1): www.pinterest.com:443
2022-12-10 04:26:37,564 DEBUG https://www.pinterest.com:443 "GET /Ramaguru_R HTTP/1.1" 301 None
2022-12-10 04:26:37,577 DEBUG Resetting dropped connection: www.pinterest.com
2022-12-10 04:26:39,410 DEBUG https://www.pinterest.com:443 "GET /Ramaguru_R/ HTTP/1.1" 200 None
2022-12-10 04:26:39,783 DEBUG Starting new HTTPS connection (1): twitter.com:443
2022-12-10 04:26:40,636 DEBUG https://twitter.com:443 "GET /Ramaguru_R HTTP/1.1" 200 None
2022-12-10 04:26:40,964 DEBUG Starting new HTTPS connection (1): youtube.com:443
2022-12-10 04:26:41,463 DEBUG https://youtube.com:443 "GET /user/Ramaguru_R HTTP/1.1" 301 0
2022-12-10 04:26:41,471 DEBUG Starting new HTTPS connection (1): www.youtube.com:443
2022-12-10 04:26:41,995 DEBUG https://www.youtube.com:443 "GET /user/Ramaguru_R HTTP/1.1" 404 None
2022-12-10 04:26:42,007 DEBUG Starting new HTTPS connection (1): github.com:443
2022-12-10 04:26:42,844 DEBUG https://github.com:443 "GET /Ramaguru_R HTTP/1.1" 404 40
2022-12-10 04:26:42,854 DEBUG Starting new HTTPS connection (1): stackoverflow.com:443
2022-12-10 04:26:44,121 DEBUG https://stackoverflow.com:443 "GET /users/Ramaguru_R HTTP/1.1" 404 None
2022-12-10 04:26:44,635 DEBUG Starting new HTTPS connection (1): steamcommunity.com:443
2022-12-10 04:26:45,354 DEBUG https://steamcommunity.com:443 "GET /id/Ramaguru_R HTTP/1.1" 200 5804
2022-12-10 04:26:45,364 DEBUG Starting new HTTPS connection (1): reddit.com:443
2022-12-10 04:26:45,785 DEBUG https://reddit.com:443 "GET /user/Ramaguru_R HTTP/1.1" 301 0
2022-12-10 04:26:46,276 DEBUG Starting new HTTPS connection (1): www.reddit.com:443
2022-12-10 04:26:48,067 DEBUG https://www.reddit.com:443 "GET /user/Ramaguru_R HTTP/1.1" 200 None
