2022-12-10 07:37:41,289 INFO INFO: The option seclected is 2
2022-12-10 07:37:43,348 INFO INFO: The search type is b
2022-12-10 07:38:09,435 INFO Performing Periodical search
2022-12-10 07:40:25,476 INFO INFO: The option seclected is 4
2022-12-10 07:41:15,343 INFO INFO: The search type is a
2022-12-10 07:41:23,197 DEBUG Starting new HTTPS connection (1): duckduckgo.com:443
2022-12-10 07:41:23,380 DEBUG https://duckduckgo.com:443 "GET /html/?q=vexecute HTTP/1.1" 302 138
2022-12-10 07:41:23,387 DEBUG Starting new HTTPS connection (1): html.duckduckgo.com:443
2022-12-10 07:41:24,293 DEBUG https://html.duckduckgo.com:443 "GET /html/?q=vexecute HTTP/1.1" 200 None
2022-12-10 07:41:25,394 DEBUG Starting new HTTPS connection (1): facebook.com:443
2022-12-10 07:41:25,802 DEBUG https://facebook.com:443 "GET /vexecute HTTP/1.1" 301 0
2022-12-10 07:41:25,817 DEBUG Starting new HTTPS connection (1): www.facebook.com:443
2022-12-10 07:41:26,317 DEBUG https://www.facebook.com:443 "GET /vexecute HTTP/1.1" 200 None
2022-12-10 07:41:26,550 DEBUG Starting new HTTPS connection (1): linkedin.com:443
2022-12-10 07:41:26,819 DEBUG https://linkedin.com:443 "GET /in/vexecute HTTP/1.1" 999 1530
2022-12-10 07:41:26,867 DEBUG Starting new HTTPS connection (1): whitepages.com:443
2022-12-10 07:41:27,573 DEBUG https://whitepages.com:443 "GET /name/vexecute HTTP/1.1" 301 0
2022-12-10 07:41:27,613 DEBUG Starting new HTTPS connection (1): www.whitepages.com:443
2022-12-10 07:41:27,821 DEBUG https://www.whitepages.com:443 "GET /name/vexecute HTTP/1.1" 403 None
2022-12-10 07:41:27,846 DEBUG Starting new HTTPS connection (1): peoplefinders.com:443
2022-12-10 07:41:28,098 DEBUG https://peoplefinders.com:443 "GET /name/vexecute HTTP/1.1" 403 None
2022-12-10 07:41:28,114 DEBUG Starting new HTTPS connection (1): instagram.com:443
2022-12-10 07:41:28,365 DEBUG https://instagram.com:443 "GET /vexecute HTTP/1.1" 301 0
2022-12-10 07:41:28,590 DEBUG https://instagram.com:443 "GET /vexecute/ HTTP/1.1" 301 0
2022-12-10 07:41:28,614 DEBUG Starting new HTTPS connection (1): www.instagram.com:443
2022-12-10 07:41:29,079 DEBUG https://www.instagram.com:443 "GET /vexecute/ HTTP/1.1" 200 None
2022-12-10 07:41:29,822 DEBUG Starting new HTTPS connection (1): pinterest.com:443
2022-12-10 07:41:29,871 DEBUG https://pinterest.com:443 "GET /vexecute HTTP/1.1" 308 263
2022-12-10 07:41:29,936 DEBUG Starting new HTTPS connection (1): www.pinterest.com:443
2022-12-10 07:41:30,410 DEBUG https://www.pinterest.com:443 "GET /vexecute HTTP/1.1" 301 None
2022-12-10 07:41:30,430 DEBUG Resetting dropped connection: www.pinterest.com
2022-12-10 07:41:31,113 DEBUG https://www.pinterest.com:443 "GET /vexecute/ HTTP/1.1" 200 None
2022-12-10 07:41:31,497 DEBUG Starting new HTTPS connection (1): twitter.com:443
2022-12-10 07:41:31,947 DEBUG https://twitter.com:443 "GET /vexecute HTTP/1.1" 200 None
2022-12-10 07:41:32,316 DEBUG Starting new HTTPS connection (1): youtube.com:443
2022-12-10 07:41:32,476 DEBUG https://youtube.com:443 "GET /user/vexecute HTTP/1.1" 301 0
2022-12-10 07:41:32,488 DEBUG Starting new HTTPS connection (1): www.youtube.com:443
2022-12-10 07:41:32,637 DEBUG https://www.youtube.com:443 "GET /user/vexecute HTTP/1.1" 200 None
2022-12-10 07:41:32,822 DEBUG Starting new HTTPS connection (1): github.com:443
2022-12-10 07:41:33,713 DEBUG https://github.com:443 "GET /vexecute HTTP/1.1" 200 None
2022-12-10 07:41:33,855 DEBUG Starting new HTTPS connection (1): stackoverflow.com:443
2022-12-10 07:41:34,303 DEBUG https://stackoverflow.com:443 "GET /users/vexecute HTTP/1.1" 404 None
2022-12-10 07:41:34,506 DEBUG Starting new HTTPS connection (1): steamcommunity.com:443
2022-12-10 07:41:35,019 DEBUG https://steamcommunity.com:443 "GET /id/vexecute HTTP/1.1" 200 5801
2022-12-10 07:41:35,073 DEBUG Starting new HTTPS connection (1): reddit.com:443
2022-12-10 07:41:35,119 DEBUG https://reddit.com:443 "GET /user/vexecute HTTP/1.1" 301 0
2022-12-10 07:41:35,129 DEBUG Starting new HTTPS connection (1): www.reddit.com:443
2022-12-10 07:41:36,657 DEBUG https://www.reddit.com:443 "GET /user/vexecute HTTP/1.1" 200 None
2022-12-10 07:41:38,253 DEBUG Starting new HTTPS connection (1): upibankvalidator.com:443
2022-12-10 07:41:40,241 DEBUG https://upibankvalidator.com:443 "POST /api/upiValidation?upi=vexecute@apl HTTP/1.1" 200 None
2022-12-10 07:41:40,248 DEBUG Starting new HTTPS connection (1): upibankvalidator.com:443
2022-12-10 07:41:42,186 DEBUG https://upibankvalidator.com:443 "POST /api/upiValidation?upi=vexecute@oksbi HTTP/1.1" 200 None
2022-12-10 07:41:42,195 DEBUG Starting new HTTPS connection (1): upibankvalidator.com:443
2022-12-10 07:41:44,644 DEBUG https://upibankvalidator.com:443 "POST /api/upiValidation?upi=vexecute@okhdfcbank HTTP/1.1" 200 None
2022-12-10 07:41:44,653 DEBUG Starting new HTTPS connection (1): upibankvalidator.com:443
2022-12-10 07:41:47,103 DEBUG https://upibankvalidator.com:443 "POST /api/upiValidation?upi=vexecute@sbi HTTP/1.1" 200 None
2022-12-10 07:41:47,113 DEBUG Starting new HTTPS connection (1): upibankvalidator.com:443
2022-12-10 07:41:49,356 DEBUG https://upibankvalidator.com:443 "POST /api/upiValidation?upi=vexecute@okicici HTTP/1.1" 200 None
2022-12-10 07:41:49,364 DEBUG Starting new HTTPS connection (1): upibankvalidator.com:443
2022-12-10 07:41:51,303 DEBUG https://upibankvalidator.com:443 "POST /api/upiValidation?upi=vexecute@axisbank HTTP/1.1" 200 None
2022-12-10 07:41:51,313 DEBUG Starting new HTTPS connection (1): upibankvalidator.com:443
2022-12-10 07:41:52,938 DEBUG https://upibankvalidator.com:443 "POST /api/upiValidation?upi=vexecute@ikwik HTTP/1.1" 200 None
2022-12-10 07:41:52,945 DEBUG Starting new HTTPS connection (1): upibankvalidator.com:443
2022-12-10 07:41:56,113 DEBUG https://upibankvalidator.com:443 "POST /api/upiValidation?upi=vexecute@pnb HTTP/1.1" 200 None
2022-12-10 07:41:56,123 DEBUG Starting new HTTPS connection (1): upibankvalidator.com:443
2022-12-10 07:42:07,275 DEBUG https://upibankvalidator.com:443 "POST /api/upiValidation?upi=vexecute@hdfc HTTP/1.1" 200 None
2022-12-10 07:42:07,285 DEBUG Starting new HTTPS connection (1): upibankvalidator.com:443
2022-12-10 07:42:10,767 DEBUG https://upibankvalidator.com:443 "POST /api/upiValidation?upi=vexecute@idfcbank HTTP/1.1" 200 None
2022-12-10 07:42:10,776 DEBUG Starting new HTTPS connection (1): upibankvalidator.com:443
2022-12-10 07:42:14,026 DEBUG https://upibankvalidator.com:443 "POST /api/upiValidation?upi=vexecute@okaxis HTTP/1.1" 200 None
2022-12-10 07:42:14,037 DEBUG Starting new HTTPS connection (1): upibankvalidator.com:443
2022-12-10 07:42:16,491 DEBUG https://upibankvalidator.com:443 "POST /api/upiValidation?upi=vexecute@abfspay HTTP/1.1" 200 None
2022-12-10 07:42:16,501 DEBUG Starting new HTTPS connection (1): upibankvalidator.com:443
2022-12-10 07:42:19,719 DEBUG https://upibankvalidator.com:443 "POST /api/upiValidation?upi=vexecute@ybl HTTP/1.1" 200 None
2022-12-10 07:42:19,729 DEBUG Starting new HTTPS connection (1): upibankvalidator.com:443
2022-12-10 07:42:22,944 DEBUG https://upibankvalidator.com:443 "POST /api/upiValidation?upi=vexecute@barodampay HTTP/1.1" 200 None
2022-12-10 07:42:22,953 DEBUG Starting new HTTPS connection (1): upibankvalidator.com:443
2022-12-10 07:42:25,708 DEBUG https://upibankvalidator.com:443 "POST /api/upiValidation?upi=vexecute@upi HTTP/1.1" 200 None
2022-12-10 07:42:25,718 DEBUG Starting new HTTPS connection (1): upibankvalidator.com:443
2022-12-10 07:42:28,165 DEBUG https://upibankvalidator.com:443 "POST /api/upiValidation?upi=vexecute@paytm HTTP/1.1" 200 None
2022-12-10 07:42:28,175 DEBUG Starting new HTTPS connection (1): upibankvalidator.com:443
2022-12-10 07:42:30,214 DEBUG https://upibankvalidator.com:443 "POST /api/upiValidation?upi=vexecute@yapl HTTP/1.1" 200 None
2022-12-10 07:42:30,224 DEBUG Starting new HTTPS connection (1): upibankvalidator.com:443
2022-12-10 07:42:32,466 DEBUG https://upibankvalidator.com:443 "POST /api/upiValidation?upi=vexecute@dbs HTTP/1.1" 200 None
2022-12-10 07:42:32,475 DEBUG Starting new HTTPS connection (1): upibankvalidator.com:443
2022-12-10 07:42:35,947 DEBUG https://upibankvalidator.com:443 "POST /api/upiValidation?upi=vexecute@yesbankltd HTTP/1.1" 200 None
2022-12-10 07:42:35,957 DEBUG Starting new HTTPS connection (1): upibankvalidator.com:443
2022-12-10 07:42:37,483 DEBUG https://upibankvalidator.com:443 "POST /api/upiValidation?upi=vexecute@utbi HTTP/1.1" 200 None
2022-12-10 07:42:37,493 DEBUG Starting new HTTPS connection (1): upibankvalidator.com:443
2022-12-10 07:42:39,953 DEBUG https://upibankvalidator.com:443 "POST /api/upiValidation?upi=vexecute@united HTTP/1.1" 200 None
2022-12-10 07:42:39,960 DEBUG Starting new HTTPS connection (1): upibankvalidator.com:443
2022-12-10 07:42:41,886 DEBUG https://upibankvalidator.com:443 "POST /api/upiValidation?upi=vexecute@ubi HTTP/1.1" 200 None
2022-12-10 07:42:41,897 DEBUG Starting new HTTPS connection (1): upibankvalidator.com:443
2022-12-10 07:42:44,652 DEBUG https://upibankvalidator.com:443 "POST /api/upiValidation?upi=vexecute@rajgovhdfcbank HTTP/1.1" 200 None
2022-12-10 07:42:44,662 DEBUG Starting new HTTPS connection (1): upibankvalidator.com:443
2022-12-10 07:42:48,031 DEBUG https://upibankvalidator.com:443 "POST /api/upiValidation?upi=vexecute@pockets HTTP/1.1" 200 None
2022-12-10 07:42:48,041 DEBUG Starting new HTTPS connection (1): upibankvalidator.com:443
2022-12-10 07:42:50,079 DEBUG https://upibankvalidator.com:443 "POST /api/upiValidation?upi=vexecute@payzapp HTTP/1.1" 200 None
2022-12-10 07:42:50,089 DEBUG Starting new HTTPS connection (1): upibankvalidator.com:443
2022-12-10 07:42:52,742 DEBUG https://upibankvalidator.com:443 "POST /api/upiValidation?upi=vexecute@mahb HTTP/1.1" 200 None
2022-12-10 07:42:52,751 DEBUG Starting new HTTPS connection (1): upibankvalidator.com:443
2022-12-10 07:42:55,311 DEBUG https://upibankvalidator.com:443 "POST /api/upiValidation?upi=vexecute@kaypay HTTP/1.1" 200 None
2022-12-10 07:42:55,320 DEBUG Starting new HTTPS connection (1): upibankvalidator.com:443
2022-12-10 07:42:58,476 DEBUG https://upibankvalidator.com:443 "POST /api/upiValidation?upi=vexecute@imobile HTTP/1.1" 200 None
2022-12-10 07:42:58,486 DEBUG Starting new HTTPS connection (1): upibankvalidator.com:443
2022-12-10 07:43:02,074 DEBUG https://upibankvalidator.com:443 "POST /api/upiValidation?upi=vexecute@idbibank HTTP/1.1" 200 None
2022-12-10 07:43:02,083 DEBUG Starting new HTTPS connection (1): upibankvalidator.com:443
2022-12-10 07:43:05,439 DEBUG https://upibankvalidator.com:443 "POST /api/upiValidation?upi=vexecute@hdfcbank HTTP/1.1" 200 None
2022-12-10 07:43:05,450 DEBUG Starting new HTTPS connection (1): upibankvalidator.com:443
2022-12-10 07:43:07,589 DEBUG https://upibankvalidator.com:443 "POST /api/upiValidation?upi=vexecute@ezeepay HTTP/1.1" 200 None
2022-12-10 07:43:07,601 DEBUG Starting new HTTPS connection (1): upibankvalidator.com:443
2022-12-10 07:43:11,174 DEBUG https://upibankvalidator.com:443 "POST /api/upiValidation?upi=vexecute@eazypay HTTP/1.1" 200 None
2022-12-10 07:43:11,184 DEBUG Starting new HTTPS connection (1): upibankvalidator.com:443
2022-12-10 07:43:13,734 DEBUG https://upibankvalidator.com:443 "POST /api/upiValidation?upi=vexecute@cnrb HTTP/1.1" 200 None
2022-12-10 07:43:13,743 DEBUG Starting new HTTPS connection (1): upibankvalidator.com:443
2022-12-10 07:43:15,827 DEBUG https://upibankvalidator.com:443 "POST /api/upiValidation?upi=vexecute@centralbank HTTP/1.1" 200 None
2022-12-10 07:43:15,837 DEBUG Starting new HTTPS connection (1): upibankvalidator.com:443
2022-12-10 07:43:18,547 DEBUG https://upibankvalidator.com:443 "POST /api/upiValidation?upi=vexecute@cboi HTTP/1.1" 200 None
2022-12-10 07:43:18,556 DEBUG Starting new HTTPS connection (1): upibankvalidator.com:443
2022-12-10 07:43:22,714 DEBUG https://upibankvalidator.com:443 "POST /api/upiValidation?upi=vexecute@cbin HTTP/1.1" 200 None
2022-12-10 07:43:22,723 DEBUG Starting new HTTPS connection (1): upibankvalidator.com:443
2022-12-10 07:43:25,203 DEBUG https://upibankvalidator.com:443 "POST /api/upiValidation?upi=vexecute@boi HTTP/1.1" 200 None
2022-12-10 07:43:25,213 DEBUG Starting new HTTPS connection (1): upibankvalidator.com:443
2022-12-10 07:43:27,148 DEBUG https://upibankvalidator.com:443 "POST /api/upiValidation?upi=vexecute@yesbank HTTP/1.1" 200 None
2022-12-10 07:43:27,158 DEBUG Starting new HTTPS connection (1): upibankvalidator.com:443
2022-12-10 07:43:30,016 DEBUG https://upibankvalidator.com:443 "POST /api/upiValidation?upi=vexecute@wasbi HTTP/1.1" 200 None
2022-12-10 07:43:30,025 DEBUG Starting new HTTPS connection (1): upibankvalidator.com:443
2022-12-10 07:43:32,473 DEBUG https://upibankvalidator.com:443 "POST /api/upiValidation?upi=vexecute@waicici HTTP/1.1" 200 None
2022-12-10 07:43:32,481 DEBUG Starting new HTTPS connection (1): upibankvalidator.com:443
2022-12-10 07:43:35,751 DEBUG https://upibankvalidator.com:443 "POST /api/upiValidation?upi=vexecute@wahdfcbank HTTP/1.1" 200 None
2022-12-10 07:43:35,760 DEBUG Starting new HTTPS connection (1): upibankvalidator.com:443
2022-12-10 07:43:39,232 DEBUG https://upibankvalidator.com:443 "POST /api/upiValidation?upi=vexecute@waaxis HTTP/1.1" 200 None
2022-12-10 07:43:39,242 DEBUG Starting new HTTPS connection (1): upibankvalidator.com:443
2022-12-10 07:43:41,587 DEBUG https://upibankvalidator.com:443 "POST /api/upiValidation?upi=vexecute@unionbankofindia HTTP/1.1" 200 None
2022-12-10 07:43:41,596 DEBUG Starting new HTTPS connection (1): upibankvalidator.com:443
2022-12-10 07:43:44,351 DEBUG https://upibankvalidator.com:443 "POST /api/upiValidation?upi=vexecute@unionbank HTTP/1.1" 200 None
2022-12-10 07:43:44,361 DEBUG Starting new HTTPS connection (1): upibankvalidator.com:443
2022-12-10 07:43:47,112 DEBUG https://upibankvalidator.com:443 "POST /api/upiValidation?upi=vexecute@uco HTTP/1.1" 200 None
2022-12-10 07:43:47,121 DEBUG Starting new HTTPS connection (1): upibankvalidator.com:443
2022-12-10 07:43:49,124 DEBUG https://upibankvalidator.com:443 "POST /api/upiValidation?upi=vexecute@ubio HTTP/1.1" 200 None
2022-12-10 07:43:49,133 DEBUG Starting new HTTPS connection (1): upibankvalidator.com:443
2022-12-10 07:43:50,803 DEBUG https://upibankvalidator.com:443 "POST /api/upiValidation?upi=vexecute@timecosmos HTTP/1.1" 200 None
2022-12-10 07:43:50,811 DEBUG Starting new HTTPS connection (1): upibankvalidator.com:443
2022-12-10 07:43:53,976 DEBUG https://upibankvalidator.com:443 "POST /api/upiValidation?upi=vexecute@tapicici HTTP/1.1" 200 None
2022-12-10 07:43:53,986 DEBUG Starting new HTTPS connection (1): upibankvalidator.com:443
2022-12-10 07:43:55,616 DEBUG https://upibankvalidator.com:443 "POST /api/upiValidation?upi=vexecute@sib HTTP/1.1" 200 None
2022-12-10 07:43:55,624 DEBUG Starting new HTTPS connection (1): upibankvalidator.com:443
2022-12-10 07:43:59,095 DEBUG https://upibankvalidator.com:443 "POST /api/upiValidation?upi=vexecute@rbl HTTP/1.1" 200 None
2022-12-10 07:43:59,105 DEBUG Starting new HTTPS connection (1): upibankvalidator.com:443
2022-12-10 07:44:00,747 DEBUG https://upibankvalidator.com:443 "POST /api/upiValidation?upi=vexecute@pingpay HTTP/1.1" 200 None
2022-12-10 07:44:00,757 DEBUG Starting new HTTPS connection (1): upibankvalidator.com:443
2022-12-10 07:44:03,063 DEBUG https://upibankvalidator.com:443 "POST /api/upiValidation?upi=vexecute@kotak HTTP/1.1" 200 None
2022-12-10 07:44:03,073 DEBUG Starting new HTTPS connection (1): upibankvalidator.com:443
2022-12-10 07:44:05,754 DEBUG https://upibankvalidator.com:443 "POST /api/upiValidation?upi=vexecute@kmbl HTTP/1.1" 200 None
2022-12-10 07:44:05,764 DEBUG Starting new HTTPS connection (1): upibankvalidator.com:443
2022-12-10 07:44:09,339 DEBUG https://upibankvalidator.com:443 "POST /api/upiValidation?upi=vexecute@kbl HTTP/1.1" 200 None
2022-12-10 07:44:09,348 DEBUG Starting new HTTPS connection (1): upibankvalidator.com:443
2022-12-10 07:44:11,488 DEBUG https://upibankvalidator.com:443 "POST /api/upiValidation?upi=vexecute@jupiteraxis HTTP/1.1" 200 None
2022-12-10 07:44:11,497 DEBUG Starting new HTTPS connection (1): upibankvalidator.com:443
2022-12-10 07:44:14,592 DEBUG https://upibankvalidator.com:443 "POST /api/upiValidation?upi=vexecute@indus HTTP/1.1" 200 None
2022-12-10 07:44:14,602 DEBUG Starting new HTTPS connection (1): upibankvalidator.com:443
2022-12-10 07:44:18,100 DEBUG https://upibankvalidator.com:443 "POST /api/upiValidation?upi=vexecute@indianbank HTTP/1.1" 200 None
2022-12-10 07:44:18,109 DEBUG Starting new HTTPS connection (1): upibankvalidator.com:443
2022-12-10 07:44:21,011 DEBUG https://upibankvalidator.com:443 "POST /api/upiValidation?upi=vexecute@idbi HTTP/1.1" 200 None
2022-12-10 07:44:21,021 DEBUG Starting new HTTPS connection (1): upibankvalidator.com:443
2022-12-10 07:44:25,049 DEBUG https://upibankvalidator.com:443 "POST /api/upiValidation?upi=vexecute@icici HTTP/1.1" 200 None
2022-12-10 07:44:25,059 DEBUG Starting new HTTPS connection (1): upibankvalidator.com:443
2022-12-10 07:44:26,643 DEBUG https://upibankvalidator.com:443 "POST /api/upiValidation?upi=vexecute@ibl HTTP/1.1" 200 None
2022-12-10 07:44:26,653 DEBUG Starting new HTTPS connection (1): upibankvalidator.com:443
2022-12-10 07:44:29,817 DEBUG https://upibankvalidator.com:443 "POST /api/upiValidation?upi=vexecute@hsbc HTTP/1.1" 200 None
2022-12-10 07:44:29,822 DEBUG Starting new HTTPS connection (1): upibankvalidator.com:443
2022-12-10 07:44:31,559 DEBUG https://upibankvalidator.com:443 "POST /api/upiValidation?upi=vexecute@freecharge HTTP/1.1" 200 None
2022-12-10 07:44:31,568 DEBUG Starting new HTTPS connection (1): upibankvalidator.com:443
2022-12-10 07:44:34,733 DEBUG https://upibankvalidator.com:443 "POST /api/upiValidation?upi=vexecute@federal HTTP/1.1" 200 None
2022-12-10 07:44:34,741 DEBUG Starting new HTTPS connection (1): upibankvalidator.com:443
2022-12-10 07:44:37,703 DEBUG https://upibankvalidator.com:443 "POST /api/upiValidation?upi=vexecute@fbl HTTP/1.1" 200 None
2022-12-10 07:44:37,713 DEBUG Starting new HTTPS connection (1): upibankvalidator.com:443
2022-12-10 07:44:40,042 DEBUG https://upibankvalidator.com:443 "POST /api/upiValidation?upi=vexecute@dlb HTTP/1.1" 200 None
2022-12-10 07:44:40,051 DEBUG Starting new HTTPS connection (1): upibankvalidator.com:443
2022-12-10 07:44:41,937 DEBUG https://upibankvalidator.com:443 "POST /api/upiValidation?upi=vexecute@citigold HTTP/1.1" 200 None
2022-12-10 07:44:41,947 DEBUG Starting new HTTPS connection (1): upibankvalidator.com:443
2022-12-10 07:44:47,226 DEBUG https://upibankvalidator.com:443 "POST /api/upiValidation?upi=vexecute@citi HTTP/1.1" 200 None
2022-12-10 07:44:47,236 DEBUG Starting new HTTPS connection (1): upibankvalidator.com:443
2022-12-10 07:44:49,274 DEBUG https://upibankvalidator.com:443 "POST /api/upiValidation?upi=vexecute@bandhan HTTP/1.1" 200 None
2022-12-10 07:44:49,283 DEBUG Starting new HTTPS connection (1): upibankvalidator.com:443
2022-12-10 07:44:51,220 DEBUG https://upibankvalidator.com:443 "POST /api/upiValidation?upi=vexecute@axl HTTP/1.1" 200 None
2022-12-10 07:44:51,230 DEBUG Starting new HTTPS connection (1): upibankvalidator.com:443
2022-12-10 07:44:54,189 DEBUG https://upibankvalidator.com:443 "POST /api/upiValidation?upi=vexecute@axisb HTTP/1.1" 200 None
2022-12-10 07:44:54,199 DEBUG Starting new HTTPS connection (1): upibankvalidator.com:443
2022-12-10 07:44:55,930 DEBUG https://upibankvalidator.com:443 "POST /api/upiValidation?upi=vexecute@aubank HTTP/1.1" 200 None
2022-12-10 07:44:55,938 DEBUG Starting new HTTPS connection (1): upibankvalidator.com:443
2022-12-10 07:44:58,490 DEBUG https://upibankvalidator.com:443 "POST /api/upiValidation?upi=vexecute@allbank HTTP/1.1" 200 None
2022-12-10 07:44:58,496 INFO Performing Live search
2022-12-10 07:45:19,743 INFO INFO: The option seclected is 4
2022-12-10 07:45:47,324 INFO INFO: The search type is b
2022-12-10 07:57:13,787 INFO Performing Live search
