2022-12-10 08:00:17,183 INFO INFO: The option seclected is 4
2022-12-10 08:00:19,402 INFO INFO: The search type is b
2022-12-10 08:00:28,809 DEBUG Starting new HTTPS connection (1): ipqualityscore.com:443
2022-12-10 08:00:29,200 DEBUG https://ipqualityscore.com:443 "POST /api/json/phone/3xCII0XTawnHlluREioX4XIhIgaH4NQ2/+919443461116 HTTP/1.1" 200 None
2022-12-10 08:00:29,205 INFO Validity :Phone is valid.
2022-12-10 08:00:29,206 INFO Fraud Score : 0
2022-12-10 08:00:29,206 INFO Recent Abuse: False
2022-12-10 08:00:29,206 INFO Name : SIVA SIVA
2022-12-10 08:00:29,206 INFO Time Zone: Asia/Kolkata
2022-12-10 08:00:29,206 INFO Carrier: Bharat Sanchar Nigam Ltd (BSNL)
2022-12-10 08:00:29,206 INFO City :Tamil Nadu
2022-12-10 08:00:29,206 INFO Leaked : True
2022-12-10 08:00:29,206 INFO Spammer : False
2022-12-10 08:00:29,210 DEBUG Starting new HTTPS connection (1): upibankvalidator.com:443
2022-12-10 08:00:31,266 DEBUG https://upibankvalidator.com:443 "POST /api/upiValidation?upi=9443461116@apl HTTP/1.1" 200 None
2022-12-10 08:00:31,274 DEBUG Starting new HTTPS connection (1): upibankvalidator.com:443
2022-12-10 08:00:33,415 DEBUG https://upibankvalidator.com:443 "POST /api/upiValidation?upi=9443461116@oksbi HTTP/1.1" 200 None
2022-12-10 08:00:33,424 DEBUG Starting new HTTPS connection (1): upibankvalidator.com:443
2022-12-10 08:00:35,464 DEBUG https://upibankvalidator.com:443 "POST /api/upiValidation?upi=9443461116@okhdfcbank HTTP/1.1" 200 None
2022-12-10 08:00:35,471 DEBUG Starting new HTTPS connection (1): upibankvalidator.com:443
2022-12-10 08:00:36,999 DEBUG https://upibankvalidator.com:443 "POST /api/upiValidation?upi=9443461116@sbi HTTP/1.1" 200 None
2022-12-10 08:00:37,004 DEBUG Starting new HTTPS connection (1): upibankvalidator.com:443
2022-12-10 08:00:38,536 DEBUG https://upibankvalidator.com:443 "POST /api/upiValidation?upi=9443461116@okicici HTTP/1.1" 200 None
2022-12-10 08:00:38,545 DEBUG Starting new HTTPS connection (1): upibankvalidator.com:443
2022-12-10 08:00:41,096 DEBUG https://upibankvalidator.com:443 "POST /api/upiValidation?upi=9443461116@axisbank HTTP/1.1" 200 None
2022-12-10 08:00:41,105 DEBUG Starting new HTTPS connection (1): upibankvalidator.com:443
2022-12-10 08:00:43,208 DEBUG https://upibankvalidator.com:443 "POST /api/upiValidation?upi=9443461116@ikwik HTTP/1.1" 200 None
2022-12-10 08:00:43,217 DEBUG Starting new HTTPS connection (1): upibankvalidator.com:443
2022-12-10 08:00:44,988 DEBUG https://upibankvalidator.com:443 "POST /api/upiValidation?upi=9443461116@pnb HTTP/1.1" 200 None
2022-12-10 08:00:44,996 DEBUG Starting new HTTPS connection (1): upibankvalidator.com:443
2022-12-10 08:00:48,666 DEBUG https://upibankvalidator.com:443 "POST /api/upiValidation?upi=9443461116@hdfc HTTP/1.1" 200 None
2022-12-10 08:00:48,670 DEBUG Starting new HTTPS connection (1): upibankvalidator.com:443
2022-12-10 08:00:51,265 DEBUG https://upibankvalidator.com:443 "POST /api/upiValidation?upi=9443461116@idfcbank HTTP/1.1" 200 None
2022-12-10 08:00:51,275 DEBUG Starting new HTTPS connection (1): upibankvalidator.com:443
2022-12-10 08:00:53,896 DEBUG https://upibankvalidator.com:443 "POST /api/upiValidation?upi=9443461116@okaxis HTTP/1.1" 200 None
2022-12-10 08:00:53,906 DEBUG Starting new HTTPS connection (1): upibankvalidator.com:443
2022-12-10 08:00:56,968 DEBUG https://upibankvalidator.com:443 "POST /api/upiValidation?upi=9443461116@abfspay HTTP/1.1" 200 None
2022-12-10 08:00:56,976 DEBUG Starting new HTTPS connection (1): upibankvalidator.com:443
2022-12-10 08:00:58,606 DEBUG https://upibankvalidator.com:443 "POST /api/upiValidation?upi=9443461116@ybl HTTP/1.1" 200 None
2022-12-10 08:00:58,616 DEBUG Starting new HTTPS connection (1): upibankvalidator.com:443
2022-12-10 08:01:01,830 DEBUG https://upibankvalidator.com:443 "POST /api/upiValidation?upi=9443461116@barodampay HTTP/1.1" 200 None
2022-12-10 08:01:01,839 DEBUG Starting new HTTPS connection (1): upibankvalidator.com:443
2022-12-10 08:01:05,040 DEBUG https://upibankvalidator.com:443 "POST /api/upiValidation?upi=9443461116@upi HTTP/1.1" 200 None
2022-12-10 08:01:05,050 DEBUG Starting new HTTPS connection (1): upibankvalidator.com:443
2022-12-10 08:01:07,516 DEBUG https://upibankvalidator.com:443 "POST /api/upiValidation?upi=9443461116@paytm HTTP/1.1" 200 None
2022-12-10 08:01:07,526 DEBUG Starting new HTTPS connection (1): upibankvalidator.com:443
2022-12-10 08:01:10,588 DEBUG https://upibankvalidator.com:443 "POST /api/upiValidation?upi=9443461116@yapl HTTP/1.1" 200 None
2022-12-10 08:01:10,596 DEBUG Starting new HTTPS connection (1): upibankvalidator.com:443
2022-12-10 08:01:14,785 DEBUG https://upibankvalidator.com:443 "POST /api/upiValidation?upi=9443461116@dbs HTTP/1.1" 200 None
2022-12-10 08:01:14,793 DEBUG Starting new HTTPS connection (1): upibankvalidator.com:443
2022-12-10 08:01:18,626 DEBUG https://upibankvalidator.com:443 "POST /api/upiValidation?upi=9443461116@yesbankltd HTTP/1.1" 200 None
2022-12-10 08:01:18,635 DEBUG Starting new HTTPS connection (1): upibankvalidator.com:443
2022-12-10 08:01:29,635 DEBUG https://upibankvalidator.com:443 "POST /api/upiValidation?upi=9443461116@utbi HTTP/1.1" 200 None
2022-12-10 08:01:29,646 DEBUG Starting new HTTPS connection (1): upibankvalidator.com:443
2022-12-10 08:01:33,218 DEBUG https://upibankvalidator.com:443 "POST /api/upiValidation?upi=9443461116@united HTTP/1.1" 200 None
2022-12-10 08:01:33,226 DEBUG Starting new HTTPS connection (1): upibankvalidator.com:443
2022-12-10 08:01:43,766 DEBUG https://upibankvalidator.com:443 "POST /api/upiValidation?upi=9443461116@ubi HTTP/1.1" 200 None
2022-12-10 08:01:43,771 DEBUG Starting new HTTPS connection (1): upibankvalidator.com:443
2022-12-10 08:01:46,838 DEBUG https://upibankvalidator.com:443 "POST /api/upiValidation?upi=9443461116@rajgovhdfcbank HTTP/1.1" 200 None
2022-12-10 08:01:46,847 DEBUG Starting new HTTPS connection (1): upibankvalidator.com:443
2022-12-10 08:01:49,298 DEBUG https://upibankvalidator.com:443 "POST /api/upiValidation?upi=9443461116@pockets HTTP/1.1" 200 None
2022-12-10 08:01:49,310 DEBUG Starting new HTTPS connection (1): upibankvalidator.com:443
2022-12-10 08:01:51,752 DEBUG https://upibankvalidator.com:443 "POST /api/upiValidation?upi=9443461116@payzapp HTTP/1.1" 200 None
2022-12-10 08:01:51,762 DEBUG Starting new HTTPS connection (1): upibankvalidator.com:443
2022-12-10 08:01:54,619 DEBUG https://upibankvalidator.com:443 "POST /api/upiValidation?upi=9443461116@mahb HTTP/1.1" 200 None
2022-12-10 08:01:54,626 DEBUG Starting new HTTPS connection (1): upibankvalidator.com:443
2022-12-10 08:01:57,092 DEBUG https://upibankvalidator.com:443 "POST /api/upiValidation?upi=9443461116@kaypay HTTP/1.1" 200 None
2022-12-10 08:01:57,102 DEBUG Starting new HTTPS connection (1): upibankvalidator.com:443
2022-12-10 08:01:59,639 DEBUG https://upibankvalidator.com:443 "POST /api/upiValidation?upi=9443461116@imobile HTTP/1.1" 200 None
2022-12-10 08:01:59,648 DEBUG Starting new HTTPS connection (1): upibankvalidator.com:443
2022-12-10 08:02:03,222 DEBUG https://upibankvalidator.com:443 "POST /api/upiValidation?upi=9443461116@idbibank HTTP/1.1" 200 None
2022-12-10 08:02:03,230 DEBUG Starting new HTTPS connection (1): upibankvalidator.com:443
2022-12-10 08:02:05,885 DEBUG https://upibankvalidator.com:443 "POST /api/upiValidation?upi=9443461116@hdfcbank HTTP/1.1" 200 None
2022-12-10 08:02:05,895 DEBUG Starting new HTTPS connection (1): upibankvalidator.com:443
2022-12-10 08:02:08,288 DEBUG https://upibankvalidator.com:443 "POST /api/upiValidation?upi=9443461116@ezeepay HTTP/1.1" 200 None
2022-12-10 08:02:08,298 DEBUG Starting new HTTPS connection (1): upibankvalidator.com:443
2022-12-10 08:02:09,980 DEBUG https://upibankvalidator.com:443 "POST /api/upiValidation?upi=9443461116@eazypay HTTP/1.1" 200 None
2022-12-10 08:02:09,989 DEBUG Starting new HTTPS connection (1): upibankvalidator.com:443
2022-12-10 08:02:11,619 DEBUG https://upibankvalidator.com:443 "POST /api/upiValidation?upi=9443461116@cnrb HTTP/1.1" 200 None
2022-12-10 08:02:11,631 DEBUG Starting new HTTPS connection (1): upibankvalidator.com:443
2022-12-10 08:02:14,792 DEBUG https://upibankvalidator.com:443 "POST /api/upiValidation?upi=9443461116@centralbank HTTP/1.1" 200 None
2022-12-10 08:02:14,798 DEBUG Starting new HTTPS connection (1): upibankvalidator.com:443
2022-12-10 08:02:17,324 DEBUG https://upibankvalidator.com:443 "POST /api/upiValidation?upi=9443461116@cboi HTTP/1.1" 200 None
2022-12-10 08:02:17,333 DEBUG Starting new HTTPS connection (1): upibankvalidator.com:443
2022-12-10 08:02:18,892 DEBUG https://upibankvalidator.com:443 "POST /api/upiValidation?upi=9443461116@cbin HTTP/1.1" 200 None
2022-12-10 08:02:18,902 DEBUG Starting new HTTPS connection (1): upibankvalidator.com:443
2022-12-10 08:02:20,963 DEBUG https://upibankvalidator.com:443 "POST /api/upiValidation?upi=9443461116@boi HTTP/1.1" 200 None
2022-12-10 08:02:20,972 DEBUG Starting new HTTPS connection (1): upibankvalidator.com:443
2022-12-10 08:02:22,473 DEBUG https://upibankvalidator.com:443 "POST /api/upiValidation?upi=9443461116@yesbank HTTP/1.1" 200 None
2022-12-10 08:02:22,482 DEBUG Starting new HTTPS connection (1): upibankvalidator.com:443
2022-12-10 08:02:26,540 DEBUG https://upibankvalidator.com:443 "POST /api/upiValidation?upi=9443461116@wasbi HTTP/1.1" 200 None
2022-12-10 08:02:26,550 DEBUG Starting new HTTPS connection (1): upibankvalidator.com:443
2022-12-10 08:02:28,207 DEBUG https://upibankvalidator.com:443 "POST /api/upiValidation?upi=9443461116@waicici HTTP/1.1" 200 None
2022-12-10 08:02:28,216 DEBUG Starting new HTTPS connection (1): upibankvalidator.com:443
2022-12-10 08:02:30,870 DEBUG https://upibankvalidator.com:443 "POST /api/upiValidation?upi=9443461116@wahdfcbank HTTP/1.1" 200 None
2022-12-10 08:02:30,879 DEBUG Starting new HTTPS connection (1): upibankvalidator.com:443
2022-12-10 08:02:32,874 DEBUG https://upibankvalidator.com:443 "POST /api/upiValidation?upi=9443461116@waaxis HTTP/1.1" 200 None
2022-12-10 08:02:32,883 DEBUG Starting new HTTPS connection (1): upibankvalidator.com:443
2022-12-10 08:02:35,272 DEBUG https://upibankvalidator.com:443 "POST /api/upiValidation?upi=9443461116@unionbankofindia HTTP/1.1" 200 None
2022-12-10 08:02:35,279 DEBUG Starting new HTTPS connection (1): upibankvalidator.com:443
2022-12-10 08:02:38,048 DEBUG https://upibankvalidator.com:443 "POST /api/upiValidation?upi=9443461116@unionbank HTTP/1.1" 200 None
2022-12-10 08:02:38,057 DEBUG Starting new HTTPS connection (1): upibankvalidator.com:443
2022-12-10 08:02:41,120 DEBUG https://upibankvalidator.com:443 "POST /api/upiValidation?upi=9443461116@uco HTTP/1.1" 200 None
2022-12-10 08:02:41,131 DEBUG Starting new HTTPS connection (1): upibankvalidator.com:443
2022-12-10 08:02:43,465 DEBUG https://upibankvalidator.com:443 "POST /api/upiValidation?upi=9443461116@ubio HTTP/1.1" 200 None
2022-12-10 08:02:43,475 DEBUG Starting new HTTPS connection (1): upibankvalidator.com:443
2022-12-10 08:02:45,187 DEBUG https://upibankvalidator.com:443 "POST /api/upiValidation?upi=9443461116@timecosmos HTTP/1.1" 200 None
2022-12-10 08:02:45,196 DEBUG Starting new HTTPS connection (1): upibankvalidator.com:443
2022-12-10 08:02:47,474 DEBUG https://upibankvalidator.com:443 "POST /api/upiValidation?upi=9443461116@tapicici HTTP/1.1" 200 None
2022-12-10 08:02:47,482 DEBUG Starting new HTTPS connection (1): upibankvalidator.com:443
2022-12-10 08:02:49,507 DEBUG https://upibankvalidator.com:443 "POST /api/upiValidation?upi=9443461116@sib HTTP/1.1" 200 None
2022-12-10 08:02:49,518 DEBUG Starting new HTTPS connection (1): upibankvalidator.com:443
2022-12-10 08:02:52,784 DEBUG https://upibankvalidator.com:443 "POST /api/upiValidation?upi=9443461116@rbl HTTP/1.1" 200 None
2022-12-10 08:02:52,793 DEBUG Starting new HTTPS connection (1): upibankvalidator.com:443
2022-12-10 08:02:55,447 DEBUG https://upibankvalidator.com:443 "POST /api/upiValidation?upi=9443461116@pingpay HTTP/1.1" 200 None
2022-12-10 08:02:55,456 DEBUG Starting new HTTPS connection (1): upibankvalidator.com:443
2022-12-10 08:02:57,393 DEBUG https://upibankvalidator.com:443 "POST /api/upiValidation?upi=9443461116@kotak HTTP/1.1" 200 None
2022-12-10 08:02:57,402 DEBUG Starting new HTTPS connection (1): upibankvalidator.com:443
2022-12-10 08:02:59,636 DEBUG https://upibankvalidator.com:443 "POST /api/upiValidation?upi=9443461116@kmbl HTTP/1.1" 200 None
2022-12-10 08:02:59,646 DEBUG Starting new HTTPS connection (1): upibankvalidator.com:443
2022-12-10 08:03:01,576 DEBUG https://upibankvalidator.com:443 "POST /api/upiValidation?upi=9443461116@kbl HTTP/1.1" 200 None
2022-12-10 08:03:01,585 DEBUG Starting new HTTPS connection (1): upibankvalidator.com:443
2022-12-10 08:03:05,482 DEBUG https://upibankvalidator.com:443 "POST /api/upiValidation?upi=9443461116@jupiteraxis HTTP/1.1" 200 None
2022-12-10 08:03:05,491 DEBUG Starting new HTTPS connection (1): upibankvalidator.com:443
2022-12-10 08:03:08,144 DEBUG https://upibankvalidator.com:443 "POST /api/upiValidation?upi=9443461116@indus HTTP/1.1" 200 None
2022-12-10 08:03:08,154 DEBUG Starting new HTTPS connection (1): upibankvalidator.com:443
2022-12-10 08:03:10,602 DEBUG https://upibankvalidator.com:443 "POST /api/upiValidation?upi=9443461116@indianbank HTTP/1.1" 200 None
2022-12-10 08:03:10,610 DEBUG Starting new HTTPS connection (1): upibankvalidator.com:443
2022-12-10 08:03:14,184 DEBUG https://upibankvalidator.com:443 "POST /api/upiValidation?upi=9443461116@idbi HTTP/1.1" 200 None
2022-12-10 08:03:14,193 DEBUG Starting new HTTPS connection (1): upibankvalidator.com:443
2022-12-10 08:03:16,951 DEBUG https://upibankvalidator.com:443 "POST /api/upiValidation?upi=9443461116@icici HTTP/1.1" 200 None
2022-12-10 08:03:16,960 DEBUG Starting new HTTPS connection (1): upibankvalidator.com:443
2022-12-10 08:03:19,304 DEBUG https://upibankvalidator.com:443 "POST /api/upiValidation?upi=9443461116@ibl HTTP/1.1" 200 None
2022-12-10 08:03:19,313 DEBUG Starting new HTTPS connection (1): upibankvalidator.com:443
2022-12-10 08:03:21,345 DEBUG https://upibankvalidator.com:443 "POST /api/upiValidation?upi=9443461116@hsbc HTTP/1.1" 200 None
2022-12-10 08:03:21,354 DEBUG Starting new HTTPS connection (1): upibankvalidator.com:443
2022-12-10 08:03:25,245 DEBUG https://upibankvalidator.com:443 "POST /api/upiValidation?upi=9443461116@freecharge HTTP/1.1" 200 None
2022-12-10 08:03:25,255 DEBUG Starting new HTTPS connection (1): upibankvalidator.com:443
2022-12-10 08:03:27,705 DEBUG https://upibankvalidator.com:443 "POST /api/upiValidation?upi=9443461116@federal HTTP/1.1" 200 None
2022-12-10 08:03:27,716 DEBUG Starting new HTTPS connection (1): upibankvalidator.com:443
2022-12-10 08:03:30,850 DEBUG https://upibankvalidator.com:443 "POST /api/upiValidation?upi=9443461116@fbl HTTP/1.1" 200 None
2022-12-10 08:03:30,859 DEBUG Starting new HTTPS connection (1): upibankvalidator.com:443
2022-12-10 08:03:33,233 DEBUG https://upibankvalidator.com:443 "POST /api/upiValidation?upi=9443461116@dlb HTTP/1.1" 200 None
2022-12-10 08:03:33,240 DEBUG Starting new HTTPS connection (1): upibankvalidator.com:443
2022-12-10 08:03:35,485 DEBUG https://upibankvalidator.com:443 "POST /api/upiValidation?upi=9443461116@citigold HTTP/1.1" 200 None
2022-12-10 08:03:35,494 DEBUG Starting new HTTPS connection (1): upibankvalidator.com:443
2022-12-10 08:03:38,558 DEBUG https://upibankvalidator.com:443 "POST /api/upiValidation?upi=9443461116@citi HTTP/1.1" 200 None
2022-12-10 08:03:38,568 DEBUG Starting new HTTPS connection (1): upibankvalidator.com:443
2022-12-10 08:03:40,401 DEBUG https://upibankvalidator.com:443 "POST /api/upiValidation?upi=9443461116@bandhan HTTP/1.1" 200 None
2022-12-10 08:03:40,411 DEBUG Starting new HTTPS connection (1): upibankvalidator.com:443
2022-12-10 08:03:42,756 DEBUG https://upibankvalidator.com:443 "POST /api/upiValidation?upi=9443461116@axl HTTP/1.1" 200 None
2022-12-10 08:03:42,764 DEBUG Starting new HTTPS connection (1): upibankvalidator.com:443
2022-12-10 08:03:45,302 DEBUG https://upibankvalidator.com:443 "POST /api/upiValidation?upi=9443461116@axisb HTTP/1.1" 200 None
2022-12-10 08:03:45,312 DEBUG Starting new HTTPS connection (1): upibankvalidator.com:443
2022-12-10 08:03:46,955 DEBUG https://upibankvalidator.com:443 "POST /api/upiValidation?upi=9443461116@aubank HTTP/1.1" 200 None
2022-12-10 08:03:46,963 DEBUG Starting new HTTPS connection (1): upibankvalidator.com:443
2022-12-10 08:03:48,695 DEBUG https://upibankvalidator.com:443 "POST /api/upiValidation?upi=9443461116@allbank HTTP/1.1" 200 None
2022-12-10 08:03:48,748 DEBUG Starting new HTTPS connection (1): duckduckgo.com:443
2022-12-10 08:03:48,971 DEBUG https://duckduckgo.com:443 "GET /html/?q=SIVAKUMAR%20%20S HTTP/1.1" 302 138
2022-12-10 08:03:48,981 DEBUG Starting new HTTPS connection (1): html.duckduckgo.com:443
2022-12-10 08:03:49,989 DEBUG https://html.duckduckgo.com:443 "GET /html/?q=SIVAKUMAR%20%20S HTTP/1.1" 200 None
2022-12-10 08:03:51,041 DEBUG Starting new HTTPS connection (1): facebook.com:443
2022-12-10 08:03:51,357 DEBUG https://facebook.com:443 "GET /SIVAKUMAR__S HTTP/1.1" 301 0
2022-12-10 08:03:51,373 DEBUG Starting new HTTPS connection (1): www.facebook.com:443
2022-12-10 08:03:51,678 DEBUG https://www.facebook.com:443 "GET /SIVAKUMAR__S HTTP/1.1" 200 None
2022-12-10 08:03:51,738 DEBUG Starting new HTTPS connection (1): linkedin.com:443
2022-12-10 08:03:52,074 DEBUG https://linkedin.com:443 "GET /in/SIVAKUMAR__S HTTP/1.1" 999 1530
2022-12-10 08:03:52,092 DEBUG Starting new HTTPS connection (1): whitepages.com:443
2022-12-10 08:03:52,674 DEBUG https://whitepages.com:443 "GET /name/SIVAKUMAR__S HTTP/1.1" 301 0
2022-12-10 08:03:52,693 DEBUG Starting new HTTPS connection (1): www.whitepages.com:443
2022-12-10 08:03:52,887 DEBUG https://www.whitepages.com:443 "GET /name/SIVAKUMAR__S HTTP/1.1" 403 None
2022-12-10 08:03:52,892 DEBUG Starting new HTTPS connection (1): peoplefinders.com:443
2022-12-10 08:03:53,108 DEBUG https://peoplefinders.com:443 "GET /name/SIVAKUMAR__S HTTP/1.1" 403 None
2022-12-10 08:03:53,112 DEBUG Starting new HTTPS connection (1): instagram.com:443
2022-12-10 08:03:53,403 DEBUG https://instagram.com:443 "GET /SIVAKUMAR__S HTTP/1.1" 301 0
2022-12-10 08:03:53,714 DEBUG https://instagram.com:443 "GET /SIVAKUMAR__S/ HTTP/1.1" 301 0
2022-12-10 08:03:53,734 DEBUG Starting new HTTPS connection (1): www.instagram.com:443
2022-12-10 08:03:54,069 DEBUG https://www.instagram.com:443 "GET /SIVAKUMAR__S/ HTTP/1.1" 200 None
2022-12-10 08:03:54,458 DEBUG Starting new HTTPS connection (1): pinterest.com:443
2022-12-10 08:03:54,611 DEBUG https://pinterest.com:443 "GET /SIVAKUMAR__S HTTP/1.1" 308 271
2022-12-10 08:03:54,625 DEBUG Starting new HTTPS connection (1): www.pinterest.com:443
2022-12-10 08:03:55,147 DEBUG https://www.pinterest.com:443 "GET /SIVAKUMAR__S HTTP/1.1" 301 None
2022-12-10 08:03:55,158 DEBUG Resetting dropped connection: www.pinterest.com
2022-12-10 08:03:55,862 DEBUG https://www.pinterest.com:443 "GET /SIVAKUMAR__S/ HTTP/1.1" 200 None
2022-12-10 08:03:56,136 DEBUG Starting new HTTPS connection (1): twitter.com:443
2022-12-10 08:03:56,574 DEBUG https://twitter.com:443 "GET /SIVAKUMAR__S HTTP/1.1" 200 None
2022-12-10 08:03:56,903 DEBUG Starting new HTTPS connection (1): youtube.com:443
2022-12-10 08:03:57,022 DEBUG https://youtube.com:443 "GET /user/SIVAKUMAR__S HTTP/1.1" 301 0
2022-12-10 08:03:57,026 DEBUG Starting new HTTPS connection (1): www.youtube.com:443
2022-12-10 08:03:57,171 DEBUG https://www.youtube.com:443 "GET /user/SIVAKUMAR__S HTTP/1.1" 404 None
2022-12-10 08:03:57,190 DEBUG Starting new HTTPS connection (1): github.com:443
2022-12-10 08:03:57,550 DEBUG https://github.com:443 "GET /SIVAKUMAR__S HTTP/1.1" 404 40
2022-12-10 08:03:57,559 DEBUG Starting new HTTPS connection (1): stackoverflow.com:443
2022-12-10 08:03:58,014 DEBUG https://stackoverflow.com:443 "GET /users/SIVAKUMAR__S HTTP/1.1" 404 None
2022-12-10 08:03:58,245 DEBUG Starting new HTTPS connection (1): steamcommunity.com:443
2022-12-10 08:03:58,684 DEBUG https://steamcommunity.com:443 "GET /id/SIVAKUMAR__S HTTP/1.1" 200 5808
2022-12-10 08:03:58,688 DEBUG Starting new HTTPS connection (1): reddit.com:443
2022-12-10 08:03:58,789 DEBUG https://reddit.com:443 "GET /user/SIVAKUMAR__S HTTP/1.1" 301 0
2022-12-10 08:03:58,796 DEBUG Starting new HTTPS connection (1): www.reddit.com:443
2022-12-10 08:03:59,344 DEBUG https://www.reddit.com:443 "GET /user/SIVAKUMAR__S HTTP/1.1" 200 None
